running develop
running egg_info
creating altair_core.egg-info
writing altair_core.egg-info/PKG-INFO
writing dependency_links to altair_core.egg-info/dependency_links.txt
writing entry points to altair_core.egg-info/entry_points.txt
writing requirements to altair_core.egg-info/requires.txt
writing top-level names to altair_core.egg-info/top_level.txt
writing manifest file 'altair_core.egg-info/SOURCES.txt'
reading manifest file 'altair_core.egg-info/SOURCES.txt'
writing manifest file 'altair_core.egg-info/SOURCES.txt'
running build_ext
Creating /home/altair/altair_framework/install/altair_core/lib/python3.10/site-packages/altair-core.egg-link (link to .)
Installing behavior_runner script to /home/altair/altair_framework/install/altair_core/bin
Installing module_manager script to /home/altair/altair_framework/install/altair_core/bin

Installed /home/altair/altair_framework/build/altair_core
running symlink_data
creating /home/altair/altair_framework/install/altair_core/share/ament_index/resource_index/packages
symbolically linking /home/altair/altair_framework/build/altair_core/resource/altair_core -> /home/altair/altair_framework/install/altair_core/share/ament_index/resource_index/packages
symbolically linking /home/altair/altair_framework/build/altair_core/package.xml -> /home/altair/altair_framework/install/altair_core/share/altair_core
creating /home/altair/altair_framework/install/altair_core/share/altair_core/config
symbolically linking /home/altair/altair_framework/build/altair_core/config/modules_config.json -> /home/altair/altair_framework/install/altair_core/share/altair_core/config
creating /home/altair/altair_framework/install/altair_core/share/altair_core/profiles
symbolically linking /home/altair/altair_framework/build/altair_core/profiles/default_profile.json -> /home/altair/altair_framework/install/altair_core/share/altair_core/profiles
symbolically linking /home/altair/altair_framework/build/altair_core/profiles/arm_test_profile.json -> /home/altair/altair_framework/install/altair_core/share/altair_core/profiles
symbolically linking /home/altair/altair_framework/build/altair_core/profiles/base_only_profile.json -> /home/altair/altair_framework/install/altair_core/share/altair_core/profiles
