[0.220s] Invoking command in '/mnt/c/Users/106no/Documents/GitHub/altair_framework/build/altair_can_bridge': AMENT_PREFIX_PATH=/mnt/c/Users/106no/Documents/GitHub/altair_framework/install/altair_interfaces:${AMENT_PREFIX_PATH} CMAKE_PREFIX_PATH=/mnt/c/Users/106no/Documents/GitHub/altair_framework/install/altair_interfaces:/opt/ros/humble LD_LIBRARY_PATH=/mnt/c/Users/106no/Documents/GitHub/altair_framework/install/altair_interfaces/lib:${LD_LIBRARY_PATH} PYTHONPATH=/mnt/c/Users/106no/Documents/GitHub/altair_framework/install/altair_interfaces/local/lib/python3.10/dist-packages:${PYTHONPATH} /usr/bin/cmake /mnt/c/Users/106no/Documents/GitHub/altair_framework/altair_can_bridge -DCMAKE_INSTALL_PREFIX=/mnt/c/Users/106no/Documents/GitHub/altair_framework/install/altair_can_bridge
[0.660s] -- Found ament_cmake: 1.3.14 (/opt/ros/humble/share/ament_cmake/cmake)
[1.246s] -- Found rclcpp: 16.0.19 (/opt/ros/humble/share/rclcpp/cmake)
[1.246s] -- Found rosidl_generator_c: 3.1.8 (/opt/ros/humble/share/rosidl_generator_c/cmake)
[1.249s] -- Found rosidl_adapter: 3.1.8 (/opt/ros/humble/share/rosidl_adapter/cmake)
[1.249s] -- Found rosidl_generator_cpp: 3.1.8 (/opt/ros/humble/share/rosidl_generator_cpp/cmake)
[1.250s] -- Using all available rosidl_typesupport_c: rosidl_typesupport_fastrtps_c;rosidl_typesupport_introspection_c
[1.252s] -- Using all available rosidl_typesupport_cpp: rosidl_typesupport_fastrtps_cpp;rosidl_typesupport_introspection_cpp
[1.253s] -- Found rmw_implementation_cmake: 6.1.2 (/opt/ros/humble/share/rmw_implementation_cmake/cmake)
[1.254s] -- Found rmw_fastrtps_cpp: 6.2.10 (/opt/ros/humble/share/rmw_fastrtps_cpp/cmake)
[9.119s] -- Using RMW implementation 'rmw_fastrtps_cpp' as default
[10.697s] CMake Error at CMakeLists.txt:11 (find_package):
[10.697s]   By not providing "Findcan_msgs.cmake" in CMAKE_MODULE_PATH this project has
[10.698s]   asked CMake to find a package configuration file provided by "can_msgs",
[10.698s]   but CMake did not find one.
[10.699s] 
[10.699s]   Could not find a package configuration file provided by "can_msgs" with any
[10.700s]   of the following names:
[10.701s] 
[10.701s]     can_msgsConfig.cmake
[10.702s]     can_msgs-config.cmake
[10.703s] 
[10.703s]   Add the installation prefix of "can_msgs" to CMAKE_PREFIX_PATH or set
[10.704s]   "can_msgs_DIR" to a directory containing one of the above files.  If
[10.705s]   "can_msgs" provides a separate development package or SDK, be sure it has
[10.705s]   been installed.
[10.706s] 
[10.706s] 
[10.706s] -- Configuring incomplete, errors occurred!
[10.707s] See also "/mnt/c/Users/106no/Documents/GitHub/altair_framework/build/altair_can_bridge/CMakeFiles/CMakeOutput.log".
[10.713s] Invoked command in '/mnt/c/Users/106no/Documents/GitHub/altair_framework/build/altair_can_bridge' returned '1': AMENT_PREFIX_PATH=/mnt/c/Users/106no/Documents/GitHub/altair_framework/install/altair_interfaces:${AMENT_PREFIX_PATH} CMAKE_PREFIX_PATH=/mnt/c/Users/106no/Documents/GitHub/altair_framework/install/altair_interfaces:/opt/ros/humble LD_LIBRARY_PATH=/mnt/c/Users/106no/Documents/GitHub/altair_framework/install/altair_interfaces/lib:${LD_LIBRARY_PATH} PYTHONPATH=/mnt/c/Users/106no/Documents/GitHub/altair_framework/install/altair_interfaces/local/lib/python3.10/dist-packages:${PYTHONPATH} /usr/bin/cmake /mnt/c/Users/106no/Documents/GitHub/altair_framework/altair_can_bridge -DCMAKE_INSTALL_PREFIX=/mnt/c/Users/106no/Documents/GitHub/altair_framework/install/altair_can_bridge
