[0.327s] DEBUG:colcon:Command line arguments: ['/usr/bin/colcon', 'build']
[0.327s] DEBUG:colcon:Parsed command line arguments: Namespace(log_base=None, log_level=None, verb_name='build', build_base='build', install_base='install', merge_install=False, symlink_install=False, test_result_base=None, continue_on_error=False, executor='parallel', parallel_workers=16, event_handlers=None, ignore_user_meta=False, metas=['./colcon.meta'], base_paths=['.'], packages_ignore=None, packages_ignore_regex=None, paths=None, packages_up_to=None, packages_up_to_regex=None, packages_above=None, packages_above_and_dependencies=None, packages_above_depth=None, packages_select_by_dep=None, packages_skip_by_dep=None, packages_skip_up_to=None, packages_select_build_failed=False, packages_skip_build_finished=False, packages_select_test_failures=False, packages_skip_test_passed=False, packages_select=None, packages_skip=None, packages_select_regex=None, packages_skip_regex=None, packages_start=None, packages_end=None, allow_overriding=[], cmake_args=None, cmake_target=None, cmake_target_skip_unavailable=False, cmake_clean_cache=False, cmake_clean_first=False, cmake_force_configure=False, ament_cmake_args=None, catkin_cmake_args=None, catkin_skip_building_tests=False, verb_parser=<colcon_defaults.argument_parser.defaults.DefaultArgumentsDecorator object at 0x74e7024234f0>, verb_extension=<colcon_core.verb.build.BuildVerb object at 0x74e7024224d0>, main=<bound method BuildVerb.main of <colcon_core.verb.build.BuildVerb object at 0x74e7024224d0>>)
[0.510s] Level 1:colcon.colcon_core.package_discovery:discover_packages(colcon_meta) check parameters
[0.510s] Level 1:colcon.colcon_core.package_discovery:discover_packages(recursive) check parameters
[0.510s] Level 1:colcon.colcon_core.package_discovery:discover_packages(ignore) check parameters
[0.510s] Level 1:colcon.colcon_core.package_discovery:discover_packages(path) check parameters
[0.510s] Level 1:colcon.colcon_core.package_discovery:discover_packages(colcon_meta) discover
[0.511s] Level 1:colcon.colcon_core.package_discovery:discover_packages(recursive) discover
[0.511s] INFO:colcon.colcon_core.package_discovery:Crawling recursively for packages in '/mnt/c/Users/106no/Documents/GitHub/altair_framework'
[0.512s] Level 1:colcon.colcon_core.package_identification:_identify(.) by extensions ['ignore', 'ignore_ament_install']
[0.512s] Level 1:colcon.colcon_core.package_identification:_identify(.) by extension 'ignore'
[0.512s] Level 1:colcon.colcon_core.package_identification:_identify(.) by extension 'ignore_ament_install'
[0.513s] Level 1:colcon.colcon_core.package_identification:_identify(.) by extensions ['colcon_pkg']
[0.513s] Level 1:colcon.colcon_core.package_identification:_identify(.) by extension 'colcon_pkg'
[0.513s] Level 1:colcon.colcon_core.package_identification:_identify(.) by extensions ['colcon_meta']
[0.513s] Level 1:colcon.colcon_core.package_identification:_identify(.) by extension 'colcon_meta'
[0.513s] Level 1:colcon.colcon_core.package_identification:_identify(.) by extensions ['ros']
[0.513s] Level 1:colcon.colcon_core.package_identification:_identify(.) by extension 'ros'
[0.525s] Level 1:colcon.colcon_core.package_identification:_identify(.) by extensions ['cmake', 'python']
[0.525s] Level 1:colcon.colcon_core.package_identification:_identify(.) by extension 'cmake'
[0.526s] Level 1:colcon.colcon_core.package_identification:_identify(.) by extension 'python'
[0.526s] Level 1:colcon.colcon_core.package_identification:_identify(.) by extensions ['python_setup_py']
[0.526s] Level 1:colcon.colcon_core.package_identification:_identify(.) by extension 'python_setup_py'
[0.528s] Level 1:colcon.colcon_core.package_identification:_identify(altair_can_bridge) by extensions ['ignore', 'ignore_ament_install']
[0.528s] Level 1:colcon.colcon_core.package_identification:_identify(altair_can_bridge) by extension 'ignore'
[0.529s] Level 1:colcon.colcon_core.package_identification:_identify(altair_can_bridge) by extension 'ignore_ament_install'
[0.529s] Level 1:colcon.colcon_core.package_identification:_identify(altair_can_bridge) by extensions ['colcon_pkg']
[0.530s] Level 1:colcon.colcon_core.package_identification:_identify(altair_can_bridge) by extension 'colcon_pkg'
[0.530s] Level 1:colcon.colcon_core.package_identification:_identify(altair_can_bridge) by extensions ['colcon_meta']
[0.530s] Level 1:colcon.colcon_core.package_identification:_identify(altair_can_bridge) by extension 'colcon_meta'
[0.531s] Level 1:colcon.colcon_core.package_identification:_identify(altair_can_bridge) by extensions ['ros']
[0.531s] Level 1:colcon.colcon_core.package_identification:_identify(altair_can_bridge) by extension 'ros'
[0.539s] DEBUG:colcon.colcon_core.package_identification:Package 'altair_can_bridge' with type 'ros.ament_cmake' and name 'altair_can_bridge'
[0.541s] Level 1:colcon.colcon_core.package_identification:_identify(altair_core) by extensions ['ignore', 'ignore_ament_install']
[0.541s] Level 1:colcon.colcon_core.package_identification:_identify(altair_core) by extension 'ignore'
[0.542s] Level 1:colcon.colcon_core.package_identification:_identify(altair_core) by extension 'ignore_ament_install'
[0.543s] Level 1:colcon.colcon_core.package_identification:_identify(altair_core) by extensions ['colcon_pkg']
[0.543s] Level 1:colcon.colcon_core.package_identification:_identify(altair_core) by extension 'colcon_pkg'
[0.544s] Level 1:colcon.colcon_core.package_identification:_identify(altair_core) by extensions ['colcon_meta']
[0.544s] Level 1:colcon.colcon_core.package_identification:_identify(altair_core) by extension 'colcon_meta'
[0.544s] Level 1:colcon.colcon_core.package_identification:_identify(altair_core) by extensions ['ros']
[0.544s] Level 1:colcon.colcon_core.package_identification:_identify(altair_core) by extension 'ros'
[0.549s] DEBUG:colcon.colcon_core.package_identification:Package 'altair_core' with type 'ros.ament_python' and name 'altair_core'
[0.550s] Level 1:colcon.colcon_core.package_identification:_identify(altair_interfaces) by extensions ['ignore', 'ignore_ament_install']
[0.551s] Level 1:colcon.colcon_core.package_identification:_identify(altair_interfaces) by extension 'ignore'
[0.552s] Level 1:colcon.colcon_core.package_identification:_identify(altair_interfaces) by extension 'ignore_ament_install'
[0.552s] Level 1:colcon.colcon_core.package_identification:_identify(altair_interfaces) by extensions ['colcon_pkg']
[0.552s] Level 1:colcon.colcon_core.package_identification:_identify(altair_interfaces) by extension 'colcon_pkg'
[0.553s] Level 1:colcon.colcon_core.package_identification:_identify(altair_interfaces) by extensions ['colcon_meta']
[0.553s] Level 1:colcon.colcon_core.package_identification:_identify(altair_interfaces) by extension 'colcon_meta'
[0.553s] Level 1:colcon.colcon_core.package_identification:_identify(altair_interfaces) by extensions ['ros']
[0.554s] Level 1:colcon.colcon_core.package_identification:_identify(altair_interfaces) by extension 'ros'
[0.560s] DEBUG:colcon.colcon_core.package_identification:Package 'altair_interfaces' with type 'ros.ament_cmake' and name 'altair_interfaces'
[0.561s] Level 1:colcon.colcon_core.package_identification:_identify(altair_web_server) by extensions ['ignore', 'ignore_ament_install']
[0.561s] Level 1:colcon.colcon_core.package_identification:_identify(altair_web_server) by extension 'ignore'
[0.562s] Level 1:colcon.colcon_core.package_identification:_identify(altair_web_server) by extension 'ignore_ament_install'
[0.563s] Level 1:colcon.colcon_core.package_identification:_identify(altair_web_server) by extensions ['colcon_pkg']
[0.563s] Level 1:colcon.colcon_core.package_identification:_identify(altair_web_server) by extension 'colcon_pkg'
[0.563s] Level 1:colcon.colcon_core.package_identification:_identify(altair_web_server) by extensions ['colcon_meta']
[0.563s] Level 1:colcon.colcon_core.package_identification:_identify(altair_web_server) by extension 'colcon_meta'
[0.564s] Level 1:colcon.colcon_core.package_identification:_identify(altair_web_server) by extensions ['ros']
[0.564s] Level 1:colcon.colcon_core.package_identification:_identify(altair_web_server) by extension 'ros'
[0.570s] DEBUG:colcon.colcon_core.package_identification:Package 'altair_web_server' with type 'ros.ament_python' and name 'altair_web_server'
[0.571s] Level 1:colcon.colcon_core.package_identification:_identify(build) by extensions ['ignore', 'ignore_ament_install']
[0.571s] Level 1:colcon.colcon_core.package_identification:_identify(build) by extension 'ignore'
[0.572s] Level 1:colcon.colcon_core.package_identification:_identify(build) ignored
[0.574s] Level 1:colcon.colcon_core.package_identification:_identify(docs) by extensions ['ignore', 'ignore_ament_install']
[0.574s] Level 1:colcon.colcon_core.package_identification:_identify(docs) by extension 'ignore'
[0.574s] Level 1:colcon.colcon_core.package_identification:_identify(docs) by extension 'ignore_ament_install'
[0.576s] Level 1:colcon.colcon_core.package_identification:_identify(docs) by extensions ['colcon_pkg']
[0.576s] Level 1:colcon.colcon_core.package_identification:_identify(docs) by extension 'colcon_pkg'
[0.576s] Level 1:colcon.colcon_core.package_identification:_identify(docs) by extensions ['colcon_meta']
[0.577s] Level 1:colcon.colcon_core.package_identification:_identify(docs) by extension 'colcon_meta'
[0.577s] Level 1:colcon.colcon_core.package_identification:_identify(docs) by extensions ['ros']
[0.577s] Level 1:colcon.colcon_core.package_identification:_identify(docs) by extension 'ros'
[0.579s] Level 1:colcon.colcon_core.package_identification:_identify(docs) by extensions ['cmake', 'python']
[0.579s] Level 1:colcon.colcon_core.package_identification:_identify(docs) by extension 'cmake'
[0.579s] Level 1:colcon.colcon_core.package_identification:_identify(docs) by extension 'python'
[0.580s] Level 1:colcon.colcon_core.package_identification:_identify(docs) by extensions ['python_setup_py']
[0.580s] Level 1:colcon.colcon_core.package_identification:_identify(docs) by extension 'python_setup_py'
[0.582s] Level 1:colcon.colcon_core.package_identification:_identify(install) by extensions ['ignore', 'ignore_ament_install']
[0.582s] Level 1:colcon.colcon_core.package_identification:_identify(install) by extension 'ignore'
[0.584s] Level 1:colcon.colcon_core.package_identification:_identify(install) ignored
[0.587s] Level 1:colcon.colcon_core.package_identification:_identify(log) by extensions ['ignore', 'ignore_ament_install']
[0.587s] Level 1:colcon.colcon_core.package_identification:_identify(log) by extension 'ignore'
[0.587s] Level 1:colcon.colcon_core.package_identification:_identify(log) ignored
[0.588s] Level 1:colcon.colcon_core.package_discovery:discover_packages(recursive) using defaults
[0.588s] Level 1:colcon.colcon_core.package_discovery:discover_packages(ignore) discover
[0.588s] Level 1:colcon.colcon_core.package_discovery:discover_packages(ignore) using defaults
[0.588s] Level 1:colcon.colcon_core.package_discovery:discover_packages(path) discover
[0.588s] Level 1:colcon.colcon_core.package_discovery:discover_packages(path) using defaults
[0.619s] Level 1:colcon.colcon_core.package_discovery:discover_packages(prefix_path) check parameters
[0.619s] Level 1:colcon.colcon_core.package_discovery:discover_packages(prefix_path) discover
[0.622s] DEBUG:colcon.colcon_installed_package_information.package_discovery:Found 273 installed packages in /opt/ros/humble
[0.624s] Level 1:colcon.colcon_core.package_discovery:discover_packages(prefix_path) using defaults
[0.650s] Level 5:colcon.colcon_core.verb:set package 'altair_interfaces' build argument 'cmake_args' from command line to 'None'
[0.650s] Level 5:colcon.colcon_core.verb:set package 'altair_interfaces' build argument 'cmake_target' from command line to 'None'
[0.650s] Level 5:colcon.colcon_core.verb:set package 'altair_interfaces' build argument 'cmake_target_skip_unavailable' from command line to 'False'
[0.650s] Level 5:colcon.colcon_core.verb:set package 'altair_interfaces' build argument 'cmake_clean_cache' from command line to 'False'
[0.651s] Level 5:colcon.colcon_core.verb:set package 'altair_interfaces' build argument 'cmake_clean_first' from command line to 'False'
[0.651s] Level 5:colcon.colcon_core.verb:set package 'altair_interfaces' build argument 'cmake_force_configure' from command line to 'False'
[0.651s] Level 5:colcon.colcon_core.verb:set package 'altair_interfaces' build argument 'ament_cmake_args' from command line to 'None'
[0.651s] Level 5:colcon.colcon_core.verb:set package 'altair_interfaces' build argument 'catkin_cmake_args' from command line to 'None'
[0.651s] Level 5:colcon.colcon_core.verb:set package 'altair_interfaces' build argument 'catkin_skip_building_tests' from command line to 'False'
[0.651s] DEBUG:colcon.colcon_core.verb:Building package 'altair_interfaces' with the following arguments: {'ament_cmake_args': None, 'build_base': '/mnt/c/Users/106no/Documents/GitHub/altair_framework/build/altair_interfaces', 'catkin_cmake_args': None, 'catkin_skip_building_tests': False, 'cmake_args': None, 'cmake_clean_cache': False, 'cmake_clean_first': False, 'cmake_force_configure': False, 'cmake_target': None, 'cmake_target_skip_unavailable': False, 'install_base': '/mnt/c/Users/106no/Documents/GitHub/altair_framework/install/altair_interfaces', 'merge_install': False, 'path': '/mnt/c/Users/106no/Documents/GitHub/altair_framework/altair_interfaces', 'symlink_install': False, 'test_result_base': None}
[0.651s] Level 5:colcon.colcon_core.verb:set package 'altair_can_bridge' build argument 'cmake_args' from command line to 'None'
[0.652s] Level 5:colcon.colcon_core.verb:set package 'altair_can_bridge' build argument 'cmake_target' from command line to 'None'
[0.652s] Level 5:colcon.colcon_core.verb:set package 'altair_can_bridge' build argument 'cmake_target_skip_unavailable' from command line to 'False'
[0.652s] Level 5:colcon.colcon_core.verb:set package 'altair_can_bridge' build argument 'cmake_clean_cache' from command line to 'False'
[0.652s] Level 5:colcon.colcon_core.verb:set package 'altair_can_bridge' build argument 'cmake_clean_first' from command line to 'False'
[0.652s] Level 5:colcon.colcon_core.verb:set package 'altair_can_bridge' build argument 'cmake_force_configure' from command line to 'False'
[0.652s] Level 5:colcon.colcon_core.verb:set package 'altair_can_bridge' build argument 'ament_cmake_args' from command line to 'None'
[0.652s] Level 5:colcon.colcon_core.verb:set package 'altair_can_bridge' build argument 'catkin_cmake_args' from command line to 'None'
[0.652s] Level 5:colcon.colcon_core.verb:set package 'altair_can_bridge' build argument 'catkin_skip_building_tests' from command line to 'False'
[0.652s] DEBUG:colcon.colcon_core.verb:Building package 'altair_can_bridge' with the following arguments: {'ament_cmake_args': None, 'build_base': '/mnt/c/Users/106no/Documents/GitHub/altair_framework/build/altair_can_bridge', 'catkin_cmake_args': None, 'catkin_skip_building_tests': False, 'cmake_args': None, 'cmake_clean_cache': False, 'cmake_clean_first': False, 'cmake_force_configure': False, 'cmake_target': None, 'cmake_target_skip_unavailable': False, 'install_base': '/mnt/c/Users/106no/Documents/GitHub/altair_framework/install/altair_can_bridge', 'merge_install': False, 'path': '/mnt/c/Users/106no/Documents/GitHub/altair_framework/altair_can_bridge', 'symlink_install': False, 'test_result_base': None}
[0.653s] Level 5:colcon.colcon_core.verb:set package 'altair_core' build argument 'cmake_args' from command line to 'None'
[0.653s] Level 5:colcon.colcon_core.verb:set package 'altair_core' build argument 'cmake_target' from command line to 'None'
[0.653s] Level 5:colcon.colcon_core.verb:set package 'altair_core' build argument 'cmake_target_skip_unavailable' from command line to 'False'
[0.653s] Level 5:colcon.colcon_core.verb:set package 'altair_core' build argument 'cmake_clean_cache' from command line to 'False'
[0.653s] Level 5:colcon.colcon_core.verb:set package 'altair_core' build argument 'cmake_clean_first' from command line to 'False'
[0.653s] Level 5:colcon.colcon_core.verb:set package 'altair_core' build argument 'cmake_force_configure' from command line to 'False'
[0.653s] Level 5:colcon.colcon_core.verb:set package 'altair_core' build argument 'ament_cmake_args' from command line to 'None'
[0.653s] Level 5:colcon.colcon_core.verb:set package 'altair_core' build argument 'catkin_cmake_args' from command line to 'None'
[0.653s] Level 5:colcon.colcon_core.verb:set package 'altair_core' build argument 'catkin_skip_building_tests' from command line to 'False'
[0.654s] DEBUG:colcon.colcon_core.verb:Building package 'altair_core' with the following arguments: {'ament_cmake_args': None, 'build_base': '/mnt/c/Users/106no/Documents/GitHub/altair_framework/build/altair_core', 'catkin_cmake_args': None, 'catkin_skip_building_tests': False, 'cmake_args': None, 'cmake_clean_cache': False, 'cmake_clean_first': False, 'cmake_force_configure': False, 'cmake_target': None, 'cmake_target_skip_unavailable': False, 'install_base': '/mnt/c/Users/106no/Documents/GitHub/altair_framework/install/altair_core', 'merge_install': False, 'path': '/mnt/c/Users/106no/Documents/GitHub/altair_framework/altair_core', 'symlink_install': False, 'test_result_base': None}
[0.654s] Level 5:colcon.colcon_core.verb:set package 'altair_web_server' build argument 'cmake_args' from command line to 'None'
[0.654s] Level 5:colcon.colcon_core.verb:set package 'altair_web_server' build argument 'cmake_target' from command line to 'None'
[0.654s] Level 5:colcon.colcon_core.verb:set package 'altair_web_server' build argument 'cmake_target_skip_unavailable' from command line to 'False'
[0.654s] Level 5:colcon.colcon_core.verb:set package 'altair_web_server' build argument 'cmake_clean_cache' from command line to 'False'
[0.654s] Level 5:colcon.colcon_core.verb:set package 'altair_web_server' build argument 'cmake_clean_first' from command line to 'False'
[0.654s] Level 5:colcon.colcon_core.verb:set package 'altair_web_server' build argument 'cmake_force_configure' from command line to 'False'
[0.654s] Level 5:colcon.colcon_core.verb:set package 'altair_web_server' build argument 'ament_cmake_args' from command line to 'None'
[0.655s] Level 5:colcon.colcon_core.verb:set package 'altair_web_server' build argument 'catkin_cmake_args' from command line to 'None'
[0.655s] Level 5:colcon.colcon_core.verb:set package 'altair_web_server' build argument 'catkin_skip_building_tests' from command line to 'False'
[0.655s] DEBUG:colcon.colcon_core.verb:Building package 'altair_web_server' with the following arguments: {'ament_cmake_args': None, 'build_base': '/mnt/c/Users/106no/Documents/GitHub/altair_framework/build/altair_web_server', 'catkin_cmake_args': None, 'catkin_skip_building_tests': False, 'cmake_args': None, 'cmake_clean_cache': False, 'cmake_clean_first': False, 'cmake_force_configure': False, 'cmake_target': None, 'cmake_target_skip_unavailable': False, 'install_base': '/mnt/c/Users/106no/Documents/GitHub/altair_framework/install/altair_web_server', 'merge_install': False, 'path': '/mnt/c/Users/106no/Documents/GitHub/altair_framework/altair_web_server', 'symlink_install': False, 'test_result_base': None}
[0.655s] INFO:colcon.colcon_core.executor:Executing jobs using 'parallel' executor
[0.656s] DEBUG:colcon.colcon_parallel_executor.executor.parallel:run_until_complete
[0.656s] INFO:colcon.colcon_ros.task.ament_cmake.build:Building ROS package in '/mnt/c/Users/106no/Documents/GitHub/altair_framework/altair_interfaces' with build type 'ament_cmake'
[0.656s] INFO:colcon.colcon_cmake.task.cmake.build:Building CMake package in '/mnt/c/Users/106no/Documents/GitHub/altair_framework/altair_interfaces'
[0.661s] INFO:colcon.colcon_core.plugin_system:Skipping extension 'colcon_core.shell.bat': Not used on non-Windows systems
[0.661s] INFO:colcon.colcon_core.shell:Skip shell extension 'powershell' for command environment: Not usable outside of PowerShell
[0.662s] DEBUG:colcon.colcon_core.shell:Skip shell extension 'dsv' for command environment
[0.705s] DEBUG:colcon.colcon_core.event_handler.log_command:Invoking command in '/mnt/c/Users/106no/Documents/GitHub/altair_framework/build/altair_interfaces': CMAKE_PREFIX_PATH=/opt/ros/humble /usr/bin/cmake /mnt/c/Users/106no/Documents/GitHub/altair_framework/altair_interfaces -DCMAKE_INSTALL_PREFIX=/mnt/c/Users/106no/Documents/GitHub/altair_framework/install/altair_interfaces
[9.352s] DEBUG:colcon.colcon_core.event_handler.log_command:Invoked command in '/mnt/c/Users/106no/Documents/GitHub/altair_framework/build/altair_interfaces' returned '0': CMAKE_PREFIX_PATH=/opt/ros/humble /usr/bin/cmake /mnt/c/Users/106no/Documents/GitHub/altair_framework/altair_interfaces -DCMAKE_INSTALL_PREFIX=/mnt/c/Users/106no/Documents/GitHub/altair_framework/install/altair_interfaces
[9.364s] DEBUG:colcon.colcon_core.event_handler.log_command:Invoking command in '/mnt/c/Users/106no/Documents/GitHub/altair_framework/build/altair_interfaces': CMAKE_PREFIX_PATH=/opt/ros/humble /usr/bin/cmake --build /mnt/c/Users/106no/Documents/GitHub/altair_framework/build/altair_interfaces -- -j16 -l16
[18.834s] DEBUG:colcon.colcon_core.event_handler.log_command:Invoked command in '/mnt/c/Users/106no/Documents/GitHub/altair_framework/build/altair_interfaces' returned '0': CMAKE_PREFIX_PATH=/opt/ros/humble /usr/bin/cmake --build /mnt/c/Users/106no/Documents/GitHub/altair_framework/build/altair_interfaces -- -j16 -l16
[18.855s] DEBUG:colcon.colcon_core.event_handler.log_command:Invoking command in '/mnt/c/Users/106no/Documents/GitHub/altair_framework/build/altair_interfaces': CMAKE_PREFIX_PATH=/opt/ros/humble /usr/bin/cmake --install /mnt/c/Users/106no/Documents/GitHub/altair_framework/build/altair_interfaces
[38.051s] Level 1:colcon.colcon_core.environment:create_environment_scripts_only(altair_interfaces)
[38.052s] DEBUG:colcon.colcon_core.event_handler.log_command:Invoked command in '/mnt/c/Users/106no/Documents/GitHub/altair_framework/build/altair_interfaces' returned '0': CMAKE_PREFIX_PATH=/opt/ros/humble /usr/bin/cmake --install /mnt/c/Users/106no/Documents/GitHub/altair_framework/build/altair_interfaces
[38.059s] Level 1:colcon.colcon_core.environment:checking '/mnt/c/Users/106no/Documents/GitHub/altair_framework/install/altair_interfaces' for CMake module files
[38.196s] Level 1:colcon.colcon_core.environment:checking '/mnt/c/Users/106no/Documents/GitHub/altair_framework/install/altair_interfaces' for CMake config files
[38.298s] Level 1:colcon.colcon_core.shell:create_environment_hook('altair_interfaces', 'cmake_prefix_path')
[38.298s] INFO:colcon.colcon_core.shell:Creating environment hook '/mnt/c/Users/106no/Documents/GitHub/altair_framework/install/altair_interfaces/share/altair_interfaces/hook/cmake_prefix_path.ps1'
[38.307s] INFO:colcon.colcon_core.shell:Creating environment descriptor '/mnt/c/Users/106no/Documents/GitHub/altair_framework/install/altair_interfaces/share/altair_interfaces/hook/cmake_prefix_path.dsv'
[38.317s] INFO:colcon.colcon_core.shell:Creating environment hook '/mnt/c/Users/106no/Documents/GitHub/altair_framework/install/altair_interfaces/share/altair_interfaces/hook/cmake_prefix_path.sh'
[38.329s] Level 1:colcon.colcon_core.environment:checking '/mnt/c/Users/106no/Documents/GitHub/altair_framework/install/altair_interfaces/lib'
[38.332s] Level 1:colcon.colcon_core.shell:create_environment_hook('altair_interfaces', 'ld_library_path_lib')
[38.332s] INFO:colcon.colcon_core.shell:Creating environment hook '/mnt/c/Users/106no/Documents/GitHub/altair_framework/install/altair_interfaces/share/altair_interfaces/hook/ld_library_path_lib.ps1'
[38.340s] INFO:colcon.colcon_core.shell:Creating environment descriptor '/mnt/c/Users/106no/Documents/GitHub/altair_framework/install/altair_interfaces/share/altair_interfaces/hook/ld_library_path_lib.dsv'
[38.350s] INFO:colcon.colcon_core.shell:Creating environment hook '/mnt/c/Users/106no/Documents/GitHub/altair_framework/install/altair_interfaces/share/altair_interfaces/hook/ld_library_path_lib.sh'
[38.357s] Level 1:colcon.colcon_core.environment:checking '/mnt/c/Users/106no/Documents/GitHub/altair_framework/install/altair_interfaces/bin'
[38.358s] Level 1:colcon.colcon_core.environment:checking '/mnt/c/Users/106no/Documents/GitHub/altair_framework/install/altair_interfaces/lib/pkgconfig/altair_interfaces.pc'
[38.359s] Level 1:colcon.colcon_core.environment:checking '/mnt/c/Users/106no/Documents/GitHub/altair_framework/install/altair_interfaces/lib/python3.10/site-packages'
[38.361s] Level 1:colcon.colcon_core.environment:checking '/mnt/c/Users/106no/Documents/GitHub/altair_framework/install/altair_interfaces/bin'
[38.363s] INFO:colcon.colcon_core.shell:Creating package script '/mnt/c/Users/106no/Documents/GitHub/altair_framework/install/altair_interfaces/share/altair_interfaces/package.ps1'
[38.370s] INFO:colcon.colcon_core.shell:Creating package descriptor '/mnt/c/Users/106no/Documents/GitHub/altair_framework/install/altair_interfaces/share/altair_interfaces/package.dsv'
[38.379s] INFO:colcon.colcon_core.shell:Creating package script '/mnt/c/Users/106no/Documents/GitHub/altair_framework/install/altair_interfaces/share/altair_interfaces/package.sh'
[38.387s] INFO:colcon.colcon_core.shell:Creating package script '/mnt/c/Users/106no/Documents/GitHub/altair_framework/install/altair_interfaces/share/altair_interfaces/package.bash'
[38.396s] INFO:colcon.colcon_core.shell:Creating package script '/mnt/c/Users/106no/Documents/GitHub/altair_framework/install/altair_interfaces/share/altair_interfaces/package.zsh'
[38.404s] Level 1:colcon.colcon_core.environment:create_file_with_runtime_dependencies(/mnt/c/Users/106no/Documents/GitHub/altair_framework/install/altair_interfaces/share/colcon-core/packages/altair_interfaces)
[38.423s] Level 1:colcon.colcon_core.environment:create_environment_scripts_only(altair_interfaces)
[38.423s] Level 1:colcon.colcon_core.environment:checking '/mnt/c/Users/106no/Documents/GitHub/altair_framework/install/altair_interfaces' for CMake module files
[38.619s] Level 1:colcon.colcon_core.environment:checking '/mnt/c/Users/106no/Documents/GitHub/altair_framework/install/altair_interfaces' for CMake config files
[38.754s] Level 1:colcon.colcon_core.shell:create_environment_hook('altair_interfaces', 'cmake_prefix_path')
[38.755s] INFO:colcon.colcon_core.shell:Creating environment hook '/mnt/c/Users/106no/Documents/GitHub/altair_framework/install/altair_interfaces/share/altair_interfaces/hook/cmake_prefix_path.ps1'
[38.768s] INFO:colcon.colcon_core.shell:Creating environment descriptor '/mnt/c/Users/106no/Documents/GitHub/altair_framework/install/altair_interfaces/share/altair_interfaces/hook/cmake_prefix_path.dsv'
[38.779s] INFO:colcon.colcon_core.shell:Creating environment hook '/mnt/c/Users/106no/Documents/GitHub/altair_framework/install/altair_interfaces/share/altair_interfaces/hook/cmake_prefix_path.sh'
[38.793s] Level 1:colcon.colcon_core.environment:checking '/mnt/c/Users/106no/Documents/GitHub/altair_framework/install/altair_interfaces/lib'
[38.798s] Level 1:colcon.colcon_core.shell:create_environment_hook('altair_interfaces', 'ld_library_path_lib')
[38.799s] INFO:colcon.colcon_core.shell:Creating environment hook '/mnt/c/Users/106no/Documents/GitHub/altair_framework/install/altair_interfaces/share/altair_interfaces/hook/ld_library_path_lib.ps1'
[38.808s] INFO:colcon.colcon_core.shell:Creating environment descriptor '/mnt/c/Users/106no/Documents/GitHub/altair_framework/install/altair_interfaces/share/altair_interfaces/hook/ld_library_path_lib.dsv'
[38.818s] INFO:colcon.colcon_core.shell:Creating environment hook '/mnt/c/Users/106no/Documents/GitHub/altair_framework/install/altair_interfaces/share/altair_interfaces/hook/ld_library_path_lib.sh'
[38.825s] Level 1:colcon.colcon_core.environment:checking '/mnt/c/Users/106no/Documents/GitHub/altair_framework/install/altair_interfaces/bin'
[38.827s] Level 1:colcon.colcon_core.environment:checking '/mnt/c/Users/106no/Documents/GitHub/altair_framework/install/altair_interfaces/lib/pkgconfig/altair_interfaces.pc'
[38.828s] Level 1:colcon.colcon_core.environment:checking '/mnt/c/Users/106no/Documents/GitHub/altair_framework/install/altair_interfaces/lib/python3.10/site-packages'
[38.829s] Level 1:colcon.colcon_core.environment:checking '/mnt/c/Users/106no/Documents/GitHub/altair_framework/install/altair_interfaces/bin'
[38.831s] INFO:colcon.colcon_core.shell:Creating package script '/mnt/c/Users/106no/Documents/GitHub/altair_framework/install/altair_interfaces/share/altair_interfaces/package.ps1'
[38.838s] INFO:colcon.colcon_core.shell:Creating package descriptor '/mnt/c/Users/106no/Documents/GitHub/altair_framework/install/altair_interfaces/share/altair_interfaces/package.dsv'
[38.846s] INFO:colcon.colcon_core.shell:Creating package script '/mnt/c/Users/106no/Documents/GitHub/altair_framework/install/altair_interfaces/share/altair_interfaces/package.sh'
[38.853s] INFO:colcon.colcon_core.shell:Creating package script '/mnt/c/Users/106no/Documents/GitHub/altair_framework/install/altair_interfaces/share/altair_interfaces/package.bash'
[38.859s] INFO:colcon.colcon_core.shell:Creating package script '/mnt/c/Users/106no/Documents/GitHub/altair_framework/install/altair_interfaces/share/altair_interfaces/package.zsh'
[38.869s] Level 1:colcon.colcon_core.environment:create_file_with_runtime_dependencies(/mnt/c/Users/106no/Documents/GitHub/altair_framework/install/altair_interfaces/share/colcon-core/packages/altair_interfaces)
[38.875s] INFO:colcon.colcon_ros.task.ament_cmake.build:Building ROS package in '/mnt/c/Users/106no/Documents/GitHub/altair_framework/altair_can_bridge' with build type 'ament_cmake'
[38.876s] INFO:colcon.colcon_cmake.task.cmake.build:Building CMake package in '/mnt/c/Users/106no/Documents/GitHub/altair_framework/altair_can_bridge'
[38.876s] INFO:colcon.colcon_core.shell:Skip shell extension 'powershell' for command environment: Not usable outside of PowerShell
[38.876s] DEBUG:colcon.colcon_core.shell:Skip shell extension 'dsv' for command environment
[38.889s] INFO:colcon.colcon_ros.task.ament_python.build:Building ROS package in '/mnt/c/Users/106no/Documents/GitHub/altair_framework/altair_core' with build type 'ament_python'
[38.889s] Level 1:colcon.colcon_core.shell:create_environment_hook('altair_core', 'ament_prefix_path')
[38.889s] INFO:colcon.colcon_core.shell:Creating environment hook '/mnt/c/Users/106no/Documents/GitHub/altair_framework/install/altair_core/share/altair_core/hook/ament_prefix_path.ps1'
[38.903s] INFO:colcon.colcon_core.shell:Creating environment descriptor '/mnt/c/Users/106no/Documents/GitHub/altair_framework/install/altair_core/share/altair_core/hook/ament_prefix_path.dsv'
[38.914s] INFO:colcon.colcon_core.shell:Creating environment hook '/mnt/c/Users/106no/Documents/GitHub/altair_framework/install/altair_core/share/altair_core/hook/ament_prefix_path.sh'
[38.922s] INFO:colcon.colcon_core.shell:Skip shell extension 'powershell' for command environment: Not usable outside of PowerShell
[38.922s] DEBUG:colcon.colcon_core.shell:Skip shell extension 'dsv' for command environment
[38.931s] INFO:colcon.colcon_ros.task.ament_python.build:Building ROS package in '/mnt/c/Users/106no/Documents/GitHub/altair_framework/altair_web_server' with build type 'ament_python'
[38.932s] Level 1:colcon.colcon_core.shell:create_environment_hook('altair_web_server', 'ament_prefix_path')
[38.932s] INFO:colcon.colcon_core.shell:Creating environment hook '/mnt/c/Users/106no/Documents/GitHub/altair_framework/install/altair_web_server/share/altair_web_server/hook/ament_prefix_path.ps1'
[38.946s] INFO:colcon.colcon_core.shell:Creating environment descriptor '/mnt/c/Users/106no/Documents/GitHub/altair_framework/install/altair_web_server/share/altair_web_server/hook/ament_prefix_path.dsv'
[38.957s] INFO:colcon.colcon_core.shell:Creating environment hook '/mnt/c/Users/106no/Documents/GitHub/altair_framework/install/altair_web_server/share/altair_web_server/hook/ament_prefix_path.sh'
[38.968s] INFO:colcon.colcon_core.shell:Skip shell extension 'powershell' for command environment: Not usable outside of PowerShell
[38.968s] DEBUG:colcon.colcon_core.shell:Skip shell extension 'dsv' for command environment
[39.120s] DEBUG:colcon.colcon_core.event_handler.log_command:Invoking command in '/mnt/c/Users/106no/Documents/GitHub/altair_framework/build/altair_can_bridge': AMENT_PREFIX_PATH=/mnt/c/Users/106no/Documents/GitHub/altair_framework/install/altair_interfaces:${AMENT_PREFIX_PATH} CMAKE_PREFIX_PATH=/mnt/c/Users/106no/Documents/GitHub/altair_framework/install/altair_interfaces:/opt/ros/humble LD_LIBRARY_PATH=/mnt/c/Users/106no/Documents/GitHub/altair_framework/install/altair_interfaces/lib:${LD_LIBRARY_PATH} PYTHONPATH=/mnt/c/Users/106no/Documents/GitHub/altair_framework/install/altair_interfaces/local/lib/python3.10/dist-packages:${PYTHONPATH} /usr/bin/cmake /mnt/c/Users/106no/Documents/GitHub/altair_framework/altair_can_bridge -DCMAKE_INSTALL_PREFIX=/mnt/c/Users/106no/Documents/GitHub/altair_framework/install/altair_can_bridge
[39.648s] INFO:colcon.colcon_core.task.python.build:Building Python package in '/mnt/c/Users/106no/Documents/GitHub/altair_framework/altair_core'
[39.649s] INFO:colcon.colcon_core.shell:Skip shell extension 'powershell' for command environment: Not usable outside of PowerShell
[39.649s] DEBUG:colcon.colcon_core.shell:Skip shell extension 'dsv' for command environment
[40.204s] INFO:colcon.colcon_core.task.python.build:Building Python package in '/mnt/c/Users/106no/Documents/GitHub/altair_framework/altair_web_server'
[40.204s] INFO:colcon.colcon_core.shell:Skip shell extension 'powershell' for command environment: Not usable outside of PowerShell
[40.205s] DEBUG:colcon.colcon_core.shell:Skip shell extension 'dsv' for command environment
[41.575s] DEBUG:colcon.colcon_core.event_handler.log_command:Invoking command in '/mnt/c/Users/106no/Documents/GitHub/altair_framework/altair_core': AMENT_PREFIX_PATH=/mnt/c/Users/106no/Documents/GitHub/altair_framework/install/altair_interfaces:${AMENT_PREFIX_PATH} CMAKE_PREFIX_PATH=/mnt/c/Users/106no/Documents/GitHub/altair_framework/install/altair_interfaces LD_LIBRARY_PATH=/mnt/c/Users/106no/Documents/GitHub/altair_framework/install/altair_interfaces/lib:${LD_LIBRARY_PATH} PYTHONPATH=/mnt/c/Users/106no/Documents/GitHub/altair_framework/build/altair_core/prefix_override:/usr/lib/python3/dist-packages/colcon_core/task/python/colcon_distutils_commands:/mnt/c/Users/106no/Documents/GitHub/altair_framework/install/altair_core/lib/python3.10/site-packages:/mnt/c/Users/106no/Documents/GitHub/altair_framework/install/altair_interfaces/local/lib/python3.10/dist-packages:${PYTHONPATH} /usr/bin/python3 -W ignore:setup.py install is deprecated -W ignore:easy_install command is deprecated setup.py egg_info --egg-base ../build/altair_core build --build-base /mnt/c/Users/106no/Documents/GitHub/altair_framework/build/altair_core/build install --record /mnt/c/Users/106no/Documents/GitHub/altair_framework/build/altair_core/install.log --single-version-externally-managed install_data
[41.643s] DEBUG:colcon.colcon_core.event_handler.log_command:Invoking command in '/mnt/c/Users/106no/Documents/GitHub/altair_framework/altair_web_server': AMENT_PREFIX_PATH=/mnt/c/Users/106no/Documents/GitHub/altair_framework/install/altair_interfaces:${AMENT_PREFIX_PATH} CMAKE_PREFIX_PATH=/mnt/c/Users/106no/Documents/GitHub/altair_framework/install/altair_interfaces LD_LIBRARY_PATH=/mnt/c/Users/106no/Documents/GitHub/altair_framework/install/altair_interfaces/lib:${LD_LIBRARY_PATH} PYTHONPATH=/mnt/c/Users/106no/Documents/GitHub/altair_framework/build/altair_web_server/prefix_override:/usr/lib/python3/dist-packages/colcon_core/task/python/colcon_distutils_commands:/mnt/c/Users/106no/Documents/GitHub/altair_framework/install/altair_web_server/lib/python3.10/site-packages:/mnt/c/Users/106no/Documents/GitHub/altair_framework/install/altair_interfaces/local/lib/python3.10/dist-packages:${PYTHONPATH} /usr/bin/python3 -W ignore:setup.py install is deprecated -W ignore:easy_install command is deprecated setup.py egg_info --egg-base ../build/altair_web_server build --build-base /mnt/c/Users/106no/Documents/GitHub/altair_framework/build/altair_web_server/build install --record /mnt/c/Users/106no/Documents/GitHub/altair_framework/build/altair_web_server/install.log --single-version-externally-managed install_data
[43.629s] Level 1:colcon.colcon_core.environment:checking '/mnt/c/Users/106no/Documents/GitHub/altair_framework/install/altair_web_server' for CMake module files
[43.630s] DEBUG:colcon.colcon_core.event_handler.log_command:Invoked command in '/mnt/c/Users/106no/Documents/GitHub/altair_framework/altair_web_server' returned '0': AMENT_PREFIX_PATH=/mnt/c/Users/106no/Documents/GitHub/altair_framework/install/altair_interfaces:${AMENT_PREFIX_PATH} CMAKE_PREFIX_PATH=/mnt/c/Users/106no/Documents/GitHub/altair_framework/install/altair_interfaces LD_LIBRARY_PATH=/mnt/c/Users/106no/Documents/GitHub/altair_framework/install/altair_interfaces/lib:${LD_LIBRARY_PATH} PYTHONPATH=/mnt/c/Users/106no/Documents/GitHub/altair_framework/build/altair_web_server/prefix_override:/usr/lib/python3/dist-packages/colcon_core/task/python/colcon_distutils_commands:/mnt/c/Users/106no/Documents/GitHub/altair_framework/install/altair_web_server/lib/python3.10/site-packages:/mnt/c/Users/106no/Documents/GitHub/altair_framework/install/altair_interfaces/local/lib/python3.10/dist-packages:${PYTHONPATH} /usr/bin/python3 -W ignore:setup.py install is deprecated -W ignore:easy_install command is deprecated setup.py egg_info --egg-base ../build/altair_web_server build --build-base /mnt/c/Users/106no/Documents/GitHub/altair_framework/build/altair_web_server/build install --record /mnt/c/Users/106no/Documents/GitHub/altair_framework/build/altair_web_server/install.log --single-version-externally-managed install_data
[43.660s] Level 1:colcon.colcon_core.environment:checking '/mnt/c/Users/106no/Documents/GitHub/altair_framework/install/altair_web_server' for CMake config files
[43.747s] Level 1:colcon.colcon_core.environment:checking '/mnt/c/Users/106no/Documents/GitHub/altair_framework/install/altair_web_server/lib'
[43.750s] Level 1:colcon.colcon_core.environment:checking '/mnt/c/Users/106no/Documents/GitHub/altair_framework/install/altair_web_server/bin'
[43.757s] Level 1:colcon.colcon_core.shell:create_environment_hook('altair_web_server', 'path')
[43.757s] INFO:colcon.colcon_core.shell:Creating environment hook '/mnt/c/Users/106no/Documents/GitHub/altair_framework/install/altair_web_server/share/altair_web_server/hook/path.ps1'
[43.770s] INFO:colcon.colcon_core.shell:Creating environment descriptor '/mnt/c/Users/106no/Documents/GitHub/altair_framework/install/altair_web_server/share/altair_web_server/hook/path.dsv'
[43.781s] INFO:colcon.colcon_core.shell:Creating environment hook '/mnt/c/Users/106no/Documents/GitHub/altair_framework/install/altair_web_server/share/altair_web_server/hook/path.sh'
[43.791s] Level 1:colcon.colcon_core.environment:checking '/mnt/c/Users/106no/Documents/GitHub/altair_framework/install/altair_web_server/lib/pkgconfig/altair_web_server.pc'
[43.792s] Level 1:colcon.colcon_core.environment:checking '/mnt/c/Users/106no/Documents/GitHub/altair_framework/install/altair_web_server/lib/python3.10/site-packages'
[43.795s] Level 1:colcon.colcon_core.shell:create_environment_hook('altair_web_server', 'pythonpath')
[43.795s] INFO:colcon.colcon_core.shell:Creating environment hook '/mnt/c/Users/106no/Documents/GitHub/altair_framework/install/altair_web_server/share/altair_web_server/hook/pythonpath.ps1'
[43.806s] INFO:colcon.colcon_core.shell:Creating environment descriptor '/mnt/c/Users/106no/Documents/GitHub/altair_framework/install/altair_web_server/share/altair_web_server/hook/pythonpath.dsv'
[43.819s] INFO:colcon.colcon_core.shell:Creating environment hook '/mnt/c/Users/106no/Documents/GitHub/altair_framework/install/altair_web_server/share/altair_web_server/hook/pythonpath.sh'
[43.829s] Level 1:colcon.colcon_core.environment:checking '/mnt/c/Users/106no/Documents/GitHub/altair_framework/install/altair_web_server/bin'
[43.834s] Level 1:colcon.colcon_core.shell:create_environment_hook('altair_web_server', 'pythonscriptspath')
[43.834s] INFO:colcon.colcon_core.shell:Creating environment hook '/mnt/c/Users/106no/Documents/GitHub/altair_framework/install/altair_web_server/share/altair_web_server/hook/pythonscriptspath.ps1'
[43.845s] INFO:colcon.colcon_core.shell:Creating environment descriptor '/mnt/c/Users/106no/Documents/GitHub/altair_framework/install/altair_web_server/share/altair_web_server/hook/pythonscriptspath.dsv'
[43.864s] INFO:colcon.colcon_core.shell:Creating environment hook '/mnt/c/Users/106no/Documents/GitHub/altair_framework/install/altair_web_server/share/altair_web_server/hook/pythonscriptspath.sh'
[43.889s] Level 1:colcon.colcon_core.environment:create_environment_scripts_only(altair_web_server)
[43.889s] INFO:colcon.colcon_core.shell:Creating package script '/mnt/c/Users/106no/Documents/GitHub/altair_framework/install/altair_web_server/share/altair_web_server/package.ps1'
[43.902s] INFO:colcon.colcon_core.shell:Creating package descriptor '/mnt/c/Users/106no/Documents/GitHub/altair_framework/install/altair_web_server/share/altair_web_server/package.dsv'
[43.914s] INFO:colcon.colcon_core.shell:Creating package script '/mnt/c/Users/106no/Documents/GitHub/altair_framework/install/altair_web_server/share/altair_web_server/package.sh'
[43.923s] INFO:colcon.colcon_core.shell:Creating package script '/mnt/c/Users/106no/Documents/GitHub/altair_framework/install/altair_web_server/share/altair_web_server/package.bash'
[43.935s] INFO:colcon.colcon_core.shell:Creating package script '/mnt/c/Users/106no/Documents/GitHub/altair_framework/install/altair_web_server/share/altair_web_server/package.zsh'
[43.945s] Level 1:colcon.colcon_core.environment:create_file_with_runtime_dependencies(/mnt/c/Users/106no/Documents/GitHub/altair_framework/install/altair_web_server/share/colcon-core/packages/altair_web_server)
[43.989s] Level 1:colcon.colcon_core.environment:checking '/mnt/c/Users/106no/Documents/GitHub/altair_framework/install/altair_core' for CMake module files
[43.990s] DEBUG:colcon.colcon_core.event_handler.log_command:Invoked command in '/mnt/c/Users/106no/Documents/GitHub/altair_framework/altair_core' returned '0': AMENT_PREFIX_PATH=/mnt/c/Users/106no/Documents/GitHub/altair_framework/install/altair_interfaces:${AMENT_PREFIX_PATH} CMAKE_PREFIX_PATH=/mnt/c/Users/106no/Documents/GitHub/altair_framework/install/altair_interfaces LD_LIBRARY_PATH=/mnt/c/Users/106no/Documents/GitHub/altair_framework/install/altair_interfaces/lib:${LD_LIBRARY_PATH} PYTHONPATH=/mnt/c/Users/106no/Documents/GitHub/altair_framework/build/altair_core/prefix_override:/usr/lib/python3/dist-packages/colcon_core/task/python/colcon_distutils_commands:/mnt/c/Users/106no/Documents/GitHub/altair_framework/install/altair_core/lib/python3.10/site-packages:/mnt/c/Users/106no/Documents/GitHub/altair_framework/install/altair_interfaces/local/lib/python3.10/dist-packages:${PYTHONPATH} /usr/bin/python3 -W ignore:setup.py install is deprecated -W ignore:easy_install command is deprecated setup.py egg_info --egg-base ../build/altair_core build --build-base /mnt/c/Users/106no/Documents/GitHub/altair_framework/build/altair_core/build install --record /mnt/c/Users/106no/Documents/GitHub/altair_framework/build/altair_core/install.log --single-version-externally-managed install_data
[44.015s] Level 1:colcon.colcon_core.environment:checking '/mnt/c/Users/106no/Documents/GitHub/altair_framework/install/altair_core' for CMake config files
[44.094s] Level 1:colcon.colcon_core.environment:checking '/mnt/c/Users/106no/Documents/GitHub/altair_framework/install/altair_core/lib'
[44.098s] Level 1:colcon.colcon_core.environment:checking '/mnt/c/Users/106no/Documents/GitHub/altair_framework/install/altair_core/bin'
[44.102s] Level 1:colcon.colcon_core.shell:create_environment_hook('altair_core', 'path')
[44.102s] INFO:colcon.colcon_core.shell:Creating environment hook '/mnt/c/Users/106no/Documents/GitHub/altair_framework/install/altair_core/share/altair_core/hook/path.ps1'
[44.114s] INFO:colcon.colcon_core.shell:Creating environment descriptor '/mnt/c/Users/106no/Documents/GitHub/altair_framework/install/altair_core/share/altair_core/hook/path.dsv'
[44.123s] INFO:colcon.colcon_core.shell:Creating environment hook '/mnt/c/Users/106no/Documents/GitHub/altair_framework/install/altair_core/share/altair_core/hook/path.sh'
[44.135s] Level 1:colcon.colcon_core.environment:checking '/mnt/c/Users/106no/Documents/GitHub/altair_framework/install/altair_core/lib/pkgconfig/altair_core.pc'
[44.137s] Level 1:colcon.colcon_core.environment:checking '/mnt/c/Users/106no/Documents/GitHub/altair_framework/install/altair_core/lib/python3.10/site-packages'
[44.139s] Level 1:colcon.colcon_core.shell:create_environment_hook('altair_core', 'pythonpath')
[44.139s] INFO:colcon.colcon_core.shell:Creating environment hook '/mnt/c/Users/106no/Documents/GitHub/altair_framework/install/altair_core/share/altair_core/hook/pythonpath.ps1'
[44.150s] INFO:colcon.colcon_core.shell:Creating environment descriptor '/mnt/c/Users/106no/Documents/GitHub/altair_framework/install/altair_core/share/altair_core/hook/pythonpath.dsv'
[44.161s] INFO:colcon.colcon_core.shell:Creating environment hook '/mnt/c/Users/106no/Documents/GitHub/altair_framework/install/altair_core/share/altair_core/hook/pythonpath.sh'
[44.171s] Level 1:colcon.colcon_core.environment:checking '/mnt/c/Users/106no/Documents/GitHub/altair_framework/install/altair_core/bin'
[44.176s] Level 1:colcon.colcon_core.shell:create_environment_hook('altair_core', 'pythonscriptspath')
[44.176s] INFO:colcon.colcon_core.shell:Creating environment hook '/mnt/c/Users/106no/Documents/GitHub/altair_framework/install/altair_core/share/altair_core/hook/pythonscriptspath.ps1'
[44.188s] INFO:colcon.colcon_core.shell:Creating environment descriptor '/mnt/c/Users/106no/Documents/GitHub/altair_framework/install/altair_core/share/altair_core/hook/pythonscriptspath.dsv'
[44.200s] INFO:colcon.colcon_core.shell:Creating environment hook '/mnt/c/Users/106no/Documents/GitHub/altair_framework/install/altair_core/share/altair_core/hook/pythonscriptspath.sh'
[44.211s] Level 1:colcon.colcon_core.environment:create_environment_scripts_only(altair_core)
[44.212s] INFO:colcon.colcon_core.shell:Creating package script '/mnt/c/Users/106no/Documents/GitHub/altair_framework/install/altair_core/share/altair_core/package.ps1'
[44.220s] INFO:colcon.colcon_core.shell:Creating package descriptor '/mnt/c/Users/106no/Documents/GitHub/altair_framework/install/altair_core/share/altair_core/package.dsv'
[44.231s] INFO:colcon.colcon_core.shell:Creating package script '/mnt/c/Users/106no/Documents/GitHub/altair_framework/install/altair_core/share/altair_core/package.sh'
[44.240s] INFO:colcon.colcon_core.shell:Creating package script '/mnt/c/Users/106no/Documents/GitHub/altair_framework/install/altair_core/share/altair_core/package.bash'
[44.249s] INFO:colcon.colcon_core.shell:Creating package script '/mnt/c/Users/106no/Documents/GitHub/altair_framework/install/altair_core/share/altair_core/package.zsh'
[44.258s] Level 1:colcon.colcon_core.environment:create_file_with_runtime_dependencies(/mnt/c/Users/106no/Documents/GitHub/altair_framework/install/altair_core/share/colcon-core/packages/altair_core)
[56.355s] DEBUG:colcon.colcon_core.event_handler.log_command:Invoked command in '/mnt/c/Users/106no/Documents/GitHub/altair_framework/build/altair_can_bridge' returned '1': AMENT_PREFIX_PATH=/mnt/c/Users/106no/Documents/GitHub/altair_framework/install/altair_interfaces:${AMENT_PREFIX_PATH} CMAKE_PREFIX_PATH=/mnt/c/Users/106no/Documents/GitHub/altair_framework/install/altair_interfaces:/opt/ros/humble LD_LIBRARY_PATH=/mnt/c/Users/106no/Documents/GitHub/altair_framework/install/altair_interfaces/lib:${LD_LIBRARY_PATH} PYTHONPATH=/mnt/c/Users/106no/Documents/GitHub/altair_framework/install/altair_interfaces/local/lib/python3.10/dist-packages:${PYTHONPATH} /usr/bin/cmake /mnt/c/Users/106no/Documents/GitHub/altair_framework/altair_can_bridge -DCMAKE_INSTALL_PREFIX=/mnt/c/Users/106no/Documents/GitHub/altair_framework/install/altair_can_bridge
[56.378s] Level 1:colcon.colcon_core.environment:create_environment_scripts_only(altair_can_bridge)
[56.378s] Level 1:colcon.colcon_core.environment:checking '/mnt/c/Users/106no/Documents/GitHub/altair_framework/install/altair_can_bridge' for CMake module files
[56.389s] Level 1:colcon.colcon_core.environment:checking '/mnt/c/Users/106no/Documents/GitHub/altair_framework/install/altair_can_bridge' for CMake config files
[56.390s] Level 1:colcon.colcon_core.environment:checking '/mnt/c/Users/106no/Documents/GitHub/altair_framework/install/altair_can_bridge/bin'
[56.391s] Level 1:colcon.colcon_core.environment:checking '/mnt/c/Users/106no/Documents/GitHub/altair_framework/install/altair_can_bridge/lib/pkgconfig/altair_can_bridge.pc'
[56.391s] Level 1:colcon.colcon_core.environment:checking '/mnt/c/Users/106no/Documents/GitHub/altair_framework/install/altair_can_bridge/lib/python3.10/site-packages'
[56.393s] Level 1:colcon.colcon_core.environment:checking '/mnt/c/Users/106no/Documents/GitHub/altair_framework/install/altair_can_bridge/bin'
[56.394s] INFO:colcon.colcon_core.shell:Creating package script '/mnt/c/Users/106no/Documents/GitHub/altair_framework/install/altair_can_bridge/share/altair_can_bridge/package.ps1'
[56.404s] INFO:colcon.colcon_core.shell:Creating package descriptor '/mnt/c/Users/106no/Documents/GitHub/altair_framework/install/altair_can_bridge/share/altair_can_bridge/package.dsv'
[56.413s] INFO:colcon.colcon_core.shell:Creating package script '/mnt/c/Users/106no/Documents/GitHub/altair_framework/install/altair_can_bridge/share/altair_can_bridge/package.sh'
[56.421s] INFO:colcon.colcon_core.shell:Creating package script '/mnt/c/Users/106no/Documents/GitHub/altair_framework/install/altair_can_bridge/share/altair_can_bridge/package.bash'
[56.429s] INFO:colcon.colcon_core.shell:Creating package script '/mnt/c/Users/106no/Documents/GitHub/altair_framework/install/altair_can_bridge/share/altair_can_bridge/package.zsh'
[56.437s] Level 1:colcon.colcon_core.environment:create_file_with_runtime_dependencies(/mnt/c/Users/106no/Documents/GitHub/altair_framework/install/altair_can_bridge/share/colcon-core/packages/altair_can_bridge)
[56.455s] DEBUG:colcon.colcon_parallel_executor.executor.parallel:closing loop
[56.455s] DEBUG:colcon.colcon_parallel_executor.executor.parallel:loop closed
[56.455s] DEBUG:colcon.colcon_parallel_executor.executor.parallel:run_until_complete finished with '1'
[56.456s] DEBUG:colcon.colcon_core.event_reactor:joining thread
[56.506s] INFO:colcon.colcon_core.plugin_system:Skipping extension 'colcon_notification.desktop_notification.notify_send': Could not find 'notify-send'
[56.506s] INFO:colcon.colcon_core.plugin_system:Skipping extension 'colcon_notification.desktop_notification.terminal_notifier': Not used on non-Darwin systems
[56.506s] INFO:colcon.colcon_core.plugin_system:Skipping extension 'colcon_notification.desktop_notification.win32': Not used on non-Windows systems
[56.506s] INFO:colcon.colcon_notification.desktop_notification:Sending desktop notification using 'notify2'
[56.507s] DEBUG:colcon.colcon_notification.desktop_notification.notify2:Failed to initialize notify2: org.freedesktop.DBus.Error.FileNotFound: Failed to connect to socket /run/user/1000/bus: No such file or directory
[56.507s] DEBUG:colcon.colcon_core.event_reactor:joined thread
[56.507s] INFO:colcon.colcon_core.shell:Creating prefix script '/mnt/c/Users/106no/Documents/GitHub/altair_framework/install/local_setup.ps1'
[56.512s] INFO:colcon.colcon_core.shell:Creating prefix util module '/mnt/c/Users/106no/Documents/GitHub/altair_framework/install/_local_setup_util_ps1.py'
[56.516s] INFO:colcon.colcon_core.shell:Creating prefix chain script '/mnt/c/Users/106no/Documents/GitHub/altair_framework/install/setup.ps1'
[56.519s] INFO:colcon.colcon_core.shell:Creating prefix script '/mnt/c/Users/106no/Documents/GitHub/altair_framework/install/local_setup.sh'
[56.522s] INFO:colcon.colcon_core.shell:Creating prefix util module '/mnt/c/Users/106no/Documents/GitHub/altair_framework/install/_local_setup_util_sh.py'
[56.526s] INFO:colcon.colcon_core.shell:Creating prefix chain script '/mnt/c/Users/106no/Documents/GitHub/altair_framework/install/setup.sh'
[56.530s] INFO:colcon.colcon_core.shell:Creating prefix script '/mnt/c/Users/106no/Documents/GitHub/altair_framework/install/local_setup.bash'
[56.533s] INFO:colcon.colcon_core.shell:Creating prefix chain script '/mnt/c/Users/106no/Documents/GitHub/altair_framework/install/setup.bash'
[56.537s] INFO:colcon.colcon_core.shell:Creating prefix script '/mnt/c/Users/106no/Documents/GitHub/altair_framework/install/local_setup.zsh'
[56.540s] INFO:colcon.colcon_core.shell:Creating prefix chain script '/mnt/c/Users/106no/Documents/GitHub/altair_framework/install/setup.zsh'
