[0.234s] Invoking command in '/mnt/c/Users/106no/Documents/GitHub/altair_framework/build/altair_can_bridge': AMENT_PREFIX_PATH=/mnt/c/Users/106no/Documents/GitHub/altair_framework/install/altair_interfaces:${AMENT_PREFIX_PATH} CMAKE_PREFIX_PATH=/mnt/c/Users/106no/Documents/GitHub/altair_framework/install/altair_interfaces:/opt/ros/humble LD_LIBRARY_PATH=/mnt/c/Users/106no/Documents/GitHub/altair_framework/install/altair_interfaces/lib:${LD_LIBRARY_PATH} PYTHONPATH=/mnt/c/Users/106no/Documents/GitHub/altair_framework/install/altair_interfaces/local/lib/python3.10/dist-packages:${PYTHONPATH} /usr/bin/cmake /mnt/c/Users/106no/Documents/GitHub/altair_framework/altair_can_bridge -DCMAKE_INSTALL_PREFIX=/mnt/c/Users/106no/Documents/GitHub/altair_framework/install/altair_can_bridge
[0.774s] -- The C compiler identification is GNU 11.4.0
[1.611s] -- The CXX compiler identification is GNU 11.4.0
[2.220s] -- Detecting C compiler ABI info
[3.299s] -- Detecting C compiler ABI info - done
[3.324s] -- Check for working C compiler: /usr/bin/cc - skipped
[3.325s] -- Detecting C compile features
[3.326s] -- Detecting C compile features - done
[3.378s] -- Detecting CXX compiler ABI info
[4.604s] -- Detecting CXX compiler ABI info - done
[4.629s] -- Check for working CXX compiler: /usr/bin/c++ - skipped
[4.629s] -- Detecting CXX compile features
[4.630s] -- Detecting CXX compile features - done
[4.729s] -- Found ament_cmake: 1.3.14 (/opt/ros/humble/share/ament_cmake/cmake)
[5.574s] -- Found Python3: /usr/bin/python3 (found version "3.10.12") found components: Interpreter 
[6.343s] -- Found rclcpp: 16.0.19 (/opt/ros/humble/share/rclcpp/cmake)
[6.867s] -- Found rosidl_generator_c: 3.1.8 (/opt/ros/humble/share/rosidl_generator_c/cmake)
[6.930s] -- Found rosidl_adapter: 3.1.8 (/opt/ros/humble/share/rosidl_adapter/cmake)
[6.993s] -- Found rosidl_generator_cpp: 3.1.8 (/opt/ros/humble/share/rosidl_generator_cpp/cmake)
[7.062s] -- Using all available rosidl_typesupport_c: rosidl_typesupport_fastrtps_c;rosidl_typesupport_introspection_c
[7.176s] -- Using all available rosidl_typesupport_cpp: rosidl_typesupport_fastrtps_cpp;rosidl_typesupport_introspection_cpp
[7.557s] -- Found rmw_implementation_cmake: 6.1.2 (/opt/ros/humble/share/rmw_implementation_cmake/cmake)
[7.594s] -- Found rmw_fastrtps_cpp: 6.2.10 (/opt/ros/humble/share/rmw_fastrtps_cpp/cmake)
[9.710s] -- Found OpenSSL: /usr/lib/x86_64-linux-gnu/libcrypto.so (found version "3.0.2")  
[11.215s] -- Found FastRTPS: /opt/ros/humble/include  
[14.012s] -- Using RMW implementation 'rmw_fastrtps_cpp' as default
[14.143s] -- Looking for pthread.h
[15.063s] -- Looking for pthread.h - found
[15.070s] -- Performing Test CMAKE_HAVE_LIBC_PTHREAD
[16.043s] -- Performing Test CMAKE_HAVE_LIBC_PTHREAD - Success
[16.047s] -- Found Threads: TRUE  
[17.454s] CMake Error at CMakeLists.txt:11 (find_package):
[17.454s]   By not providing "Findcan_msgs.cmake" in CMAKE_MODULE_PATH this project has
[17.455s]   asked CMake to find a package configuration file provided by "can_msgs",
[17.456s]   but CMake did not find one.
[17.457s] 
[17.458s]   Could not find a package configuration file provided by "can_msgs" with any
[17.458s]   of the following names:
[17.459s] 
[17.459s]     can_msgsConfig.cmake
[17.460s]     can_msgs-config.cmake
[17.460s] 
[17.460s]   Add the installation prefix of "can_msgs" to CMAKE_PREFIX_PATH or set
[17.461s]   "can_msgs_DIR" to a directory containing one of the above files.  If
[17.461s]   "can_msgs" provides a separate development package or SDK, be sure it has
[17.462s]   been installed.
[17.462s] 
[17.462s] 
[17.463s] -- Configuring incomplete, errors occurred!
[17.463s] See also "/mnt/c/Users/106no/Documents/GitHub/altair_framework/build/altair_can_bridge/CMakeFiles/CMakeOutput.log".
[17.470s] Invoked command in '/mnt/c/Users/106no/Documents/GitHub/altair_framework/build/altair_can_bridge' returned '1': AMENT_PREFIX_PATH=/mnt/c/Users/106no/Documents/GitHub/altair_framework/install/altair_interfaces:${AMENT_PREFIX_PATH} CMAKE_PREFIX_PATH=/mnt/c/Users/106no/Documents/GitHub/altair_framework/install/altair_interfaces:/opt/ros/humble LD_LIBRARY_PATH=/mnt/c/Users/106no/Documents/GitHub/altair_framework/install/altair_interfaces/lib:${LD_LIBRARY_PATH} PYTHONPATH=/mnt/c/Users/106no/Documents/GitHub/altair_framework/install/altair_interfaces/local/lib/python3.10/dist-packages:${PYTHONPATH} /usr/bin/cmake /mnt/c/Users/106no/Documents/GitHub/altair_framework/altair_can_bridge -DCMAKE_INSTALL_PREFIX=/mnt/c/Users/106no/Documents/GitHub/altair_framework/install/altair_can_bridge
