[0.031s] Invoking command in '/home/altair/altair_framework/build/altair_can_bridge': AMENT_PREFIX_PATH=/home/altair/altair_framework/install/altair_interfaces:${AMENT_PREFIX_PATH} CMAKE_PREFIX_PATH=/home/altair/altair_framework/install/altair_interfaces:/opt/ros/humble LD_LIBRARY_PATH=/home/altair/altair_framework/install/altair_interfaces/lib:${LD_LIBRARY_PATH} PYTHONPATH=/home/altair/altair_framework/install/altair_interfaces/local/lib/python3.10/dist-packages:${PYTHONPATH} /usr/bin/cmake /home/altair/altair_framework/altair_can_bridge -DAMENT_CMAKE_SYMLINK_INSTALL=1 -DCMAKE_INSTALL_PREFIX=/home/altair/altair_framework/install/altair_can_bridge
[0.577s] -- The C compiler identification is GNU 11.4.0
[0.577s] -- The CXX compiler identification is GNU 11.4.0
[0.577s] -- Detecting C compiler ABI info
[0.577s] -- Detecting C compiler ABI info - done
[0.577s] -- Check for working C compiler: /usr/bin/cc - skipped
[0.578s] -- Detecting C compile features
[0.578s] -- Detecting C compile features - done
[0.578s] -- Detecting CXX compiler ABI info
[0.578s] -- Detecting CXX compiler ABI info - done
[0.578s] -- Check for working CXX compiler: /usr/bin/c++ - skipped
[0.578s] -- Detecting CXX compile features
[0.579s] -- Detecting CXX compile features - done
[0.579s] -- Found ament_cmake: 1.3.14 (/opt/ros/humble/share/ament_cmake/cmake)
[1.172s] -- Found Python3: /usr/bin/python3 (found version "3.10.12") found components: Interpreter 
[1.323s] -- Override CMake install command with custom implementation using symlinks instead of copying resources
[1.380s] -- Found rclcpp: 16.0.19 (/opt/ros/humble/share/rclcpp/cmake)
[1.465s] -- Found rosidl_generator_c: 3.1.8 (/opt/ros/humble/share/rosidl_generator_c/cmake)
[1.473s] -- Found rosidl_adapter: 3.1.8 (/opt/ros/humble/share/rosidl_adapter/cmake)
[1.494s] -- Found rosidl_generator_cpp: 3.1.8 (/opt/ros/humble/share/rosidl_generator_cpp/cmake)
[1.520s] -- Using all available rosidl_typesupport_c: rosidl_typesupport_fastrtps_c;rosidl_typesupport_introspection_c
[1.556s] -- Using all available rosidl_typesupport_cpp: rosidl_typesupport_fastrtps_cpp;rosidl_typesupport_introspection_cpp
[1.659s] -- Found rmw_implementation_cmake: 6.1.2 (/opt/ros/humble/share/rmw_implementation_cmake/cmake)
[1.668s] -- Found rmw_fastrtps_cpp: 6.2.10 (/opt/ros/humble/share/rmw_fastrtps_cpp/cmake)
[1.811s] -- Found OpenSSL: /usr/lib/x86_64-linux-gnu/libcrypto.so (found version "3.0.2")  
[1.862s] -- Found FastRTPS: /opt/ros/humble/include  
[1.912s] -- Using RMW implementation 'rmw_fastrtps_cpp' as default
[1.927s] -- Performing Test CMAKE_HAVE_LIBC_PTHREAD
[2.140s] -- Performing Test CMAKE_HAVE_LIBC_PTHREAD - Success
[2.149s] -- Found Threads: TRUE  
[2.367s] -- Found can_msgs: 2.0.0 (/opt/ros/humble/share/can_msgs/cmake)
[2.415s] -- Found altair_interfaces: 1.0.0 (/home/altair/altair_framework/install/altair_interfaces/share/altair_interfaces/cmake)
[2.621s] -- Configuring done
[2.650s] -- Generating done
[2.660s] -- Build files have been written to: /home/altair/altair_framework/build/altair_can_bridge
[2.686s] Invoked command in '/home/altair/altair_framework/build/altair_can_bridge' returned '0': AMENT_PREFIX_PATH=/home/altair/altair_framework/install/altair_interfaces:${AMENT_PREFIX_PATH} CMAKE_PREFIX_PATH=/home/altair/altair_framework/install/altair_interfaces:/opt/ros/humble LD_LIBRARY_PATH=/home/altair/altair_framework/install/altair_interfaces/lib:${LD_LIBRARY_PATH} PYTHONPATH=/home/altair/altair_framework/install/altair_interfaces/local/lib/python3.10/dist-packages:${PYTHONPATH} /usr/bin/cmake /home/altair/altair_framework/altair_can_bridge -DAMENT_CMAKE_SYMLINK_INSTALL=1 -DCMAKE_INSTALL_PREFIX=/home/altair/altair_framework/install/altair_can_bridge
[2.696s] Invoking command in '/home/altair/altair_framework/build/altair_can_bridge': AMENT_PREFIX_PATH=/home/altair/altair_framework/install/altair_interfaces:${AMENT_PREFIX_PATH} CMAKE_PREFIX_PATH=/home/altair/altair_framework/install/altair_interfaces:/opt/ros/humble LD_LIBRARY_PATH=/home/altair/altair_framework/install/altair_interfaces/lib:${LD_LIBRARY_PATH} PYTHONPATH=/home/altair/altair_framework/install/altair_interfaces/local/lib/python3.10/dist-packages:${PYTHONPATH} /usr/bin/cmake --build /home/altair/altair_framework/build/altair_can_bridge -- -j8 -l8
[2.753s] [ 50%] [32mBuilding CXX object CMakeFiles/can_bridge_node.dir/src/can_bridge_node.cpp.o[0m
[20.630s] [100%] [32m[1mLinking CXX executable can_bridge_node[0m
[21.432s] [100%] Built target can_bridge_node
[21.450s] Invoked command in '/home/altair/altair_framework/build/altair_can_bridge' returned '0': AMENT_PREFIX_PATH=/home/altair/altair_framework/install/altair_interfaces:${AMENT_PREFIX_PATH} CMAKE_PREFIX_PATH=/home/altair/altair_framework/install/altair_interfaces:/opt/ros/humble LD_LIBRARY_PATH=/home/altair/altair_framework/install/altair_interfaces/lib:${LD_LIBRARY_PATH} PYTHONPATH=/home/altair/altair_framework/install/altair_interfaces/local/lib/python3.10/dist-packages:${PYTHONPATH} /usr/bin/cmake --build /home/altair/altair_framework/build/altair_can_bridge -- -j8 -l8
[21.452s] Invoking command in '/home/altair/altair_framework/build/altair_can_bridge': AMENT_PREFIX_PATH=/home/altair/altair_framework/install/altair_interfaces:${AMENT_PREFIX_PATH} CMAKE_PREFIX_PATH=/home/altair/altair_framework/install/altair_interfaces:/opt/ros/humble LD_LIBRARY_PATH=/home/altair/altair_framework/install/altair_interfaces/lib:${LD_LIBRARY_PATH} PYTHONPATH=/home/altair/altair_framework/install/altair_interfaces/local/lib/python3.10/dist-packages:${PYTHONPATH} /usr/bin/cmake --install /home/altair/altair_framework/build/altair_can_bridge
[21.454s] -- Install configuration: ""
[21.455s] -- Execute custom install script
[21.456s] -- Symlinking: /home/altair/altair_framework/install/altair_can_bridge/lib/altair_can_bridge/can_bridge_node
[21.468s] -- Symlinking: /home/altair/altair_framework/install/altair_can_bridge/share/ament_index/resource_index/package_run_dependencies/altair_can_bridge
[21.476s] -- Symlinking: /home/altair/altair_framework/install/altair_can_bridge/share/ament_index/resource_index/parent_prefix_path/altair_can_bridge
[21.483s] -- Symlinking: /home/altair/altair_framework/install/altair_can_bridge/share/altair_can_bridge/environment/ament_prefix_path.sh
[21.490s] -- Symlinking: /home/altair/altair_framework/install/altair_can_bridge/share/altair_can_bridge/environment/ament_prefix_path.dsv
[21.497s] -- Symlinking: /home/altair/altair_framework/install/altair_can_bridge/share/altair_can_bridge/environment/path.sh
[21.506s] -- Symlinking: /home/altair/altair_framework/install/altair_can_bridge/share/altair_can_bridge/environment/path.dsv
[21.515s] -- Symlinking: /home/altair/altair_framework/install/altair_can_bridge/share/altair_can_bridge/local_setup.bash
[21.522s] -- Symlinking: /home/altair/altair_framework/install/altair_can_bridge/share/altair_can_bridge/local_setup.sh
[21.528s] -- Symlinking: /home/altair/altair_framework/install/altair_can_bridge/share/altair_can_bridge/local_setup.zsh
[21.533s] -- Symlinking: /home/altair/altair_framework/install/altair_can_bridge/share/altair_can_bridge/local_setup.dsv
[21.539s] -- Symlinking: /home/altair/altair_framework/install/altair_can_bridge/share/altair_can_bridge/package.dsv
[21.544s] -- Symlinking: /home/altair/altair_framework/install/altair_can_bridge/share/ament_index/resource_index/packages/altair_can_bridge
[21.549s] -- Symlinking: /home/altair/altair_framework/install/altair_can_bridge/share/altair_can_bridge/cmake/altair_can_bridgeConfig.cmake
[21.553s] -- Symlinking: /home/altair/altair_framework/install/altair_can_bridge/share/altair_can_bridge/cmake/altair_can_bridgeConfig-version.cmake
[21.557s] -- Symlinking: /home/altair/altair_framework/install/altair_can_bridge/share/altair_can_bridge/package.xml
[21.562s] -- Installing: /home/altair/altair_framework/install/altair_can_bridge/share/altair_can_bridge/scripts
[21.562s] -- Installing: /home/altair/altair_framework/install/altair_can_bridge/share/altair_can_bridge/scripts/setup_slcan.sh
[21.564s] Invoked command in '/home/altair/altair_framework/build/altair_can_bridge' returned '0': AMENT_PREFIX_PATH=/home/altair/altair_framework/install/altair_interfaces:${AMENT_PREFIX_PATH} CMAKE_PREFIX_PATH=/home/altair/altair_framework/install/altair_interfaces:/opt/ros/humble LD_LIBRARY_PATH=/home/altair/altair_framework/install/altair_interfaces/lib:${LD_LIBRARY_PATH} PYTHONPATH=/home/altair/altair_framework/install/altair_interfaces/local/lib/python3.10/dist-packages:${PYTHONPATH} /usr/bin/cmake --install /home/altair/altair_framework/build/altair_can_bridge
