running egg_info
creating ../build/altair_web_server/altair_web_server.egg-info
writing ../build/altair_web_server/altair_web_server.egg-info/PKG-INFO
writing dependency_links to ../build/altair_web_server/altair_web_server.egg-info/dependency_links.txt
writing entry points to ../build/altair_web_server/altair_web_server.egg-info/entry_points.txt
writing requirements to ../build/altair_web_server/altair_web_server.egg-info/requires.txt
writing top-level names to ../build/altair_web_server/altair_web_server.egg-info/top_level.txt
writing manifest file '../build/altair_web_server/altair_web_server.egg-info/SOURCES.txt'
reading manifest file '../build/altair_web_server/altair_web_server.egg-info/SOURCES.txt'
writing manifest file '../build/altair_web_server/altair_web_server.egg-info/SOURCES.txt'
running build
running build_py
creating /mnt/c/Users/106no/Documents/GitHub/altair_framework/build/altair_web_server/build
creating /mnt/c/Users/106no/Documents/GitHub/altair_framework/build/altair_web_server/build/lib
creating /mnt/c/Users/106no/Documents/GitHub/altair_framework/build/altair_web_server/build/lib/altair_web_server
copying altair_web_server/web_server_node.py -> /mnt/c/Users/106no/Documents/GitHub/altair_framework/build/altair_web_server/build/lib/altair_web_server
copying altair_web_server/__init__.py -> /mnt/c/Users/106no/Documents/GitHub/altair_framework/build/altair_web_server/build/lib/altair_web_server
running install
running install_lib
creating /mnt/c/Users/106no/Documents/GitHub/altair_framework/install/altair_web_server/lib/python3.10/site-packages/altair_web_server
copying /mnt/c/Users/106no/Documents/GitHub/altair_framework/build/altair_web_server/build/lib/altair_web_server/web_server_node.py -> /mnt/c/Users/106no/Documents/GitHub/altair_framework/install/altair_web_server/lib/python3.10/site-packages/altair_web_server
copying /mnt/c/Users/106no/Documents/GitHub/altair_framework/build/altair_web_server/build/lib/altair_web_server/__init__.py -> /mnt/c/Users/106no/Documents/GitHub/altair_framework/install/altair_web_server/lib/python3.10/site-packages/altair_web_server
byte-compiling /mnt/c/Users/106no/Documents/GitHub/altair_framework/install/altair_web_server/lib/python3.10/site-packages/altair_web_server/web_server_node.py to web_server_node.cpython-310.pyc
byte-compiling /mnt/c/Users/106no/Documents/GitHub/altair_framework/install/altair_web_server/lib/python3.10/site-packages/altair_web_server/__init__.py to __init__.cpython-310.pyc
running install_data
creating /mnt/c/Users/106no/Documents/GitHub/altair_framework/install/altair_web_server/share/ament_index
creating /mnt/c/Users/106no/Documents/GitHub/altair_framework/install/altair_web_server/share/ament_index/resource_index
creating /mnt/c/Users/106no/Documents/GitHub/altair_framework/install/altair_web_server/share/ament_index/resource_index/packages
copying resource/altair_web_server -> /mnt/c/Users/106no/Documents/GitHub/altair_framework/install/altair_web_server/share/ament_index/resource_index/packages
copying package.xml -> /mnt/c/Users/106no/Documents/GitHub/altair_framework/install/altair_web_server/share/altair_web_server
creating /mnt/c/Users/106no/Documents/GitHub/altair_framework/install/altair_web_server/share/altair_web_server/frontend
copying frontend/index.html -> /mnt/c/Users/106no/Documents/GitHub/altair_framework/install/altair_web_server/share/altair_web_server/frontend
creating /mnt/c/Users/106no/Documents/GitHub/altair_framework/install/altair_web_server/share/altair_web_server/frontend/css
copying frontend/css/styles.css -> /mnt/c/Users/106no/Documents/GitHub/altair_framework/install/altair_web_server/share/altair_web_server/frontend/css
creating /mnt/c/Users/106no/Documents/GitHub/altair_framework/install/altair_web_server/share/altair_web_server/frontend/js
copying frontend/js/app.js -> /mnt/c/Users/106no/Documents/GitHub/altair_framework/install/altair_web_server/share/altair_web_server/frontend/js
copying frontend/js/gamepad.js -> /mnt/c/Users/106no/Documents/GitHub/altair_framework/install/altair_web_server/share/altair_web_server/frontend/js
running install_egg_info
Copying ../build/altair_web_server/altair_web_server.egg-info to /mnt/c/Users/106no/Documents/GitHub/altair_framework/install/altair_web_server/lib/python3.10/site-packages/altair_web_server-1.0.0-py3.10.egg-info
running install_scripts
Installing web_server_node script to /mnt/c/Users/106no/Documents/GitHub/altair_framework/install/altair_web_server/bin
writing list of installed files to '/mnt/c/Users/106no/Documents/GitHub/altair_framework/build/altair_web_server/install.log'
