[2.711s] Invoking command in '/mnt/c/Users/106no/Documents/GitHub/altair_framework/altair_web_server': AMENT_PREFIX_PATH=/mnt/c/Users/106no/Documents/GitHub/altair_framework/install/altair_interfaces:${AMENT_PREFIX_PATH} CMAKE_PREFIX_PATH=/mnt/c/Users/106no/Documents/GitHub/altair_framework/install/altair_interfaces LD_LIBRARY_PATH=/mnt/c/Users/106no/Documents/GitHub/altair_framework/install/altair_interfaces/lib:${LD_LIBRARY_PATH} PYTHONPATH=/mnt/c/Users/106no/Documents/GitHub/altair_framework/build/altair_web_server/prefix_override:/usr/lib/python3/dist-packages/colcon_core/task/python/colcon_distutils_commands:/mnt/c/Users/106no/Documents/GitHub/altair_framework/install/altair_web_server/lib/python3.10/site-packages:/mnt/c/Users/106no/Documents/GitHub/altair_framework/install/altair_interfaces/local/lib/python3.10/dist-packages:${PYTHONPATH} /usr/bin/python3 -W ignore:setup.py install is deprecated -W ignore:easy_install command is deprecated setup.py egg_info --egg-base ../build/altair_web_server build --build-base /mnt/c/Users/106no/Documents/GitHub/altair_framework/build/altair_web_server/build install --record /mnt/c/Users/106no/Documents/GitHub/altair_framework/build/altair_web_server/install.log --single-version-externally-managed install_data
[3.726s] running egg_info
[3.730s] creating ../build/altair_web_server/altair_web_server.egg-info
[3.733s] writing ../build/altair_web_server/altair_web_server.egg-info/PKG-INFO
[3.741s] writing dependency_links to ../build/altair_web_server/altair_web_server.egg-info/dependency_links.txt
[3.748s] writing entry points to ../build/altair_web_server/altair_web_server.egg-info/entry_points.txt
[3.752s] writing requirements to ../build/altair_web_server/altair_web_server.egg-info/requires.txt
[3.755s] writing top-level names to ../build/altair_web_server/altair_web_server.egg-info/top_level.txt
[3.761s] writing manifest file '../build/altair_web_server/altair_web_server.egg-info/SOURCES.txt'
[3.804s] reading manifest file '../build/altair_web_server/altair_web_server.egg-info/SOURCES.txt'
[3.865s] writing manifest file '../build/altair_web_server/altair_web_server.egg-info/SOURCES.txt'
[3.868s] running build
[3.868s] running build_py
[3.872s] creating /mnt/c/Users/106no/Documents/GitHub/altair_framework/build/altair_web_server/build
[3.874s] creating /mnt/c/Users/106no/Documents/GitHub/altair_framework/build/altair_web_server/build/lib
[3.876s] creating /mnt/c/Users/106no/Documents/GitHub/altair_framework/build/altair_web_server/build/lib/altair_web_server
[3.886s] copying altair_web_server/web_server_node.py -> /mnt/c/Users/106no/Documents/GitHub/altair_framework/build/altair_web_server/build/lib/altair_web_server
[3.908s] copying altair_web_server/__init__.py -> /mnt/c/Users/106no/Documents/GitHub/altair_framework/build/altair_web_server/build/lib/altair_web_server
[3.924s] running install
[3.925s] running install_lib
[3.944s] creating /mnt/c/Users/106no/Documents/GitHub/altair_framework/install/altair_web_server/lib/python3.10/site-packages/altair_web_server
[3.961s] copying /mnt/c/Users/106no/Documents/GitHub/altair_framework/build/altair_web_server/build/lib/altair_web_server/web_server_node.py -> /mnt/c/Users/106no/Documents/GitHub/altair_framework/install/altair_web_server/lib/python3.10/site-packages/altair_web_server
[4.006s] copying /mnt/c/Users/106no/Documents/GitHub/altair_framework/build/altair_web_server/build/lib/altair_web_server/__init__.py -> /mnt/c/Users/106no/Documents/GitHub/altair_framework/install/altair_web_server/lib/python3.10/site-packages/altair_web_server
[4.045s] byte-compiling /mnt/c/Users/106no/Documents/GitHub/altair_framework/install/altair_web_server/lib/python3.10/site-packages/altair_web_server/web_server_node.py to web_server_node.cpython-310.pyc
[4.086s] byte-compiling /mnt/c/Users/106no/Documents/GitHub/altair_framework/install/altair_web_server/lib/python3.10/site-packages/altair_web_server/__init__.py to __init__.cpython-310.pyc
[4.116s] running install_data
[4.122s] creating /mnt/c/Users/106no/Documents/GitHub/altair_framework/install/altair_web_server/share/ament_index
[4.124s] creating /mnt/c/Users/106no/Documents/GitHub/altair_framework/install/altair_web_server/share/ament_index/resource_index
[4.126s] creating /mnt/c/Users/106no/Documents/GitHub/altair_framework/install/altair_web_server/share/ament_index/resource_index/packages
[4.137s] copying resource/altair_web_server -> /mnt/c/Users/106no/Documents/GitHub/altair_framework/install/altair_web_server/share/ament_index/resource_index/packages
[4.160s] copying package.xml -> /mnt/c/Users/106no/Documents/GitHub/altair_framework/install/altair_web_server/share/altair_web_server
[4.176s] creating /mnt/c/Users/106no/Documents/GitHub/altair_framework/install/altair_web_server/share/altair_web_server/frontend
[4.186s] copying frontend/index.html -> /mnt/c/Users/106no/Documents/GitHub/altair_framework/install/altair_web_server/share/altair_web_server/frontend
[4.206s] creating /mnt/c/Users/106no/Documents/GitHub/altair_framework/install/altair_web_server/share/altair_web_server/frontend/css
[4.219s] copying frontend/css/styles.css -> /mnt/c/Users/106no/Documents/GitHub/altair_framework/install/altair_web_server/share/altair_web_server/frontend/css
[4.242s] creating /mnt/c/Users/106no/Documents/GitHub/altair_framework/install/altair_web_server/share/altair_web_server/frontend/js
[4.253s] copying frontend/js/app.js -> /mnt/c/Users/106no/Documents/GitHub/altair_framework/install/altair_web_server/share/altair_web_server/frontend/js
[4.275s] copying frontend/js/gamepad.js -> /mnt/c/Users/106no/Documents/GitHub/altair_framework/install/altair_web_server/share/altair_web_server/frontend/js
[4.292s] running install_egg_info
[4.308s] Copying ../build/altair_web_server/altair_web_server.egg-info to /mnt/c/Users/106no/Documents/GitHub/altair_framework/install/altair_web_server/lib/python3.10/site-packages/altair_web_server-1.0.0-py3.10.egg-info
[4.566s] running install_scripts
[4.662s] Installing web_server_node script to /mnt/c/Users/106no/Documents/GitHub/altair_framework/install/altair_web_server/bin
[4.681s] writing list of installed files to '/mnt/c/Users/106no/Documents/GitHub/altair_framework/build/altair_web_server/install.log'
[4.698s] Invoked command in '/mnt/c/Users/106no/Documents/GitHub/altair_framework/altair_web_server' returned '0': AMENT_PREFIX_PATH=/mnt/c/Users/106no/Documents/GitHub/altair_framework/install/altair_interfaces:${AMENT_PREFIX_PATH} CMAKE_PREFIX_PATH=/mnt/c/Users/106no/Documents/GitHub/altair_framework/install/altair_interfaces LD_LIBRARY_PATH=/mnt/c/Users/106no/Documents/GitHub/altair_framework/install/altair_interfaces/lib:${LD_LIBRARY_PATH} PYTHONPATH=/mnt/c/Users/106no/Documents/GitHub/altair_framework/build/altair_web_server/prefix_override:/usr/lib/python3/dist-packages/colcon_core/task/python/colcon_distutils_commands:/mnt/c/Users/106no/Documents/GitHub/altair_framework/install/altair_web_server/lib/python3.10/site-packages:/mnt/c/Users/106no/Documents/GitHub/altair_framework/install/altair_interfaces/local/lib/python3.10/dist-packages:${PYTHONPATH} /usr/bin/python3 -W ignore:setup.py install is deprecated -W ignore:easy_install command is deprecated setup.py egg_info --egg-base ../build/altair_web_server build --build-base /mnt/c/Users/106no/Documents/GitHub/altair_framework/build/altair_web_server/build install --record /mnt/c/Users/106no/Documents/GitHub/altair_framework/build/altair_web_server/install.log --single-version-externally-managed install_data
