[0.045s] Invoking command in '/mnt/c/Users/106no/Documents/GitHub/altair_framework/build/altair_interfaces': CMAKE_PREFIX_PATH=/opt/ros/humble /usr/bin/cmake --build /mnt/c/Users/106no/Documents/GitHub/altair_framework/build/altair_interfaces -- -j16 -l16
[0.351s] [  1%] Built target altair_interfaces__rs
[0.627s] [  2%] Built target altair_interfaces__cpp
[0.898s] Consolidate compiler generated dependencies of target altair_interfaces__rosidl_generator_c
[1.139s] [ 13%] Built target altair_interfaces__rosidl_generator_c
[1.309s] Consolidate compiler generated dependencies of target altair_interfaces__rosidl_typesupport_cpp
[1.465s] Consolidate compiler generated dependencies of target altair_interfaces__rosidl_typesupport_c
[1.476s] Consolidate compiler generated dependencies of target altair_interfaces__rosidl_typesupport_introspection_cpp
[1.514s] [ 25%] Built target altair_interfaces__rosidl_typesupport_cpp
[1.619s] Consolidate compiler generated dependencies of target altair_interfaces__rosidl_typesupport_fastrtps_cpp
[1.640s] Consolidate compiler generated dependencies of target altair_interfaces__rosidl_typesupport_introspection_c
[1.644s] [ 26%] Built target ament_cmake_python_copy_altair_interfaces
[1.673s] [ 45%] Built target altair_interfaces__rosidl_typesupport_c
[1.679s] [ 47%] Built target altair_interfaces__rosidl_typesupport_introspection_cpp
[1.830s] [ 59%] Built target altair_interfaces__rosidl_typesupport_fastrtps_cpp
[1.866s] [ 70%] Built target altair_interfaces__rosidl_typesupport_introspection_c
[1.908s] running egg_info
[1.912s] writing altair_interfaces.egg-info/PKG-INFO
[1.919s] writing dependency_links to altair_interfaces.egg-info/dependency_links.txt
[1.927s] writing top-level names to altair_interfaces.egg-info/top_level.txt
[1.984s] reading manifest file 'altair_interfaces.egg-info/SOURCES.txt'
[1.985s] Consolidate compiler generated dependencies of target altair_interfaces__rosidl_typesupport_fastrtps_c
[2.032s] writing manifest file 'altair_interfaces.egg-info/SOURCES.txt'
[2.058s] [ 70%] Built target ament_cmake_python_build_altair_interfaces_egg
[2.249s] [ 82%] Built target altair_interfaces__rosidl_typesupport_fastrtps_c
[2.313s] [ 82%] Built target altair_interfaces
[2.475s] [ 83%] Built target altair_interfaces__py
[2.792s] Consolidate compiler generated dependencies of target altair_interfaces__rosidl_generator_py
[2.983s] [ 93%] Built target altair_interfaces__rosidl_generator_py
[3.163s] Consolidate compiler generated dependencies of target altair_interfaces__rosidl_typesupport_fastrtps_c__pyext
[3.164s] Consolidate compiler generated dependencies of target altair_interfaces__rosidl_typesupport_c__pyext
[3.165s] Consolidate compiler generated dependencies of target altair_interfaces__rosidl_typesupport_introspection_c__pyext
[3.228s] [ 98%] Built target altair_interfaces__rosidl_typesupport_introspection_c__pyext
[3.229s] [100%] Built target altair_interfaces__rosidl_typesupport_fastrtps_c__pyext
[3.231s] [100%] Built target altair_interfaces__rosidl_typesupport_c__pyext
[3.493s] Invoked command in '/mnt/c/Users/106no/Documents/GitHub/altair_framework/build/altair_interfaces' returned '0': CMAKE_PREFIX_PATH=/opt/ros/humble /usr/bin/cmake --build /mnt/c/Users/106no/Documents/GitHub/altair_framework/build/altair_interfaces -- -j16 -l16
[3.520s] Invoking command in '/mnt/c/Users/106no/Documents/GitHub/altair_framework/build/altair_interfaces': CMAKE_PREFIX_PATH=/opt/ros/humble /usr/bin/cmake --install /mnt/c/Users/106no/Documents/GitHub/altair_framework/build/altair_interfaces
[3.538s] -- Install configuration: ""
[3.568s] -- Up-to-date: /mnt/c/Users/106no/Documents/GitHub/altair_framework/install/altair_interfaces/share/ament_index/resource_index/rosidl_interfaces/altair_interfaces
[3.583s] -- Up-to-date: /mnt/c/Users/106no/Documents/GitHub/altair_framework/install/altair_interfaces/include/altair_interfaces/altair_interfaces
[3.607s] -- Up-to-date: /mnt/c/Users/106no/Documents/GitHub/altair_framework/install/altair_interfaces/include/altair_interfaces/altair_interfaces/msg
[3.631s] -- Up-to-date: /mnt/c/Users/106no/Documents/GitHub/altair_framework/install/altair_interfaces/include/altair_interfaces/altair_interfaces/msg/can_status.h
[3.643s] -- Up-to-date: /mnt/c/Users/106no/Documents/GitHub/altair_framework/install/altair_interfaces/include/altair_interfaces/altair_interfaces/msg/detail
[3.663s] -- Up-to-date: /mnt/c/Users/106no/Documents/GitHub/altair_framework/install/altair_interfaces/include/altair_interfaces/altair_interfaces/msg/detail/can_status__functions.c
[3.680s] -- Up-to-date: /mnt/c/Users/106no/Documents/GitHub/altair_framework/install/altair_interfaces/include/altair_interfaces/altair_interfaces/msg/detail/can_status__functions.h
[3.698s] -- Up-to-date: /mnt/c/Users/106no/Documents/GitHub/altair_framework/install/altair_interfaces/include/altair_interfaces/altair_interfaces/msg/detail/can_status__struct.h
[3.717s] -- Up-to-date: /mnt/c/Users/106no/Documents/GitHub/altair_framework/install/altair_interfaces/include/altair_interfaces/altair_interfaces/msg/detail/can_status__type_support.h
[3.739s] -- Up-to-date: /mnt/c/Users/106no/Documents/GitHub/altair_framework/install/altair_interfaces/include/altair_interfaces/altair_interfaces/msg/detail/mdd_command__functions.c
[3.758s] -- Up-to-date: /mnt/c/Users/106no/Documents/GitHub/altair_framework/install/altair_interfaces/include/altair_interfaces/altair_interfaces/msg/detail/mdd_command__functions.h
[3.778s] -- Up-to-date: /mnt/c/Users/106no/Documents/GitHub/altair_framework/install/altair_interfaces/include/altair_interfaces/altair_interfaces/msg/detail/mdd_command__struct.h
[3.798s] -- Up-to-date: /mnt/c/Users/106no/Documents/GitHub/altair_framework/install/altair_interfaces/include/altair_interfaces/altair_interfaces/msg/detail/mdd_command__type_support.h
[3.817s] -- Up-to-date: /mnt/c/Users/106no/Documents/GitHub/altair_framework/install/altair_interfaces/include/altair_interfaces/altair_interfaces/msg/detail/mdd_feedback__functions.c
[3.838s] -- Up-to-date: /mnt/c/Users/106no/Documents/GitHub/altair_framework/install/altair_interfaces/include/altair_interfaces/altair_interfaces/msg/detail/mdd_feedback__functions.h
[3.866s] -- Up-to-date: /mnt/c/Users/106no/Documents/GitHub/altair_framework/install/altair_interfaces/include/altair_interfaces/altair_interfaces/msg/detail/mdd_feedback__struct.h
[3.892s] -- Up-to-date: /mnt/c/Users/106no/Documents/GitHub/altair_framework/install/altair_interfaces/include/altair_interfaces/altair_interfaces/msg/detail/mdd_feedback__type_support.h
[3.924s] -- Up-to-date: /mnt/c/Users/106no/Documents/GitHub/altair_framework/install/altair_interfaces/include/altair_interfaces/altair_interfaces/msg/detail/servo_command__functions.c
[3.966s] -- Up-to-date: /mnt/c/Users/106no/Documents/GitHub/altair_framework/install/altair_interfaces/include/altair_interfaces/altair_interfaces/msg/detail/servo_command__functions.h
[4.001s] -- Up-to-date: /mnt/c/Users/106no/Documents/GitHub/altair_framework/install/altair_interfaces/include/altair_interfaces/altair_interfaces/msg/detail/servo_command__struct.h
[4.040s] -- Up-to-date: /mnt/c/Users/106no/Documents/GitHub/altair_framework/install/altair_interfaces/include/altair_interfaces/altair_interfaces/msg/detail/servo_command__type_support.h
[4.068s] -- Up-to-date: /mnt/c/Users/106no/Documents/GitHub/altair_framework/install/altair_interfaces/include/altair_interfaces/altair_interfaces/msg/detail/solenoid_command__functions.c
[4.096s] -- Up-to-date: /mnt/c/Users/106no/Documents/GitHub/altair_framework/install/altair_interfaces/include/altair_interfaces/altair_interfaces/msg/detail/solenoid_command__functions.h
[4.122s] -- Up-to-date: /mnt/c/Users/106no/Documents/GitHub/altair_framework/install/altair_interfaces/include/altair_interfaces/altair_interfaces/msg/detail/solenoid_command__struct.h
[4.148s] -- Up-to-date: /mnt/c/Users/106no/Documents/GitHub/altair_framework/install/altair_interfaces/include/altair_interfaces/altair_interfaces/msg/detail/solenoid_command__type_support.h
[4.167s] -- Up-to-date: /mnt/c/Users/106no/Documents/GitHub/altair_framework/install/altair_interfaces/include/altair_interfaces/altair_interfaces/msg/mdd_command.h
[4.183s] -- Up-to-date: /mnt/c/Users/106no/Documents/GitHub/altair_framework/install/altair_interfaces/include/altair_interfaces/altair_interfaces/msg/mdd_feedback.h
[4.199s] -- Up-to-date: /mnt/c/Users/106no/Documents/GitHub/altair_framework/install/altair_interfaces/include/altair_interfaces/altair_interfaces/msg/rosidl_generator_c__visibility_control.h
[4.215s] -- Up-to-date: /mnt/c/Users/106no/Documents/GitHub/altair_framework/install/altair_interfaces/include/altair_interfaces/altair_interfaces/msg/servo_command.h
[4.232s] -- Up-to-date: /mnt/c/Users/106no/Documents/GitHub/altair_framework/install/altair_interfaces/include/altair_interfaces/altair_interfaces/msg/solenoid_command.h
[4.245s] -- Up-to-date: /mnt/c/Users/106no/Documents/GitHub/altair_framework/install/altair_interfaces/include/altair_interfaces/altair_interfaces/srv
[4.266s] -- Up-to-date: /mnt/c/Users/106no/Documents/GitHub/altair_framework/install/altair_interfaces/include/altair_interfaces/altair_interfaces/srv/connect_can.h
[4.283s] -- Up-to-date: /mnt/c/Users/106no/Documents/GitHub/altair_framework/install/altair_interfaces/include/altair_interfaces/altair_interfaces/srv/detail
[4.315s] -- Up-to-date: /mnt/c/Users/106no/Documents/GitHub/altair_framework/install/altair_interfaces/include/altair_interfaces/altair_interfaces/srv/detail/connect_can__functions.c
[4.339s] -- Up-to-date: /mnt/c/Users/106no/Documents/GitHub/altair_framework/install/altair_interfaces/include/altair_interfaces/altair_interfaces/srv/detail/connect_can__functions.h
[4.363s] -- Up-to-date: /mnt/c/Users/106no/Documents/GitHub/altair_framework/install/altair_interfaces/include/altair_interfaces/altair_interfaces/srv/detail/connect_can__struct.h
[4.389s] -- Up-to-date: /mnt/c/Users/106no/Documents/GitHub/altair_framework/install/altair_interfaces/include/altair_interfaces/altair_interfaces/srv/detail/connect_can__type_support.h
[4.406s] -- Up-to-date: /mnt/c/Users/106no/Documents/GitHub/altair_framework/install/altair_interfaces/include/altair_interfaces/altair_interfaces/srv/detail/get_available_ports__functions.c
[4.423s] -- Up-to-date: /mnt/c/Users/106no/Documents/GitHub/altair_framework/install/altair_interfaces/include/altair_interfaces/altair_interfaces/srv/detail/get_available_ports__functions.h
[4.439s] -- Up-to-date: /mnt/c/Users/106no/Documents/GitHub/altair_framework/install/altair_interfaces/include/altair_interfaces/altair_interfaces/srv/detail/get_available_ports__struct.h
[4.457s] -- Up-to-date: /mnt/c/Users/106no/Documents/GitHub/altair_framework/install/altair_interfaces/include/altair_interfaces/altair_interfaces/srv/detail/get_available_ports__type_support.h
[4.475s] -- Up-to-date: /mnt/c/Users/106no/Documents/GitHub/altair_framework/install/altair_interfaces/include/altair_interfaces/altair_interfaces/srv/detail/start_behavior__functions.c
[4.494s] -- Up-to-date: /mnt/c/Users/106no/Documents/GitHub/altair_framework/install/altair_interfaces/include/altair_interfaces/altair_interfaces/srv/detail/start_behavior__functions.h
[4.546s] -- Up-to-date: /mnt/c/Users/106no/Documents/GitHub/altair_framework/install/altair_interfaces/include/altair_interfaces/altair_interfaces/srv/detail/start_behavior__struct.h
[4.607s] -- Up-to-date: /mnt/c/Users/106no/Documents/GitHub/altair_framework/install/altair_interfaces/include/altair_interfaces/altair_interfaces/srv/detail/start_behavior__type_support.h
[4.657s] -- Up-to-date: /mnt/c/Users/106no/Documents/GitHub/altair_framework/install/altair_interfaces/include/altair_interfaces/altair_interfaces/srv/detail/trigger_control__functions.c
[4.698s] -- Up-to-date: /mnt/c/Users/106no/Documents/GitHub/altair_framework/install/altair_interfaces/include/altair_interfaces/altair_interfaces/srv/detail/trigger_control__functions.h
[4.728s] -- Up-to-date: /mnt/c/Users/106no/Documents/GitHub/altair_framework/install/altair_interfaces/include/altair_interfaces/altair_interfaces/srv/detail/trigger_control__struct.h
[4.754s] -- Up-to-date: /mnt/c/Users/106no/Documents/GitHub/altair_framework/install/altair_interfaces/include/altair_interfaces/altair_interfaces/srv/detail/trigger_control__type_support.h
[4.784s] -- Up-to-date: /mnt/c/Users/106no/Documents/GitHub/altair_framework/install/altair_interfaces/include/altair_interfaces/altair_interfaces/srv/get_available_ports.h
[4.812s] -- Up-to-date: /mnt/c/Users/106no/Documents/GitHub/altair_framework/install/altair_interfaces/include/altair_interfaces/altair_interfaces/srv/start_behavior.h
[4.836s] -- Up-to-date: /mnt/c/Users/106no/Documents/GitHub/altair_framework/install/altair_interfaces/include/altair_interfaces/altair_interfaces/srv/trigger_control.h
[4.861s] -- Up-to-date: /mnt/c/Users/106no/Documents/GitHub/altair_framework/install/altair_interfaces/share/altair_interfaces/environment/library_path.sh
[4.894s] -- Up-to-date: /mnt/c/Users/106no/Documents/GitHub/altair_framework/install/altair_interfaces/share/altair_interfaces/environment/library_path.dsv
[4.960s] -- Up-to-date: /mnt/c/Users/106no/Documents/GitHub/altair_framework/install/altair_interfaces/lib/libaltair_interfaces__rosidl_generator_c.so
[5.002s] -- Up-to-date: /mnt/c/Users/106no/Documents/GitHub/altair_framework/install/altair_interfaces/include/altair_interfaces/altair_interfaces
[5.023s] -- Up-to-date: /mnt/c/Users/106no/Documents/GitHub/altair_framework/install/altair_interfaces/include/altair_interfaces/altair_interfaces/msg
[5.047s] -- Up-to-date: /mnt/c/Users/106no/Documents/GitHub/altair_framework/install/altair_interfaces/include/altair_interfaces/altair_interfaces/msg/detail
[5.082s] -- Up-to-date: /mnt/c/Users/106no/Documents/GitHub/altair_framework/install/altair_interfaces/include/altair_interfaces/altair_interfaces/msg/detail/can_status__rosidl_typesupport_fastrtps_c.h
[5.102s] -- Up-to-date: /mnt/c/Users/106no/Documents/GitHub/altair_framework/install/altair_interfaces/include/altair_interfaces/altair_interfaces/msg/detail/mdd_command__rosidl_typesupport_fastrtps_c.h
[5.128s] -- Up-to-date: /mnt/c/Users/106no/Documents/GitHub/altair_framework/install/altair_interfaces/include/altair_interfaces/altair_interfaces/msg/detail/mdd_feedback__rosidl_typesupport_fastrtps_c.h
[5.157s] -- Up-to-date: /mnt/c/Users/106no/Documents/GitHub/altair_framework/install/altair_interfaces/include/altair_interfaces/altair_interfaces/msg/detail/servo_command__rosidl_typesupport_fastrtps_c.h
[5.187s] -- Up-to-date: /mnt/c/Users/106no/Documents/GitHub/altair_framework/install/altair_interfaces/include/altair_interfaces/altair_interfaces/msg/detail/solenoid_command__rosidl_typesupport_fastrtps_c.h
[5.212s] -- Up-to-date: /mnt/c/Users/106no/Documents/GitHub/altair_framework/install/altair_interfaces/include/altair_interfaces/altair_interfaces/msg/rosidl_typesupport_fastrtps_c__visibility_control.h
[5.232s] -- Up-to-date: /mnt/c/Users/106no/Documents/GitHub/altair_framework/install/altair_interfaces/include/altair_interfaces/altair_interfaces/srv
[5.261s] -- Up-to-date: /mnt/c/Users/106no/Documents/GitHub/altair_framework/install/altair_interfaces/include/altair_interfaces/altair_interfaces/srv/detail
[5.295s] -- Up-to-date: /mnt/c/Users/106no/Documents/GitHub/altair_framework/install/altair_interfaces/include/altair_interfaces/altair_interfaces/srv/detail/connect_can__rosidl_typesupport_fastrtps_c.h
[5.323s] -- Up-to-date: /mnt/c/Users/106no/Documents/GitHub/altair_framework/install/altair_interfaces/include/altair_interfaces/altair_interfaces/srv/detail/get_available_ports__rosidl_typesupport_fastrtps_c.h
[5.349s] -- Up-to-date: /mnt/c/Users/106no/Documents/GitHub/altair_framework/install/altair_interfaces/include/altair_interfaces/altair_interfaces/srv/detail/start_behavior__rosidl_typesupport_fastrtps_c.h
[5.371s] -- Up-to-date: /mnt/c/Users/106no/Documents/GitHub/altair_framework/install/altair_interfaces/include/altair_interfaces/altair_interfaces/srv/detail/trigger_control__rosidl_typesupport_fastrtps_c.h
[5.406s] -- Up-to-date: /mnt/c/Users/106no/Documents/GitHub/altair_framework/install/altair_interfaces/lib/libaltair_interfaces__rosidl_typesupport_fastrtps_c.so
[5.444s] -- Up-to-date: /mnt/c/Users/106no/Documents/GitHub/altair_framework/install/altair_interfaces/include/altair_interfaces/altair_interfaces
[5.467s] -- Up-to-date: /mnt/c/Users/106no/Documents/GitHub/altair_framework/install/altair_interfaces/include/altair_interfaces/altair_interfaces/msg
[5.494s] -- Up-to-date: /mnt/c/Users/106no/Documents/GitHub/altair_framework/install/altair_interfaces/include/altair_interfaces/altair_interfaces/msg/detail
[5.524s] -- Up-to-date: /mnt/c/Users/106no/Documents/GitHub/altair_framework/install/altair_interfaces/include/altair_interfaces/altair_interfaces/msg/detail/can_status__rosidl_typesupport_introspection_c.h
[5.546s] -- Up-to-date: /mnt/c/Users/106no/Documents/GitHub/altair_framework/install/altair_interfaces/include/altair_interfaces/altair_interfaces/msg/detail/can_status__type_support.c
[5.566s] -- Up-to-date: /mnt/c/Users/106no/Documents/GitHub/altair_framework/install/altair_interfaces/include/altair_interfaces/altair_interfaces/msg/detail/mdd_command__rosidl_typesupport_introspection_c.h
[5.585s] -- Up-to-date: /mnt/c/Users/106no/Documents/GitHub/altair_framework/install/altair_interfaces/include/altair_interfaces/altair_interfaces/msg/detail/mdd_command__type_support.c
[5.607s] -- Up-to-date: /mnt/c/Users/106no/Documents/GitHub/altair_framework/install/altair_interfaces/include/altair_interfaces/altair_interfaces/msg/detail/mdd_feedback__rosidl_typesupport_introspection_c.h
[5.627s] -- Up-to-date: /mnt/c/Users/106no/Documents/GitHub/altair_framework/install/altair_interfaces/include/altair_interfaces/altair_interfaces/msg/detail/mdd_feedback__type_support.c
[5.647s] -- Up-to-date: /mnt/c/Users/106no/Documents/GitHub/altair_framework/install/altair_interfaces/include/altair_interfaces/altair_interfaces/msg/detail/servo_command__rosidl_typesupport_introspection_c.h
[5.667s] -- Up-to-date: /mnt/c/Users/106no/Documents/GitHub/altair_framework/install/altair_interfaces/include/altair_interfaces/altair_interfaces/msg/detail/servo_command__type_support.c
[5.689s] -- Up-to-date: /mnt/c/Users/106no/Documents/GitHub/altair_framework/install/altair_interfaces/include/altair_interfaces/altair_interfaces/msg/detail/solenoid_command__rosidl_typesupport_introspection_c.h
[5.709s] -- Up-to-date: /mnt/c/Users/106no/Documents/GitHub/altair_framework/install/altair_interfaces/include/altair_interfaces/altair_interfaces/msg/detail/solenoid_command__type_support.c
[5.729s] -- Up-to-date: /mnt/c/Users/106no/Documents/GitHub/altair_framework/install/altair_interfaces/include/altair_interfaces/altair_interfaces/msg/rosidl_typesupport_introspection_c__visibility_control.h
[5.742s] -- Up-to-date: /mnt/c/Users/106no/Documents/GitHub/altair_framework/install/altair_interfaces/include/altair_interfaces/altair_interfaces/srv
[5.763s] -- Up-to-date: /mnt/c/Users/106no/Documents/GitHub/altair_framework/install/altair_interfaces/include/altair_interfaces/altair_interfaces/srv/detail
[5.791s] -- Up-to-date: /mnt/c/Users/106no/Documents/GitHub/altair_framework/install/altair_interfaces/include/altair_interfaces/altair_interfaces/srv/detail/connect_can__rosidl_typesupport_introspection_c.h
[5.811s] -- Up-to-date: /mnt/c/Users/106no/Documents/GitHub/altair_framework/install/altair_interfaces/include/altair_interfaces/altair_interfaces/srv/detail/connect_can__type_support.c
[5.830s] -- Up-to-date: /mnt/c/Users/106no/Documents/GitHub/altair_framework/install/altair_interfaces/include/altair_interfaces/altair_interfaces/srv/detail/get_available_ports__rosidl_typesupport_introspection_c.h
[5.849s] -- Up-to-date: /mnt/c/Users/106no/Documents/GitHub/altair_framework/install/altair_interfaces/include/altair_interfaces/altair_interfaces/srv/detail/get_available_ports__type_support.c
[5.870s] -- Up-to-date: /mnt/c/Users/106no/Documents/GitHub/altair_framework/install/altair_interfaces/include/altair_interfaces/altair_interfaces/srv/detail/start_behavior__rosidl_typesupport_introspection_c.h
[5.891s] -- Up-to-date: /mnt/c/Users/106no/Documents/GitHub/altair_framework/install/altair_interfaces/include/altair_interfaces/altair_interfaces/srv/detail/start_behavior__type_support.c
[5.927s] -- Up-to-date: /mnt/c/Users/106no/Documents/GitHub/altair_framework/install/altair_interfaces/include/altair_interfaces/altair_interfaces/srv/detail/trigger_control__rosidl_typesupport_introspection_c.h
[5.951s] -- Up-to-date: /mnt/c/Users/106no/Documents/GitHub/altair_framework/install/altair_interfaces/include/altair_interfaces/altair_interfaces/srv/detail/trigger_control__type_support.c
[5.987s] -- Up-to-date: /mnt/c/Users/106no/Documents/GitHub/altair_framework/install/altair_interfaces/lib/libaltair_interfaces__rosidl_typesupport_introspection_c.so
[6.027s] -- Up-to-date: /mnt/c/Users/106no/Documents/GitHub/altair_framework/install/altair_interfaces/lib/libaltair_interfaces__rosidl_typesupport_c.so
[6.050s] -- Up-to-date: /mnt/c/Users/106no/Documents/GitHub/altair_framework/install/altair_interfaces/include/altair_interfaces/altair_interfaces
[6.065s] -- Up-to-date: /mnt/c/Users/106no/Documents/GitHub/altair_framework/install/altair_interfaces/include/altair_interfaces/altair_interfaces/msg
[6.085s] -- Up-to-date: /mnt/c/Users/106no/Documents/GitHub/altair_framework/install/altair_interfaces/include/altair_interfaces/altair_interfaces/msg/can_status.hpp
[6.097s] -- Up-to-date: /mnt/c/Users/106no/Documents/GitHub/altair_framework/install/altair_interfaces/include/altair_interfaces/altair_interfaces/msg/detail
[6.123s] -- Up-to-date: /mnt/c/Users/106no/Documents/GitHub/altair_framework/install/altair_interfaces/include/altair_interfaces/altair_interfaces/msg/detail/can_status__builder.hpp
[6.143s] -- Up-to-date: /mnt/c/Users/106no/Documents/GitHub/altair_framework/install/altair_interfaces/include/altair_interfaces/altair_interfaces/msg/detail/can_status__struct.hpp
[6.160s] -- Up-to-date: /mnt/c/Users/106no/Documents/GitHub/altair_framework/install/altair_interfaces/include/altair_interfaces/altair_interfaces/msg/detail/can_status__traits.hpp
[6.179s] -- Up-to-date: /mnt/c/Users/106no/Documents/GitHub/altair_framework/install/altair_interfaces/include/altair_interfaces/altair_interfaces/msg/detail/can_status__type_support.hpp
[6.198s] -- Up-to-date: /mnt/c/Users/106no/Documents/GitHub/altair_framework/install/altair_interfaces/include/altair_interfaces/altair_interfaces/msg/detail/mdd_command__builder.hpp
[6.217s] -- Up-to-date: /mnt/c/Users/106no/Documents/GitHub/altair_framework/install/altair_interfaces/include/altair_interfaces/altair_interfaces/msg/detail/mdd_command__struct.hpp
[6.234s] -- Up-to-date: /mnt/c/Users/106no/Documents/GitHub/altair_framework/install/altair_interfaces/include/altair_interfaces/altair_interfaces/msg/detail/mdd_command__traits.hpp
[6.251s] -- Up-to-date: /mnt/c/Users/106no/Documents/GitHub/altair_framework/install/altair_interfaces/include/altair_interfaces/altair_interfaces/msg/detail/mdd_command__type_support.hpp
[6.267s] -- Up-to-date: /mnt/c/Users/106no/Documents/GitHub/altair_framework/install/altair_interfaces/include/altair_interfaces/altair_interfaces/msg/detail/mdd_feedback__builder.hpp
[6.285s] -- Up-to-date: /mnt/c/Users/106no/Documents/GitHub/altair_framework/install/altair_interfaces/include/altair_interfaces/altair_interfaces/msg/detail/mdd_feedback__struct.hpp
[6.301s] -- Up-to-date: /mnt/c/Users/106no/Documents/GitHub/altair_framework/install/altair_interfaces/include/altair_interfaces/altair_interfaces/msg/detail/mdd_feedback__traits.hpp
[6.324s] -- Up-to-date: /mnt/c/Users/106no/Documents/GitHub/altair_framework/install/altair_interfaces/include/altair_interfaces/altair_interfaces/msg/detail/mdd_feedback__type_support.hpp
[6.343s] -- Up-to-date: /mnt/c/Users/106no/Documents/GitHub/altair_framework/install/altair_interfaces/include/altair_interfaces/altair_interfaces/msg/detail/servo_command__builder.hpp
[6.362s] -- Up-to-date: /mnt/c/Users/106no/Documents/GitHub/altair_framework/install/altair_interfaces/include/altair_interfaces/altair_interfaces/msg/detail/servo_command__struct.hpp
[6.381s] -- Up-to-date: /mnt/c/Users/106no/Documents/GitHub/altair_framework/install/altair_interfaces/include/altair_interfaces/altair_interfaces/msg/detail/servo_command__traits.hpp
[6.400s] -- Up-to-date: /mnt/c/Users/106no/Documents/GitHub/altair_framework/install/altair_interfaces/include/altair_interfaces/altair_interfaces/msg/detail/servo_command__type_support.hpp
[6.421s] -- Up-to-date: /mnt/c/Users/106no/Documents/GitHub/altair_framework/install/altair_interfaces/include/altair_interfaces/altair_interfaces/msg/detail/solenoid_command__builder.hpp
[6.440s] -- Up-to-date: /mnt/c/Users/106no/Documents/GitHub/altair_framework/install/altair_interfaces/include/altair_interfaces/altair_interfaces/msg/detail/solenoid_command__struct.hpp
[6.460s] -- Up-to-date: /mnt/c/Users/106no/Documents/GitHub/altair_framework/install/altair_interfaces/include/altair_interfaces/altair_interfaces/msg/detail/solenoid_command__traits.hpp
[6.478s] -- Up-to-date: /mnt/c/Users/106no/Documents/GitHub/altair_framework/install/altair_interfaces/include/altair_interfaces/altair_interfaces/msg/detail/solenoid_command__type_support.hpp
[6.496s] -- Up-to-date: /mnt/c/Users/106no/Documents/GitHub/altair_framework/install/altair_interfaces/include/altair_interfaces/altair_interfaces/msg/mdd_command.hpp
[6.513s] -- Up-to-date: /mnt/c/Users/106no/Documents/GitHub/altair_framework/install/altair_interfaces/include/altair_interfaces/altair_interfaces/msg/mdd_feedback.hpp
[6.543s] -- Up-to-date: /mnt/c/Users/106no/Documents/GitHub/altair_framework/install/altair_interfaces/include/altair_interfaces/altair_interfaces/msg/rosidl_generator_cpp__visibility_control.hpp
[6.564s] -- Up-to-date: /mnt/c/Users/106no/Documents/GitHub/altair_framework/install/altair_interfaces/include/altair_interfaces/altair_interfaces/msg/servo_command.hpp
[6.587s] -- Up-to-date: /mnt/c/Users/106no/Documents/GitHub/altair_framework/install/altair_interfaces/include/altair_interfaces/altair_interfaces/msg/solenoid_command.hpp
[6.601s] -- Up-to-date: /mnt/c/Users/106no/Documents/GitHub/altair_framework/install/altair_interfaces/include/altair_interfaces/altair_interfaces/srv
[6.625s] -- Up-to-date: /mnt/c/Users/106no/Documents/GitHub/altair_framework/install/altair_interfaces/include/altair_interfaces/altair_interfaces/srv/connect_can.hpp
[6.641s] -- Up-to-date: /mnt/c/Users/106no/Documents/GitHub/altair_framework/install/altair_interfaces/include/altair_interfaces/altair_interfaces/srv/detail
[6.666s] -- Up-to-date: /mnt/c/Users/106no/Documents/GitHub/altair_framework/install/altair_interfaces/include/altair_interfaces/altair_interfaces/srv/detail/connect_can__builder.hpp
[6.685s] -- Up-to-date: /mnt/c/Users/106no/Documents/GitHub/altair_framework/install/altair_interfaces/include/altair_interfaces/altair_interfaces/srv/detail/connect_can__struct.hpp
[6.706s] -- Up-to-date: /mnt/c/Users/106no/Documents/GitHub/altair_framework/install/altair_interfaces/include/altair_interfaces/altair_interfaces/srv/detail/connect_can__traits.hpp
[6.726s] -- Up-to-date: /mnt/c/Users/106no/Documents/GitHub/altair_framework/install/altair_interfaces/include/altair_interfaces/altair_interfaces/srv/detail/connect_can__type_support.hpp
[6.746s] -- Up-to-date: /mnt/c/Users/106no/Documents/GitHub/altair_framework/install/altair_interfaces/include/altair_interfaces/altair_interfaces/srv/detail/get_available_ports__builder.hpp
[6.772s] -- Up-to-date: /mnt/c/Users/106no/Documents/GitHub/altair_framework/install/altair_interfaces/include/altair_interfaces/altair_interfaces/srv/detail/get_available_ports__struct.hpp
[6.798s] -- Up-to-date: /mnt/c/Users/106no/Documents/GitHub/altair_framework/install/altair_interfaces/include/altair_interfaces/altair_interfaces/srv/detail/get_available_ports__traits.hpp
[6.824s] -- Up-to-date: /mnt/c/Users/106no/Documents/GitHub/altair_framework/install/altair_interfaces/include/altair_interfaces/altair_interfaces/srv/detail/get_available_ports__type_support.hpp
[6.850s] -- Up-to-date: /mnt/c/Users/106no/Documents/GitHub/altair_framework/install/altair_interfaces/include/altair_interfaces/altair_interfaces/srv/detail/start_behavior__builder.hpp
[6.869s] -- Up-to-date: /mnt/c/Users/106no/Documents/GitHub/altair_framework/install/altair_interfaces/include/altair_interfaces/altair_interfaces/srv/detail/start_behavior__struct.hpp
[6.888s] -- Up-to-date: /mnt/c/Users/106no/Documents/GitHub/altair_framework/install/altair_interfaces/include/altair_interfaces/altair_interfaces/srv/detail/start_behavior__traits.hpp
[6.907s] -- Up-to-date: /mnt/c/Users/106no/Documents/GitHub/altair_framework/install/altair_interfaces/include/altair_interfaces/altair_interfaces/srv/detail/start_behavior__type_support.hpp
[6.925s] -- Up-to-date: /mnt/c/Users/106no/Documents/GitHub/altair_framework/install/altair_interfaces/include/altair_interfaces/altair_interfaces/srv/detail/trigger_control__builder.hpp
[6.944s] -- Up-to-date: /mnt/c/Users/106no/Documents/GitHub/altair_framework/install/altair_interfaces/include/altair_interfaces/altair_interfaces/srv/detail/trigger_control__struct.hpp
[6.962s] -- Up-to-date: /mnt/c/Users/106no/Documents/GitHub/altair_framework/install/altair_interfaces/include/altair_interfaces/altair_interfaces/srv/detail/trigger_control__traits.hpp
[6.980s] -- Up-to-date: /mnt/c/Users/106no/Documents/GitHub/altair_framework/install/altair_interfaces/include/altair_interfaces/altair_interfaces/srv/detail/trigger_control__type_support.hpp
[6.996s] -- Up-to-date: /mnt/c/Users/106no/Documents/GitHub/altair_framework/install/altair_interfaces/include/altair_interfaces/altair_interfaces/srv/get_available_ports.hpp
[7.011s] -- Up-to-date: /mnt/c/Users/106no/Documents/GitHub/altair_framework/install/altair_interfaces/include/altair_interfaces/altair_interfaces/srv/start_behavior.hpp
[7.025s] -- Up-to-date: /mnt/c/Users/106no/Documents/GitHub/altair_framework/install/altair_interfaces/include/altair_interfaces/altair_interfaces/srv/trigger_control.hpp
[7.033s] -- Up-to-date: /mnt/c/Users/106no/Documents/GitHub/altair_framework/install/altair_interfaces/include/altair_interfaces/altair_interfaces
[7.047s] -- Up-to-date: /mnt/c/Users/106no/Documents/GitHub/altair_framework/install/altair_interfaces/include/altair_interfaces/altair_interfaces/msg
[7.064s] -- Up-to-date: /mnt/c/Users/106no/Documents/GitHub/altair_framework/install/altair_interfaces/include/altair_interfaces/altair_interfaces/msg/detail
[7.091s] -- Up-to-date: /mnt/c/Users/106no/Documents/GitHub/altair_framework/install/altair_interfaces/include/altair_interfaces/altair_interfaces/msg/detail/can_status__rosidl_typesupport_fastrtps_cpp.hpp
[7.107s] -- Up-to-date: /mnt/c/Users/106no/Documents/GitHub/altair_framework/install/altair_interfaces/include/altair_interfaces/altair_interfaces/msg/detail/dds_fastrtps
[7.133s] -- Up-to-date: /mnt/c/Users/106no/Documents/GitHub/altair_framework/install/altair_interfaces/include/altair_interfaces/altair_interfaces/msg/detail/mdd_command__rosidl_typesupport_fastrtps_cpp.hpp
[7.152s] -- Up-to-date: /mnt/c/Users/106no/Documents/GitHub/altair_framework/install/altair_interfaces/include/altair_interfaces/altair_interfaces/msg/detail/mdd_feedback__rosidl_typesupport_fastrtps_cpp.hpp
[7.170s] -- Up-to-date: /mnt/c/Users/106no/Documents/GitHub/altair_framework/install/altair_interfaces/include/altair_interfaces/altair_interfaces/msg/detail/servo_command__rosidl_typesupport_fastrtps_cpp.hpp
[7.188s] -- Up-to-date: /mnt/c/Users/106no/Documents/GitHub/altair_framework/install/altair_interfaces/include/altair_interfaces/altair_interfaces/msg/detail/solenoid_command__rosidl_typesupport_fastrtps_cpp.hpp
[7.204s] -- Up-to-date: /mnt/c/Users/106no/Documents/GitHub/altair_framework/install/altair_interfaces/include/altair_interfaces/altair_interfaces/msg/rosidl_typesupport_fastrtps_cpp__visibility_control.h
[7.215s] -- Up-to-date: /mnt/c/Users/106no/Documents/GitHub/altair_framework/install/altair_interfaces/include/altair_interfaces/altair_interfaces/srv
[7.233s] -- Up-to-date: /mnt/c/Users/106no/Documents/GitHub/altair_framework/install/altair_interfaces/include/altair_interfaces/altair_interfaces/srv/detail
[7.261s] -- Up-to-date: /mnt/c/Users/106no/Documents/GitHub/altair_framework/install/altair_interfaces/include/altair_interfaces/altair_interfaces/srv/detail/connect_can__rosidl_typesupport_fastrtps_cpp.hpp
[7.276s] -- Up-to-date: /mnt/c/Users/106no/Documents/GitHub/altair_framework/install/altair_interfaces/include/altair_interfaces/altair_interfaces/srv/detail/dds_fastrtps
[7.298s] -- Up-to-date: /mnt/c/Users/106no/Documents/GitHub/altair_framework/install/altair_interfaces/include/altair_interfaces/altair_interfaces/srv/detail/get_available_ports__rosidl_typesupport_fastrtps_cpp.hpp
[7.316s] -- Up-to-date: /mnt/c/Users/106no/Documents/GitHub/altair_framework/install/altair_interfaces/include/altair_interfaces/altair_interfaces/srv/detail/start_behavior__rosidl_typesupport_fastrtps_cpp.hpp
[7.339s] -- Up-to-date: /mnt/c/Users/106no/Documents/GitHub/altair_framework/install/altair_interfaces/include/altair_interfaces/altair_interfaces/srv/detail/trigger_control__rosidl_typesupport_fastrtps_cpp.hpp
[7.365s] -- Up-to-date: /mnt/c/Users/106no/Documents/GitHub/altair_framework/install/altair_interfaces/lib/libaltair_interfaces__rosidl_typesupport_fastrtps_cpp.so
[7.391s] -- Up-to-date: /mnt/c/Users/106no/Documents/GitHub/altair_framework/install/altair_interfaces/include/altair_interfaces/altair_interfaces
[7.405s] -- Up-to-date: /mnt/c/Users/106no/Documents/GitHub/altair_framework/install/altair_interfaces/include/altair_interfaces/altair_interfaces/msg
[7.424s] -- Up-to-date: /mnt/c/Users/106no/Documents/GitHub/altair_framework/install/altair_interfaces/include/altair_interfaces/altair_interfaces/msg/detail
[7.448s] -- Up-to-date: /mnt/c/Users/106no/Documents/GitHub/altair_framework/install/altair_interfaces/include/altair_interfaces/altair_interfaces/msg/detail/can_status__rosidl_typesupport_introspection_cpp.hpp
[7.465s] -- Up-to-date: /mnt/c/Users/106no/Documents/GitHub/altair_framework/install/altair_interfaces/include/altair_interfaces/altair_interfaces/msg/detail/can_status__type_support.cpp
[7.482s] -- Up-to-date: /mnt/c/Users/106no/Documents/GitHub/altair_framework/install/altair_interfaces/include/altair_interfaces/altair_interfaces/msg/detail/mdd_command__rosidl_typesupport_introspection_cpp.hpp
[7.500s] -- Up-to-date: /mnt/c/Users/106no/Documents/GitHub/altair_framework/install/altair_interfaces/include/altair_interfaces/altair_interfaces/msg/detail/mdd_command__type_support.cpp
[7.518s] -- Up-to-date: /mnt/c/Users/106no/Documents/GitHub/altair_framework/install/altair_interfaces/include/altair_interfaces/altair_interfaces/msg/detail/mdd_feedback__rosidl_typesupport_introspection_cpp.hpp
[7.538s] -- Up-to-date: /mnt/c/Users/106no/Documents/GitHub/altair_framework/install/altair_interfaces/include/altair_interfaces/altair_interfaces/msg/detail/mdd_feedback__type_support.cpp
[7.559s] -- Up-to-date: /mnt/c/Users/106no/Documents/GitHub/altair_framework/install/altair_interfaces/include/altair_interfaces/altair_interfaces/msg/detail/servo_command__rosidl_typesupport_introspection_cpp.hpp
[7.580s] -- Up-to-date: /mnt/c/Users/106no/Documents/GitHub/altair_framework/install/altair_interfaces/include/altair_interfaces/altair_interfaces/msg/detail/servo_command__type_support.cpp
[7.655s] -- Up-to-date: /mnt/c/Users/106no/Documents/GitHub/altair_framework/install/altair_interfaces/include/altair_interfaces/altair_interfaces/msg/detail/solenoid_command__rosidl_typesupport_introspection_cpp.hpp
[7.700s] -- Up-to-date: /mnt/c/Users/106no/Documents/GitHub/altair_framework/install/altair_interfaces/include/altair_interfaces/altair_interfaces/msg/detail/solenoid_command__type_support.cpp
[7.718s] -- Up-to-date: /mnt/c/Users/106no/Documents/GitHub/altair_framework/install/altair_interfaces/include/altair_interfaces/altair_interfaces/srv
[7.740s] -- Up-to-date: /mnt/c/Users/106no/Documents/GitHub/altair_framework/install/altair_interfaces/include/altair_interfaces/altair_interfaces/srv/detail
[7.772s] -- Up-to-date: /mnt/c/Users/106no/Documents/GitHub/altair_framework/install/altair_interfaces/include/altair_interfaces/altair_interfaces/srv/detail/connect_can__rosidl_typesupport_introspection_cpp.hpp
[7.793s] -- Up-to-date: /mnt/c/Users/106no/Documents/GitHub/altair_framework/install/altair_interfaces/include/altair_interfaces/altair_interfaces/srv/detail/connect_can__type_support.cpp
[7.812s] -- Up-to-date: /mnt/c/Users/106no/Documents/GitHub/altair_framework/install/altair_interfaces/include/altair_interfaces/altair_interfaces/srv/detail/get_available_ports__rosidl_typesupport_introspection_cpp.hpp
[7.830s] -- Up-to-date: /mnt/c/Users/106no/Documents/GitHub/altair_framework/install/altair_interfaces/include/altair_interfaces/altair_interfaces/srv/detail/get_available_ports__type_support.cpp
[7.849s] -- Up-to-date: /mnt/c/Users/106no/Documents/GitHub/altair_framework/install/altair_interfaces/include/altair_interfaces/altair_interfaces/srv/detail/start_behavior__rosidl_typesupport_introspection_cpp.hpp
[7.868s] -- Up-to-date: /mnt/c/Users/106no/Documents/GitHub/altair_framework/install/altair_interfaces/include/altair_interfaces/altair_interfaces/srv/detail/start_behavior__type_support.cpp
[7.886s] -- Up-to-date: /mnt/c/Users/106no/Documents/GitHub/altair_framework/install/altair_interfaces/include/altair_interfaces/altair_interfaces/srv/detail/trigger_control__rosidl_typesupport_introspection_cpp.hpp
[7.904s] -- Up-to-date: /mnt/c/Users/106no/Documents/GitHub/altair_framework/install/altair_interfaces/include/altair_interfaces/altair_interfaces/srv/detail/trigger_control__type_support.cpp
[7.929s] -- Up-to-date: /mnt/c/Users/106no/Documents/GitHub/altair_framework/install/altair_interfaces/lib/libaltair_interfaces__rosidl_typesupport_introspection_cpp.so
[7.965s] -- Up-to-date: /mnt/c/Users/106no/Documents/GitHub/altair_framework/install/altair_interfaces/lib/libaltair_interfaces__rosidl_typesupport_cpp.so
[7.994s] -- Up-to-date: /mnt/c/Users/106no/Documents/GitHub/altair_framework/install/altair_interfaces/share/altair_interfaces/environment/pythonpath.sh
[8.007s] -- Up-to-date: /mnt/c/Users/106no/Documents/GitHub/altair_framework/install/altair_interfaces/share/altair_interfaces/environment/pythonpath.dsv
[8.016s] -- Up-to-date: /mnt/c/Users/106no/Documents/GitHub/altair_framework/install/altair_interfaces/local/lib/python3.10/dist-packages/altair_interfaces-1.0.0-py3.10.egg-info
[8.039s] -- Installing: /mnt/c/Users/106no/Documents/GitHub/altair_framework/install/altair_interfaces/local/lib/python3.10/dist-packages/altair_interfaces-1.0.0-py3.10.egg-info/dependency_links.txt
[8.095s] -- Installing: /mnt/c/Users/106no/Documents/GitHub/altair_framework/install/altair_interfaces/local/lib/python3.10/dist-packages/altair_interfaces-1.0.0-py3.10.egg-info/PKG-INFO
[8.153s] -- Installing: /mnt/c/Users/106no/Documents/GitHub/altair_framework/install/altair_interfaces/local/lib/python3.10/dist-packages/altair_interfaces-1.0.0-py3.10.egg-info/SOURCES.txt
[8.214s] -- Installing: /mnt/c/Users/106no/Documents/GitHub/altair_framework/install/altair_interfaces/local/lib/python3.10/dist-packages/altair_interfaces-1.0.0-py3.10.egg-info/top_level.txt
[8.267s] -- Up-to-date: /mnt/c/Users/106no/Documents/GitHub/altair_framework/install/altair_interfaces/local/lib/python3.10/dist-packages/altair_interfaces
[8.287s] -- Up-to-date: /mnt/c/Users/106no/Documents/GitHub/altair_framework/install/altair_interfaces/local/lib/python3.10/dist-packages/altair_interfaces/altair_interfaces_s__rosidl_typesupport_c.cpython-310-x86_64-linux-gnu.so
[8.301s] -- Up-to-date: /mnt/c/Users/106no/Documents/GitHub/altair_framework/install/altair_interfaces/local/lib/python3.10/dist-packages/altair_interfaces/altair_interfaces_s__rosidl_typesupport_fastrtps_c.cpython-310-x86_64-linux-gnu.so
[8.314s] -- Up-to-date: /mnt/c/Users/106no/Documents/GitHub/altair_framework/install/altair_interfaces/local/lib/python3.10/dist-packages/altair_interfaces/altair_interfaces_s__rosidl_typesupport_introspection_c.cpython-310-x86_64-linux-gnu.so
[8.329s] -- Up-to-date: /mnt/c/Users/106no/Documents/GitHub/altair_framework/install/altair_interfaces/local/lib/python3.10/dist-packages/altair_interfaces/libaltair_interfaces__rosidl_generator_py.so
[8.342s] -- Up-to-date: /mnt/c/Users/106no/Documents/GitHub/altair_framework/install/altair_interfaces/local/lib/python3.10/dist-packages/altair_interfaces/msg
[8.367s] -- Up-to-date: /mnt/c/Users/106no/Documents/GitHub/altair_framework/install/altair_interfaces/local/lib/python3.10/dist-packages/altair_interfaces/msg/_can_status.py
[8.384s] -- Up-to-date: /mnt/c/Users/106no/Documents/GitHub/altair_framework/install/altair_interfaces/local/lib/python3.10/dist-packages/altair_interfaces/msg/_can_status_s.c
[8.402s] -- Up-to-date: /mnt/c/Users/106no/Documents/GitHub/altair_framework/install/altair_interfaces/local/lib/python3.10/dist-packages/altair_interfaces/msg/_mdd_command.py
[8.420s] -- Up-to-date: /mnt/c/Users/106no/Documents/GitHub/altair_framework/install/altair_interfaces/local/lib/python3.10/dist-packages/altair_interfaces/msg/_mdd_command_s.c
[8.436s] -- Up-to-date: /mnt/c/Users/106no/Documents/GitHub/altair_framework/install/altair_interfaces/local/lib/python3.10/dist-packages/altair_interfaces/msg/_mdd_feedback.py
[8.455s] -- Up-to-date: /mnt/c/Users/106no/Documents/GitHub/altair_framework/install/altair_interfaces/local/lib/python3.10/dist-packages/altair_interfaces/msg/_mdd_feedback_s.c
[8.472s] -- Up-to-date: /mnt/c/Users/106no/Documents/GitHub/altair_framework/install/altair_interfaces/local/lib/python3.10/dist-packages/altair_interfaces/msg/_servo_command.py
[8.491s] -- Up-to-date: /mnt/c/Users/106no/Documents/GitHub/altair_framework/install/altair_interfaces/local/lib/python3.10/dist-packages/altair_interfaces/msg/_servo_command_s.c
[8.529s] -- Up-to-date: /mnt/c/Users/106no/Documents/GitHub/altair_framework/install/altair_interfaces/local/lib/python3.10/dist-packages/altair_interfaces/msg/_solenoid_command.py
[8.556s] -- Up-to-date: /mnt/c/Users/106no/Documents/GitHub/altair_framework/install/altair_interfaces/local/lib/python3.10/dist-packages/altair_interfaces/msg/_solenoid_command_s.c
[8.581s] -- Up-to-date: /mnt/c/Users/106no/Documents/GitHub/altair_framework/install/altair_interfaces/local/lib/python3.10/dist-packages/altair_interfaces/msg/__init__.py
[8.599s] -- Up-to-date: /mnt/c/Users/106no/Documents/GitHub/altair_framework/install/altair_interfaces/local/lib/python3.10/dist-packages/altair_interfaces/srv
[8.624s] -- Up-to-date: /mnt/c/Users/106no/Documents/GitHub/altair_framework/install/altair_interfaces/local/lib/python3.10/dist-packages/altair_interfaces/srv/_connect_can.py
[8.645s] -- Up-to-date: /mnt/c/Users/106no/Documents/GitHub/altair_framework/install/altair_interfaces/local/lib/python3.10/dist-packages/altair_interfaces/srv/_connect_can_s.c
[8.664s] -- Up-to-date: /mnt/c/Users/106no/Documents/GitHub/altair_framework/install/altair_interfaces/local/lib/python3.10/dist-packages/altair_interfaces/srv/_get_available_ports.py
[8.685s] -- Up-to-date: /mnt/c/Users/106no/Documents/GitHub/altair_framework/install/altair_interfaces/local/lib/python3.10/dist-packages/altair_interfaces/srv/_get_available_ports_s.c
[8.706s] -- Up-to-date: /mnt/c/Users/106no/Documents/GitHub/altair_framework/install/altair_interfaces/local/lib/python3.10/dist-packages/altair_interfaces/srv/_start_behavior.py
[8.723s] -- Up-to-date: /mnt/c/Users/106no/Documents/GitHub/altair_framework/install/altair_interfaces/local/lib/python3.10/dist-packages/altair_interfaces/srv/_start_behavior_s.c
[8.741s] -- Up-to-date: /mnt/c/Users/106no/Documents/GitHub/altair_framework/install/altair_interfaces/local/lib/python3.10/dist-packages/altair_interfaces/srv/_trigger_control.py
[8.768s] -- Up-to-date: /mnt/c/Users/106no/Documents/GitHub/altair_framework/install/altair_interfaces/local/lib/python3.10/dist-packages/altair_interfaces/srv/_trigger_control_s.c
[8.810s] -- Up-to-date: /mnt/c/Users/106no/Documents/GitHub/altair_framework/install/altair_interfaces/local/lib/python3.10/dist-packages/altair_interfaces/srv/__init__.py
[8.842s] -- Up-to-date: /mnt/c/Users/106no/Documents/GitHub/altair_framework/install/altair_interfaces/local/lib/python3.10/dist-packages/altair_interfaces/_altair_interfaces_s.ep.rosidl_typesupport_c.c
[8.865s] -- Up-to-date: /mnt/c/Users/106no/Documents/GitHub/altair_framework/install/altair_interfaces/local/lib/python3.10/dist-packages/altair_interfaces/_altair_interfaces_s.ep.rosidl_typesupport_fastrtps_c.c
[8.890s] -- Up-to-date: /mnt/c/Users/106no/Documents/GitHub/altair_framework/install/altair_interfaces/local/lib/python3.10/dist-packages/altair_interfaces/_altair_interfaces_s.ep.rosidl_typesupport_introspection_c.c
[8.912s] -- Up-to-date: /mnt/c/Users/106no/Documents/GitHub/altair_framework/install/altair_interfaces/local/lib/python3.10/dist-packages/altair_interfaces/__init__.py
[9.277s] Listing '/mnt/c/Users/106no/Documents/GitHub/altair_framework/install/altair_interfaces/local/lib/python3.10/dist-packages/altair_interfaces'...
[9.277s] Listing '/mnt/c/Users/106no/Documents/GitHub/altair_framework/install/altair_interfaces/local/lib/python3.10/dist-packages/altair_interfaces/msg'...
[9.278s] Listing '/mnt/c/Users/106no/Documents/GitHub/altair_framework/install/altair_interfaces/local/lib/python3.10/dist-packages/altair_interfaces/srv'...
[9.313s] -- Up-to-date: /mnt/c/Users/106no/Documents/GitHub/altair_framework/install/altair_interfaces/local/lib/python3.10/dist-packages/altair_interfaces/altair_interfaces_s__rosidl_typesupport_fastrtps_c.cpython-310-x86_64-linux-gnu.so
[9.380s] -- Up-to-date: /mnt/c/Users/106no/Documents/GitHub/altair_framework/install/altair_interfaces/local/lib/python3.10/dist-packages/altair_interfaces/altair_interfaces_s__rosidl_typesupport_introspection_c.cpython-310-x86_64-linux-gnu.so
[9.469s] -- Up-to-date: /mnt/c/Users/106no/Documents/GitHub/altair_framework/install/altair_interfaces/local/lib/python3.10/dist-packages/altair_interfaces/altair_interfaces_s__rosidl_typesupport_c.cpython-310-x86_64-linux-gnu.so
[9.554s] -- Up-to-date: /mnt/c/Users/106no/Documents/GitHub/altair_framework/install/altair_interfaces/lib/libaltair_interfaces__rosidl_generator_py.so
[9.604s] -- Up-to-date: /mnt/c/Users/106no/Documents/GitHub/altair_framework/install/altair_interfaces/share/ament_index/resource_index/rust_packages/altair_interfaces
[9.616s] -- Up-to-date: /mnt/c/Users/106no/Documents/GitHub/altair_framework/install/altair_interfaces/share/altair_interfaces/rust
[9.637s] -- Up-to-date: /mnt/c/Users/106no/Documents/GitHub/altair_framework/install/altair_interfaces/share/altair_interfaces/rust/build.rs
[9.656s] -- Up-to-date: /mnt/c/Users/106no/Documents/GitHub/altair_framework/install/altair_interfaces/share/altair_interfaces/rust/Cargo.toml
[9.669s] -- Up-to-date: /mnt/c/Users/106no/Documents/GitHub/altair_framework/install/altair_interfaces/share/altair_interfaces/rust/src
[9.694s] -- Up-to-date: /mnt/c/Users/106no/Documents/GitHub/altair_framework/install/altair_interfaces/share/altair_interfaces/rust/src/lib.rs
[9.711s] -- Up-to-date: /mnt/c/Users/106no/Documents/GitHub/altair_framework/install/altair_interfaces/share/altair_interfaces/rust/src/msg
[9.751s] -- Up-to-date: /mnt/c/Users/106no/Documents/GitHub/altair_framework/install/altair_interfaces/share/altair_interfaces/rust/src/msg/rmw.rs
[9.776s] -- Up-to-date: /mnt/c/Users/106no/Documents/GitHub/altair_framework/install/altair_interfaces/share/altair_interfaces/rust/src/msg.rs
[9.795s] -- Up-to-date: /mnt/c/Users/106no/Documents/GitHub/altair_framework/install/altair_interfaces/share/altair_interfaces/rust/src/srv
[9.829s] -- Up-to-date: /mnt/c/Users/106no/Documents/GitHub/altair_framework/install/altair_interfaces/share/altair_interfaces/rust/src/srv/rmw.rs
[9.847s] -- Up-to-date: /mnt/c/Users/106no/Documents/GitHub/altair_framework/install/altair_interfaces/share/altair_interfaces/rust/src/srv.rs
[9.865s] -- Up-to-date: /mnt/c/Users/106no/Documents/GitHub/altair_framework/install/altair_interfaces/share/altair_interfaces/msg/CanStatus.idl
[9.883s] -- Up-to-date: /mnt/c/Users/106no/Documents/GitHub/altair_framework/install/altair_interfaces/share/altair_interfaces/msg/MddFeedback.idl
[9.899s] -- Up-to-date: /mnt/c/Users/106no/Documents/GitHub/altair_framework/install/altair_interfaces/share/altair_interfaces/msg/MddCommand.idl
[9.915s] -- Up-to-date: /mnt/c/Users/106no/Documents/GitHub/altair_framework/install/altair_interfaces/share/altair_interfaces/msg/ServoCommand.idl
[9.933s] -- Up-to-date: /mnt/c/Users/106no/Documents/GitHub/altair_framework/install/altair_interfaces/share/altair_interfaces/msg/SolenoidCommand.idl
[9.957s] -- Up-to-date: /mnt/c/Users/106no/Documents/GitHub/altair_framework/install/altair_interfaces/share/altair_interfaces/srv/TriggerControl.idl
[9.982s] -- Up-to-date: /mnt/c/Users/106no/Documents/GitHub/altair_framework/install/altair_interfaces/share/altair_interfaces/srv/GetAvailablePorts.idl
[10.009s] -- Up-to-date: /mnt/c/Users/106no/Documents/GitHub/altair_framework/install/altair_interfaces/share/altair_interfaces/srv/ConnectCan.idl
[10.036s] -- Up-to-date: /mnt/c/Users/106no/Documents/GitHub/altair_framework/install/altair_interfaces/share/altair_interfaces/srv/StartBehavior.idl
[10.063s] -- Up-to-date: /mnt/c/Users/106no/Documents/GitHub/altair_framework/install/altair_interfaces/share/altair_interfaces/msg/CanStatus.msg
[10.087s] -- Up-to-date: /mnt/c/Users/106no/Documents/GitHub/altair_framework/install/altair_interfaces/share/altair_interfaces/msg/MddFeedback.msg
[10.111s] -- Up-to-date: /mnt/c/Users/106no/Documents/GitHub/altair_framework/install/altair_interfaces/share/altair_interfaces/msg/MddCommand.msg
[10.138s] -- Up-to-date: /mnt/c/Users/106no/Documents/GitHub/altair_framework/install/altair_interfaces/share/altair_interfaces/msg/ServoCommand.msg
[10.162s] -- Up-to-date: /mnt/c/Users/106no/Documents/GitHub/altair_framework/install/altair_interfaces/share/altair_interfaces/msg/SolenoidCommand.msg
[10.188s] -- Up-to-date: /mnt/c/Users/106no/Documents/GitHub/altair_framework/install/altair_interfaces/share/altair_interfaces/srv/TriggerControl.srv
[10.211s] -- Up-to-date: /mnt/c/Users/106no/Documents/GitHub/altair_framework/install/altair_interfaces/share/altair_interfaces/srv/TriggerControl_Request.msg
[10.232s] -- Up-to-date: /mnt/c/Users/106no/Documents/GitHub/altair_framework/install/altair_interfaces/share/altair_interfaces/srv/TriggerControl_Response.msg
[10.252s] -- Up-to-date: /mnt/c/Users/106no/Documents/GitHub/altair_framework/install/altair_interfaces/share/altair_interfaces/srv/GetAvailablePorts.srv
[10.268s] -- Up-to-date: /mnt/c/Users/106no/Documents/GitHub/altair_framework/install/altair_interfaces/share/altair_interfaces/srv/GetAvailablePorts_Request.msg
[10.284s] -- Up-to-date: /mnt/c/Users/106no/Documents/GitHub/altair_framework/install/altair_interfaces/share/altair_interfaces/srv/GetAvailablePorts_Response.msg
[10.301s] -- Up-to-date: /mnt/c/Users/106no/Documents/GitHub/altair_framework/install/altair_interfaces/share/altair_interfaces/srv/ConnectCan.srv
[10.317s] -- Up-to-date: /mnt/c/Users/106no/Documents/GitHub/altair_framework/install/altair_interfaces/share/altair_interfaces/srv/ConnectCan_Request.msg
[10.334s] -- Up-to-date: /mnt/c/Users/106no/Documents/GitHub/altair_framework/install/altair_interfaces/share/altair_interfaces/srv/ConnectCan_Response.msg
[10.349s] -- Up-to-date: /mnt/c/Users/106no/Documents/GitHub/altair_framework/install/altair_interfaces/share/altair_interfaces/srv/StartBehavior.srv
[10.363s] -- Up-to-date: /mnt/c/Users/106no/Documents/GitHub/altair_framework/install/altair_interfaces/share/altair_interfaces/srv/StartBehavior_Request.msg
[10.380s] -- Up-to-date: /mnt/c/Users/106no/Documents/GitHub/altair_framework/install/altair_interfaces/share/altair_interfaces/srv/StartBehavior_Response.msg
[10.405s] -- Up-to-date: /mnt/c/Users/106no/Documents/GitHub/altair_framework/install/altair_interfaces/share/ament_index/resource_index/package_run_dependencies/altair_interfaces
[10.435s] -- Up-to-date: /mnt/c/Users/106no/Documents/GitHub/altair_framework/install/altair_interfaces/share/ament_index/resource_index/parent_prefix_path/altair_interfaces
[10.451s] -- Up-to-date: /mnt/c/Users/106no/Documents/GitHub/altair_framework/install/altair_interfaces/share/altair_interfaces/environment/ament_prefix_path.sh
[10.472s] -- Up-to-date: /mnt/c/Users/106no/Documents/GitHub/altair_framework/install/altair_interfaces/share/altair_interfaces/environment/ament_prefix_path.dsv
[10.489s] -- Up-to-date: /mnt/c/Users/106no/Documents/GitHub/altair_framework/install/altair_interfaces/share/altair_interfaces/environment/path.sh
[10.511s] -- Up-to-date: /mnt/c/Users/106no/Documents/GitHub/altair_framework/install/altair_interfaces/share/altair_interfaces/environment/path.dsv
[10.529s] -- Up-to-date: /mnt/c/Users/106no/Documents/GitHub/altair_framework/install/altair_interfaces/share/altair_interfaces/local_setup.bash
[10.557s] -- Up-to-date: /mnt/c/Users/106no/Documents/GitHub/altair_framework/install/altair_interfaces/share/altair_interfaces/local_setup.sh
[10.580s] -- Up-to-date: /mnt/c/Users/106no/Documents/GitHub/altair_framework/install/altair_interfaces/share/altair_interfaces/local_setup.zsh
[10.602s] -- Up-to-date: /mnt/c/Users/106no/Documents/GitHub/altair_framework/install/altair_interfaces/share/altair_interfaces/local_setup.dsv
[10.623s] -- Installing: /mnt/c/Users/106no/Documents/GitHub/altair_framework/install/altair_interfaces/share/altair_interfaces/package.dsv
[10.696s] -- Up-to-date: /mnt/c/Users/106no/Documents/GitHub/altair_framework/install/altair_interfaces/share/ament_index/resource_index/packages/altair_interfaces
[10.735s] -- Up-to-date: /mnt/c/Users/106no/Documents/GitHub/altair_framework/install/altair_interfaces/share/altair_interfaces/cmake/export_altair_interfaces__rosidl_generator_cExport.cmake
[10.761s] -- Up-to-date: /mnt/c/Users/106no/Documents/GitHub/altair_framework/install/altair_interfaces/share/altair_interfaces/cmake/export_altair_interfaces__rosidl_generator_cExport-noconfig.cmake
[10.804s] -- Up-to-date: /mnt/c/Users/106no/Documents/GitHub/altair_framework/install/altair_interfaces/share/altair_interfaces/cmake/export_altair_interfaces__rosidl_typesupport_fastrtps_cExport.cmake
[10.832s] -- Up-to-date: /mnt/c/Users/106no/Documents/GitHub/altair_framework/install/altair_interfaces/share/altair_interfaces/cmake/export_altair_interfaces__rosidl_typesupport_fastrtps_cExport-noconfig.cmake
[10.874s] -- Up-to-date: /mnt/c/Users/106no/Documents/GitHub/altair_framework/install/altair_interfaces/share/altair_interfaces/cmake/altair_interfaces__rosidl_typesupport_introspection_cExport.cmake
[10.895s] -- Up-to-date: /mnt/c/Users/106no/Documents/GitHub/altair_framework/install/altair_interfaces/share/altair_interfaces/cmake/altair_interfaces__rosidl_typesupport_introspection_cExport-noconfig.cmake
[10.926s] -- Up-to-date: /mnt/c/Users/106no/Documents/GitHub/altair_framework/install/altair_interfaces/share/altair_interfaces/cmake/altair_interfaces__rosidl_typesupport_cExport.cmake
[10.948s] -- Up-to-date: /mnt/c/Users/106no/Documents/GitHub/altair_framework/install/altair_interfaces/share/altair_interfaces/cmake/altair_interfaces__rosidl_typesupport_cExport-noconfig.cmake
[10.977s] -- Up-to-date: /mnt/c/Users/106no/Documents/GitHub/altair_framework/install/altair_interfaces/share/altair_interfaces/cmake/export_altair_interfaces__rosidl_generator_cppExport.cmake
[11.012s] -- Up-to-date: /mnt/c/Users/106no/Documents/GitHub/altair_framework/install/altair_interfaces/share/altair_interfaces/cmake/export_altair_interfaces__rosidl_typesupport_fastrtps_cppExport.cmake
[11.033s] -- Up-to-date: /mnt/c/Users/106no/Documents/GitHub/altair_framework/install/altair_interfaces/share/altair_interfaces/cmake/export_altair_interfaces__rosidl_typesupport_fastrtps_cppExport-noconfig.cmake
[11.063s] -- Up-to-date: /mnt/c/Users/106no/Documents/GitHub/altair_framework/install/altair_interfaces/share/altair_interfaces/cmake/altair_interfaces__rosidl_typesupport_introspection_cppExport.cmake
[11.085s] -- Up-to-date: /mnt/c/Users/106no/Documents/GitHub/altair_framework/install/altair_interfaces/share/altair_interfaces/cmake/altair_interfaces__rosidl_typesupport_introspection_cppExport-noconfig.cmake
[11.126s] -- Up-to-date: /mnt/c/Users/106no/Documents/GitHub/altair_framework/install/altair_interfaces/share/altair_interfaces/cmake/altair_interfaces__rosidl_typesupport_cppExport.cmake
[11.154s] -- Up-to-date: /mnt/c/Users/106no/Documents/GitHub/altair_framework/install/altair_interfaces/share/altair_interfaces/cmake/altair_interfaces__rosidl_typesupport_cppExport-noconfig.cmake
[11.186s] -- Up-to-date: /mnt/c/Users/106no/Documents/GitHub/altair_framework/install/altair_interfaces/share/altair_interfaces/cmake/export_altair_interfaces__rosidl_generator_pyExport.cmake
[11.206s] -- Up-to-date: /mnt/c/Users/106no/Documents/GitHub/altair_framework/install/altair_interfaces/share/altair_interfaces/cmake/export_altair_interfaces__rosidl_generator_pyExport-noconfig.cmake
[11.221s] -- Up-to-date: /mnt/c/Users/106no/Documents/GitHub/altair_framework/install/altair_interfaces/share/altair_interfaces/cmake/rosidl_cmake-extras.cmake
[11.236s] -- Up-to-date: /mnt/c/Users/106no/Documents/GitHub/altair_framework/install/altair_interfaces/share/altair_interfaces/cmake/ament_cmake_export_include_directories-extras.cmake
[11.251s] -- Up-to-date: /mnt/c/Users/106no/Documents/GitHub/altair_framework/install/altair_interfaces/share/altair_interfaces/cmake/ament_cmake_export_libraries-extras.cmake
[11.267s] -- Up-to-date: /mnt/c/Users/106no/Documents/GitHub/altair_framework/install/altair_interfaces/share/altair_interfaces/cmake/ament_cmake_export_targets-extras.cmake
[11.281s] -- Up-to-date: /mnt/c/Users/106no/Documents/GitHub/altair_framework/install/altair_interfaces/share/altair_interfaces/cmake/rosidl_cmake_export_typesupport_targets-extras.cmake
[11.296s] -- Up-to-date: /mnt/c/Users/106no/Documents/GitHub/altair_framework/install/altair_interfaces/share/altair_interfaces/cmake/ament_cmake_export_dependencies-extras.cmake
[11.311s] -- Up-to-date: /mnt/c/Users/106no/Documents/GitHub/altair_framework/install/altair_interfaces/share/altair_interfaces/cmake/rosidl_cmake_export_typesupport_libraries-extras.cmake
[11.326s] -- Up-to-date: /mnt/c/Users/106no/Documents/GitHub/altair_framework/install/altair_interfaces/share/altair_interfaces/cmake/altair_interfacesConfig.cmake
[11.338s] -- Up-to-date: /mnt/c/Users/106no/Documents/GitHub/altair_framework/install/altair_interfaces/share/altair_interfaces/cmake/altair_interfacesConfig-version.cmake
[11.351s] -- Up-to-date: /mnt/c/Users/106no/Documents/GitHub/altair_framework/install/altair_interfaces/share/altair_interfaces/package.xml
[11.367s] Invoked command in '/mnt/c/Users/106no/Documents/GitHub/altair_framework/build/altair_interfaces' returned '0': CMAKE_PREFIX_PATH=/opt/ros/humble /usr/bin/cmake --install /mnt/c/Users/106no/Documents/GitHub/altair_framework/build/altair_interfaces
