-- The C compiler identification is GNU 11.4.0
-- The CXX compiler identification is GNU 11.4.0
-- Detecting C compiler ABI info
-- Detecting C compiler ABI info - done
-- Check for working C compiler: /usr/bin/cc - skipped
-- Detecting C compile features
-- Detecting C compile features - done
-- Detecting CXX compiler ABI info
-- Detecting CXX compiler ABI info - done
-- Check for working CXX compiler: /usr/bin/c++ - skipped
-- Detecting CXX compile features
-- Detecting CXX compile features - done
-- Found ament_cmake: 1.3.14 (/opt/ros/humble/share/ament_cmake/cmake)
-- Found Python3: /usr/bin/python3 (found version "3.10.12") found components: Interpreter 
-- Found rosidl_default_generators: 1.2.1 (/opt/ros/humble/share/rosidl_default_generators/cmake)
-- Using all available rosidl_typesupport_c: rosidl_typesupport_fastrtps_c;rosidl_typesupport_introspection_c
-- Found rosidl_adapter: 3.1.8 (/opt/ros/humble/share/rosidl_adapter/cmake)
-- Using all available rosidl_typesupport_cpp: rosidl_typesupport_fastrtps_cpp;rosidl_typesupport_introspection_cpp
-- Found ament_cmake_ros: 0.10.0 (/opt/ros/humble/share/ament_cmake_ros/cmake)
-- Using all available rosidl_typesupport_c: rosidl_typesupport_fastrtps_c;rosidl_typesupport_introspection_c
-- Using all available rosidl_typesupport_cpp: rosidl_typesupport_fastrtps_cpp;rosidl_typesupport_introspection_cpp
-- Found PythonInterp: /usr/bin/python3 (found suitable version "3.10.12", minimum required is "3.6") 
-- Found python_cmake_module: 0.10.0 (/opt/ros/humble/share/python_cmake_module/cmake)
-- Found PythonLibs: /usr/lib/x86_64-linux-gnu/libpython3.10.so (found suitable version "3.10.12", minimum required is "3.5") 
-- Using PYTHON_EXECUTABLE: /usr/bin/python3
-- Using PYTHON_INCLUDE_DIRS: /usr/include/python3.10
-- Using PYTHON_LIBRARIES: /usr/lib/x86_64-linux-gnu/libpython3.10.so
-- Found PythonExtra: .so  
-- Configuring done
-- Generating done
-- Build files have been written to: /mnt/c/Users/106no/Documents/GitHub/altair_framework/build/altair_interfaces
[  1%] Generating C code for ROS interfaces
[  2%] Generating Rust code for ROS interfaces
[  2%] Built target ament_cmake_python_copy_altair_interfaces
[  3%] Generating C++ code for ROS interfaces
running egg_info
creating altair_interfaces.egg-info
writing altair_interfaces.egg-info/PKG-INFO
writing dependency_links to altair_interfaces.egg-info/dependency_links.txt
writing top-level names to altair_interfaces.egg-info/top_level.txt
writing manifest file 'altair_interfaces.egg-info/SOURCES.txt'
reading manifest file 'altair_interfaces.egg-info/SOURCES.txt'
writing manifest file 'altair_interfaces.egg-info/SOURCES.txt'
[  3%] Built target ament_cmake_python_build_altair_interfaces_egg
[  3%] Built target altair_interfaces__rs
[  3%] Built target altair_interfaces__cpp
[  5%] Generating C++ type support dispatch for ROS interfaces
[  5%] Generating C++ introspection for ROS interfaces
[  6%] Generating C++ type support for eProsima Fast-RTPS
[  7%] Building C object CMakeFiles/altair_interfaces__rosidl_generator_c.dir/rosidl_generator_c/altair_interfaces/msg/detail/can_status__functions.c.o
[  8%] Building C object CMakeFiles/altair_interfaces__rosidl_generator_c.dir/rosidl_generator_c/altair_interfaces/msg/detail/mdd_feedback__functions.c.o
[  9%] Building C object CMakeFiles/altair_interfaces__rosidl_generator_c.dir/rosidl_generator_c/altair_interfaces/msg/detail/mdd_command__functions.c.o
[ 10%] Building C object CMakeFiles/altair_interfaces__rosidl_generator_c.dir/rosidl_generator_c/altair_interfaces/msg/detail/servo_command__functions.c.o
[ 11%] Building C object CMakeFiles/altair_interfaces__rosidl_generator_c.dir/rosidl_generator_c/altair_interfaces/msg/detail/solenoid_command__functions.c.o
[ 12%] Building C object CMakeFiles/altair_interfaces__rosidl_generator_c.dir/rosidl_generator_c/altair_interfaces/srv/detail/trigger_control__functions.c.o
[ 13%] Building C object CMakeFiles/altair_interfaces__rosidl_generator_c.dir/rosidl_generator_c/altair_interfaces/srv/detail/get_available_ports__functions.c.o
[ 14%] Building C object CMakeFiles/altair_interfaces__rosidl_generator_c.dir/rosidl_generator_c/altair_interfaces/srv/detail/connect_can__functions.c.o
[ 15%] Building C object CMakeFiles/altair_interfaces__rosidl_generator_c.dir/rosidl_generator_c/altair_interfaces/srv/detail/start_behavior__functions.c.o
[ 16%] Linking C shared library libaltair_interfaces__rosidl_generator_c.so
[ 17%] Building CXX object CMakeFiles/altair_interfaces__rosidl_typesupport_cpp.dir/rosidl_typesupport_cpp/altair_interfaces/msg/can_status__type_support.cpp.o
[ 18%] Building CXX object CMakeFiles/altair_interfaces__rosidl_typesupport_cpp.dir/rosidl_typesupport_cpp/altair_interfaces/msg/mdd_feedback__type_support.cpp.o
[ 19%] Building CXX object CMakeFiles/altair_interfaces__rosidl_typesupport_cpp.dir/rosidl_typesupport_cpp/altair_interfaces/msg/mdd_command__type_support.cpp.o
[ 20%] Building CXX object CMakeFiles/altair_interfaces__rosidl_typesupport_cpp.dir/rosidl_typesupport_cpp/altair_interfaces/msg/servo_command__type_support.cpp.o
[ 21%] Building CXX object CMakeFiles/altair_interfaces__rosidl_typesupport_cpp.dir/rosidl_typesupport_cpp/altair_interfaces/msg/solenoid_command__type_support.cpp.o
[ 22%] Building CXX object CMakeFiles/altair_interfaces__rosidl_typesupport_cpp.dir/rosidl_typesupport_cpp/altair_interfaces/srv/trigger_control__type_support.cpp.o
[ 23%] Building CXX object CMakeFiles/altair_interfaces__rosidl_typesupport_cpp.dir/rosidl_typesupport_cpp/altair_interfaces/srv/get_available_ports__type_support.cpp.o
[ 25%] Building CXX object CMakeFiles/altair_interfaces__rosidl_typesupport_cpp.dir/rosidl_typesupport_cpp/altair_interfaces/srv/connect_can__type_support.cpp.o
[ 26%] Building CXX object CMakeFiles/altair_interfaces__rosidl_typesupport_cpp.dir/rosidl_typesupport_cpp/altair_interfaces/srv/start_behavior__type_support.cpp.o
[ 26%] Built target altair_interfaces__rosidl_generator_c
[ 28%] Generating C type support for eProsima Fast-RTPS
[ 28%] Generating C type support dispatch for ROS interfaces
[ 29%] Generating C introspection for ROS interfaces
[ 30%] Building CXX object CMakeFiles/altair_interfaces__rosidl_typesupport_introspection_cpp.dir/rosidl_typesupport_introspection_cpp/altair_interfaces/msg/detail/can_status__type_support.cpp.o
[ 31%] Building CXX object CMakeFiles/altair_interfaces__rosidl_typesupport_introspection_cpp.dir/rosidl_typesupport_introspection_cpp/altair_interfaces/msg/detail/mdd_feedback__type_support.cpp.o
[ 32%] Building CXX object CMakeFiles/altair_interfaces__rosidl_typesupport_introspection_cpp.dir/rosidl_typesupport_introspection_cpp/altair_interfaces/msg/detail/mdd_command__type_support.cpp.o
[ 33%] Building CXX object CMakeFiles/altair_interfaces__rosidl_typesupport_introspection_cpp.dir/rosidl_typesupport_introspection_cpp/altair_interfaces/msg/detail/servo_command__type_support.cpp.o
[ 34%] Building CXX object CMakeFiles/altair_interfaces__rosidl_typesupport_introspection_cpp.dir/rosidl_typesupport_introspection_cpp/altair_interfaces/msg/detail/solenoid_command__type_support.cpp.o
[ 35%] Building CXX object CMakeFiles/altair_interfaces__rosidl_typesupport_introspection_cpp.dir/rosidl_typesupport_introspection_cpp/altair_interfaces/srv/detail/trigger_control__type_support.cpp.o
[ 36%] Building CXX object CMakeFiles/altair_interfaces__rosidl_typesupport_introspection_cpp.dir/rosidl_typesupport_introspection_cpp/altair_interfaces/srv/detail/get_available_ports__type_support.cpp.o
[ 37%] Building CXX object CMakeFiles/altair_interfaces__rosidl_typesupport_introspection_cpp.dir/rosidl_typesupport_introspection_cpp/altair_interfaces/srv/detail/connect_can__type_support.cpp.o
[ 38%] Building CXX object CMakeFiles/altair_interfaces__rosidl_typesupport_introspection_cpp.dir/rosidl_typesupport_introspection_cpp/altair_interfaces/srv/detail/start_behavior__type_support.cpp.o
[ 39%] Linking CXX shared library libaltair_interfaces__rosidl_typesupport_cpp.so
[ 40%] Building CXX object CMakeFiles/altair_interfaces__rosidl_typesupport_fastrtps_cpp.dir/rosidl_typesupport_fastrtps_cpp/altair_interfaces/msg/detail/dds_fastrtps/can_status__type_support.cpp.o
[ 41%] Building CXX object CMakeFiles/altair_interfaces__rosidl_typesupport_fastrtps_cpp.dir/rosidl_typesupport_fastrtps_cpp/altair_interfaces/msg/detail/dds_fastrtps/mdd_feedback__type_support.cpp.o
[ 42%] Building CXX object CMakeFiles/altair_interfaces__rosidl_typesupport_fastrtps_cpp.dir/rosidl_typesupport_fastrtps_cpp/altair_interfaces/msg/detail/dds_fastrtps/mdd_command__type_support.cpp.o
[ 43%] Building CXX object CMakeFiles/altair_interfaces__rosidl_typesupport_fastrtps_cpp.dir/rosidl_typesupport_fastrtps_cpp/altair_interfaces/msg/detail/dds_fastrtps/servo_command__type_support.cpp.o
[ 44%] Building CXX object CMakeFiles/altair_interfaces__rosidl_typesupport_fastrtps_cpp.dir/rosidl_typesupport_fastrtps_cpp/altair_interfaces/msg/detail/dds_fastrtps/solenoid_command__type_support.cpp.o
[ 45%] Building CXX object CMakeFiles/altair_interfaces__rosidl_typesupport_fastrtps_cpp.dir/rosidl_typesupport_fastrtps_cpp/altair_interfaces/srv/detail/dds_fastrtps/trigger_control__type_support.cpp.o
[ 46%] Building CXX object CMakeFiles/altair_interfaces__rosidl_typesupport_fastrtps_cpp.dir/rosidl_typesupport_fastrtps_cpp/altair_interfaces/srv/detail/dds_fastrtps/get_available_ports__type_support.cpp.o
[ 47%] Building CXX object CMakeFiles/altair_interfaces__rosidl_typesupport_fastrtps_cpp.dir/rosidl_typesupport_fastrtps_cpp/altair_interfaces/srv/detail/dds_fastrtps/connect_can__type_support.cpp.o
[ 48%] Building CXX object CMakeFiles/altair_interfaces__rosidl_typesupport_fastrtps_cpp.dir/rosidl_typesupport_fastrtps_cpp/altair_interfaces/srv/detail/dds_fastrtps/start_behavior__type_support.cpp.o
[ 48%] Built target altair_interfaces__rosidl_typesupport_cpp
[ 50%] Linking CXX shared library libaltair_interfaces__rosidl_typesupport_introspection_cpp.so
[ 51%] Building CXX object CMakeFiles/altair_interfaces__rosidl_typesupport_c.dir/rosidl_typesupport_c/altair_interfaces/msg/can_status__type_support.cpp.o
[ 52%] Building CXX object CMakeFiles/altair_interfaces__rosidl_typesupport_c.dir/rosidl_typesupport_c/altair_interfaces/msg/mdd_feedback__type_support.cpp.o
[ 53%] Building CXX object CMakeFiles/altair_interfaces__rosidl_typesupport_c.dir/rosidl_typesupport_c/altair_interfaces/msg/mdd_command__type_support.cpp.o
[ 54%] Building CXX object CMakeFiles/altair_interfaces__rosidl_typesupport_c.dir/rosidl_typesupport_c/altair_interfaces/msg/servo_command__type_support.cpp.o
[ 56%] Building CXX object CMakeFiles/altair_interfaces__rosidl_typesupport_c.dir/rosidl_typesupport_c/altair_interfaces/msg/solenoid_command__type_support.cpp.o
[ 56%] Building CXX object CMakeFiles/altair_interfaces__rosidl_typesupport_c.dir/rosidl_typesupport_c/altair_interfaces/srv/trigger_control__type_support.cpp.o
[ 57%] Building CXX object CMakeFiles/altair_interfaces__rosidl_typesupport_c.dir/rosidl_typesupport_c/altair_interfaces/srv/get_available_ports__type_support.cpp.o
[ 58%] Building CXX object CMakeFiles/altair_interfaces__rosidl_typesupport_c.dir/rosidl_typesupport_c/altair_interfaces/srv/connect_can__type_support.cpp.o
[ 59%] Building CXX object CMakeFiles/altair_interfaces__rosidl_typesupport_c.dir/rosidl_typesupport_c/altair_interfaces/srv/start_behavior__type_support.cpp.o
[ 60%] Building C object CMakeFiles/altair_interfaces__rosidl_typesupport_introspection_c.dir/rosidl_typesupport_introspection_c/altair_interfaces/msg/detail/can_status__type_support.c.o
[ 62%] Linking CXX shared library libaltair_interfaces__rosidl_typesupport_c.so
[ 62%] Building C object CMakeFiles/altair_interfaces__rosidl_typesupport_introspection_c.dir/rosidl_typesupport_introspection_c/altair_interfaces/msg/detail/mdd_feedback__type_support.c.o
[ 63%] Building C object CMakeFiles/altair_interfaces__rosidl_typesupport_introspection_c.dir/rosidl_typesupport_introspection_c/altair_interfaces/msg/detail/mdd_command__type_support.c.o
[ 64%] Building C object CMakeFiles/altair_interfaces__rosidl_typesupport_introspection_c.dir/rosidl_typesupport_introspection_c/altair_interfaces/msg/detail/servo_command__type_support.c.o
[ 65%] Building C object CMakeFiles/altair_interfaces__rosidl_typesupport_introspection_c.dir/rosidl_typesupport_introspection_c/altair_interfaces/msg/detail/solenoid_command__type_support.c.o
[ 66%] Building C object CMakeFiles/altair_interfaces__rosidl_typesupport_introspection_c.dir/rosidl_typesupport_introspection_c/altair_interfaces/srv/detail/trigger_control__type_support.c.o
[ 67%] Building C object CMakeFiles/altair_interfaces__rosidl_typesupport_introspection_c.dir/rosidl_typesupport_introspection_c/altair_interfaces/srv/detail/get_available_ports__type_support.c.o
[ 68%] Building CXX object CMakeFiles/altair_interfaces__rosidl_typesupport_fastrtps_c.dir/rosidl_typesupport_fastrtps_c/altair_interfaces/msg/detail/can_status__type_support_c.cpp.o
[ 69%] Building C object CMakeFiles/altair_interfaces__rosidl_typesupport_introspection_c.dir/rosidl_typesupport_introspection_c/altair_interfaces/srv/detail/connect_can__type_support.c.o
[ 71%] Building C object CMakeFiles/altair_interfaces__rosidl_typesupport_introspection_c.dir/rosidl_typesupport_introspection_c/altair_interfaces/srv/detail/start_behavior__type_support.c.o
[ 71%] Building CXX object CMakeFiles/altair_interfaces__rosidl_typesupport_fastrtps_c.dir/rosidl_typesupport_fastrtps_c/altair_interfaces/msg/detail/mdd_feedback__type_support_c.cpp.o
[ 72%] Building CXX object CMakeFiles/altair_interfaces__rosidl_typesupport_fastrtps_c.dir/rosidl_typesupport_fastrtps_c/altair_interfaces/msg/detail/mdd_command__type_support_c.cpp.o
[ 73%] Building CXX object CMakeFiles/altair_interfaces__rosidl_typesupport_fastrtps_c.dir/rosidl_typesupport_fastrtps_c/altair_interfaces/msg/detail/servo_command__type_support_c.cpp.o
[ 76%] Building CXX object CMakeFiles/altair_interfaces__rosidl_typesupport_fastrtps_c.dir/rosidl_typesupport_fastrtps_c/altair_interfaces/msg/detail/solenoid_command__type_support_c.cpp.o
[ 76%] Building CXX object CMakeFiles/altair_interfaces__rosidl_typesupport_fastrtps_c.dir/rosidl_typesupport_fastrtps_c/altair_interfaces/srv/detail/trigger_control__type_support_c.cpp.o
[ 77%] Building CXX object CMakeFiles/altair_interfaces__rosidl_typesupport_fastrtps_c.dir/rosidl_typesupport_fastrtps_c/altair_interfaces/srv/detail/get_available_ports__type_support_c.cpp.o
[ 78%] Building CXX object CMakeFiles/altair_interfaces__rosidl_typesupport_fastrtps_c.dir/rosidl_typesupport_fastrtps_c/altair_interfaces/srv/detail/connect_can__type_support_c.cpp.o
[ 79%] Building CXX object CMakeFiles/altair_interfaces__rosidl_typesupport_fastrtps_c.dir/rosidl_typesupport_fastrtps_c/altair_interfaces/srv/detail/start_behavior__type_support_c.cpp.o
[ 80%] Linking C shared library libaltair_interfaces__rosidl_typesupport_introspection_c.so
[ 80%] Built target altair_interfaces__rosidl_typesupport_introspection_cpp
[ 81%] Linking CXX shared library libaltair_interfaces__rosidl_typesupport_fastrtps_cpp.so
[ 81%] Built target altair_interfaces__rosidl_typesupport_c
[ 81%] Built target altair_interfaces__rosidl_typesupport_introspection_c
[ 82%] Linking CXX shared library libaltair_interfaces__rosidl_typesupport_fastrtps_c.so
[ 82%] Built target altair_interfaces__rosidl_typesupport_fastrtps_cpp
[ 82%] Built target altair_interfaces__rosidl_typesupport_fastrtps_c
[ 82%] Built target altair_interfaces
[ 83%] Generating Python code for ROS interfaces
[ 83%] Built target altair_interfaces__py
[ 84%] Building C object CMakeFiles/altair_interfaces__rosidl_generator_py.dir/rosidl_generator_py/altair_interfaces/msg/_can_status_s.c.o
[ 85%] Building C object CMakeFiles/altair_interfaces__rosidl_generator_py.dir/rosidl_generator_py/altair_interfaces/msg/_mdd_feedback_s.c.o
[ 86%] Building C object CMakeFiles/altair_interfaces__rosidl_generator_py.dir/rosidl_generator_py/altair_interfaces/msg/_mdd_command_s.c.o
[ 87%] Building C object CMakeFiles/altair_interfaces__rosidl_generator_py.dir/rosidl_generator_py/altair_interfaces/msg/_servo_command_s.c.o
[ 88%] Building C object CMakeFiles/altair_interfaces__rosidl_generator_py.dir/rosidl_generator_py/altair_interfaces/msg/_solenoid_command_s.c.o
[ 89%] Building C object CMakeFiles/altair_interfaces__rosidl_generator_py.dir/rosidl_generator_py/altair_interfaces/srv/_trigger_control_s.c.o
[ 90%] Building C object CMakeFiles/altair_interfaces__rosidl_generator_py.dir/rosidl_generator_py/altair_interfaces/srv/_get_available_ports_s.c.o
[ 91%] Building C object CMakeFiles/altair_interfaces__rosidl_generator_py.dir/rosidl_generator_py/altair_interfaces/srv/_connect_can_s.c.o
[ 92%] Building C object CMakeFiles/altair_interfaces__rosidl_generator_py.dir/rosidl_generator_py/altair_interfaces/srv/_start_behavior_s.c.o
[ 93%] Linking C shared library rosidl_generator_py/altair_interfaces/libaltair_interfaces__rosidl_generator_py.so
[ 93%] Built target altair_interfaces__rosidl_generator_py
[ 95%] Building C object CMakeFiles/altair_interfaces__rosidl_typesupport_introspection_c__pyext.dir/rosidl_generator_py/altair_interfaces/_altair_interfaces_s.ep.rosidl_typesupport_introspection_c.c.o
[ 96%] Building C object CMakeFiles/altair_interfaces__rosidl_typesupport_fastrtps_c__pyext.dir/rosidl_generator_py/altair_interfaces/_altair_interfaces_s.ep.rosidl_typesupport_fastrtps_c.c.o
[ 96%] Building C object CMakeFiles/altair_interfaces__rosidl_typesupport_c__pyext.dir/rosidl_generator_py/altair_interfaces/_altair_interfaces_s.ep.rosidl_typesupport_c.c.o
[ 97%] Linking C shared library rosidl_generator_py/altair_interfaces/altair_interfaces_s__rosidl_typesupport_c.cpython-310-x86_64-linux-gnu.so
[ 98%] Linking C shared library rosidl_generator_py/altair_interfaces/altair_interfaces_s__rosidl_typesupport_introspection_c.cpython-310-x86_64-linux-gnu.so
[100%] Linking C shared library rosidl_generator_py/altair_interfaces/altair_interfaces_s__rosidl_typesupport_fastrtps_c.cpython-310-x86_64-linux-gnu.so
[100%] Built target altair_interfaces__rosidl_typesupport_c__pyext
[100%] Built target altair_interfaces__rosidl_typesupport_introspection_c__pyext
[100%] Built target altair_interfaces__rosidl_typesupport_fastrtps_c__pyext
-- Install configuration: ""
-- Installing: /mnt/c/Users/106no/Documents/GitHub/altair_framework/install/altair_interfaces/share/ament_index/resource_index/rosidl_interfaces/altair_interfaces
-- Installing: /mnt/c/Users/106no/Documents/GitHub/altair_framework/install/altair_interfaces/include/altair_interfaces/altair_interfaces
-- Installing: /mnt/c/Users/106no/Documents/GitHub/altair_framework/install/altair_interfaces/include/altair_interfaces/altair_interfaces/msg
-- Installing: /mnt/c/Users/106no/Documents/GitHub/altair_framework/install/altair_interfaces/include/altair_interfaces/altair_interfaces/msg/can_status.h
-- Installing: /mnt/c/Users/106no/Documents/GitHub/altair_framework/install/altair_interfaces/include/altair_interfaces/altair_interfaces/msg/detail
-- Installing: /mnt/c/Users/106no/Documents/GitHub/altair_framework/install/altair_interfaces/include/altair_interfaces/altair_interfaces/msg/detail/can_status__functions.c
-- Installing: /mnt/c/Users/106no/Documents/GitHub/altair_framework/install/altair_interfaces/include/altair_interfaces/altair_interfaces/msg/detail/can_status__functions.h
-- Installing: /mnt/c/Users/106no/Documents/GitHub/altair_framework/install/altair_interfaces/include/altair_interfaces/altair_interfaces/msg/detail/can_status__struct.h
-- Installing: /mnt/c/Users/106no/Documents/GitHub/altair_framework/install/altair_interfaces/include/altair_interfaces/altair_interfaces/msg/detail/can_status__type_support.h
-- Installing: /mnt/c/Users/106no/Documents/GitHub/altair_framework/install/altair_interfaces/include/altair_interfaces/altair_interfaces/msg/detail/mdd_command__functions.c
-- Installing: /mnt/c/Users/106no/Documents/GitHub/altair_framework/install/altair_interfaces/include/altair_interfaces/altair_interfaces/msg/detail/mdd_command__functions.h
-- Installing: /mnt/c/Users/106no/Documents/GitHub/altair_framework/install/altair_interfaces/include/altair_interfaces/altair_interfaces/msg/detail/mdd_command__struct.h
-- Installing: /mnt/c/Users/106no/Documents/GitHub/altair_framework/install/altair_interfaces/include/altair_interfaces/altair_interfaces/msg/detail/mdd_command__type_support.h
-- Installing: /mnt/c/Users/106no/Documents/GitHub/altair_framework/install/altair_interfaces/include/altair_interfaces/altair_interfaces/msg/detail/mdd_feedback__functions.c
-- Installing: /mnt/c/Users/106no/Documents/GitHub/altair_framework/install/altair_interfaces/include/altair_interfaces/altair_interfaces/msg/detail/mdd_feedback__functions.h
-- Installing: /mnt/c/Users/106no/Documents/GitHub/altair_framework/install/altair_interfaces/include/altair_interfaces/altair_interfaces/msg/detail/mdd_feedback__struct.h
-- Installing: /mnt/c/Users/106no/Documents/GitHub/altair_framework/install/altair_interfaces/include/altair_interfaces/altair_interfaces/msg/detail/mdd_feedback__type_support.h
-- Installing: /mnt/c/Users/106no/Documents/GitHub/altair_framework/install/altair_interfaces/include/altair_interfaces/altair_interfaces/msg/detail/servo_command__functions.c
-- Installing: /mnt/c/Users/106no/Documents/GitHub/altair_framework/install/altair_interfaces/include/altair_interfaces/altair_interfaces/msg/detail/servo_command__functions.h
-- Installing: /mnt/c/Users/106no/Documents/GitHub/altair_framework/install/altair_interfaces/include/altair_interfaces/altair_interfaces/msg/detail/servo_command__struct.h
-- Installing: /mnt/c/Users/106no/Documents/GitHub/altair_framework/install/altair_interfaces/include/altair_interfaces/altair_interfaces/msg/detail/servo_command__type_support.h
-- Installing: /mnt/c/Users/106no/Documents/GitHub/altair_framework/install/altair_interfaces/include/altair_interfaces/altair_interfaces/msg/detail/solenoid_command__functions.c
-- Installing: /mnt/c/Users/106no/Documents/GitHub/altair_framework/install/altair_interfaces/include/altair_interfaces/altair_interfaces/msg/detail/solenoid_command__functions.h
-- Installing: /mnt/c/Users/106no/Documents/GitHub/altair_framework/install/altair_interfaces/include/altair_interfaces/altair_interfaces/msg/detail/solenoid_command__struct.h
-- Installing: /mnt/c/Users/106no/Documents/GitHub/altair_framework/install/altair_interfaces/include/altair_interfaces/altair_interfaces/msg/detail/solenoid_command__type_support.h
-- Installing: /mnt/c/Users/106no/Documents/GitHub/altair_framework/install/altair_interfaces/include/altair_interfaces/altair_interfaces/msg/mdd_command.h
-- Installing: /mnt/c/Users/106no/Documents/GitHub/altair_framework/install/altair_interfaces/include/altair_interfaces/altair_interfaces/msg/mdd_feedback.h
-- Installing: /mnt/c/Users/106no/Documents/GitHub/altair_framework/install/altair_interfaces/include/altair_interfaces/altair_interfaces/msg/rosidl_generator_c__visibility_control.h
-- Installing: /mnt/c/Users/106no/Documents/GitHub/altair_framework/install/altair_interfaces/include/altair_interfaces/altair_interfaces/msg/servo_command.h
-- Installing: /mnt/c/Users/106no/Documents/GitHub/altair_framework/install/altair_interfaces/include/altair_interfaces/altair_interfaces/msg/solenoid_command.h
-- Installing: /mnt/c/Users/106no/Documents/GitHub/altair_framework/install/altair_interfaces/include/altair_interfaces/altair_interfaces/srv
-- Installing: /mnt/c/Users/106no/Documents/GitHub/altair_framework/install/altair_interfaces/include/altair_interfaces/altair_interfaces/srv/connect_can.h
-- Installing: /mnt/c/Users/106no/Documents/GitHub/altair_framework/install/altair_interfaces/include/altair_interfaces/altair_interfaces/srv/detail
-- Installing: /mnt/c/Users/106no/Documents/GitHub/altair_framework/install/altair_interfaces/include/altair_interfaces/altair_interfaces/srv/detail/connect_can__functions.c
-- Installing: /mnt/c/Users/106no/Documents/GitHub/altair_framework/install/altair_interfaces/include/altair_interfaces/altair_interfaces/srv/detail/connect_can__functions.h
-- Installing: /mnt/c/Users/106no/Documents/GitHub/altair_framework/install/altair_interfaces/include/altair_interfaces/altair_interfaces/srv/detail/connect_can__struct.h
-- Installing: /mnt/c/Users/106no/Documents/GitHub/altair_framework/install/altair_interfaces/include/altair_interfaces/altair_interfaces/srv/detail/connect_can__type_support.h
-- Installing: /mnt/c/Users/106no/Documents/GitHub/altair_framework/install/altair_interfaces/include/altair_interfaces/altair_interfaces/srv/detail/get_available_ports__functions.c
-- Installing: /mnt/c/Users/106no/Documents/GitHub/altair_framework/install/altair_interfaces/include/altair_interfaces/altair_interfaces/srv/detail/get_available_ports__functions.h
-- Installing: /mnt/c/Users/106no/Documents/GitHub/altair_framework/install/altair_interfaces/include/altair_interfaces/altair_interfaces/srv/detail/get_available_ports__struct.h
-- Installing: /mnt/c/Users/106no/Documents/GitHub/altair_framework/install/altair_interfaces/include/altair_interfaces/altair_interfaces/srv/detail/get_available_ports__type_support.h
-- Installing: /mnt/c/Users/106no/Documents/GitHub/altair_framework/install/altair_interfaces/include/altair_interfaces/altair_interfaces/srv/detail/start_behavior__functions.c
-- Installing: /mnt/c/Users/106no/Documents/GitHub/altair_framework/install/altair_interfaces/include/altair_interfaces/altair_interfaces/srv/detail/start_behavior__functions.h
-- Installing: /mnt/c/Users/106no/Documents/GitHub/altair_framework/install/altair_interfaces/include/altair_interfaces/altair_interfaces/srv/detail/start_behavior__struct.h
-- Installing: /mnt/c/Users/106no/Documents/GitHub/altair_framework/install/altair_interfaces/include/altair_interfaces/altair_interfaces/srv/detail/start_behavior__type_support.h
-- Installing: /mnt/c/Users/106no/Documents/GitHub/altair_framework/install/altair_interfaces/include/altair_interfaces/altair_interfaces/srv/detail/trigger_control__functions.c
-- Installing: /mnt/c/Users/106no/Documents/GitHub/altair_framework/install/altair_interfaces/include/altair_interfaces/altair_interfaces/srv/detail/trigger_control__functions.h
-- Installing: /mnt/c/Users/106no/Documents/GitHub/altair_framework/install/altair_interfaces/include/altair_interfaces/altair_interfaces/srv/detail/trigger_control__struct.h
-- Installing: /mnt/c/Users/106no/Documents/GitHub/altair_framework/install/altair_interfaces/include/altair_interfaces/altair_interfaces/srv/detail/trigger_control__type_support.h
-- Installing: /mnt/c/Users/106no/Documents/GitHub/altair_framework/install/altair_interfaces/include/altair_interfaces/altair_interfaces/srv/get_available_ports.h
-- Installing: /mnt/c/Users/106no/Documents/GitHub/altair_framework/install/altair_interfaces/include/altair_interfaces/altair_interfaces/srv/start_behavior.h
-- Installing: /mnt/c/Users/106no/Documents/GitHub/altair_framework/install/altair_interfaces/include/altair_interfaces/altair_interfaces/srv/trigger_control.h
-- Installing: /mnt/c/Users/106no/Documents/GitHub/altair_framework/install/altair_interfaces/share/altair_interfaces/environment/library_path.sh
-- Installing: /mnt/c/Users/106no/Documents/GitHub/altair_framework/install/altair_interfaces/share/altair_interfaces/environment/library_path.dsv
-- Installing: /mnt/c/Users/106no/Documents/GitHub/altair_framework/install/altair_interfaces/lib/libaltair_interfaces__rosidl_generator_c.so
-- Set runtime path of "/mnt/c/Users/106no/Documents/GitHub/altair_framework/install/altair_interfaces/lib/libaltair_interfaces__rosidl_generator_c.so" to ""
-- Up-to-date: /mnt/c/Users/106no/Documents/GitHub/altair_framework/install/altair_interfaces/include/altair_interfaces/altair_interfaces
-- Up-to-date: /mnt/c/Users/106no/Documents/GitHub/altair_framework/install/altair_interfaces/include/altair_interfaces/altair_interfaces/msg
-- Up-to-date: /mnt/c/Users/106no/Documents/GitHub/altair_framework/install/altair_interfaces/include/altair_interfaces/altair_interfaces/msg/detail
-- Installing: /mnt/c/Users/106no/Documents/GitHub/altair_framework/install/altair_interfaces/include/altair_interfaces/altair_interfaces/msg/detail/can_status__rosidl_typesupport_fastrtps_c.h
-- Installing: /mnt/c/Users/106no/Documents/GitHub/altair_framework/install/altair_interfaces/include/altair_interfaces/altair_interfaces/msg/detail/mdd_command__rosidl_typesupport_fastrtps_c.h
-- Installing: /mnt/c/Users/106no/Documents/GitHub/altair_framework/install/altair_interfaces/include/altair_interfaces/altair_interfaces/msg/detail/mdd_feedback__rosidl_typesupport_fastrtps_c.h
-- Installing: /mnt/c/Users/106no/Documents/GitHub/altair_framework/install/altair_interfaces/include/altair_interfaces/altair_interfaces/msg/detail/servo_command__rosidl_typesupport_fastrtps_c.h
-- Installing: /mnt/c/Users/106no/Documents/GitHub/altair_framework/install/altair_interfaces/include/altair_interfaces/altair_interfaces/msg/detail/solenoid_command__rosidl_typesupport_fastrtps_c.h
-- Installing: /mnt/c/Users/106no/Documents/GitHub/altair_framework/install/altair_interfaces/include/altair_interfaces/altair_interfaces/msg/rosidl_typesupport_fastrtps_c__visibility_control.h
-- Up-to-date: /mnt/c/Users/106no/Documents/GitHub/altair_framework/install/altair_interfaces/include/altair_interfaces/altair_interfaces/srv
-- Up-to-date: /mnt/c/Users/106no/Documents/GitHub/altair_framework/install/altair_interfaces/include/altair_interfaces/altair_interfaces/srv/detail
-- Installing: /mnt/c/Users/106no/Documents/GitHub/altair_framework/install/altair_interfaces/include/altair_interfaces/altair_interfaces/srv/detail/connect_can__rosidl_typesupport_fastrtps_c.h
-- Installing: /mnt/c/Users/106no/Documents/GitHub/altair_framework/install/altair_interfaces/include/altair_interfaces/altair_interfaces/srv/detail/get_available_ports__rosidl_typesupport_fastrtps_c.h
-- Installing: /mnt/c/Users/106no/Documents/GitHub/altair_framework/install/altair_interfaces/include/altair_interfaces/altair_interfaces/srv/detail/start_behavior__rosidl_typesupport_fastrtps_c.h
-- Installing: /mnt/c/Users/106no/Documents/GitHub/altair_framework/install/altair_interfaces/include/altair_interfaces/altair_interfaces/srv/detail/trigger_control__rosidl_typesupport_fastrtps_c.h
-- Installing: /mnt/c/Users/106no/Documents/GitHub/altair_framework/install/altair_interfaces/lib/libaltair_interfaces__rosidl_typesupport_fastrtps_c.so
-- Set runtime path of "/mnt/c/Users/106no/Documents/GitHub/altair_framework/install/altair_interfaces/lib/libaltair_interfaces__rosidl_typesupport_fastrtps_c.so" to ""
-- Up-to-date: /mnt/c/Users/106no/Documents/GitHub/altair_framework/install/altair_interfaces/include/altair_interfaces/altair_interfaces
-- Up-to-date: /mnt/c/Users/106no/Documents/GitHub/altair_framework/install/altair_interfaces/include/altair_interfaces/altair_interfaces/msg
-- Up-to-date: /mnt/c/Users/106no/Documents/GitHub/altair_framework/install/altair_interfaces/include/altair_interfaces/altair_interfaces/msg/detail
-- Installing: /mnt/c/Users/106no/Documents/GitHub/altair_framework/install/altair_interfaces/include/altair_interfaces/altair_interfaces/msg/detail/can_status__rosidl_typesupport_introspection_c.h
-- Installing: /mnt/c/Users/106no/Documents/GitHub/altair_framework/install/altair_interfaces/include/altair_interfaces/altair_interfaces/msg/detail/can_status__type_support.c
-- Installing: /mnt/c/Users/106no/Documents/GitHub/altair_framework/install/altair_interfaces/include/altair_interfaces/altair_interfaces/msg/detail/mdd_command__rosidl_typesupport_introspection_c.h
-- Installing: /mnt/c/Users/106no/Documents/GitHub/altair_framework/install/altair_interfaces/include/altair_interfaces/altair_interfaces/msg/detail/mdd_command__type_support.c
-- Installing: /mnt/c/Users/106no/Documents/GitHub/altair_framework/install/altair_interfaces/include/altair_interfaces/altair_interfaces/msg/detail/mdd_feedback__rosidl_typesupport_introspection_c.h
-- Installing: /mnt/c/Users/106no/Documents/GitHub/altair_framework/install/altair_interfaces/include/altair_interfaces/altair_interfaces/msg/detail/mdd_feedback__type_support.c
-- Installing: /mnt/c/Users/106no/Documents/GitHub/altair_framework/install/altair_interfaces/include/altair_interfaces/altair_interfaces/msg/detail/servo_command__rosidl_typesupport_introspection_c.h
-- Installing: /mnt/c/Users/106no/Documents/GitHub/altair_framework/install/altair_interfaces/include/altair_interfaces/altair_interfaces/msg/detail/servo_command__type_support.c
-- Installing: /mnt/c/Users/106no/Documents/GitHub/altair_framework/install/altair_interfaces/include/altair_interfaces/altair_interfaces/msg/detail/solenoid_command__rosidl_typesupport_introspection_c.h
-- Installing: /mnt/c/Users/106no/Documents/GitHub/altair_framework/install/altair_interfaces/include/altair_interfaces/altair_interfaces/msg/detail/solenoid_command__type_support.c
-- Installing: /mnt/c/Users/106no/Documents/GitHub/altair_framework/install/altair_interfaces/include/altair_interfaces/altair_interfaces/msg/rosidl_typesupport_introspection_c__visibility_control.h
-- Up-to-date: /mnt/c/Users/106no/Documents/GitHub/altair_framework/install/altair_interfaces/include/altair_interfaces/altair_interfaces/srv
-- Up-to-date: /mnt/c/Users/106no/Documents/GitHub/altair_framework/install/altair_interfaces/include/altair_interfaces/altair_interfaces/srv/detail
-- Installing: /mnt/c/Users/106no/Documents/GitHub/altair_framework/install/altair_interfaces/include/altair_interfaces/altair_interfaces/srv/detail/connect_can__rosidl_typesupport_introspection_c.h
-- Installing: /mnt/c/Users/106no/Documents/GitHub/altair_framework/install/altair_interfaces/include/altair_interfaces/altair_interfaces/srv/detail/connect_can__type_support.c
-- Installing: /mnt/c/Users/106no/Documents/GitHub/altair_framework/install/altair_interfaces/include/altair_interfaces/altair_interfaces/srv/detail/get_available_ports__rosidl_typesupport_introspection_c.h
-- Installing: /mnt/c/Users/106no/Documents/GitHub/altair_framework/install/altair_interfaces/include/altair_interfaces/altair_interfaces/srv/detail/get_available_ports__type_support.c
-- Installing: /mnt/c/Users/106no/Documents/GitHub/altair_framework/install/altair_interfaces/include/altair_interfaces/altair_interfaces/srv/detail/start_behavior__rosidl_typesupport_introspection_c.h
-- Installing: /mnt/c/Users/106no/Documents/GitHub/altair_framework/install/altair_interfaces/include/altair_interfaces/altair_interfaces/srv/detail/start_behavior__type_support.c
-- Installing: /mnt/c/Users/106no/Documents/GitHub/altair_framework/install/altair_interfaces/include/altair_interfaces/altair_interfaces/srv/detail/trigger_control__rosidl_typesupport_introspection_c.h
-- Installing: /mnt/c/Users/106no/Documents/GitHub/altair_framework/install/altair_interfaces/include/altair_interfaces/altair_interfaces/srv/detail/trigger_control__type_support.c
-- Installing: /mnt/c/Users/106no/Documents/GitHub/altair_framework/install/altair_interfaces/lib/libaltair_interfaces__rosidl_typesupport_introspection_c.so
-- Set runtime path of "/mnt/c/Users/106no/Documents/GitHub/altair_framework/install/altair_interfaces/lib/libaltair_interfaces__rosidl_typesupport_introspection_c.so" to ""
-- Installing: /mnt/c/Users/106no/Documents/GitHub/altair_framework/install/altair_interfaces/lib/libaltair_interfaces__rosidl_typesupport_c.so
-- Set runtime path of "/mnt/c/Users/106no/Documents/GitHub/altair_framework/install/altair_interfaces/lib/libaltair_interfaces__rosidl_typesupport_c.so" to ""
-- Up-to-date: /mnt/c/Users/106no/Documents/GitHub/altair_framework/install/altair_interfaces/include/altair_interfaces/altair_interfaces
-- Up-to-date: /mnt/c/Users/106no/Documents/GitHub/altair_framework/install/altair_interfaces/include/altair_interfaces/altair_interfaces/msg
-- Installing: /mnt/c/Users/106no/Documents/GitHub/altair_framework/install/altair_interfaces/include/altair_interfaces/altair_interfaces/msg/can_status.hpp
-- Up-to-date: /mnt/c/Users/106no/Documents/GitHub/altair_framework/install/altair_interfaces/include/altair_interfaces/altair_interfaces/msg/detail
-- Installing: /mnt/c/Users/106no/Documents/GitHub/altair_framework/install/altair_interfaces/include/altair_interfaces/altair_interfaces/msg/detail/can_status__builder.hpp
-- Installing: /mnt/c/Users/106no/Documents/GitHub/altair_framework/install/altair_interfaces/include/altair_interfaces/altair_interfaces/msg/detail/can_status__struct.hpp
-- Installing: /mnt/c/Users/106no/Documents/GitHub/altair_framework/install/altair_interfaces/include/altair_interfaces/altair_interfaces/msg/detail/can_status__traits.hpp
-- Installing: /mnt/c/Users/106no/Documents/GitHub/altair_framework/install/altair_interfaces/include/altair_interfaces/altair_interfaces/msg/detail/can_status__type_support.hpp
-- Installing: /mnt/c/Users/106no/Documents/GitHub/altair_framework/install/altair_interfaces/include/altair_interfaces/altair_interfaces/msg/detail/mdd_command__builder.hpp
-- Installing: /mnt/c/Users/106no/Documents/GitHub/altair_framework/install/altair_interfaces/include/altair_interfaces/altair_interfaces/msg/detail/mdd_command__struct.hpp
-- Installing: /mnt/c/Users/106no/Documents/GitHub/altair_framework/install/altair_interfaces/include/altair_interfaces/altair_interfaces/msg/detail/mdd_command__traits.hpp
-- Installing: /mnt/c/Users/106no/Documents/GitHub/altair_framework/install/altair_interfaces/include/altair_interfaces/altair_interfaces/msg/detail/mdd_command__type_support.hpp
-- Installing: /mnt/c/Users/106no/Documents/GitHub/altair_framework/install/altair_interfaces/include/altair_interfaces/altair_interfaces/msg/detail/mdd_feedback__builder.hpp
-- Installing: /mnt/c/Users/106no/Documents/GitHub/altair_framework/install/altair_interfaces/include/altair_interfaces/altair_interfaces/msg/detail/mdd_feedback__struct.hpp
-- Installing: /mnt/c/Users/106no/Documents/GitHub/altair_framework/install/altair_interfaces/include/altair_interfaces/altair_interfaces/msg/detail/mdd_feedback__traits.hpp
-- Installing: /mnt/c/Users/106no/Documents/GitHub/altair_framework/install/altair_interfaces/include/altair_interfaces/altair_interfaces/msg/detail/mdd_feedback__type_support.hpp
-- Installing: /mnt/c/Users/106no/Documents/GitHub/altair_framework/install/altair_interfaces/include/altair_interfaces/altair_interfaces/msg/detail/servo_command__builder.hpp
-- Installing: /mnt/c/Users/106no/Documents/GitHub/altair_framework/install/altair_interfaces/include/altair_interfaces/altair_interfaces/msg/detail/servo_command__struct.hpp
-- Installing: /mnt/c/Users/106no/Documents/GitHub/altair_framework/install/altair_interfaces/include/altair_interfaces/altair_interfaces/msg/detail/servo_command__traits.hpp
-- Installing: /mnt/c/Users/106no/Documents/GitHub/altair_framework/install/altair_interfaces/include/altair_interfaces/altair_interfaces/msg/detail/servo_command__type_support.hpp
-- Installing: /mnt/c/Users/106no/Documents/GitHub/altair_framework/install/altair_interfaces/include/altair_interfaces/altair_interfaces/msg/detail/solenoid_command__builder.hpp
-- Installing: /mnt/c/Users/106no/Documents/GitHub/altair_framework/install/altair_interfaces/include/altair_interfaces/altair_interfaces/msg/detail/solenoid_command__struct.hpp
-- Installing: /mnt/c/Users/106no/Documents/GitHub/altair_framework/install/altair_interfaces/include/altair_interfaces/altair_interfaces/msg/detail/solenoid_command__traits.hpp
-- Installing: /mnt/c/Users/106no/Documents/GitHub/altair_framework/install/altair_interfaces/include/altair_interfaces/altair_interfaces/msg/detail/solenoid_command__type_support.hpp
-- Installing: /mnt/c/Users/106no/Documents/GitHub/altair_framework/install/altair_interfaces/include/altair_interfaces/altair_interfaces/msg/mdd_command.hpp
-- Installing: /mnt/c/Users/106no/Documents/GitHub/altair_framework/install/altair_interfaces/include/altair_interfaces/altair_interfaces/msg/mdd_feedback.hpp
-- Installing: /mnt/c/Users/106no/Documents/GitHub/altair_framework/install/altair_interfaces/include/altair_interfaces/altair_interfaces/msg/rosidl_generator_cpp__visibility_control.hpp
-- Installing: /mnt/c/Users/106no/Documents/GitHub/altair_framework/install/altair_interfaces/include/altair_interfaces/altair_interfaces/msg/servo_command.hpp
-- Installing: /mnt/c/Users/106no/Documents/GitHub/altair_framework/install/altair_interfaces/include/altair_interfaces/altair_interfaces/msg/solenoid_command.hpp
-- Up-to-date: /mnt/c/Users/106no/Documents/GitHub/altair_framework/install/altair_interfaces/include/altair_interfaces/altair_interfaces/srv
-- Installing: /mnt/c/Users/106no/Documents/GitHub/altair_framework/install/altair_interfaces/include/altair_interfaces/altair_interfaces/srv/connect_can.hpp
-- Up-to-date: /mnt/c/Users/106no/Documents/GitHub/altair_framework/install/altair_interfaces/include/altair_interfaces/altair_interfaces/srv/detail
-- Installing: /mnt/c/Users/106no/Documents/GitHub/altair_framework/install/altair_interfaces/include/altair_interfaces/altair_interfaces/srv/detail/connect_can__builder.hpp
-- Installing: /mnt/c/Users/106no/Documents/GitHub/altair_framework/install/altair_interfaces/include/altair_interfaces/altair_interfaces/srv/detail/connect_can__struct.hpp
-- Installing: /mnt/c/Users/106no/Documents/GitHub/altair_framework/install/altair_interfaces/include/altair_interfaces/altair_interfaces/srv/detail/connect_can__traits.hpp
-- Installing: /mnt/c/Users/106no/Documents/GitHub/altair_framework/install/altair_interfaces/include/altair_interfaces/altair_interfaces/srv/detail/connect_can__type_support.hpp
-- Installing: /mnt/c/Users/106no/Documents/GitHub/altair_framework/install/altair_interfaces/include/altair_interfaces/altair_interfaces/srv/detail/get_available_ports__builder.hpp
-- Installing: /mnt/c/Users/106no/Documents/GitHub/altair_framework/install/altair_interfaces/include/altair_interfaces/altair_interfaces/srv/detail/get_available_ports__struct.hpp
-- Installing: /mnt/c/Users/106no/Documents/GitHub/altair_framework/install/altair_interfaces/include/altair_interfaces/altair_interfaces/srv/detail/get_available_ports__traits.hpp
-- Installing: /mnt/c/Users/106no/Documents/GitHub/altair_framework/install/altair_interfaces/include/altair_interfaces/altair_interfaces/srv/detail/get_available_ports__type_support.hpp
-- Installing: /mnt/c/Users/106no/Documents/GitHub/altair_framework/install/altair_interfaces/include/altair_interfaces/altair_interfaces/srv/detail/start_behavior__builder.hpp
-- Installing: /mnt/c/Users/106no/Documents/GitHub/altair_framework/install/altair_interfaces/include/altair_interfaces/altair_interfaces/srv/detail/start_behavior__struct.hpp
-- Installing: /mnt/c/Users/106no/Documents/GitHub/altair_framework/install/altair_interfaces/include/altair_interfaces/altair_interfaces/srv/detail/start_behavior__traits.hpp
-- Installing: /mnt/c/Users/106no/Documents/GitHub/altair_framework/install/altair_interfaces/include/altair_interfaces/altair_interfaces/srv/detail/start_behavior__type_support.hpp
-- Installing: /mnt/c/Users/106no/Documents/GitHub/altair_framework/install/altair_interfaces/include/altair_interfaces/altair_interfaces/srv/detail/trigger_control__builder.hpp
-- Installing: /mnt/c/Users/106no/Documents/GitHub/altair_framework/install/altair_interfaces/include/altair_interfaces/altair_interfaces/srv/detail/trigger_control__struct.hpp
-- Installing: /mnt/c/Users/106no/Documents/GitHub/altair_framework/install/altair_interfaces/include/altair_interfaces/altair_interfaces/srv/detail/trigger_control__traits.hpp
-- Installing: /mnt/c/Users/106no/Documents/GitHub/altair_framework/install/altair_interfaces/include/altair_interfaces/altair_interfaces/srv/detail/trigger_control__type_support.hpp
-- Installing: /mnt/c/Users/106no/Documents/GitHub/altair_framework/install/altair_interfaces/include/altair_interfaces/altair_interfaces/srv/get_available_ports.hpp
-- Installing: /mnt/c/Users/106no/Documents/GitHub/altair_framework/install/altair_interfaces/include/altair_interfaces/altair_interfaces/srv/start_behavior.hpp
-- Installing: /mnt/c/Users/106no/Documents/GitHub/altair_framework/install/altair_interfaces/include/altair_interfaces/altair_interfaces/srv/trigger_control.hpp
-- Up-to-date: /mnt/c/Users/106no/Documents/GitHub/altair_framework/install/altair_interfaces/include/altair_interfaces/altair_interfaces
-- Up-to-date: /mnt/c/Users/106no/Documents/GitHub/altair_framework/install/altair_interfaces/include/altair_interfaces/altair_interfaces/msg
-- Up-to-date: /mnt/c/Users/106no/Documents/GitHub/altair_framework/install/altair_interfaces/include/altair_interfaces/altair_interfaces/msg/detail
-- Installing: /mnt/c/Users/106no/Documents/GitHub/altair_framework/install/altair_interfaces/include/altair_interfaces/altair_interfaces/msg/detail/can_status__rosidl_typesupport_fastrtps_cpp.hpp
-- Installing: /mnt/c/Users/106no/Documents/GitHub/altair_framework/install/altair_interfaces/include/altair_interfaces/altair_interfaces/msg/detail/dds_fastrtps
-- Installing: /mnt/c/Users/106no/Documents/GitHub/altair_framework/install/altair_interfaces/include/altair_interfaces/altair_interfaces/msg/detail/mdd_command__rosidl_typesupport_fastrtps_cpp.hpp
-- Installing: /mnt/c/Users/106no/Documents/GitHub/altair_framework/install/altair_interfaces/include/altair_interfaces/altair_interfaces/msg/detail/mdd_feedback__rosidl_typesupport_fastrtps_cpp.hpp
-- Installing: /mnt/c/Users/106no/Documents/GitHub/altair_framework/install/altair_interfaces/include/altair_interfaces/altair_interfaces/msg/detail/servo_command__rosidl_typesupport_fastrtps_cpp.hpp
-- Installing: /mnt/c/Users/106no/Documents/GitHub/altair_framework/install/altair_interfaces/include/altair_interfaces/altair_interfaces/msg/detail/solenoid_command__rosidl_typesupport_fastrtps_cpp.hpp
-- Installing: /mnt/c/Users/106no/Documents/GitHub/altair_framework/install/altair_interfaces/include/altair_interfaces/altair_interfaces/msg/rosidl_typesupport_fastrtps_cpp__visibility_control.h
-- Up-to-date: /mnt/c/Users/106no/Documents/GitHub/altair_framework/install/altair_interfaces/include/altair_interfaces/altair_interfaces/srv
-- Up-to-date: /mnt/c/Users/106no/Documents/GitHub/altair_framework/install/altair_interfaces/include/altair_interfaces/altair_interfaces/srv/detail
-- Installing: /mnt/c/Users/106no/Documents/GitHub/altair_framework/install/altair_interfaces/include/altair_interfaces/altair_interfaces/srv/detail/connect_can__rosidl_typesupport_fastrtps_cpp.hpp
-- Installing: /mnt/c/Users/106no/Documents/GitHub/altair_framework/install/altair_interfaces/include/altair_interfaces/altair_interfaces/srv/detail/dds_fastrtps
-- Installing: /mnt/c/Users/106no/Documents/GitHub/altair_framework/install/altair_interfaces/include/altair_interfaces/altair_interfaces/srv/detail/get_available_ports__rosidl_typesupport_fastrtps_cpp.hpp
-- Installing: /mnt/c/Users/106no/Documents/GitHub/altair_framework/install/altair_interfaces/include/altair_interfaces/altair_interfaces/srv/detail/start_behavior__rosidl_typesupport_fastrtps_cpp.hpp
-- Installing: /mnt/c/Users/106no/Documents/GitHub/altair_framework/install/altair_interfaces/include/altair_interfaces/altair_interfaces/srv/detail/trigger_control__rosidl_typesupport_fastrtps_cpp.hpp
-- Installing: /mnt/c/Users/106no/Documents/GitHub/altair_framework/install/altair_interfaces/lib/libaltair_interfaces__rosidl_typesupport_fastrtps_cpp.so
-- Set runtime path of "/mnt/c/Users/106no/Documents/GitHub/altair_framework/install/altair_interfaces/lib/libaltair_interfaces__rosidl_typesupport_fastrtps_cpp.so" to ""
-- Up-to-date: /mnt/c/Users/106no/Documents/GitHub/altair_framework/install/altair_interfaces/include/altair_interfaces/altair_interfaces
-- Up-to-date: /mnt/c/Users/106no/Documents/GitHub/altair_framework/install/altair_interfaces/include/altair_interfaces/altair_interfaces/msg
-- Up-to-date: /mnt/c/Users/106no/Documents/GitHub/altair_framework/install/altair_interfaces/include/altair_interfaces/altair_interfaces/msg/detail
-- Installing: /mnt/c/Users/106no/Documents/GitHub/altair_framework/install/altair_interfaces/include/altair_interfaces/altair_interfaces/msg/detail/can_status__rosidl_typesupport_introspection_cpp.hpp
-- Installing: /mnt/c/Users/106no/Documents/GitHub/altair_framework/install/altair_interfaces/include/altair_interfaces/altair_interfaces/msg/detail/can_status__type_support.cpp
-- Installing: /mnt/c/Users/106no/Documents/GitHub/altair_framework/install/altair_interfaces/include/altair_interfaces/altair_interfaces/msg/detail/mdd_command__rosidl_typesupport_introspection_cpp.hpp
-- Installing: /mnt/c/Users/106no/Documents/GitHub/altair_framework/install/altair_interfaces/include/altair_interfaces/altair_interfaces/msg/detail/mdd_command__type_support.cpp
-- Installing: /mnt/c/Users/106no/Documents/GitHub/altair_framework/install/altair_interfaces/include/altair_interfaces/altair_interfaces/msg/detail/mdd_feedback__rosidl_typesupport_introspection_cpp.hpp
-- Installing: /mnt/c/Users/106no/Documents/GitHub/altair_framework/install/altair_interfaces/include/altair_interfaces/altair_interfaces/msg/detail/mdd_feedback__type_support.cpp
-- Installing: /mnt/c/Users/106no/Documents/GitHub/altair_framework/install/altair_interfaces/include/altair_interfaces/altair_interfaces/msg/detail/servo_command__rosidl_typesupport_introspection_cpp.hpp
-- Installing: /mnt/c/Users/106no/Documents/GitHub/altair_framework/install/altair_interfaces/include/altair_interfaces/altair_interfaces/msg/detail/servo_command__type_support.cpp
-- Installing: /mnt/c/Users/106no/Documents/GitHub/altair_framework/install/altair_interfaces/include/altair_interfaces/altair_interfaces/msg/detail/solenoid_command__rosidl_typesupport_introspection_cpp.hpp
-- Installing: /mnt/c/Users/106no/Documents/GitHub/altair_framework/install/altair_interfaces/include/altair_interfaces/altair_interfaces/msg/detail/solenoid_command__type_support.cpp
-- Up-to-date: /mnt/c/Users/106no/Documents/GitHub/altair_framework/install/altair_interfaces/include/altair_interfaces/altair_interfaces/srv
-- Up-to-date: /mnt/c/Users/106no/Documents/GitHub/altair_framework/install/altair_interfaces/include/altair_interfaces/altair_interfaces/srv/detail
-- Installing: /mnt/c/Users/106no/Documents/GitHub/altair_framework/install/altair_interfaces/include/altair_interfaces/altair_interfaces/srv/detail/connect_can__rosidl_typesupport_introspection_cpp.hpp
-- Installing: /mnt/c/Users/106no/Documents/GitHub/altair_framework/install/altair_interfaces/include/altair_interfaces/altair_interfaces/srv/detail/connect_can__type_support.cpp
-- Installing: /mnt/c/Users/106no/Documents/GitHub/altair_framework/install/altair_interfaces/include/altair_interfaces/altair_interfaces/srv/detail/get_available_ports__rosidl_typesupport_introspection_cpp.hpp
-- Installing: /mnt/c/Users/106no/Documents/GitHub/altair_framework/install/altair_interfaces/include/altair_interfaces/altair_interfaces/srv/detail/get_available_ports__type_support.cpp
-- Installing: /mnt/c/Users/106no/Documents/GitHub/altair_framework/install/altair_interfaces/include/altair_interfaces/altair_interfaces/srv/detail/start_behavior__rosidl_typesupport_introspection_cpp.hpp
-- Installing: /mnt/c/Users/106no/Documents/GitHub/altair_framework/install/altair_interfaces/include/altair_interfaces/altair_interfaces/srv/detail/start_behavior__type_support.cpp
-- Installing: /mnt/c/Users/106no/Documents/GitHub/altair_framework/install/altair_interfaces/include/altair_interfaces/altair_interfaces/srv/detail/trigger_control__rosidl_typesupport_introspection_cpp.hpp
-- Installing: /mnt/c/Users/106no/Documents/GitHub/altair_framework/install/altair_interfaces/include/altair_interfaces/altair_interfaces/srv/detail/trigger_control__type_support.cpp
-- Installing: /mnt/c/Users/106no/Documents/GitHub/altair_framework/install/altair_interfaces/lib/libaltair_interfaces__rosidl_typesupport_introspection_cpp.so
-- Set runtime path of "/mnt/c/Users/106no/Documents/GitHub/altair_framework/install/altair_interfaces/lib/libaltair_interfaces__rosidl_typesupport_introspection_cpp.so" to ""
-- Installing: /mnt/c/Users/106no/Documents/GitHub/altair_framework/install/altair_interfaces/lib/libaltair_interfaces__rosidl_typesupport_cpp.so
-- Set runtime path of "/mnt/c/Users/106no/Documents/GitHub/altair_framework/install/altair_interfaces/lib/libaltair_interfaces__rosidl_typesupport_cpp.so" to ""
-- Installing: /mnt/c/Users/106no/Documents/GitHub/altair_framework/install/altair_interfaces/share/altair_interfaces/environment/pythonpath.sh
-- Installing: /mnt/c/Users/106no/Documents/GitHub/altair_framework/install/altair_interfaces/share/altair_interfaces/environment/pythonpath.dsv
-- Installing: /mnt/c/Users/106no/Documents/GitHub/altair_framework/install/altair_interfaces/local/lib/python3.10/dist-packages/altair_interfaces-1.0.0-py3.10.egg-info
-- Installing: /mnt/c/Users/106no/Documents/GitHub/altair_framework/install/altair_interfaces/local/lib/python3.10/dist-packages/altair_interfaces-1.0.0-py3.10.egg-info/dependency_links.txt
-- Installing: /mnt/c/Users/106no/Documents/GitHub/altair_framework/install/altair_interfaces/local/lib/python3.10/dist-packages/altair_interfaces-1.0.0-py3.10.egg-info/PKG-INFO
-- Installing: /mnt/c/Users/106no/Documents/GitHub/altair_framework/install/altair_interfaces/local/lib/python3.10/dist-packages/altair_interfaces-1.0.0-py3.10.egg-info/SOURCES.txt
-- Installing: /mnt/c/Users/106no/Documents/GitHub/altair_framework/install/altair_interfaces/local/lib/python3.10/dist-packages/altair_interfaces-1.0.0-py3.10.egg-info/top_level.txt
-- Installing: /mnt/c/Users/106no/Documents/GitHub/altair_framework/install/altair_interfaces/local/lib/python3.10/dist-packages/altair_interfaces
-- Installing: /mnt/c/Users/106no/Documents/GitHub/altair_framework/install/altair_interfaces/local/lib/python3.10/dist-packages/altair_interfaces/altair_interfaces_s__rosidl_typesupport_c.cpython-310-x86_64-linux-gnu.so
-- Installing: /mnt/c/Users/106no/Documents/GitHub/altair_framework/install/altair_interfaces/local/lib/python3.10/dist-packages/altair_interfaces/altair_interfaces_s__rosidl_typesupport_fastrtps_c.cpython-310-x86_64-linux-gnu.so
-- Installing: /mnt/c/Users/106no/Documents/GitHub/altair_framework/install/altair_interfaces/local/lib/python3.10/dist-packages/altair_interfaces/altair_interfaces_s__rosidl_typesupport_introspection_c.cpython-310-x86_64-linux-gnu.so
-- Installing: /mnt/c/Users/106no/Documents/GitHub/altair_framework/install/altair_interfaces/local/lib/python3.10/dist-packages/altair_interfaces/libaltair_interfaces__rosidl_generator_py.so
-- Installing: /mnt/c/Users/106no/Documents/GitHub/altair_framework/install/altair_interfaces/local/lib/python3.10/dist-packages/altair_interfaces/msg
-- Installing: /mnt/c/Users/106no/Documents/GitHub/altair_framework/install/altair_interfaces/local/lib/python3.10/dist-packages/altair_interfaces/msg/_can_status.py
-- Installing: /mnt/c/Users/106no/Documents/GitHub/altair_framework/install/altair_interfaces/local/lib/python3.10/dist-packages/altair_interfaces/msg/_can_status_s.c
-- Installing: /mnt/c/Users/106no/Documents/GitHub/altair_framework/install/altair_interfaces/local/lib/python3.10/dist-packages/altair_interfaces/msg/_mdd_command.py
-- Installing: /mnt/c/Users/106no/Documents/GitHub/altair_framework/install/altair_interfaces/local/lib/python3.10/dist-packages/altair_interfaces/msg/_mdd_command_s.c
-- Installing: /mnt/c/Users/106no/Documents/GitHub/altair_framework/install/altair_interfaces/local/lib/python3.10/dist-packages/altair_interfaces/msg/_mdd_feedback.py
-- Installing: /mnt/c/Users/106no/Documents/GitHub/altair_framework/install/altair_interfaces/local/lib/python3.10/dist-packages/altair_interfaces/msg/_mdd_feedback_s.c
-- Installing: /mnt/c/Users/106no/Documents/GitHub/altair_framework/install/altair_interfaces/local/lib/python3.10/dist-packages/altair_interfaces/msg/_servo_command.py
-- Installing: /mnt/c/Users/106no/Documents/GitHub/altair_framework/install/altair_interfaces/local/lib/python3.10/dist-packages/altair_interfaces/msg/_servo_command_s.c
-- Installing: /mnt/c/Users/106no/Documents/GitHub/altair_framework/install/altair_interfaces/local/lib/python3.10/dist-packages/altair_interfaces/msg/_solenoid_command.py
-- Installing: /mnt/c/Users/106no/Documents/GitHub/altair_framework/install/altair_interfaces/local/lib/python3.10/dist-packages/altair_interfaces/msg/_solenoid_command_s.c
-- Installing: /mnt/c/Users/106no/Documents/GitHub/altair_framework/install/altair_interfaces/local/lib/python3.10/dist-packages/altair_interfaces/msg/__init__.py
-- Installing: /mnt/c/Users/106no/Documents/GitHub/altair_framework/install/altair_interfaces/local/lib/python3.10/dist-packages/altair_interfaces/srv
-- Installing: /mnt/c/Users/106no/Documents/GitHub/altair_framework/install/altair_interfaces/local/lib/python3.10/dist-packages/altair_interfaces/srv/_connect_can.py
-- Installing: /mnt/c/Users/106no/Documents/GitHub/altair_framework/install/altair_interfaces/local/lib/python3.10/dist-packages/altair_interfaces/srv/_connect_can_s.c
-- Installing: /mnt/c/Users/106no/Documents/GitHub/altair_framework/install/altair_interfaces/local/lib/python3.10/dist-packages/altair_interfaces/srv/_get_available_ports.py
-- Installing: /mnt/c/Users/106no/Documents/GitHub/altair_framework/install/altair_interfaces/local/lib/python3.10/dist-packages/altair_interfaces/srv/_get_available_ports_s.c
-- Installing: /mnt/c/Users/106no/Documents/GitHub/altair_framework/install/altair_interfaces/local/lib/python3.10/dist-packages/altair_interfaces/srv/_start_behavior.py
-- Installing: /mnt/c/Users/106no/Documents/GitHub/altair_framework/install/altair_interfaces/local/lib/python3.10/dist-packages/altair_interfaces/srv/_start_behavior_s.c
-- Installing: /mnt/c/Users/106no/Documents/GitHub/altair_framework/install/altair_interfaces/local/lib/python3.10/dist-packages/altair_interfaces/srv/_trigger_control.py
-- Installing: /mnt/c/Users/106no/Documents/GitHub/altair_framework/install/altair_interfaces/local/lib/python3.10/dist-packages/altair_interfaces/srv/_trigger_control_s.c
-- Installing: /mnt/c/Users/106no/Documents/GitHub/altair_framework/install/altair_interfaces/local/lib/python3.10/dist-packages/altair_interfaces/srv/__init__.py
-- Installing: /mnt/c/Users/106no/Documents/GitHub/altair_framework/install/altair_interfaces/local/lib/python3.10/dist-packages/altair_interfaces/_altair_interfaces_s.ep.rosidl_typesupport_c.c
-- Installing: /mnt/c/Users/106no/Documents/GitHub/altair_framework/install/altair_interfaces/local/lib/python3.10/dist-packages/altair_interfaces/_altair_interfaces_s.ep.rosidl_typesupport_fastrtps_c.c
-- Installing: /mnt/c/Users/106no/Documents/GitHub/altair_framework/install/altair_interfaces/local/lib/python3.10/dist-packages/altair_interfaces/_altair_interfaces_s.ep.rosidl_typesupport_introspection_c.c
-- Installing: /mnt/c/Users/106no/Documents/GitHub/altair_framework/install/altair_interfaces/local/lib/python3.10/dist-packages/altair_interfaces/__init__.py
Listing '/mnt/c/Users/106no/Documents/GitHub/altair_framework/install/altair_interfaces/local/lib/python3.10/dist-packages/altair_interfaces'...
Compiling '/mnt/c/Users/106no/Documents/GitHub/altair_framework/install/altair_interfaces/local/lib/python3.10/dist-packages/altair_interfaces/__init__.py'...
Listing '/mnt/c/Users/106no/Documents/GitHub/altair_framework/install/altair_interfaces/local/lib/python3.10/dist-packages/altair_interfaces/msg'...
Compiling '/mnt/c/Users/106no/Documents/GitHub/altair_framework/install/altair_interfaces/local/lib/python3.10/dist-packages/altair_interfaces/msg/__init__.py'...
Compiling '/mnt/c/Users/106no/Documents/GitHub/altair_framework/install/altair_interfaces/local/lib/python3.10/dist-packages/altair_interfaces/msg/_can_status.py'...
Compiling '/mnt/c/Users/106no/Documents/GitHub/altair_framework/install/altair_interfaces/local/lib/python3.10/dist-packages/altair_interfaces/msg/_mdd_command.py'...
Compiling '/mnt/c/Users/106no/Documents/GitHub/altair_framework/install/altair_interfaces/local/lib/python3.10/dist-packages/altair_interfaces/msg/_mdd_feedback.py'...
Compiling '/mnt/c/Users/106no/Documents/GitHub/altair_framework/install/altair_interfaces/local/lib/python3.10/dist-packages/altair_interfaces/msg/_servo_command.py'...
Compiling '/mnt/c/Users/106no/Documents/GitHub/altair_framework/install/altair_interfaces/local/lib/python3.10/dist-packages/altair_interfaces/msg/_solenoid_command.py'...
Listing '/mnt/c/Users/106no/Documents/GitHub/altair_framework/install/altair_interfaces/local/lib/python3.10/dist-packages/altair_interfaces/srv'...
Compiling '/mnt/c/Users/106no/Documents/GitHub/altair_framework/install/altair_interfaces/local/lib/python3.10/dist-packages/altair_interfaces/srv/__init__.py'...
Compiling '/mnt/c/Users/106no/Documents/GitHub/altair_framework/install/altair_interfaces/local/lib/python3.10/dist-packages/altair_interfaces/srv/_connect_can.py'...
Compiling '/mnt/c/Users/106no/Documents/GitHub/altair_framework/install/altair_interfaces/local/lib/python3.10/dist-packages/altair_interfaces/srv/_get_available_ports.py'...
Compiling '/mnt/c/Users/106no/Documents/GitHub/altair_framework/install/altair_interfaces/local/lib/python3.10/dist-packages/altair_interfaces/srv/_start_behavior.py'...
Compiling '/mnt/c/Users/106no/Documents/GitHub/altair_framework/install/altair_interfaces/local/lib/python3.10/dist-packages/altair_interfaces/srv/_trigger_control.py'...
-- Installing: /mnt/c/Users/106no/Documents/GitHub/altair_framework/install/altair_interfaces/local/lib/python3.10/dist-packages/altair_interfaces/altair_interfaces_s__rosidl_typesupport_fastrtps_c.cpython-310-x86_64-linux-gnu.so
-- Set runtime path of "/mnt/c/Users/106no/Documents/GitHub/altair_framework/install/altair_interfaces/local/lib/python3.10/dist-packages/altair_interfaces/altair_interfaces_s__rosidl_typesupport_fastrtps_c.cpython-310-x86_64-linux-gnu.so" to ""
-- Installing: /mnt/c/Users/106no/Documents/GitHub/altair_framework/install/altair_interfaces/local/lib/python3.10/dist-packages/altair_interfaces/altair_interfaces_s__rosidl_typesupport_introspection_c.cpython-310-x86_64-linux-gnu.so
-- Set runtime path of "/mnt/c/Users/106no/Documents/GitHub/altair_framework/install/altair_interfaces/local/lib/python3.10/dist-packages/altair_interfaces/altair_interfaces_s__rosidl_typesupport_introspection_c.cpython-310-x86_64-linux-gnu.so" to ""
-- Installing: /mnt/c/Users/106no/Documents/GitHub/altair_framework/install/altair_interfaces/local/lib/python3.10/dist-packages/altair_interfaces/altair_interfaces_s__rosidl_typesupport_c.cpython-310-x86_64-linux-gnu.so
-- Set runtime path of "/mnt/c/Users/106no/Documents/GitHub/altair_framework/install/altair_interfaces/local/lib/python3.10/dist-packages/altair_interfaces/altair_interfaces_s__rosidl_typesupport_c.cpython-310-x86_64-linux-gnu.so" to ""
-- Installing: /mnt/c/Users/106no/Documents/GitHub/altair_framework/install/altair_interfaces/lib/libaltair_interfaces__rosidl_generator_py.so
-- Set runtime path of "/mnt/c/Users/106no/Documents/GitHub/altair_framework/install/altair_interfaces/lib/libaltair_interfaces__rosidl_generator_py.so" to ""
-- Installing: /mnt/c/Users/106no/Documents/GitHub/altair_framework/install/altair_interfaces/share/ament_index/resource_index/rust_packages/altair_interfaces
-- Installing: /mnt/c/Users/106no/Documents/GitHub/altair_framework/install/altair_interfaces/share/altair_interfaces/rust
-- Installing: /mnt/c/Users/106no/Documents/GitHub/altair_framework/install/altair_interfaces/share/altair_interfaces/rust/build.rs
-- Installing: /mnt/c/Users/106no/Documents/GitHub/altair_framework/install/altair_interfaces/share/altair_interfaces/rust/Cargo.toml
-- Installing: /mnt/c/Users/106no/Documents/GitHub/altair_framework/install/altair_interfaces/share/altair_interfaces/rust/src
-- Installing: /mnt/c/Users/106no/Documents/GitHub/altair_framework/install/altair_interfaces/share/altair_interfaces/rust/src/lib.rs
-- Installing: /mnt/c/Users/106no/Documents/GitHub/altair_framework/install/altair_interfaces/share/altair_interfaces/rust/src/msg
-- Installing: /mnt/c/Users/106no/Documents/GitHub/altair_framework/install/altair_interfaces/share/altair_interfaces/rust/src/msg/rmw.rs
-- Installing: /mnt/c/Users/106no/Documents/GitHub/altair_framework/install/altair_interfaces/share/altair_interfaces/rust/src/msg.rs
-- Installing: /mnt/c/Users/106no/Documents/GitHub/altair_framework/install/altair_interfaces/share/altair_interfaces/rust/src/srv
-- Installing: /mnt/c/Users/106no/Documents/GitHub/altair_framework/install/altair_interfaces/share/altair_interfaces/rust/src/srv/rmw.rs
-- Installing: /mnt/c/Users/106no/Documents/GitHub/altair_framework/install/altair_interfaces/share/altair_interfaces/rust/src/srv.rs
-- Installing: /mnt/c/Users/106no/Documents/GitHub/altair_framework/install/altair_interfaces/share/altair_interfaces/msg/CanStatus.idl
-- Installing: /mnt/c/Users/106no/Documents/GitHub/altair_framework/install/altair_interfaces/share/altair_interfaces/msg/MddFeedback.idl
-- Installing: /mnt/c/Users/106no/Documents/GitHub/altair_framework/install/altair_interfaces/share/altair_interfaces/msg/MddCommand.idl
-- Installing: /mnt/c/Users/106no/Documents/GitHub/altair_framework/install/altair_interfaces/share/altair_interfaces/msg/ServoCommand.idl
-- Installing: /mnt/c/Users/106no/Documents/GitHub/altair_framework/install/altair_interfaces/share/altair_interfaces/msg/SolenoidCommand.idl
-- Installing: /mnt/c/Users/106no/Documents/GitHub/altair_framework/install/altair_interfaces/share/altair_interfaces/srv/TriggerControl.idl
-- Installing: /mnt/c/Users/106no/Documents/GitHub/altair_framework/install/altair_interfaces/share/altair_interfaces/srv/GetAvailablePorts.idl
-- Installing: /mnt/c/Users/106no/Documents/GitHub/altair_framework/install/altair_interfaces/share/altair_interfaces/srv/ConnectCan.idl
-- Installing: /mnt/c/Users/106no/Documents/GitHub/altair_framework/install/altair_interfaces/share/altair_interfaces/srv/StartBehavior.idl
-- Installing: /mnt/c/Users/106no/Documents/GitHub/altair_framework/install/altair_interfaces/share/altair_interfaces/msg/CanStatus.msg
-- Installing: /mnt/c/Users/106no/Documents/GitHub/altair_framework/install/altair_interfaces/share/altair_interfaces/msg/MddFeedback.msg
-- Installing: /mnt/c/Users/106no/Documents/GitHub/altair_framework/install/altair_interfaces/share/altair_interfaces/msg/MddCommand.msg
-- Installing: /mnt/c/Users/106no/Documents/GitHub/altair_framework/install/altair_interfaces/share/altair_interfaces/msg/ServoCommand.msg
-- Installing: /mnt/c/Users/106no/Documents/GitHub/altair_framework/install/altair_interfaces/share/altair_interfaces/msg/SolenoidCommand.msg
-- Installing: /mnt/c/Users/106no/Documents/GitHub/altair_framework/install/altair_interfaces/share/altair_interfaces/srv/TriggerControl.srv
-- Installing: /mnt/c/Users/106no/Documents/GitHub/altair_framework/install/altair_interfaces/share/altair_interfaces/srv/TriggerControl_Request.msg
-- Installing: /mnt/c/Users/106no/Documents/GitHub/altair_framework/install/altair_interfaces/share/altair_interfaces/srv/TriggerControl_Response.msg
-- Installing: /mnt/c/Users/106no/Documents/GitHub/altair_framework/install/altair_interfaces/share/altair_interfaces/srv/GetAvailablePorts.srv
-- Installing: /mnt/c/Users/106no/Documents/GitHub/altair_framework/install/altair_interfaces/share/altair_interfaces/srv/GetAvailablePorts_Request.msg
-- Installing: /mnt/c/Users/106no/Documents/GitHub/altair_framework/install/altair_interfaces/share/altair_interfaces/srv/GetAvailablePorts_Response.msg
-- Installing: /mnt/c/Users/106no/Documents/GitHub/altair_framework/install/altair_interfaces/share/altair_interfaces/srv/ConnectCan.srv
-- Installing: /mnt/c/Users/106no/Documents/GitHub/altair_framework/install/altair_interfaces/share/altair_interfaces/srv/ConnectCan_Request.msg
-- Installing: /mnt/c/Users/106no/Documents/GitHub/altair_framework/install/altair_interfaces/share/altair_interfaces/srv/ConnectCan_Response.msg
-- Installing: /mnt/c/Users/106no/Documents/GitHub/altair_framework/install/altair_interfaces/share/altair_interfaces/srv/StartBehavior.srv
-- Installing: /mnt/c/Users/106no/Documents/GitHub/altair_framework/install/altair_interfaces/share/altair_interfaces/srv/StartBehavior_Request.msg
-- Installing: /mnt/c/Users/106no/Documents/GitHub/altair_framework/install/altair_interfaces/share/altair_interfaces/srv/StartBehavior_Response.msg
-- Installing: /mnt/c/Users/106no/Documents/GitHub/altair_framework/install/altair_interfaces/share/ament_index/resource_index/package_run_dependencies/altair_interfaces
-- Installing: /mnt/c/Users/106no/Documents/GitHub/altair_framework/install/altair_interfaces/share/ament_index/resource_index/parent_prefix_path/altair_interfaces
-- Installing: /mnt/c/Users/106no/Documents/GitHub/altair_framework/install/altair_interfaces/share/altair_interfaces/environment/ament_prefix_path.sh
-- Installing: /mnt/c/Users/106no/Documents/GitHub/altair_framework/install/altair_interfaces/share/altair_interfaces/environment/ament_prefix_path.dsv
-- Installing: /mnt/c/Users/106no/Documents/GitHub/altair_framework/install/altair_interfaces/share/altair_interfaces/environment/path.sh
-- Installing: /mnt/c/Users/106no/Documents/GitHub/altair_framework/install/altair_interfaces/share/altair_interfaces/environment/path.dsv
-- Installing: /mnt/c/Users/106no/Documents/GitHub/altair_framework/install/altair_interfaces/share/altair_interfaces/local_setup.bash
-- Installing: /mnt/c/Users/106no/Documents/GitHub/altair_framework/install/altair_interfaces/share/altair_interfaces/local_setup.sh
-- Installing: /mnt/c/Users/106no/Documents/GitHub/altair_framework/install/altair_interfaces/share/altair_interfaces/local_setup.zsh
-- Installing: /mnt/c/Users/106no/Documents/GitHub/altair_framework/install/altair_interfaces/share/altair_interfaces/local_setup.dsv
-- Installing: /mnt/c/Users/106no/Documents/GitHub/altair_framework/install/altair_interfaces/share/altair_interfaces/package.dsv
-- Installing: /mnt/c/Users/106no/Documents/GitHub/altair_framework/install/altair_interfaces/share/ament_index/resource_index/packages/altair_interfaces
-- Installing: /mnt/c/Users/106no/Documents/GitHub/altair_framework/install/altair_interfaces/share/altair_interfaces/cmake/export_altair_interfaces__rosidl_generator_cExport.cmake
-- Installing: /mnt/c/Users/106no/Documents/GitHub/altair_framework/install/altair_interfaces/share/altair_interfaces/cmake/export_altair_interfaces__rosidl_generator_cExport-noconfig.cmake
-- Installing: /mnt/c/Users/106no/Documents/GitHub/altair_framework/install/altair_interfaces/share/altair_interfaces/cmake/export_altair_interfaces__rosidl_typesupport_fastrtps_cExport.cmake
-- Installing: /mnt/c/Users/106no/Documents/GitHub/altair_framework/install/altair_interfaces/share/altair_interfaces/cmake/export_altair_interfaces__rosidl_typesupport_fastrtps_cExport-noconfig.cmake
-- Installing: /mnt/c/Users/106no/Documents/GitHub/altair_framework/install/altair_interfaces/share/altair_interfaces/cmake/altair_interfaces__rosidl_typesupport_introspection_cExport.cmake
-- Installing: /mnt/c/Users/106no/Documents/GitHub/altair_framework/install/altair_interfaces/share/altair_interfaces/cmake/altair_interfaces__rosidl_typesupport_introspection_cExport-noconfig.cmake
-- Installing: /mnt/c/Users/106no/Documents/GitHub/altair_framework/install/altair_interfaces/share/altair_interfaces/cmake/altair_interfaces__rosidl_typesupport_cExport.cmake
-- Installing: /mnt/c/Users/106no/Documents/GitHub/altair_framework/install/altair_interfaces/share/altair_interfaces/cmake/altair_interfaces__rosidl_typesupport_cExport-noconfig.cmake
-- Installing: /mnt/c/Users/106no/Documents/GitHub/altair_framework/install/altair_interfaces/share/altair_interfaces/cmake/export_altair_interfaces__rosidl_generator_cppExport.cmake
-- Installing: /mnt/c/Users/106no/Documents/GitHub/altair_framework/install/altair_interfaces/share/altair_interfaces/cmake/export_altair_interfaces__rosidl_typesupport_fastrtps_cppExport.cmake
-- Installing: /mnt/c/Users/106no/Documents/GitHub/altair_framework/install/altair_interfaces/share/altair_interfaces/cmake/export_altair_interfaces__rosidl_typesupport_fastrtps_cppExport-noconfig.cmake
-- Installing: /mnt/c/Users/106no/Documents/GitHub/altair_framework/install/altair_interfaces/share/altair_interfaces/cmake/altair_interfaces__rosidl_typesupport_introspection_cppExport.cmake
-- Installing: /mnt/c/Users/106no/Documents/GitHub/altair_framework/install/altair_interfaces/share/altair_interfaces/cmake/altair_interfaces__rosidl_typesupport_introspection_cppExport-noconfig.cmake
-- Installing: /mnt/c/Users/106no/Documents/GitHub/altair_framework/install/altair_interfaces/share/altair_interfaces/cmake/altair_interfaces__rosidl_typesupport_cppExport.cmake
-- Installing: /mnt/c/Users/106no/Documents/GitHub/altair_framework/install/altair_interfaces/share/altair_interfaces/cmake/altair_interfaces__rosidl_typesupport_cppExport-noconfig.cmake
-- Installing: /mnt/c/Users/106no/Documents/GitHub/altair_framework/install/altair_interfaces/share/altair_interfaces/cmake/export_altair_interfaces__rosidl_generator_pyExport.cmake
-- Installing: /mnt/c/Users/106no/Documents/GitHub/altair_framework/install/altair_interfaces/share/altair_interfaces/cmake/export_altair_interfaces__rosidl_generator_pyExport-noconfig.cmake
-- Installing: /mnt/c/Users/106no/Documents/GitHub/altair_framework/install/altair_interfaces/share/altair_interfaces/cmake/rosidl_cmake-extras.cmake
-- Installing: /mnt/c/Users/106no/Documents/GitHub/altair_framework/install/altair_interfaces/share/altair_interfaces/cmake/ament_cmake_export_include_directories-extras.cmake
-- Installing: /mnt/c/Users/106no/Documents/GitHub/altair_framework/install/altair_interfaces/share/altair_interfaces/cmake/ament_cmake_export_libraries-extras.cmake
-- Installing: /mnt/c/Users/106no/Documents/GitHub/altair_framework/install/altair_interfaces/share/altair_interfaces/cmake/ament_cmake_export_targets-extras.cmake
-- Installing: /mnt/c/Users/106no/Documents/GitHub/altair_framework/install/altair_interfaces/share/altair_interfaces/cmake/rosidl_cmake_export_typesupport_targets-extras.cmake
-- Installing: /mnt/c/Users/106no/Documents/GitHub/altair_framework/install/altair_interfaces/share/altair_interfaces/cmake/ament_cmake_export_dependencies-extras.cmake
-- Installing: /mnt/c/Users/106no/Documents/GitHub/altair_framework/install/altair_interfaces/share/altair_interfaces/cmake/rosidl_cmake_export_typesupport_libraries-extras.cmake
-- Installing: /mnt/c/Users/106no/Documents/GitHub/altair_framework/install/altair_interfaces/share/altair_interfaces/cmake/altair_interfacesConfig.cmake
-- Installing: /mnt/c/Users/106no/Documents/GitHub/altair_framework/install/altair_interfaces/share/altair_interfaces/cmake/altair_interfacesConfig-version.cmake
-- Installing: /mnt/c/Users/106no/Documents/GitHub/altair_framework/install/altair_interfaces/share/altair_interfaces/package.xml
