[0.048s] Invoking command in '/mnt/c/Users/106no/Documents/GitHub/altair_framework/build/altair_interfaces': CMAKE_PREFIX_PATH=/opt/ros/humble /usr/bin/cmake /mnt/c/Users/106no/Documents/GitHub/altair_framework/altair_interfaces -DCMAKE_INSTALL_PREFIX=/mnt/c/Users/106no/Documents/GitHub/altair_framework/install/altair_interfaces
[0.369s] -- The C compiler identification is GNU 11.4.0
[1.010s] -- The CXX compiler identification is GNU 11.4.0
[1.437s] -- Detecting C compiler ABI info
[2.012s] -- Detecting C compiler ABI info - done
[2.029s] -- Check for working C compiler: /usr/bin/cc - skipped
[2.030s] -- Detecting C compile features
[2.031s] -- Detecting C compile features - done
[2.073s] -- Detecting CXX compiler ABI info
[2.553s] -- Detecting CXX compiler ABI info - done
[2.569s] -- Check for working CXX compiler: /usr/bin/c++ - skipped
[2.569s] -- Detecting CXX compile features
[2.570s] -- Detecting CXX compile features - done
[2.607s] -- Found ament_cmake: 1.3.14 (/opt/ros/humble/share/ament_cmake/cmake)
[2.732s] -- Found Python3: /usr/bin/python3 (found version "3.10.12") found components: Interpreter 
[2.875s] -- Found rosidl_default_generators: 1.2.1 (/opt/ros/humble/share/rosidl_default_generators/cmake)
[2.880s] -- Using all available rosidl_typesupport_c: rosidl_typesupport_fastrtps_c;rosidl_typesupport_introspection_c
[2.886s] -- Found rosidl_adapter: 3.1.8 (/opt/ros/humble/share/rosidl_adapter/cmake)
[3.039s] -- Using all available rosidl_typesupport_cpp: rosidl_typesupport_fastrtps_cpp;rosidl_typesupport_introspection_cpp
[3.879s] -- Found ament_cmake_ros: 0.10.0 (/opt/ros/humble/share/ament_cmake_ros/cmake)
[4.280s] -- Using all available rosidl_typesupport_c: rosidl_typesupport_fastrtps_c;rosidl_typesupport_introspection_c
[4.845s] -- Using all available rosidl_typesupport_cpp: rosidl_typesupport_fastrtps_cpp;rosidl_typesupport_introspection_cpp
[4.984s] -- Found PythonInterp: /usr/bin/python3 (found suitable version "3.10.12", minimum required is "3.6") 
[4.985s] -- Found python_cmake_module: 0.10.0 (/opt/ros/humble/share/python_cmake_module/cmake)
[5.402s] -- Found PythonLibs: /usr/lib/x86_64-linux-gnu/libpython3.10.so (found suitable version "3.10.12", minimum required is "3.5") 
[5.402s] -- Using PYTHON_EXECUTABLE: /usr/bin/python3
[5.403s] -- Using PYTHON_INCLUDE_DIRS: /usr/include/python3.10
[5.403s] -- Using PYTHON_LIBRARIES: /usr/lib/x86_64-linux-gnu/libpython3.10.so
[5.417s] -- Found PythonExtra: .so  
[6.500s] -- Configuring done
[8.260s] -- Generating done
[8.688s] -- Build files have been written to: /mnt/c/Users/106no/Documents/GitHub/altair_framework/build/altair_interfaces
[8.694s] Invoked command in '/mnt/c/Users/106no/Documents/GitHub/altair_framework/build/altair_interfaces' returned '0': CMAKE_PREFIX_PATH=/opt/ros/humble /usr/bin/cmake /mnt/c/Users/106no/Documents/GitHub/altair_framework/altair_interfaces -DCMAKE_INSTALL_PREFIX=/mnt/c/Users/106no/Documents/GitHub/altair_framework/install/altair_interfaces
[8.706s] Invoking command in '/mnt/c/Users/106no/Documents/GitHub/altair_framework/build/altair_interfaces': CMAKE_PREFIX_PATH=/opt/ros/humble /usr/bin/cmake --build /mnt/c/Users/106no/Documents/GitHub/altair_framework/build/altair_interfaces -- -j16 -l16
[8.920s] [  1%] Generating C code for ROS interfaces
[8.963s] [  2%] Generating Rust code for ROS interfaces
[8.964s] [  2%] Built target ament_cmake_python_copy_altair_interfaces
[9.046s] [  3%] Generating C++ code for ROS interfaces
[9.238s] running egg_info
[9.239s] creating altair_interfaces.egg-info
[9.242s] writing altair_interfaces.egg-info/PKG-INFO
[9.246s] writing dependency_links to altair_interfaces.egg-info/dependency_links.txt
[9.254s] writing top-level names to altair_interfaces.egg-info/top_level.txt
[9.258s] writing manifest file 'altair_interfaces.egg-info/SOURCES.txt'
[9.278s] reading manifest file 'altair_interfaces.egg-info/SOURCES.txt'
[9.303s] writing manifest file 'altair_interfaces.egg-info/SOURCES.txt'
[9.342s] [  3%] Built target ament_cmake_python_build_altair_interfaces_egg
[9.596s] [  3%] Built target altair_interfaces__rs
[10.461s] [  3%] Built target altair_interfaces__cpp
[10.512s] [  5%] Generating C++ type support dispatch for ROS interfaces
[10.513s] [  5%] Generating C++ introspection for ROS interfaces
[10.533s] [  6%] Generating C++ type support for eProsima Fast-RTPS
[10.720s] [  7%] Building C object CMakeFiles/altair_interfaces__rosidl_generator_c.dir/rosidl_generator_c/altair_interfaces/msg/detail/can_status__functions.c.o
[10.727s] [  8%] Building C object CMakeFiles/altair_interfaces__rosidl_generator_c.dir/rosidl_generator_c/altair_interfaces/msg/detail/mdd_feedback__functions.c.o
[10.735s] [  9%] Building C object CMakeFiles/altair_interfaces__rosidl_generator_c.dir/rosidl_generator_c/altair_interfaces/msg/detail/mdd_command__functions.c.o
[10.742s] [ 10%] Building C object CMakeFiles/altair_interfaces__rosidl_generator_c.dir/rosidl_generator_c/altair_interfaces/msg/detail/servo_command__functions.c.o
[10.755s] [ 11%] Building C object CMakeFiles/altair_interfaces__rosidl_generator_c.dir/rosidl_generator_c/altair_interfaces/msg/detail/solenoid_command__functions.c.o
[10.761s] [ 12%] Building C object CMakeFiles/altair_interfaces__rosidl_generator_c.dir/rosidl_generator_c/altair_interfaces/srv/detail/trigger_control__functions.c.o
[10.775s] [ 13%] Building C object CMakeFiles/altair_interfaces__rosidl_generator_c.dir/rosidl_generator_c/altair_interfaces/srv/detail/get_available_ports__functions.c.o
[10.781s] [ 14%] Building C object CMakeFiles/altair_interfaces__rosidl_generator_c.dir/rosidl_generator_c/altair_interfaces/srv/detail/connect_can__functions.c.o
[10.788s] [ 15%] Building C object CMakeFiles/altair_interfaces__rosidl_generator_c.dir/rosidl_generator_c/altair_interfaces/srv/detail/start_behavior__functions.c.o
[10.943s] [ 16%] Linking C shared library libaltair_interfaces__rosidl_generator_c.so
[11.332s] [ 17%] Building CXX object CMakeFiles/altair_interfaces__rosidl_typesupport_cpp.dir/rosidl_typesupport_cpp/altair_interfaces/msg/can_status__type_support.cpp.o
[11.337s] [ 18%] Building CXX object CMakeFiles/altair_interfaces__rosidl_typesupport_cpp.dir/rosidl_typesupport_cpp/altair_interfaces/msg/mdd_feedback__type_support.cpp.o
[11.344s] [ 19%] Building CXX object CMakeFiles/altair_interfaces__rosidl_typesupport_cpp.dir/rosidl_typesupport_cpp/altair_interfaces/msg/mdd_command__type_support.cpp.o
[11.353s] [ 20%] Building CXX object CMakeFiles/altair_interfaces__rosidl_typesupport_cpp.dir/rosidl_typesupport_cpp/altair_interfaces/msg/servo_command__type_support.cpp.o
[11.359s] [ 21%] Building CXX object CMakeFiles/altair_interfaces__rosidl_typesupport_cpp.dir/rosidl_typesupport_cpp/altair_interfaces/msg/solenoid_command__type_support.cpp.o
[11.366s] [ 22%] Building CXX object CMakeFiles/altair_interfaces__rosidl_typesupport_cpp.dir/rosidl_typesupport_cpp/altair_interfaces/srv/trigger_control__type_support.cpp.o
[11.375s] [ 23%] Building CXX object CMakeFiles/altair_interfaces__rosidl_typesupport_cpp.dir/rosidl_typesupport_cpp/altair_interfaces/srv/get_available_ports__type_support.cpp.o
[11.381s] [ 25%] Building CXX object CMakeFiles/altair_interfaces__rosidl_typesupport_cpp.dir/rosidl_typesupport_cpp/altair_interfaces/srv/connect_can__type_support.cpp.o
[11.392s] [ 26%] Building CXX object CMakeFiles/altair_interfaces__rosidl_typesupport_cpp.dir/rosidl_typesupport_cpp/altair_interfaces/srv/start_behavior__type_support.cpp.o
[11.516s] [ 26%] Built target altair_interfaces__rosidl_generator_c
[11.580s] [ 28%] Generating C type support for eProsima Fast-RTPS
[11.582s] [ 28%] Generating C type support dispatch for ROS interfaces
[11.592s] [ 29%] Generating C introspection for ROS interfaces
[11.899s] [ 30%] Building CXX object CMakeFiles/altair_interfaces__rosidl_typesupport_introspection_cpp.dir/rosidl_typesupport_introspection_cpp/altair_interfaces/msg/detail/can_status__type_support.cpp.o
[11.910s] [ 31%] Building CXX object CMakeFiles/altair_interfaces__rosidl_typesupport_introspection_cpp.dir/rosidl_typesupport_introspection_cpp/altair_interfaces/msg/detail/mdd_feedback__type_support.cpp.o
[11.919s] [ 32%] Building CXX object CMakeFiles/altair_interfaces__rosidl_typesupport_introspection_cpp.dir/rosidl_typesupport_introspection_cpp/altair_interfaces/msg/detail/mdd_command__type_support.cpp.o
[11.948s] [ 33%] Building CXX object CMakeFiles/altair_interfaces__rosidl_typesupport_introspection_cpp.dir/rosidl_typesupport_introspection_cpp/altair_interfaces/msg/detail/servo_command__type_support.cpp.o
[11.954s] [ 34%] Building CXX object CMakeFiles/altair_interfaces__rosidl_typesupport_introspection_cpp.dir/rosidl_typesupport_introspection_cpp/altair_interfaces/msg/detail/solenoid_command__type_support.cpp.o
[11.965s] [ 35%] Building CXX object CMakeFiles/altair_interfaces__rosidl_typesupport_introspection_cpp.dir/rosidl_typesupport_introspection_cpp/altair_interfaces/srv/detail/trigger_control__type_support.cpp.o
[11.974s] [ 36%] Building CXX object CMakeFiles/altair_interfaces__rosidl_typesupport_introspection_cpp.dir/rosidl_typesupport_introspection_cpp/altair_interfaces/srv/detail/get_available_ports__type_support.cpp.o
[11.980s] [ 37%] Building CXX object CMakeFiles/altair_interfaces__rosidl_typesupport_introspection_cpp.dir/rosidl_typesupport_introspection_cpp/altair_interfaces/srv/detail/connect_can__type_support.cpp.o
[11.989s] [ 38%] Building CXX object CMakeFiles/altair_interfaces__rosidl_typesupport_introspection_cpp.dir/rosidl_typesupport_introspection_cpp/altair_interfaces/srv/detail/start_behavior__type_support.cpp.o
[12.025s] [ 39%] Linking CXX shared library libaltair_interfaces__rosidl_typesupport_cpp.so
[12.147s] [ 40%] Building CXX object CMakeFiles/altair_interfaces__rosidl_typesupport_fastrtps_cpp.dir/rosidl_typesupport_fastrtps_cpp/altair_interfaces/msg/detail/dds_fastrtps/can_status__type_support.cpp.o
[12.158s] [ 41%] Building CXX object CMakeFiles/altair_interfaces__rosidl_typesupport_fastrtps_cpp.dir/rosidl_typesupport_fastrtps_cpp/altair_interfaces/msg/detail/dds_fastrtps/mdd_feedback__type_support.cpp.o
[12.171s] [ 42%] Building CXX object CMakeFiles/altair_interfaces__rosidl_typesupport_fastrtps_cpp.dir/rosidl_typesupport_fastrtps_cpp/altair_interfaces/msg/detail/dds_fastrtps/mdd_command__type_support.cpp.o
[12.861s] [ 43%] Building CXX object CMakeFiles/altair_interfaces__rosidl_typesupport_fastrtps_cpp.dir/rosidl_typesupport_fastrtps_cpp/altair_interfaces/msg/detail/dds_fastrtps/servo_command__type_support.cpp.o
[12.871s] [ 44%] Building CXX object CMakeFiles/altair_interfaces__rosidl_typesupport_fastrtps_cpp.dir/rosidl_typesupport_fastrtps_cpp/altair_interfaces/msg/detail/dds_fastrtps/solenoid_command__type_support.cpp.o
[12.881s] [ 45%] Building CXX object CMakeFiles/altair_interfaces__rosidl_typesupport_fastrtps_cpp.dir/rosidl_typesupport_fastrtps_cpp/altair_interfaces/srv/detail/dds_fastrtps/trigger_control__type_support.cpp.o
[12.893s] [ 46%] Building CXX object CMakeFiles/altair_interfaces__rosidl_typesupport_fastrtps_cpp.dir/rosidl_typesupport_fastrtps_cpp/altair_interfaces/srv/detail/dds_fastrtps/get_available_ports__type_support.cpp.o
[12.906s] [ 47%] Building CXX object CMakeFiles/altair_interfaces__rosidl_typesupport_fastrtps_cpp.dir/rosidl_typesupport_fastrtps_cpp/altair_interfaces/srv/detail/dds_fastrtps/connect_can__type_support.cpp.o
[12.916s] [ 48%] Building CXX object CMakeFiles/altair_interfaces__rosidl_typesupport_fastrtps_cpp.dir/rosidl_typesupport_fastrtps_cpp/altair_interfaces/srv/detail/dds_fastrtps/start_behavior__type_support.cpp.o
[12.917s] [ 48%] Built target altair_interfaces__rosidl_typesupport_cpp
[12.932s] [ 50%] Linking CXX shared library libaltair_interfaces__rosidl_typesupport_introspection_cpp.so
[13.036s] [ 51%] Building CXX object CMakeFiles/altair_interfaces__rosidl_typesupport_c.dir/rosidl_typesupport_c/altair_interfaces/msg/can_status__type_support.cpp.o
[13.063s] [ 52%] Building CXX object CMakeFiles/altair_interfaces__rosidl_typesupport_c.dir/rosidl_typesupport_c/altair_interfaces/msg/mdd_feedback__type_support.cpp.o
[13.081s] [ 53%] Building CXX object CMakeFiles/altair_interfaces__rosidl_typesupport_c.dir/rosidl_typesupport_c/altair_interfaces/msg/mdd_command__type_support.cpp.o
[13.161s] [ 54%] Building CXX object CMakeFiles/altair_interfaces__rosidl_typesupport_c.dir/rosidl_typesupport_c/altair_interfaces/msg/servo_command__type_support.cpp.o
[13.211s] [ 56%] Building CXX object CMakeFiles/altair_interfaces__rosidl_typesupport_c.dir/rosidl_typesupport_c/altair_interfaces/msg/solenoid_command__type_support.cpp.o
[13.213s] [ 56%] Building CXX object CMakeFiles/altair_interfaces__rosidl_typesupport_c.dir/rosidl_typesupport_c/altair_interfaces/srv/trigger_control__type_support.cpp.o
[13.223s] [ 57%] Building CXX object CMakeFiles/altair_interfaces__rosidl_typesupport_c.dir/rosidl_typesupport_c/altair_interfaces/srv/get_available_ports__type_support.cpp.o
[13.270s] [ 58%] Building CXX object CMakeFiles/altair_interfaces__rosidl_typesupport_c.dir/rosidl_typesupport_c/altair_interfaces/srv/connect_can__type_support.cpp.o
[13.278s] [ 59%] Building CXX object CMakeFiles/altair_interfaces__rosidl_typesupport_c.dir/rosidl_typesupport_c/altair_interfaces/srv/start_behavior__type_support.cpp.o
[13.379s] [ 60%] Building C object CMakeFiles/altair_interfaces__rosidl_typesupport_introspection_c.dir/rosidl_typesupport_introspection_c/altair_interfaces/msg/detail/can_status__type_support.c.o
[13.387s] [ 62%] Linking CXX shared library libaltair_interfaces__rosidl_typesupport_c.so
[13.388s] [ 62%] Building C object CMakeFiles/altair_interfaces__rosidl_typesupport_introspection_c.dir/rosidl_typesupport_introspection_c/altair_interfaces/msg/detail/mdd_feedback__type_support.c.o
[13.395s] [ 63%] Building C object CMakeFiles/altair_interfaces__rosidl_typesupport_introspection_c.dir/rosidl_typesupport_introspection_c/altair_interfaces/msg/detail/mdd_command__type_support.c.o
[13.405s] [ 64%] Building C object CMakeFiles/altair_interfaces__rosidl_typesupport_introspection_c.dir/rosidl_typesupport_introspection_c/altair_interfaces/msg/detail/servo_command__type_support.c.o
[13.412s] [ 65%] Building C object CMakeFiles/altair_interfaces__rosidl_typesupport_introspection_c.dir/rosidl_typesupport_introspection_c/altair_interfaces/msg/detail/solenoid_command__type_support.c.o
[13.419s] [ 66%] Building C object CMakeFiles/altair_interfaces__rosidl_typesupport_introspection_c.dir/rosidl_typesupport_introspection_c/altair_interfaces/srv/detail/trigger_control__type_support.c.o
[13.426s] [ 67%] Building C object CMakeFiles/altair_interfaces__rosidl_typesupport_introspection_c.dir/rosidl_typesupport_introspection_c/altair_interfaces/srv/detail/get_available_ports__type_support.c.o
[13.455s] [ 68%] Building CXX object CMakeFiles/altair_interfaces__rosidl_typesupport_fastrtps_c.dir/rosidl_typesupport_fastrtps_c/altair_interfaces/msg/detail/can_status__type_support_c.cpp.o
[13.604s] [ 69%] Building C object CMakeFiles/altair_interfaces__rosidl_typesupport_introspection_c.dir/rosidl_typesupport_introspection_c/altair_interfaces/srv/detail/connect_can__type_support.c.o
[13.614s] [ 71%] Building C object CMakeFiles/altair_interfaces__rosidl_typesupport_introspection_c.dir/rosidl_typesupport_introspection_c/altair_interfaces/srv/detail/start_behavior__type_support.c.o
[13.620s] [ 71%] Building CXX object CMakeFiles/altair_interfaces__rosidl_typesupport_fastrtps_c.dir/rosidl_typesupport_fastrtps_c/altair_interfaces/msg/detail/mdd_feedback__type_support_c.cpp.o
[13.636s] [ 72%] Building CXX object CMakeFiles/altair_interfaces__rosidl_typesupport_fastrtps_c.dir/rosidl_typesupport_fastrtps_c/altair_interfaces/msg/detail/mdd_command__type_support_c.cpp.o
[13.652s] [ 73%] Building CXX object CMakeFiles/altair_interfaces__rosidl_typesupport_fastrtps_c.dir/rosidl_typesupport_fastrtps_c/altair_interfaces/msg/detail/servo_command__type_support_c.cpp.o
[13.666s] [ 76%] Building CXX object CMakeFiles/altair_interfaces__rosidl_typesupport_fastrtps_c.dir/rosidl_typesupport_fastrtps_c/altair_interfaces/msg/detail/solenoid_command__type_support_c.cpp.o
[13.671s] [ 76%] Building CXX object CMakeFiles/altair_interfaces__rosidl_typesupport_fastrtps_c.dir/rosidl_typesupport_fastrtps_c/altair_interfaces/srv/detail/trigger_control__type_support_c.cpp.o
[13.756s] [ 77%] Building CXX object CMakeFiles/altair_interfaces__rosidl_typesupport_fastrtps_c.dir/rosidl_typesupport_fastrtps_c/altair_interfaces/srv/detail/get_available_ports__type_support_c.cpp.o
[13.766s] [ 78%] Building CXX object CMakeFiles/altair_interfaces__rosidl_typesupport_fastrtps_c.dir/rosidl_typesupport_fastrtps_c/altair_interfaces/srv/detail/connect_can__type_support_c.cpp.o
[13.877s] [ 79%] Building CXX object CMakeFiles/altair_interfaces__rosidl_typesupport_fastrtps_c.dir/rosidl_typesupport_fastrtps_c/altair_interfaces/srv/detail/start_behavior__type_support_c.cpp.o
[13.885s] [ 80%] Linking C shared library libaltair_interfaces__rosidl_typesupport_introspection_c.so
[13.905s] [ 80%] Built target altair_interfaces__rosidl_typesupport_introspection_cpp
[14.052s] [ 81%] Linking CXX shared library libaltair_interfaces__rosidl_typesupport_fastrtps_cpp.so
[14.089s] [ 81%] Built target altair_interfaces__rosidl_typesupport_c
[14.456s] [ 81%] Built target altair_interfaces__rosidl_typesupport_introspection_c
[14.568s] [ 82%] Linking CXX shared library libaltair_interfaces__rosidl_typesupport_fastrtps_c.so
[14.695s] [ 82%] Built target altair_interfaces__rosidl_typesupport_fastrtps_cpp
[14.933s] [ 82%] Built target altair_interfaces__rosidl_typesupport_fastrtps_c
[14.992s] [ 82%] Built target altair_interfaces
[15.070s] [ 83%] Generating Python code for ROS interfaces
[16.281s] [ 83%] Built target altair_interfaces__py
[16.404s] [ 84%] Building C object CMakeFiles/altair_interfaces__rosidl_generator_py.dir/rosidl_generator_py/altair_interfaces/msg/_can_status_s.c.o
[16.407s] [ 85%] Building C object CMakeFiles/altair_interfaces__rosidl_generator_py.dir/rosidl_generator_py/altair_interfaces/msg/_mdd_feedback_s.c.o
[16.412s] [ 86%] Building C object CMakeFiles/altair_interfaces__rosidl_generator_py.dir/rosidl_generator_py/altair_interfaces/msg/_mdd_command_s.c.o
[16.420s] [ 87%] Building C object CMakeFiles/altair_interfaces__rosidl_generator_py.dir/rosidl_generator_py/altair_interfaces/msg/_servo_command_s.c.o
[16.424s] [ 88%] Building C object CMakeFiles/altair_interfaces__rosidl_generator_py.dir/rosidl_generator_py/altair_interfaces/msg/_solenoid_command_s.c.o
[16.435s] [ 89%] Building C object CMakeFiles/altair_interfaces__rosidl_generator_py.dir/rosidl_generator_py/altair_interfaces/srv/_trigger_control_s.c.o
[16.440s] [ 90%] Building C object CMakeFiles/altair_interfaces__rosidl_generator_py.dir/rosidl_generator_py/altair_interfaces/srv/_get_available_ports_s.c.o
[16.446s] [ 91%] Building C object CMakeFiles/altair_interfaces__rosidl_generator_py.dir/rosidl_generator_py/altair_interfaces/srv/_connect_can_s.c.o
[16.455s] [ 92%] Building C object CMakeFiles/altair_interfaces__rosidl_generator_py.dir/rosidl_generator_py/altair_interfaces/srv/_start_behavior_s.c.o
[16.856s] [ 93%] Linking C shared library rosidl_generator_py/altair_interfaces/libaltair_interfaces__rosidl_generator_py.so
[17.149s] [ 93%] Built target altair_interfaces__rosidl_generator_py
[17.209s] [ 95%] Building C object CMakeFiles/altair_interfaces__rosidl_typesupport_introspection_c__pyext.dir/rosidl_generator_py/altair_interfaces/_altair_interfaces_s.ep.rosidl_typesupport_introspection_c.c.o
[17.211s] [ 96%] Building C object CMakeFiles/altair_interfaces__rosidl_typesupport_fastrtps_c__pyext.dir/rosidl_generator_py/altair_interfaces/_altair_interfaces_s.ep.rosidl_typesupport_fastrtps_c.c.o
[17.212s] [ 96%] Building C object CMakeFiles/altair_interfaces__rosidl_typesupport_c__pyext.dir/rosidl_generator_py/altair_interfaces/_altair_interfaces_s.ep.rosidl_typesupport_c.c.o
[17.621s] [ 97%] Linking C shared library rosidl_generator_py/altair_interfaces/altair_interfaces_s__rosidl_typesupport_c.cpython-310-x86_64-linux-gnu.so
[17.666s] [ 98%] Linking C shared library rosidl_generator_py/altair_interfaces/altair_interfaces_s__rosidl_typesupport_introspection_c.cpython-310-x86_64-linux-gnu.so
[17.682s] [100%] Linking C shared library rosidl_generator_py/altair_interfaces/altair_interfaces_s__rosidl_typesupport_fastrtps_c.cpython-310-x86_64-linux-gnu.so
[17.892s] [100%] Built target altair_interfaces__rosidl_typesupport_c__pyext
[17.917s] [100%] Built target altair_interfaces__rosidl_typesupport_introspection_c__pyext
[17.935s] [100%] Built target altair_interfaces__rosidl_typesupport_fastrtps_c__pyext
[18.176s] Invoked command in '/mnt/c/Users/106no/Documents/GitHub/altair_framework/build/altair_interfaces' returned '0': CMAKE_PREFIX_PATH=/opt/ros/humble /usr/bin/cmake --build /mnt/c/Users/106no/Documents/GitHub/altair_framework/build/altair_interfaces -- -j16 -l16
[18.197s] Invoking command in '/mnt/c/Users/106no/Documents/GitHub/altair_framework/build/altair_interfaces': CMAKE_PREFIX_PATH=/opt/ros/humble /usr/bin/cmake --install /mnt/c/Users/106no/Documents/GitHub/altair_framework/build/altair_interfaces
[18.207s] -- Install configuration: ""
[18.236s] -- Installing: /mnt/c/Users/106no/Documents/GitHub/altair_framework/install/altair_interfaces/share/ament_index/resource_index/rosidl_interfaces/altair_interfaces
[18.288s] -- Installing: /mnt/c/Users/106no/Documents/GitHub/altair_framework/install/altair_interfaces/include/altair_interfaces/altair_interfaces
[18.306s] -- Installing: /mnt/c/Users/106no/Documents/GitHub/altair_framework/install/altair_interfaces/include/altair_interfaces/altair_interfaces/msg
[18.331s] -- Installing: /mnt/c/Users/106no/Documents/GitHub/altair_framework/install/altair_interfaces/include/altair_interfaces/altair_interfaces/msg/can_status.h
[18.380s] -- Installing: /mnt/c/Users/106no/Documents/GitHub/altair_framework/install/altair_interfaces/include/altair_interfaces/altair_interfaces/msg/detail
[18.410s] -- Installing: /mnt/c/Users/106no/Documents/GitHub/altair_framework/install/altair_interfaces/include/altair_interfaces/altair_interfaces/msg/detail/can_status__functions.c
[18.472s] -- Installing: /mnt/c/Users/106no/Documents/GitHub/altair_framework/install/altair_interfaces/include/altair_interfaces/altair_interfaces/msg/detail/can_status__functions.h
[18.547s] -- Installing: /mnt/c/Users/106no/Documents/GitHub/altair_framework/install/altair_interfaces/include/altair_interfaces/altair_interfaces/msg/detail/can_status__struct.h
[18.628s] -- Installing: /mnt/c/Users/106no/Documents/GitHub/altair_framework/install/altair_interfaces/include/altair_interfaces/altair_interfaces/msg/detail/can_status__type_support.h
[18.692s] -- Installing: /mnt/c/Users/106no/Documents/GitHub/altair_framework/install/altair_interfaces/include/altair_interfaces/altair_interfaces/msg/detail/mdd_command__functions.c
[18.758s] -- Installing: /mnt/c/Users/106no/Documents/GitHub/altair_framework/install/altair_interfaces/include/altair_interfaces/altair_interfaces/msg/detail/mdd_command__functions.h
[18.863s] -- Installing: /mnt/c/Users/106no/Documents/GitHub/altair_framework/install/altair_interfaces/include/altair_interfaces/altair_interfaces/msg/detail/mdd_command__struct.h
[18.955s] -- Installing: /mnt/c/Users/106no/Documents/GitHub/altair_framework/install/altair_interfaces/include/altair_interfaces/altair_interfaces/msg/detail/mdd_command__type_support.h
[19.028s] -- Installing: /mnt/c/Users/106no/Documents/GitHub/altair_framework/install/altair_interfaces/include/altair_interfaces/altair_interfaces/msg/detail/mdd_feedback__functions.c
[19.098s] -- Installing: /mnt/c/Users/106no/Documents/GitHub/altair_framework/install/altair_interfaces/include/altair_interfaces/altair_interfaces/msg/detail/mdd_feedback__functions.h
[19.166s] -- Installing: /mnt/c/Users/106no/Documents/GitHub/altair_framework/install/altair_interfaces/include/altair_interfaces/altair_interfaces/msg/detail/mdd_feedback__struct.h
[19.232s] -- Installing: /mnt/c/Users/106no/Documents/GitHub/altair_framework/install/altair_interfaces/include/altair_interfaces/altair_interfaces/msg/detail/mdd_feedback__type_support.h
[19.301s] -- Installing: /mnt/c/Users/106no/Documents/GitHub/altair_framework/install/altair_interfaces/include/altair_interfaces/altair_interfaces/msg/detail/servo_command__functions.c
[19.368s] -- Installing: /mnt/c/Users/106no/Documents/GitHub/altair_framework/install/altair_interfaces/include/altair_interfaces/altair_interfaces/msg/detail/servo_command__functions.h
[19.433s] -- Installing: /mnt/c/Users/106no/Documents/GitHub/altair_framework/install/altair_interfaces/include/altair_interfaces/altair_interfaces/msg/detail/servo_command__struct.h
[19.499s] -- Installing: /mnt/c/Users/106no/Documents/GitHub/altair_framework/install/altair_interfaces/include/altair_interfaces/altair_interfaces/msg/detail/servo_command__type_support.h
[19.564s] -- Installing: /mnt/c/Users/106no/Documents/GitHub/altair_framework/install/altair_interfaces/include/altair_interfaces/altair_interfaces/msg/detail/solenoid_command__functions.c
[19.635s] -- Installing: /mnt/c/Users/106no/Documents/GitHub/altair_framework/install/altair_interfaces/include/altair_interfaces/altair_interfaces/msg/detail/solenoid_command__functions.h
[19.762s] -- Installing: /mnt/c/Users/106no/Documents/GitHub/altair_framework/install/altair_interfaces/include/altair_interfaces/altair_interfaces/msg/detail/solenoid_command__struct.h
[19.859s] -- Installing: /mnt/c/Users/106no/Documents/GitHub/altair_framework/install/altair_interfaces/include/altair_interfaces/altair_interfaces/msg/detail/solenoid_command__type_support.h
[19.933s] -- Installing: /mnt/c/Users/106no/Documents/GitHub/altair_framework/install/altair_interfaces/include/altair_interfaces/altair_interfaces/msg/mdd_command.h
[19.996s] -- Installing: /mnt/c/Users/106no/Documents/GitHub/altair_framework/install/altair_interfaces/include/altair_interfaces/altair_interfaces/msg/mdd_feedback.h
[20.057s] -- Installing: /mnt/c/Users/106no/Documents/GitHub/altair_framework/install/altair_interfaces/include/altair_interfaces/altair_interfaces/msg/rosidl_generator_c__visibility_control.h
[20.111s] -- Installing: /mnt/c/Users/106no/Documents/GitHub/altair_framework/install/altair_interfaces/include/altair_interfaces/altair_interfaces/msg/servo_command.h
[20.164s] -- Installing: /mnt/c/Users/106no/Documents/GitHub/altair_framework/install/altair_interfaces/include/altair_interfaces/altair_interfaces/msg/solenoid_command.h
[20.215s] -- Installing: /mnt/c/Users/106no/Documents/GitHub/altair_framework/install/altair_interfaces/include/altair_interfaces/altair_interfaces/srv
[20.241s] -- Installing: /mnt/c/Users/106no/Documents/GitHub/altair_framework/install/altair_interfaces/include/altair_interfaces/altair_interfaces/srv/connect_can.h
[20.296s] -- Installing: /mnt/c/Users/106no/Documents/GitHub/altair_framework/install/altair_interfaces/include/altair_interfaces/altair_interfaces/srv/detail
[20.329s] -- Installing: /mnt/c/Users/106no/Documents/GitHub/altair_framework/install/altair_interfaces/include/altair_interfaces/altair_interfaces/srv/detail/connect_can__functions.c
[20.396s] -- Installing: /mnt/c/Users/106no/Documents/GitHub/altair_framework/install/altair_interfaces/include/altair_interfaces/altair_interfaces/srv/detail/connect_can__functions.h
[20.464s] -- Installing: /mnt/c/Users/106no/Documents/GitHub/altair_framework/install/altair_interfaces/include/altair_interfaces/altair_interfaces/srv/detail/connect_can__struct.h
[20.528s] -- Installing: /mnt/c/Users/106no/Documents/GitHub/altair_framework/install/altair_interfaces/include/altair_interfaces/altair_interfaces/srv/detail/connect_can__type_support.h
[20.596s] -- Installing: /mnt/c/Users/106no/Documents/GitHub/altair_framework/install/altair_interfaces/include/altair_interfaces/altair_interfaces/srv/detail/get_available_ports__functions.c
[20.656s] -- Installing: /mnt/c/Users/106no/Documents/GitHub/altair_framework/install/altair_interfaces/include/altair_interfaces/altair_interfaces/srv/detail/get_available_ports__functions.h
[20.715s] -- Installing: /mnt/c/Users/106no/Documents/GitHub/altair_framework/install/altair_interfaces/include/altair_interfaces/altair_interfaces/srv/detail/get_available_ports__struct.h
[20.777s] -- Installing: /mnt/c/Users/106no/Documents/GitHub/altair_framework/install/altair_interfaces/include/altair_interfaces/altair_interfaces/srv/detail/get_available_ports__type_support.h
[20.842s] -- Installing: /mnt/c/Users/106no/Documents/GitHub/altair_framework/install/altair_interfaces/include/altair_interfaces/altair_interfaces/srv/detail/start_behavior__functions.c
[20.918s] -- Installing: /mnt/c/Users/106no/Documents/GitHub/altair_framework/install/altair_interfaces/include/altair_interfaces/altair_interfaces/srv/detail/start_behavior__functions.h
[21.080s] -- Installing: /mnt/c/Users/106no/Documents/GitHub/altair_framework/install/altair_interfaces/include/altair_interfaces/altair_interfaces/srv/detail/start_behavior__struct.h
[21.140s] -- Installing: /mnt/c/Users/106no/Documents/GitHub/altair_framework/install/altair_interfaces/include/altair_interfaces/altair_interfaces/srv/detail/start_behavior__type_support.h
[21.199s] -- Installing: /mnt/c/Users/106no/Documents/GitHub/altair_framework/install/altair_interfaces/include/altair_interfaces/altair_interfaces/srv/detail/trigger_control__functions.c
[21.261s] -- Installing: /mnt/c/Users/106no/Documents/GitHub/altair_framework/install/altair_interfaces/include/altair_interfaces/altair_interfaces/srv/detail/trigger_control__functions.h
[21.325s] -- Installing: /mnt/c/Users/106no/Documents/GitHub/altair_framework/install/altair_interfaces/include/altair_interfaces/altair_interfaces/srv/detail/trigger_control__struct.h
[21.385s] -- Installing: /mnt/c/Users/106no/Documents/GitHub/altair_framework/install/altair_interfaces/include/altair_interfaces/altair_interfaces/srv/detail/trigger_control__type_support.h
[21.445s] -- Installing: /mnt/c/Users/106no/Documents/GitHub/altair_framework/install/altair_interfaces/include/altair_interfaces/altair_interfaces/srv/get_available_ports.h
[21.497s] -- Installing: /mnt/c/Users/106no/Documents/GitHub/altair_framework/install/altair_interfaces/include/altair_interfaces/altair_interfaces/srv/start_behavior.h
[21.555s] -- Installing: /mnt/c/Users/106no/Documents/GitHub/altair_framework/install/altair_interfaces/include/altair_interfaces/altair_interfaces/srv/trigger_control.h
[21.677s] -- Installing: /mnt/c/Users/106no/Documents/GitHub/altair_framework/install/altair_interfaces/share/altair_interfaces/environment/library_path.sh
[21.745s] -- Installing: /mnt/c/Users/106no/Documents/GitHub/altair_framework/install/altair_interfaces/share/altair_interfaces/environment/library_path.dsv
[21.811s] -- Installing: /mnt/c/Users/106no/Documents/GitHub/altair_framework/install/altair_interfaces/lib/libaltair_interfaces__rosidl_generator_c.so
[21.871s] -- Set runtime path of "/mnt/c/Users/106no/Documents/GitHub/altair_framework/install/altair_interfaces/lib/libaltair_interfaces__rosidl_generator_c.so" to ""
[21.878s] -- Up-to-date: /mnt/c/Users/106no/Documents/GitHub/altair_framework/install/altair_interfaces/include/altair_interfaces/altair_interfaces
[21.891s] -- Up-to-date: /mnt/c/Users/106no/Documents/GitHub/altair_framework/install/altair_interfaces/include/altair_interfaces/altair_interfaces/msg
[21.909s] -- Up-to-date: /mnt/c/Users/106no/Documents/GitHub/altair_framework/install/altair_interfaces/include/altair_interfaces/altair_interfaces/msg/detail
[21.931s] -- Installing: /mnt/c/Users/106no/Documents/GitHub/altair_framework/install/altair_interfaces/include/altair_interfaces/altair_interfaces/msg/detail/can_status__rosidl_typesupport_fastrtps_c.h
[21.994s] -- Installing: /mnt/c/Users/106no/Documents/GitHub/altair_framework/install/altair_interfaces/include/altair_interfaces/altair_interfaces/msg/detail/mdd_command__rosidl_typesupport_fastrtps_c.h
[22.058s] -- Installing: /mnt/c/Users/106no/Documents/GitHub/altair_framework/install/altair_interfaces/include/altair_interfaces/altair_interfaces/msg/detail/mdd_feedback__rosidl_typesupport_fastrtps_c.h
[22.117s] -- Installing: /mnt/c/Users/106no/Documents/GitHub/altair_framework/install/altair_interfaces/include/altair_interfaces/altair_interfaces/msg/detail/servo_command__rosidl_typesupport_fastrtps_c.h
[22.177s] -- Installing: /mnt/c/Users/106no/Documents/GitHub/altair_framework/install/altair_interfaces/include/altair_interfaces/altair_interfaces/msg/detail/solenoid_command__rosidl_typesupport_fastrtps_c.h
[22.235s] -- Installing: /mnt/c/Users/106no/Documents/GitHub/altair_framework/install/altair_interfaces/include/altair_interfaces/altair_interfaces/msg/rosidl_typesupport_fastrtps_c__visibility_control.h
[22.284s] -- Up-to-date: /mnt/c/Users/106no/Documents/GitHub/altair_framework/install/altair_interfaces/include/altair_interfaces/altair_interfaces/srv
[22.303s] -- Up-to-date: /mnt/c/Users/106no/Documents/GitHub/altair_framework/install/altair_interfaces/include/altair_interfaces/altair_interfaces/srv/detail
[22.326s] -- Installing: /mnt/c/Users/106no/Documents/GitHub/altair_framework/install/altair_interfaces/include/altair_interfaces/altair_interfaces/srv/detail/connect_can__rosidl_typesupport_fastrtps_c.h
[22.389s] -- Installing: /mnt/c/Users/106no/Documents/GitHub/altair_framework/install/altair_interfaces/include/altair_interfaces/altair_interfaces/srv/detail/get_available_ports__rosidl_typesupport_fastrtps_c.h
[22.452s] -- Installing: /mnt/c/Users/106no/Documents/GitHub/altair_framework/install/altair_interfaces/include/altair_interfaces/altair_interfaces/srv/detail/start_behavior__rosidl_typesupport_fastrtps_c.h
[22.511s] -- Installing: /mnt/c/Users/106no/Documents/GitHub/altair_framework/install/altair_interfaces/include/altair_interfaces/altair_interfaces/srv/detail/trigger_control__rosidl_typesupport_fastrtps_c.h
[22.569s] -- Installing: /mnt/c/Users/106no/Documents/GitHub/altair_framework/install/altair_interfaces/lib/libaltair_interfaces__rosidl_typesupport_fastrtps_c.so
[22.630s] -- Set runtime path of "/mnt/c/Users/106no/Documents/GitHub/altair_framework/install/altair_interfaces/lib/libaltair_interfaces__rosidl_typesupport_fastrtps_c.so" to ""
[22.636s] -- Up-to-date: /mnt/c/Users/106no/Documents/GitHub/altair_framework/install/altair_interfaces/include/altair_interfaces/altair_interfaces
[22.649s] -- Up-to-date: /mnt/c/Users/106no/Documents/GitHub/altair_framework/install/altair_interfaces/include/altair_interfaces/altair_interfaces/msg
[22.666s] -- Up-to-date: /mnt/c/Users/106no/Documents/GitHub/altair_framework/install/altair_interfaces/include/altair_interfaces/altair_interfaces/msg/detail
[22.687s] -- Installing: /mnt/c/Users/106no/Documents/GitHub/altair_framework/install/altair_interfaces/include/altair_interfaces/altair_interfaces/msg/detail/can_status__rosidl_typesupport_introspection_c.h
[22.744s] -- Installing: /mnt/c/Users/106no/Documents/GitHub/altair_framework/install/altair_interfaces/include/altair_interfaces/altair_interfaces/msg/detail/can_status__type_support.c
[22.811s] -- Installing: /mnt/c/Users/106no/Documents/GitHub/altair_framework/install/altair_interfaces/include/altair_interfaces/altair_interfaces/msg/detail/mdd_command__rosidl_typesupport_introspection_c.h
[22.874s] -- Installing: /mnt/c/Users/106no/Documents/GitHub/altair_framework/install/altair_interfaces/include/altair_interfaces/altair_interfaces/msg/detail/mdd_command__type_support.c
[22.934s] -- Installing: /mnt/c/Users/106no/Documents/GitHub/altair_framework/install/altair_interfaces/include/altair_interfaces/altair_interfaces/msg/detail/mdd_feedback__rosidl_typesupport_introspection_c.h
[22.999s] -- Installing: /mnt/c/Users/106no/Documents/GitHub/altair_framework/install/altair_interfaces/include/altair_interfaces/altair_interfaces/msg/detail/mdd_feedback__type_support.c
[23.065s] -- Installing: /mnt/c/Users/106no/Documents/GitHub/altair_framework/install/altair_interfaces/include/altair_interfaces/altair_interfaces/msg/detail/servo_command__rosidl_typesupport_introspection_c.h
[23.145s] -- Installing: /mnt/c/Users/106no/Documents/GitHub/altair_framework/install/altair_interfaces/include/altair_interfaces/altair_interfaces/msg/detail/servo_command__type_support.c
[23.220s] -- Installing: /mnt/c/Users/106no/Documents/GitHub/altair_framework/install/altair_interfaces/include/altair_interfaces/altair_interfaces/msg/detail/solenoid_command__rosidl_typesupport_introspection_c.h
[23.276s] -- Installing: /mnt/c/Users/106no/Documents/GitHub/altair_framework/install/altair_interfaces/include/altair_interfaces/altair_interfaces/msg/detail/solenoid_command__type_support.c
[23.337s] -- Installing: /mnt/c/Users/106no/Documents/GitHub/altair_framework/install/altair_interfaces/include/altair_interfaces/altair_interfaces/msg/rosidl_typesupport_introspection_c__visibility_control.h
[23.388s] -- Up-to-date: /mnt/c/Users/106no/Documents/GitHub/altair_framework/install/altair_interfaces/include/altair_interfaces/altair_interfaces/srv
[23.404s] -- Up-to-date: /mnt/c/Users/106no/Documents/GitHub/altair_framework/install/altair_interfaces/include/altair_interfaces/altair_interfaces/srv/detail
[23.426s] -- Installing: /mnt/c/Users/106no/Documents/GitHub/altair_framework/install/altair_interfaces/include/altair_interfaces/altair_interfaces/srv/detail/connect_can__rosidl_typesupport_introspection_c.h
[23.485s] -- Installing: /mnt/c/Users/106no/Documents/GitHub/altair_framework/install/altair_interfaces/include/altair_interfaces/altair_interfaces/srv/detail/connect_can__type_support.c
[23.545s] -- Installing: /mnt/c/Users/106no/Documents/GitHub/altair_framework/install/altair_interfaces/include/altair_interfaces/altair_interfaces/srv/detail/get_available_ports__rosidl_typesupport_introspection_c.h
[23.603s] -- Installing: /mnt/c/Users/106no/Documents/GitHub/altair_framework/install/altair_interfaces/include/altair_interfaces/altair_interfaces/srv/detail/get_available_ports__type_support.c
[23.668s] -- Installing: /mnt/c/Users/106no/Documents/GitHub/altair_framework/install/altair_interfaces/include/altair_interfaces/altair_interfaces/srv/detail/start_behavior__rosidl_typesupport_introspection_c.h
[23.741s] -- Installing: /mnt/c/Users/106no/Documents/GitHub/altair_framework/install/altair_interfaces/include/altair_interfaces/altair_interfaces/srv/detail/start_behavior__type_support.c
[23.800s] -- Installing: /mnt/c/Users/106no/Documents/GitHub/altair_framework/install/altair_interfaces/include/altair_interfaces/altair_interfaces/srv/detail/trigger_control__rosidl_typesupport_introspection_c.h
[23.862s] -- Installing: /mnt/c/Users/106no/Documents/GitHub/altair_framework/install/altair_interfaces/include/altair_interfaces/altair_interfaces/srv/detail/trigger_control__type_support.c
[23.918s] -- Installing: /mnt/c/Users/106no/Documents/GitHub/altair_framework/install/altair_interfaces/lib/libaltair_interfaces__rosidl_typesupport_introspection_c.so
[23.970s] -- Set runtime path of "/mnt/c/Users/106no/Documents/GitHub/altair_framework/install/altair_interfaces/lib/libaltair_interfaces__rosidl_typesupport_introspection_c.so" to ""
[23.977s] -- Installing: /mnt/c/Users/106no/Documents/GitHub/altair_framework/install/altair_interfaces/lib/libaltair_interfaces__rosidl_typesupport_c.so
[24.026s] -- Set runtime path of "/mnt/c/Users/106no/Documents/GitHub/altair_framework/install/altair_interfaces/lib/libaltair_interfaces__rosidl_typesupport_c.so" to ""
[24.032s] -- Up-to-date: /mnt/c/Users/106no/Documents/GitHub/altair_framework/install/altair_interfaces/include/altair_interfaces/altair_interfaces
[24.046s] -- Up-to-date: /mnt/c/Users/106no/Documents/GitHub/altair_framework/install/altair_interfaces/include/altair_interfaces/altair_interfaces/msg
[24.069s] -- Installing: /mnt/c/Users/106no/Documents/GitHub/altair_framework/install/altair_interfaces/include/altair_interfaces/altair_interfaces/msg/can_status.hpp
[24.138s] -- Up-to-date: /mnt/c/Users/106no/Documents/GitHub/altair_framework/install/altair_interfaces/include/altair_interfaces/altair_interfaces/msg/detail
[24.169s] -- Installing: /mnt/c/Users/106no/Documents/GitHub/altair_framework/install/altair_interfaces/include/altair_interfaces/altair_interfaces/msg/detail/can_status__builder.hpp
[24.250s] -- Installing: /mnt/c/Users/106no/Documents/GitHub/altair_framework/install/altair_interfaces/include/altair_interfaces/altair_interfaces/msg/detail/can_status__struct.hpp
[24.320s] -- Installing: /mnt/c/Users/106no/Documents/GitHub/altair_framework/install/altair_interfaces/include/altair_interfaces/altair_interfaces/msg/detail/can_status__traits.hpp
[24.389s] -- Installing: /mnt/c/Users/106no/Documents/GitHub/altair_framework/install/altair_interfaces/include/altair_interfaces/altair_interfaces/msg/detail/can_status__type_support.hpp
[24.458s] -- Installing: /mnt/c/Users/106no/Documents/GitHub/altair_framework/install/altair_interfaces/include/altair_interfaces/altair_interfaces/msg/detail/mdd_command__builder.hpp
[24.524s] -- Installing: /mnt/c/Users/106no/Documents/GitHub/altair_framework/install/altair_interfaces/include/altair_interfaces/altair_interfaces/msg/detail/mdd_command__struct.hpp
[24.590s] -- Installing: /mnt/c/Users/106no/Documents/GitHub/altair_framework/install/altair_interfaces/include/altair_interfaces/altair_interfaces/msg/detail/mdd_command__traits.hpp
[24.660s] -- Installing: /mnt/c/Users/106no/Documents/GitHub/altair_framework/install/altair_interfaces/include/altair_interfaces/altair_interfaces/msg/detail/mdd_command__type_support.hpp
[24.723s] -- Installing: /mnt/c/Users/106no/Documents/GitHub/altair_framework/install/altair_interfaces/include/altair_interfaces/altair_interfaces/msg/detail/mdd_feedback__builder.hpp
[24.784s] -- Installing: /mnt/c/Users/106no/Documents/GitHub/altair_framework/install/altair_interfaces/include/altair_interfaces/altair_interfaces/msg/detail/mdd_feedback__struct.hpp
[24.916s] -- Installing: /mnt/c/Users/106no/Documents/GitHub/altair_framework/install/altair_interfaces/include/altair_interfaces/altair_interfaces/msg/detail/mdd_feedback__traits.hpp
[24.995s] -- Installing: /mnt/c/Users/106no/Documents/GitHub/altair_framework/install/altair_interfaces/include/altair_interfaces/altair_interfaces/msg/detail/mdd_feedback__type_support.hpp
[25.078s] -- Installing: /mnt/c/Users/106no/Documents/GitHub/altair_framework/install/altair_interfaces/include/altair_interfaces/altair_interfaces/msg/detail/servo_command__builder.hpp
[25.145s] -- Installing: /mnt/c/Users/106no/Documents/GitHub/altair_framework/install/altair_interfaces/include/altair_interfaces/altair_interfaces/msg/detail/servo_command__struct.hpp
[25.247s] -- Installing: /mnt/c/Users/106no/Documents/GitHub/altair_framework/install/altair_interfaces/include/altair_interfaces/altair_interfaces/msg/detail/servo_command__traits.hpp
[25.345s] -- Installing: /mnt/c/Users/106no/Documents/GitHub/altair_framework/install/altair_interfaces/include/altair_interfaces/altair_interfaces/msg/detail/servo_command__type_support.hpp
[25.479s] -- Installing: /mnt/c/Users/106no/Documents/GitHub/altair_framework/install/altair_interfaces/include/altair_interfaces/altair_interfaces/msg/detail/solenoid_command__builder.hpp
[25.575s] -- Installing: /mnt/c/Users/106no/Documents/GitHub/altair_framework/install/altair_interfaces/include/altair_interfaces/altair_interfaces/msg/detail/solenoid_command__struct.hpp
[25.651s] -- Installing: /mnt/c/Users/106no/Documents/GitHub/altair_framework/install/altair_interfaces/include/altair_interfaces/altair_interfaces/msg/detail/solenoid_command__traits.hpp
[25.727s] -- Installing: /mnt/c/Users/106no/Documents/GitHub/altair_framework/install/altair_interfaces/include/altair_interfaces/altair_interfaces/msg/detail/solenoid_command__type_support.hpp
[25.784s] -- Installing: /mnt/c/Users/106no/Documents/GitHub/altair_framework/install/altair_interfaces/include/altair_interfaces/altair_interfaces/msg/mdd_command.hpp
[25.850s] -- Installing: /mnt/c/Users/106no/Documents/GitHub/altair_framework/install/altair_interfaces/include/altair_interfaces/altair_interfaces/msg/mdd_feedback.hpp
[25.918s] -- Installing: /mnt/c/Users/106no/Documents/GitHub/altair_framework/install/altair_interfaces/include/altair_interfaces/altair_interfaces/msg/rosidl_generator_cpp__visibility_control.hpp
[25.991s] -- Installing: /mnt/c/Users/106no/Documents/GitHub/altair_framework/install/altair_interfaces/include/altair_interfaces/altair_interfaces/msg/servo_command.hpp
[26.061s] -- Installing: /mnt/c/Users/106no/Documents/GitHub/altair_framework/install/altair_interfaces/include/altair_interfaces/altair_interfaces/msg/solenoid_command.hpp
[26.121s] -- Up-to-date: /mnt/c/Users/106no/Documents/GitHub/altair_framework/install/altair_interfaces/include/altair_interfaces/altair_interfaces/srv
[26.140s] -- Installing: /mnt/c/Users/106no/Documents/GitHub/altair_framework/install/altair_interfaces/include/altair_interfaces/altair_interfaces/srv/connect_can.hpp
[26.200s] -- Up-to-date: /mnt/c/Users/106no/Documents/GitHub/altair_framework/install/altair_interfaces/include/altair_interfaces/altair_interfaces/srv/detail
[26.231s] -- Installing: /mnt/c/Users/106no/Documents/GitHub/altair_framework/install/altair_interfaces/include/altair_interfaces/altair_interfaces/srv/detail/connect_can__builder.hpp
[26.294s] -- Installing: /mnt/c/Users/106no/Documents/GitHub/altair_framework/install/altair_interfaces/include/altair_interfaces/altair_interfaces/srv/detail/connect_can__struct.hpp
[26.372s] -- Installing: /mnt/c/Users/106no/Documents/GitHub/altair_framework/install/altair_interfaces/include/altair_interfaces/altair_interfaces/srv/detail/connect_can__traits.hpp
[26.454s] -- Installing: /mnt/c/Users/106no/Documents/GitHub/altair_framework/install/altair_interfaces/include/altair_interfaces/altair_interfaces/srv/detail/connect_can__type_support.hpp
[26.525s] -- Installing: /mnt/c/Users/106no/Documents/GitHub/altair_framework/install/altair_interfaces/include/altair_interfaces/altair_interfaces/srv/detail/get_available_ports__builder.hpp
[26.582s] -- Installing: /mnt/c/Users/106no/Documents/GitHub/altair_framework/install/altair_interfaces/include/altair_interfaces/altair_interfaces/srv/detail/get_available_ports__struct.hpp
[26.659s] -- Installing: /mnt/c/Users/106no/Documents/GitHub/altair_framework/install/altair_interfaces/include/altair_interfaces/altair_interfaces/srv/detail/get_available_ports__traits.hpp
[26.738s] -- Installing: /mnt/c/Users/106no/Documents/GitHub/altair_framework/install/altair_interfaces/include/altair_interfaces/altair_interfaces/srv/detail/get_available_ports__type_support.hpp
[26.818s] -- Installing: /mnt/c/Users/106no/Documents/GitHub/altair_framework/install/altair_interfaces/include/altair_interfaces/altair_interfaces/srv/detail/start_behavior__builder.hpp
[26.899s] -- Installing: /mnt/c/Users/106no/Documents/GitHub/altair_framework/install/altair_interfaces/include/altair_interfaces/altair_interfaces/srv/detail/start_behavior__struct.hpp
[26.979s] -- Installing: /mnt/c/Users/106no/Documents/GitHub/altair_framework/install/altair_interfaces/include/altair_interfaces/altair_interfaces/srv/detail/start_behavior__traits.hpp
[27.058s] -- Installing: /mnt/c/Users/106no/Documents/GitHub/altair_framework/install/altair_interfaces/include/altair_interfaces/altair_interfaces/srv/detail/start_behavior__type_support.hpp
[27.115s] -- Installing: /mnt/c/Users/106no/Documents/GitHub/altair_framework/install/altair_interfaces/include/altair_interfaces/altair_interfaces/srv/detail/trigger_control__builder.hpp
[27.182s] -- Installing: /mnt/c/Users/106no/Documents/GitHub/altair_framework/install/altair_interfaces/include/altair_interfaces/altair_interfaces/srv/detail/trigger_control__struct.hpp
[27.250s] -- Installing: /mnt/c/Users/106no/Documents/GitHub/altair_framework/install/altair_interfaces/include/altair_interfaces/altair_interfaces/srv/detail/trigger_control__traits.hpp
[27.314s] -- Installing: /mnt/c/Users/106no/Documents/GitHub/altair_framework/install/altair_interfaces/include/altair_interfaces/altair_interfaces/srv/detail/trigger_control__type_support.hpp
[27.375s] -- Installing: /mnt/c/Users/106no/Documents/GitHub/altair_framework/install/altair_interfaces/include/altair_interfaces/altair_interfaces/srv/get_available_ports.hpp
[27.426s] -- Installing: /mnt/c/Users/106no/Documents/GitHub/altair_framework/install/altair_interfaces/include/altair_interfaces/altair_interfaces/srv/start_behavior.hpp
[27.476s] -- Installing: /mnt/c/Users/106no/Documents/GitHub/altair_framework/install/altair_interfaces/include/altair_interfaces/altair_interfaces/srv/trigger_control.hpp
[27.521s] -- Up-to-date: /mnt/c/Users/106no/Documents/GitHub/altair_framework/install/altair_interfaces/include/altair_interfaces/altair_interfaces
[27.534s] -- Up-to-date: /mnt/c/Users/106no/Documents/GitHub/altair_framework/install/altair_interfaces/include/altair_interfaces/altair_interfaces/msg
[27.551s] -- Up-to-date: /mnt/c/Users/106no/Documents/GitHub/altair_framework/install/altair_interfaces/include/altair_interfaces/altair_interfaces/msg/detail
[27.573s] -- Installing: /mnt/c/Users/106no/Documents/GitHub/altair_framework/install/altair_interfaces/include/altair_interfaces/altair_interfaces/msg/detail/can_status__rosidl_typesupport_fastrtps_cpp.hpp
[27.630s] -- Installing: /mnt/c/Users/106no/Documents/GitHub/altair_framework/install/altair_interfaces/include/altair_interfaces/altair_interfaces/msg/detail/dds_fastrtps
[27.662s] -- Installing: /mnt/c/Users/106no/Documents/GitHub/altair_framework/install/altair_interfaces/include/altair_interfaces/altair_interfaces/msg/detail/mdd_command__rosidl_typesupport_fastrtps_cpp.hpp
[27.724s] -- Installing: /mnt/c/Users/106no/Documents/GitHub/altair_framework/install/altair_interfaces/include/altair_interfaces/altair_interfaces/msg/detail/mdd_feedback__rosidl_typesupport_fastrtps_cpp.hpp
[27.791s] -- Installing: /mnt/c/Users/106no/Documents/GitHub/altair_framework/install/altair_interfaces/include/altair_interfaces/altair_interfaces/msg/detail/servo_command__rosidl_typesupport_fastrtps_cpp.hpp
[27.859s] -- Installing: /mnt/c/Users/106no/Documents/GitHub/altair_framework/install/altair_interfaces/include/altair_interfaces/altair_interfaces/msg/detail/solenoid_command__rosidl_typesupport_fastrtps_cpp.hpp
[27.918s] -- Installing: /mnt/c/Users/106no/Documents/GitHub/altair_framework/install/altair_interfaces/include/altair_interfaces/altair_interfaces/msg/rosidl_typesupport_fastrtps_cpp__visibility_control.h
[27.967s] -- Up-to-date: /mnt/c/Users/106no/Documents/GitHub/altair_framework/install/altair_interfaces/include/altair_interfaces/altair_interfaces/srv
[27.985s] -- Up-to-date: /mnt/c/Users/106no/Documents/GitHub/altair_framework/install/altair_interfaces/include/altair_interfaces/altair_interfaces/srv/detail
[28.009s] -- Installing: /mnt/c/Users/106no/Documents/GitHub/altair_framework/install/altair_interfaces/include/altair_interfaces/altair_interfaces/srv/detail/connect_can__rosidl_typesupport_fastrtps_cpp.hpp
[28.065s] -- Installing: /mnt/c/Users/106no/Documents/GitHub/altair_framework/install/altair_interfaces/include/altair_interfaces/altair_interfaces/srv/detail/dds_fastrtps
[28.093s] -- Installing: /mnt/c/Users/106no/Documents/GitHub/altair_framework/install/altair_interfaces/include/altair_interfaces/altair_interfaces/srv/detail/get_available_ports__rosidl_typesupport_fastrtps_cpp.hpp
[28.165s] -- Installing: /mnt/c/Users/106no/Documents/GitHub/altair_framework/install/altair_interfaces/include/altair_interfaces/altair_interfaces/srv/detail/start_behavior__rosidl_typesupport_fastrtps_cpp.hpp
[28.241s] -- Installing: /mnt/c/Users/106no/Documents/GitHub/altair_framework/install/altair_interfaces/include/altair_interfaces/altair_interfaces/srv/detail/trigger_control__rosidl_typesupport_fastrtps_cpp.hpp
[28.298s] -- Installing: /mnt/c/Users/106no/Documents/GitHub/altair_framework/install/altair_interfaces/lib/libaltair_interfaces__rosidl_typesupport_fastrtps_cpp.so
[28.361s] -- Set runtime path of "/mnt/c/Users/106no/Documents/GitHub/altair_framework/install/altair_interfaces/lib/libaltair_interfaces__rosidl_typesupport_fastrtps_cpp.so" to ""
[28.368s] -- Up-to-date: /mnt/c/Users/106no/Documents/GitHub/altair_framework/install/altair_interfaces/include/altair_interfaces/altair_interfaces
[28.383s] -- Up-to-date: /mnt/c/Users/106no/Documents/GitHub/altair_framework/install/altair_interfaces/include/altair_interfaces/altair_interfaces/msg
[28.401s] -- Up-to-date: /mnt/c/Users/106no/Documents/GitHub/altair_framework/install/altair_interfaces/include/altair_interfaces/altair_interfaces/msg/detail
[28.426s] -- Installing: /mnt/c/Users/106no/Documents/GitHub/altair_framework/install/altair_interfaces/include/altair_interfaces/altair_interfaces/msg/detail/can_status__rosidl_typesupport_introspection_cpp.hpp
[28.491s] -- Installing: /mnt/c/Users/106no/Documents/GitHub/altair_framework/install/altair_interfaces/include/altair_interfaces/altair_interfaces/msg/detail/can_status__type_support.cpp
[28.554s] -- Installing: /mnt/c/Users/106no/Documents/GitHub/altair_framework/install/altair_interfaces/include/altair_interfaces/altair_interfaces/msg/detail/mdd_command__rosidl_typesupport_introspection_cpp.hpp
[28.732s] -- Installing: /mnt/c/Users/106no/Documents/GitHub/altair_framework/install/altair_interfaces/include/altair_interfaces/altair_interfaces/msg/detail/mdd_command__type_support.cpp
[28.801s] -- Installing: /mnt/c/Users/106no/Documents/GitHub/altair_framework/install/altair_interfaces/include/altair_interfaces/altair_interfaces/msg/detail/mdd_feedback__rosidl_typesupport_introspection_cpp.hpp
[28.866s] -- Installing: /mnt/c/Users/106no/Documents/GitHub/altair_framework/install/altair_interfaces/include/altair_interfaces/altair_interfaces/msg/detail/mdd_feedback__type_support.cpp
[28.926s] -- Installing: /mnt/c/Users/106no/Documents/GitHub/altair_framework/install/altair_interfaces/include/altair_interfaces/altair_interfaces/msg/detail/servo_command__rosidl_typesupport_introspection_cpp.hpp
[28.984s] -- Installing: /mnt/c/Users/106no/Documents/GitHub/altair_framework/install/altair_interfaces/include/altair_interfaces/altair_interfaces/msg/detail/servo_command__type_support.cpp
[29.053s] -- Installing: /mnt/c/Users/106no/Documents/GitHub/altair_framework/install/altair_interfaces/include/altair_interfaces/altair_interfaces/msg/detail/solenoid_command__rosidl_typesupport_introspection_cpp.hpp
[29.113s] -- Installing: /mnt/c/Users/106no/Documents/GitHub/altair_framework/install/altair_interfaces/include/altair_interfaces/altair_interfaces/msg/detail/solenoid_command__type_support.cpp
[29.166s] -- Up-to-date: /mnt/c/Users/106no/Documents/GitHub/altair_framework/install/altair_interfaces/include/altair_interfaces/altair_interfaces/srv
[29.183s] -- Up-to-date: /mnt/c/Users/106no/Documents/GitHub/altair_framework/install/altair_interfaces/include/altair_interfaces/altair_interfaces/srv/detail
[29.206s] -- Installing: /mnt/c/Users/106no/Documents/GitHub/altair_framework/install/altair_interfaces/include/altair_interfaces/altair_interfaces/srv/detail/connect_can__rosidl_typesupport_introspection_cpp.hpp
[29.264s] -- Installing: /mnt/c/Users/106no/Documents/GitHub/altair_framework/install/altair_interfaces/include/altair_interfaces/altair_interfaces/srv/detail/connect_can__type_support.cpp
[29.330s] -- Installing: /mnt/c/Users/106no/Documents/GitHub/altair_framework/install/altair_interfaces/include/altair_interfaces/altair_interfaces/srv/detail/get_available_ports__rosidl_typesupport_introspection_cpp.hpp
[29.389s] -- Installing: /mnt/c/Users/106no/Documents/GitHub/altair_framework/install/altair_interfaces/include/altair_interfaces/altair_interfaces/srv/detail/get_available_ports__type_support.cpp
[29.448s] -- Installing: /mnt/c/Users/106no/Documents/GitHub/altair_framework/install/altair_interfaces/include/altair_interfaces/altair_interfaces/srv/detail/start_behavior__rosidl_typesupport_introspection_cpp.hpp
[29.511s] -- Installing: /mnt/c/Users/106no/Documents/GitHub/altair_framework/install/altair_interfaces/include/altair_interfaces/altair_interfaces/srv/detail/start_behavior__type_support.cpp
[29.572s] -- Installing: /mnt/c/Users/106no/Documents/GitHub/altair_framework/install/altair_interfaces/include/altair_interfaces/altair_interfaces/srv/detail/trigger_control__rosidl_typesupport_introspection_cpp.hpp
[29.632s] -- Installing: /mnt/c/Users/106no/Documents/GitHub/altair_framework/install/altair_interfaces/include/altair_interfaces/altair_interfaces/srv/detail/trigger_control__type_support.cpp
[29.695s] -- Installing: /mnt/c/Users/106no/Documents/GitHub/altair_framework/install/altair_interfaces/lib/libaltair_interfaces__rosidl_typesupport_introspection_cpp.so
[29.748s] -- Set runtime path of "/mnt/c/Users/106no/Documents/GitHub/altair_framework/install/altair_interfaces/lib/libaltair_interfaces__rosidl_typesupport_introspection_cpp.so" to ""
[29.757s] -- Installing: /mnt/c/Users/106no/Documents/GitHub/altair_framework/install/altair_interfaces/lib/libaltair_interfaces__rosidl_typesupport_cpp.so
[29.809s] -- Set runtime path of "/mnt/c/Users/106no/Documents/GitHub/altair_framework/install/altair_interfaces/lib/libaltair_interfaces__rosidl_typesupport_cpp.so" to ""
[29.821s] -- Installing: /mnt/c/Users/106no/Documents/GitHub/altair_framework/install/altair_interfaces/share/altair_interfaces/environment/pythonpath.sh
[29.865s] -- Installing: /mnt/c/Users/106no/Documents/GitHub/altair_framework/install/altair_interfaces/share/altair_interfaces/environment/pythonpath.dsv
[29.902s] -- Installing: /mnt/c/Users/106no/Documents/GitHub/altair_framework/install/altair_interfaces/local/lib/python3.10/dist-packages/altair_interfaces-1.0.0-py3.10.egg-info
[29.928s] -- Installing: /mnt/c/Users/106no/Documents/GitHub/altair_framework/install/altair_interfaces/local/lib/python3.10/dist-packages/altair_interfaces-1.0.0-py3.10.egg-info/dependency_links.txt
[29.993s] -- Installing: /mnt/c/Users/106no/Documents/GitHub/altair_framework/install/altair_interfaces/local/lib/python3.10/dist-packages/altair_interfaces-1.0.0-py3.10.egg-info/PKG-INFO
[30.060s] -- Installing: /mnt/c/Users/106no/Documents/GitHub/altair_framework/install/altair_interfaces/local/lib/python3.10/dist-packages/altair_interfaces-1.0.0-py3.10.egg-info/SOURCES.txt
[30.115s] -- Installing: /mnt/c/Users/106no/Documents/GitHub/altair_framework/install/altair_interfaces/local/lib/python3.10/dist-packages/altair_interfaces-1.0.0-py3.10.egg-info/top_level.txt
[30.166s] -- Installing: /mnt/c/Users/106no/Documents/GitHub/altair_framework/install/altair_interfaces/local/lib/python3.10/dist-packages/altair_interfaces
[30.194s] -- Installing: /mnt/c/Users/106no/Documents/GitHub/altair_framework/install/altair_interfaces/local/lib/python3.10/dist-packages/altair_interfaces/altair_interfaces_s__rosidl_typesupport_c.cpython-310-x86_64-linux-gnu.so
[30.263s] -- Installing: /mnt/c/Users/106no/Documents/GitHub/altair_framework/install/altair_interfaces/local/lib/python3.10/dist-packages/altair_interfaces/altair_interfaces_s__rosidl_typesupport_fastrtps_c.cpython-310-x86_64-linux-gnu.so
[30.330s] -- Installing: /mnt/c/Users/106no/Documents/GitHub/altair_framework/install/altair_interfaces/local/lib/python3.10/dist-packages/altair_interfaces/altair_interfaces_s__rosidl_typesupport_introspection_c.cpython-310-x86_64-linux-gnu.so
[30.391s] -- Installing: /mnt/c/Users/106no/Documents/GitHub/altair_framework/install/altair_interfaces/local/lib/python3.10/dist-packages/altair_interfaces/libaltair_interfaces__rosidl_generator_py.so
[30.455s] -- Installing: /mnt/c/Users/106no/Documents/GitHub/altair_framework/install/altair_interfaces/local/lib/python3.10/dist-packages/altair_interfaces/msg
[30.491s] -- Installing: /mnt/c/Users/106no/Documents/GitHub/altair_framework/install/altair_interfaces/local/lib/python3.10/dist-packages/altair_interfaces/msg/_can_status.py
[30.634s] -- Installing: /mnt/c/Users/106no/Documents/GitHub/altair_framework/install/altair_interfaces/local/lib/python3.10/dist-packages/altair_interfaces/msg/_can_status_s.c
[30.695s] -- Installing: /mnt/c/Users/106no/Documents/GitHub/altair_framework/install/altair_interfaces/local/lib/python3.10/dist-packages/altair_interfaces/msg/_mdd_command.py
[30.752s] -- Installing: /mnt/c/Users/106no/Documents/GitHub/altair_framework/install/altair_interfaces/local/lib/python3.10/dist-packages/altair_interfaces/msg/_mdd_command_s.c
[30.814s] -- Installing: /mnt/c/Users/106no/Documents/GitHub/altair_framework/install/altair_interfaces/local/lib/python3.10/dist-packages/altair_interfaces/msg/_mdd_feedback.py
[30.880s] -- Installing: /mnt/c/Users/106no/Documents/GitHub/altair_framework/install/altair_interfaces/local/lib/python3.10/dist-packages/altair_interfaces/msg/_mdd_feedback_s.c
[30.943s] -- Installing: /mnt/c/Users/106no/Documents/GitHub/altair_framework/install/altair_interfaces/local/lib/python3.10/dist-packages/altair_interfaces/msg/_servo_command.py
[31.007s] -- Installing: /mnt/c/Users/106no/Documents/GitHub/altair_framework/install/altair_interfaces/local/lib/python3.10/dist-packages/altair_interfaces/msg/_servo_command_s.c
[31.094s] -- Installing: /mnt/c/Users/106no/Documents/GitHub/altair_framework/install/altair_interfaces/local/lib/python3.10/dist-packages/altair_interfaces/msg/_solenoid_command.py
[31.161s] -- Installing: /mnt/c/Users/106no/Documents/GitHub/altair_framework/install/altair_interfaces/local/lib/python3.10/dist-packages/altair_interfaces/msg/_solenoid_command_s.c
[31.227s] -- Installing: /mnt/c/Users/106no/Documents/GitHub/altair_framework/install/altair_interfaces/local/lib/python3.10/dist-packages/altair_interfaces/msg/__init__.py
[31.285s] -- Installing: /mnt/c/Users/106no/Documents/GitHub/altair_framework/install/altair_interfaces/local/lib/python3.10/dist-packages/altair_interfaces/srv
[31.317s] -- Installing: /mnt/c/Users/106no/Documents/GitHub/altair_framework/install/altair_interfaces/local/lib/python3.10/dist-packages/altair_interfaces/srv/_connect_can.py
[31.374s] -- Installing: /mnt/c/Users/106no/Documents/GitHub/altair_framework/install/altair_interfaces/local/lib/python3.10/dist-packages/altair_interfaces/srv/_connect_can_s.c
[31.433s] -- Installing: /mnt/c/Users/106no/Documents/GitHub/altair_framework/install/altair_interfaces/local/lib/python3.10/dist-packages/altair_interfaces/srv/_get_available_ports.py
[31.494s] -- Installing: /mnt/c/Users/106no/Documents/GitHub/altair_framework/install/altair_interfaces/local/lib/python3.10/dist-packages/altair_interfaces/srv/_get_available_ports_s.c
[31.561s] -- Installing: /mnt/c/Users/106no/Documents/GitHub/altair_framework/install/altair_interfaces/local/lib/python3.10/dist-packages/altair_interfaces/srv/_start_behavior.py
[31.636s] -- Installing: /mnt/c/Users/106no/Documents/GitHub/altair_framework/install/altair_interfaces/local/lib/python3.10/dist-packages/altair_interfaces/srv/_start_behavior_s.c
[31.701s] -- Installing: /mnt/c/Users/106no/Documents/GitHub/altair_framework/install/altair_interfaces/local/lib/python3.10/dist-packages/altair_interfaces/srv/_trigger_control.py
[31.763s] -- Installing: /mnt/c/Users/106no/Documents/GitHub/altair_framework/install/altair_interfaces/local/lib/python3.10/dist-packages/altair_interfaces/srv/_trigger_control_s.c
[31.829s] -- Installing: /mnt/c/Users/106no/Documents/GitHub/altair_framework/install/altair_interfaces/local/lib/python3.10/dist-packages/altair_interfaces/srv/__init__.py
[31.893s] -- Installing: /mnt/c/Users/106no/Documents/GitHub/altair_framework/install/altair_interfaces/local/lib/python3.10/dist-packages/altair_interfaces/_altair_interfaces_s.ep.rosidl_typesupport_c.c
[31.951s] -- Installing: /mnt/c/Users/106no/Documents/GitHub/altair_framework/install/altair_interfaces/local/lib/python3.10/dist-packages/altair_interfaces/_altair_interfaces_s.ep.rosidl_typesupport_fastrtps_c.c
[32.008s] -- Installing: /mnt/c/Users/106no/Documents/GitHub/altair_framework/install/altair_interfaces/local/lib/python3.10/dist-packages/altair_interfaces/_altair_interfaces_s.ep.rosidl_typesupport_introspection_c.c
[32.065s] -- Installing: /mnt/c/Users/106no/Documents/GitHub/altair_framework/install/altair_interfaces/local/lib/python3.10/dist-packages/altair_interfaces/__init__.py
[32.700s] Listing '/mnt/c/Users/106no/Documents/GitHub/altair_framework/install/altair_interfaces/local/lib/python3.10/dist-packages/altair_interfaces'...
[32.701s] Compiling '/mnt/c/Users/106no/Documents/GitHub/altair_framework/install/altair_interfaces/local/lib/python3.10/dist-packages/altair_interfaces/__init__.py'...
[32.701s] Listing '/mnt/c/Users/106no/Documents/GitHub/altair_framework/install/altair_interfaces/local/lib/python3.10/dist-packages/altair_interfaces/msg'...
[32.702s] Compiling '/mnt/c/Users/106no/Documents/GitHub/altair_framework/install/altair_interfaces/local/lib/python3.10/dist-packages/altair_interfaces/msg/__init__.py'...
[32.703s] Compiling '/mnt/c/Users/106no/Documents/GitHub/altair_framework/install/altair_interfaces/local/lib/python3.10/dist-packages/altair_interfaces/msg/_can_status.py'...
[32.704s] Compiling '/mnt/c/Users/106no/Documents/GitHub/altair_framework/install/altair_interfaces/local/lib/python3.10/dist-packages/altair_interfaces/msg/_mdd_command.py'...
[32.704s] Compiling '/mnt/c/Users/106no/Documents/GitHub/altair_framework/install/altair_interfaces/local/lib/python3.10/dist-packages/altair_interfaces/msg/_mdd_feedback.py'...
[32.705s] Compiling '/mnt/c/Users/106no/Documents/GitHub/altair_framework/install/altair_interfaces/local/lib/python3.10/dist-packages/altair_interfaces/msg/_servo_command.py'...
[32.705s] Compiling '/mnt/c/Users/106no/Documents/GitHub/altair_framework/install/altair_interfaces/local/lib/python3.10/dist-packages/altair_interfaces/msg/_solenoid_command.py'...
[32.706s] Listing '/mnt/c/Users/106no/Documents/GitHub/altair_framework/install/altair_interfaces/local/lib/python3.10/dist-packages/altair_interfaces/srv'...
[32.706s] Compiling '/mnt/c/Users/106no/Documents/GitHub/altair_framework/install/altair_interfaces/local/lib/python3.10/dist-packages/altair_interfaces/srv/__init__.py'...
[32.706s] Compiling '/mnt/c/Users/106no/Documents/GitHub/altair_framework/install/altair_interfaces/local/lib/python3.10/dist-packages/altair_interfaces/srv/_connect_can.py'...
[32.707s] Compiling '/mnt/c/Users/106no/Documents/GitHub/altair_framework/install/altair_interfaces/local/lib/python3.10/dist-packages/altair_interfaces/srv/_get_available_ports.py'...
[32.707s] Compiling '/mnt/c/Users/106no/Documents/GitHub/altair_framework/install/altair_interfaces/local/lib/python3.10/dist-packages/altair_interfaces/srv/_start_behavior.py'...
[32.708s] Compiling '/mnt/c/Users/106no/Documents/GitHub/altair_framework/install/altair_interfaces/local/lib/python3.10/dist-packages/altair_interfaces/srv/_trigger_control.py'...
[32.739s] -- Installing: /mnt/c/Users/106no/Documents/GitHub/altair_framework/install/altair_interfaces/local/lib/python3.10/dist-packages/altair_interfaces/altair_interfaces_s__rosidl_typesupport_fastrtps_c.cpython-310-x86_64-linux-gnu.so
[32.823s] -- Set runtime path of "/mnt/c/Users/106no/Documents/GitHub/altair_framework/install/altair_interfaces/local/lib/python3.10/dist-packages/altair_interfaces/altair_interfaces_s__rosidl_typesupport_fastrtps_c.cpython-310-x86_64-linux-gnu.so" to ""
[32.865s] -- Installing: /mnt/c/Users/106no/Documents/GitHub/altair_framework/install/altair_interfaces/local/lib/python3.10/dist-packages/altair_interfaces/altair_interfaces_s__rosidl_typesupport_introspection_c.cpython-310-x86_64-linux-gnu.so
[32.945s] -- Set runtime path of "/mnt/c/Users/106no/Documents/GitHub/altair_framework/install/altair_interfaces/local/lib/python3.10/dist-packages/altair_interfaces/altair_interfaces_s__rosidl_typesupport_introspection_c.cpython-310-x86_64-linux-gnu.so" to ""
[32.982s] -- Installing: /mnt/c/Users/106no/Documents/GitHub/altair_framework/install/altair_interfaces/local/lib/python3.10/dist-packages/altair_interfaces/altair_interfaces_s__rosidl_typesupport_c.cpython-310-x86_64-linux-gnu.so
[33.071s] -- Set runtime path of "/mnt/c/Users/106no/Documents/GitHub/altair_framework/install/altair_interfaces/local/lib/python3.10/dist-packages/altair_interfaces/altair_interfaces_s__rosidl_typesupport_c.cpython-310-x86_64-linux-gnu.so" to ""
[33.084s] -- Installing: /mnt/c/Users/106no/Documents/GitHub/altair_framework/install/altair_interfaces/lib/libaltair_interfaces__rosidl_generator_py.so
[33.153s] -- Set runtime path of "/mnt/c/Users/106no/Documents/GitHub/altair_framework/install/altair_interfaces/lib/libaltair_interfaces__rosidl_generator_py.so" to ""
[33.181s] -- Installing: /mnt/c/Users/106no/Documents/GitHub/altair_framework/install/altair_interfaces/share/ament_index/resource_index/rust_packages/altair_interfaces
[33.234s] -- Installing: /mnt/c/Users/106no/Documents/GitHub/altair_framework/install/altair_interfaces/share/altair_interfaces/rust
[33.256s] -- Installing: /mnt/c/Users/106no/Documents/GitHub/altair_framework/install/altair_interfaces/share/altair_interfaces/rust/build.rs
[33.306s] -- Installing: /mnt/c/Users/106no/Documents/GitHub/altair_framework/install/altair_interfaces/share/altair_interfaces/rust/Cargo.toml
[33.352s] -- Installing: /mnt/c/Users/106no/Documents/GitHub/altair_framework/install/altair_interfaces/share/altair_interfaces/rust/src
[33.377s] -- Installing: /mnt/c/Users/106no/Documents/GitHub/altair_framework/install/altair_interfaces/share/altair_interfaces/rust/src/lib.rs
[33.430s] -- Installing: /mnt/c/Users/106no/Documents/GitHub/altair_framework/install/altair_interfaces/share/altair_interfaces/rust/src/msg
[33.459s] -- Installing: /mnt/c/Users/106no/Documents/GitHub/altair_framework/install/altair_interfaces/share/altair_interfaces/rust/src/msg/rmw.rs
[33.519s] -- Installing: /mnt/c/Users/106no/Documents/GitHub/altair_framework/install/altair_interfaces/share/altair_interfaces/rust/src/msg.rs
[33.571s] -- Installing: /mnt/c/Users/106no/Documents/GitHub/altair_framework/install/altair_interfaces/share/altair_interfaces/rust/src/srv
[33.600s] -- Installing: /mnt/c/Users/106no/Documents/GitHub/altair_framework/install/altair_interfaces/share/altair_interfaces/rust/src/srv/rmw.rs
[33.661s] -- Installing: /mnt/c/Users/106no/Documents/GitHub/altair_framework/install/altair_interfaces/share/altair_interfaces/rust/src/srv.rs
[33.720s] -- Installing: /mnt/c/Users/106no/Documents/GitHub/altair_framework/install/altair_interfaces/share/altair_interfaces/msg/CanStatus.idl
[33.768s] -- Installing: /mnt/c/Users/106no/Documents/GitHub/altair_framework/install/altair_interfaces/share/altair_interfaces/msg/MddFeedback.idl
[33.823s] -- Installing: /mnt/c/Users/106no/Documents/GitHub/altair_framework/install/altair_interfaces/share/altair_interfaces/msg/MddCommand.idl
[33.874s] -- Installing: /mnt/c/Users/106no/Documents/GitHub/altair_framework/install/altair_interfaces/share/altair_interfaces/msg/ServoCommand.idl
[33.924s] -- Installing: /mnt/c/Users/106no/Documents/GitHub/altair_framework/install/altair_interfaces/share/altair_interfaces/msg/SolenoidCommand.idl
[33.976s] -- Installing: /mnt/c/Users/106no/Documents/GitHub/altair_framework/install/altair_interfaces/share/altair_interfaces/srv/TriggerControl.idl
[34.025s] -- Installing: /mnt/c/Users/106no/Documents/GitHub/altair_framework/install/altair_interfaces/share/altair_interfaces/srv/GetAvailablePorts.idl
[34.074s] -- Installing: /mnt/c/Users/106no/Documents/GitHub/altair_framework/install/altair_interfaces/share/altair_interfaces/srv/ConnectCan.idl
[34.125s] -- Installing: /mnt/c/Users/106no/Documents/GitHub/altair_framework/install/altair_interfaces/share/altair_interfaces/srv/StartBehavior.idl
[34.174s] -- Installing: /mnt/c/Users/106no/Documents/GitHub/altair_framework/install/altair_interfaces/share/altair_interfaces/msg/CanStatus.msg
[34.222s] -- Installing: /mnt/c/Users/106no/Documents/GitHub/altair_framework/install/altair_interfaces/share/altair_interfaces/msg/MddFeedback.msg
[34.267s] -- Installing: /mnt/c/Users/106no/Documents/GitHub/altair_framework/install/altair_interfaces/share/altair_interfaces/msg/MddCommand.msg
[34.313s] -- Installing: /mnt/c/Users/106no/Documents/GitHub/altair_framework/install/altair_interfaces/share/altair_interfaces/msg/ServoCommand.msg
[34.358s] -- Installing: /mnt/c/Users/106no/Documents/GitHub/altair_framework/install/altair_interfaces/share/altair_interfaces/msg/SolenoidCommand.msg
[34.406s] -- Installing: /mnt/c/Users/106no/Documents/GitHub/altair_framework/install/altair_interfaces/share/altair_interfaces/srv/TriggerControl.srv
[34.469s] -- Installing: /mnt/c/Users/106no/Documents/GitHub/altair_framework/install/altair_interfaces/share/altair_interfaces/srv/TriggerControl_Request.msg
[34.559s] -- Installing: /mnt/c/Users/106no/Documents/GitHub/altair_framework/install/altair_interfaces/share/altair_interfaces/srv/TriggerControl_Response.msg
[34.611s] -- Installing: /mnt/c/Users/106no/Documents/GitHub/altair_framework/install/altair_interfaces/share/altair_interfaces/srv/GetAvailablePorts.srv
[34.658s] -- Installing: /mnt/c/Users/106no/Documents/GitHub/altair_framework/install/altair_interfaces/share/altair_interfaces/srv/GetAvailablePorts_Request.msg
[34.704s] -- Installing: /mnt/c/Users/106no/Documents/GitHub/altair_framework/install/altair_interfaces/share/altair_interfaces/srv/GetAvailablePorts_Response.msg
[34.748s] -- Installing: /mnt/c/Users/106no/Documents/GitHub/altair_framework/install/altair_interfaces/share/altair_interfaces/srv/ConnectCan.srv
[34.793s] -- Installing: /mnt/c/Users/106no/Documents/GitHub/altair_framework/install/altair_interfaces/share/altair_interfaces/srv/ConnectCan_Request.msg
[34.840s] -- Installing: /mnt/c/Users/106no/Documents/GitHub/altair_framework/install/altair_interfaces/share/altair_interfaces/srv/ConnectCan_Response.msg
[34.885s] -- Installing: /mnt/c/Users/106no/Documents/GitHub/altair_framework/install/altair_interfaces/share/altair_interfaces/srv/StartBehavior.srv
[34.933s] -- Installing: /mnt/c/Users/106no/Documents/GitHub/altair_framework/install/altair_interfaces/share/altair_interfaces/srv/StartBehavior_Request.msg
[34.979s] -- Installing: /mnt/c/Users/106no/Documents/GitHub/altair_framework/install/altair_interfaces/share/altair_interfaces/srv/StartBehavior_Response.msg
[35.040s] -- Installing: /mnt/c/Users/106no/Documents/GitHub/altair_framework/install/altair_interfaces/share/ament_index/resource_index/package_run_dependencies/altair_interfaces
[35.109s] -- Installing: /mnt/c/Users/106no/Documents/GitHub/altair_framework/install/altair_interfaces/share/ament_index/resource_index/parent_prefix_path/altair_interfaces
[35.159s] -- Installing: /mnt/c/Users/106no/Documents/GitHub/altair_framework/install/altair_interfaces/share/altair_interfaces/environment/ament_prefix_path.sh
[35.202s] -- Installing: /mnt/c/Users/106no/Documents/GitHub/altair_framework/install/altair_interfaces/share/altair_interfaces/environment/ament_prefix_path.dsv
[35.243s] -- Installing: /mnt/c/Users/106no/Documents/GitHub/altair_framework/install/altair_interfaces/share/altair_interfaces/environment/path.sh
[35.282s] -- Installing: /mnt/c/Users/106no/Documents/GitHub/altair_framework/install/altair_interfaces/share/altair_interfaces/environment/path.dsv
[35.327s] -- Installing: /mnt/c/Users/106no/Documents/GitHub/altair_framework/install/altair_interfaces/share/altair_interfaces/local_setup.bash
[35.364s] -- Installing: /mnt/c/Users/106no/Documents/GitHub/altair_framework/install/altair_interfaces/share/altair_interfaces/local_setup.sh
[35.403s] -- Installing: /mnt/c/Users/106no/Documents/GitHub/altair_framework/install/altair_interfaces/share/altair_interfaces/local_setup.zsh
[35.441s] -- Installing: /mnt/c/Users/106no/Documents/GitHub/altair_framework/install/altair_interfaces/share/altair_interfaces/local_setup.dsv
[35.478s] -- Installing: /mnt/c/Users/106no/Documents/GitHub/altair_framework/install/altair_interfaces/share/altair_interfaces/package.dsv
[35.531s] -- Installing: /mnt/c/Users/106no/Documents/GitHub/altair_framework/install/altair_interfaces/share/ament_index/resource_index/packages/altair_interfaces
[35.599s] -- Installing: /mnt/c/Users/106no/Documents/GitHub/altair_framework/install/altair_interfaces/share/altair_interfaces/cmake/export_altair_interfaces__rosidl_generator_cExport.cmake
[35.657s] -- Installing: /mnt/c/Users/106no/Documents/GitHub/altair_framework/install/altair_interfaces/share/altair_interfaces/cmake/export_altair_interfaces__rosidl_generator_cExport-noconfig.cmake
[35.712s] -- Installing: /mnt/c/Users/106no/Documents/GitHub/altair_framework/install/altair_interfaces/share/altair_interfaces/cmake/export_altair_interfaces__rosidl_typesupport_fastrtps_cExport.cmake
[35.771s] -- Installing: /mnt/c/Users/106no/Documents/GitHub/altair_framework/install/altair_interfaces/share/altair_interfaces/cmake/export_altair_interfaces__rosidl_typesupport_fastrtps_cExport-noconfig.cmake
[35.839s] -- Installing: /mnt/c/Users/106no/Documents/GitHub/altair_framework/install/altair_interfaces/share/altair_interfaces/cmake/altair_interfaces__rosidl_typesupport_introspection_cExport.cmake
[35.912s] -- Installing: /mnt/c/Users/106no/Documents/GitHub/altair_framework/install/altair_interfaces/share/altair_interfaces/cmake/altair_interfaces__rosidl_typesupport_introspection_cExport-noconfig.cmake
[36.026s] -- Installing: /mnt/c/Users/106no/Documents/GitHub/altair_framework/install/altair_interfaces/share/altair_interfaces/cmake/altair_interfaces__rosidl_typesupport_cExport.cmake
[36.119s] -- Installing: /mnt/c/Users/106no/Documents/GitHub/altair_framework/install/altair_interfaces/share/altair_interfaces/cmake/altair_interfaces__rosidl_typesupport_cExport-noconfig.cmake
[36.196s] -- Installing: /mnt/c/Users/106no/Documents/GitHub/altair_framework/install/altair_interfaces/share/altair_interfaces/cmake/export_altair_interfaces__rosidl_generator_cppExport.cmake
[36.317s] -- Installing: /mnt/c/Users/106no/Documents/GitHub/altair_framework/install/altair_interfaces/share/altair_interfaces/cmake/export_altair_interfaces__rosidl_typesupport_fastrtps_cppExport.cmake
[36.392s] -- Installing: /mnt/c/Users/106no/Documents/GitHub/altair_framework/install/altair_interfaces/share/altair_interfaces/cmake/export_altair_interfaces__rosidl_typesupport_fastrtps_cppExport-noconfig.cmake
[36.468s] -- Installing: /mnt/c/Users/106no/Documents/GitHub/altair_framework/install/altair_interfaces/share/altair_interfaces/cmake/altair_interfaces__rosidl_typesupport_introspection_cppExport.cmake
[36.534s] -- Installing: /mnt/c/Users/106no/Documents/GitHub/altair_framework/install/altair_interfaces/share/altair_interfaces/cmake/altair_interfaces__rosidl_typesupport_introspection_cppExport-noconfig.cmake
[36.601s] -- Installing: /mnt/c/Users/106no/Documents/GitHub/altair_framework/install/altair_interfaces/share/altair_interfaces/cmake/altair_interfaces__rosidl_typesupport_cppExport.cmake
[36.677s] -- Installing: /mnt/c/Users/106no/Documents/GitHub/altair_framework/install/altair_interfaces/share/altair_interfaces/cmake/altair_interfaces__rosidl_typesupport_cppExport-noconfig.cmake
[36.744s] -- Installing: /mnt/c/Users/106no/Documents/GitHub/altair_framework/install/altair_interfaces/share/altair_interfaces/cmake/export_altair_interfaces__rosidl_generator_pyExport.cmake
[36.797s] -- Installing: /mnt/c/Users/106no/Documents/GitHub/altair_framework/install/altair_interfaces/share/altair_interfaces/cmake/export_altair_interfaces__rosidl_generator_pyExport-noconfig.cmake
[36.851s] -- Installing: /mnt/c/Users/106no/Documents/GitHub/altair_framework/install/altair_interfaces/share/altair_interfaces/cmake/rosidl_cmake-extras.cmake
[36.897s] -- Installing: /mnt/c/Users/106no/Documents/GitHub/altair_framework/install/altair_interfaces/share/altair_interfaces/cmake/ament_cmake_export_include_directories-extras.cmake
[36.943s] -- Installing: /mnt/c/Users/106no/Documents/GitHub/altair_framework/install/altair_interfaces/share/altair_interfaces/cmake/ament_cmake_export_libraries-extras.cmake
[36.984s] -- Installing: /mnt/c/Users/106no/Documents/GitHub/altair_framework/install/altair_interfaces/share/altair_interfaces/cmake/ament_cmake_export_targets-extras.cmake
[37.028s] -- Installing: /mnt/c/Users/106no/Documents/GitHub/altair_framework/install/altair_interfaces/share/altair_interfaces/cmake/rosidl_cmake_export_typesupport_targets-extras.cmake
[37.073s] -- Installing: /mnt/c/Users/106no/Documents/GitHub/altair_framework/install/altair_interfaces/share/altair_interfaces/cmake/ament_cmake_export_dependencies-extras.cmake
[37.115s] -- Installing: /mnt/c/Users/106no/Documents/GitHub/altair_framework/install/altair_interfaces/share/altair_interfaces/cmake/rosidl_cmake_export_typesupport_libraries-extras.cmake
[37.172s] -- Installing: /mnt/c/Users/106no/Documents/GitHub/altair_framework/install/altair_interfaces/share/altair_interfaces/cmake/altair_interfacesConfig.cmake
[37.264s] -- Installing: /mnt/c/Users/106no/Documents/GitHub/altair_framework/install/altair_interfaces/share/altair_interfaces/cmake/altair_interfacesConfig-version.cmake
[37.351s] -- Installing: /mnt/c/Users/106no/Documents/GitHub/altair_framework/install/altair_interfaces/share/altair_interfaces/package.xml
[37.394s] Invoked command in '/mnt/c/Users/106no/Documents/GitHub/altair_framework/build/altair_interfaces' returned '0': CMAKE_PREFIX_PATH=/opt/ros/humble /usr/bin/cmake --install /mnt/c/Users/106no/Documents/GitHub/altair_framework/build/altair_interfaces
