[0.342s] DEBUG:colcon:Command line arguments: ['/usr/bin/colcon', 'build']
[0.342s] DEBUG:colcon:Parsed command line arguments: Namespace(log_base=None, log_level=None, verb_name='build', build_base='build', install_base='install', merge_install=False, symlink_install=False, test_result_base=None, continue_on_error=False, executor='parallel', parallel_workers=16, event_handlers=None, ignore_user_meta=False, metas=['./colcon.meta'], base_paths=['.'], packages_ignore=None, packages_ignore_regex=None, paths=None, packages_up_to=None, packages_up_to_regex=None, packages_above=None, packages_above_and_dependencies=None, packages_above_depth=None, packages_select_by_dep=None, packages_skip_by_dep=None, packages_skip_up_to=None, packages_select_build_failed=False, packages_skip_build_finished=False, packages_select_test_failures=False, packages_skip_test_passed=False, packages_select=None, packages_skip=None, packages_select_regex=None, packages_skip_regex=None, packages_start=None, packages_end=None, allow_overriding=[], cmake_args=None, cmake_target=None, cmake_target_skip_unavailable=False, cmake_clean_cache=False, cmake_clean_first=False, cmake_force_configure=False, ament_cmake_args=None, catkin_cmake_args=None, catkin_skip_building_tests=False, verb_parser=<colcon_defaults.argument_parser.defaults.DefaultArgumentsDecorator object at 0x731f0060b4f0>, verb_extension=<colcon_core.verb.build.BuildVerb object at 0x731f0060a4d0>, main=<bound method BuildVerb.main of <colcon_core.verb.build.BuildVerb object at 0x731f0060a4d0>>)
[0.517s] Level 1:colcon.colcon_core.package_discovery:discover_packages(colcon_meta) check parameters
[0.517s] Level 1:colcon.colcon_core.package_discovery:discover_packages(recursive) check parameters
[0.517s] Level 1:colcon.colcon_core.package_discovery:discover_packages(ignore) check parameters
[0.518s] Level 1:colcon.colcon_core.package_discovery:discover_packages(path) check parameters
[0.518s] Level 1:colcon.colcon_core.package_discovery:discover_packages(colcon_meta) discover
[0.518s] Level 1:colcon.colcon_core.package_discovery:discover_packages(recursive) discover
[0.518s] INFO:colcon.colcon_core.package_discovery:Crawling recursively for packages in '/mnt/c/Users/106no/Documents/GitHub/altair_framework'
[0.519s] Level 1:colcon.colcon_core.package_identification:_identify(.) by extensions ['ignore', 'ignore_ament_install']
[0.519s] Level 1:colcon.colcon_core.package_identification:_identify(.) by extension 'ignore'
[0.519s] Level 1:colcon.colcon_core.package_identification:_identify(.) by extension 'ignore_ament_install'
[0.520s] Level 1:colcon.colcon_core.package_identification:_identify(.) by extensions ['colcon_pkg']
[0.520s] Level 1:colcon.colcon_core.package_identification:_identify(.) by extension 'colcon_pkg'
[0.520s] Level 1:colcon.colcon_core.package_identification:_identify(.) by extensions ['colcon_meta']
[0.520s] Level 1:colcon.colcon_core.package_identification:_identify(.) by extension 'colcon_meta'
[0.520s] Level 1:colcon.colcon_core.package_identification:_identify(.) by extensions ['ros']
[0.520s] Level 1:colcon.colcon_core.package_identification:_identify(.) by extension 'ros'
[0.531s] Level 1:colcon.colcon_core.package_identification:_identify(.) by extensions ['cmake', 'python']
[0.532s] Level 1:colcon.colcon_core.package_identification:_identify(.) by extension 'cmake'
[0.532s] Level 1:colcon.colcon_core.package_identification:_identify(.) by extension 'python'
[0.532s] Level 1:colcon.colcon_core.package_identification:_identify(.) by extensions ['python_setup_py']
[0.532s] Level 1:colcon.colcon_core.package_identification:_identify(.) by extension 'python_setup_py'
[0.534s] Level 1:colcon.colcon_core.package_identification:_identify(altair_can_bridge) by extensions ['ignore', 'ignore_ament_install']
[0.534s] Level 1:colcon.colcon_core.package_identification:_identify(altair_can_bridge) by extension 'ignore'
[0.535s] Level 1:colcon.colcon_core.package_identification:_identify(altair_can_bridge) by extension 'ignore_ament_install'
[0.536s] Level 1:colcon.colcon_core.package_identification:_identify(altair_can_bridge) by extensions ['colcon_pkg']
[0.536s] Level 1:colcon.colcon_core.package_identification:_identify(altair_can_bridge) by extension 'colcon_pkg'
[0.536s] Level 1:colcon.colcon_core.package_identification:_identify(altair_can_bridge) by extensions ['colcon_meta']
[0.536s] Level 1:colcon.colcon_core.package_identification:_identify(altair_can_bridge) by extension 'colcon_meta'
[0.537s] Level 1:colcon.colcon_core.package_identification:_identify(altair_can_bridge) by extensions ['ros']
[0.537s] Level 1:colcon.colcon_core.package_identification:_identify(altair_can_bridge) by extension 'ros'
[0.543s] DEBUG:colcon.colcon_core.package_identification:Package 'altair_can_bridge' with type 'ros.ament_cmake' and name 'altair_can_bridge'
[0.545s] Level 1:colcon.colcon_core.package_identification:_identify(altair_core) by extensions ['ignore', 'ignore_ament_install']
[0.545s] Level 1:colcon.colcon_core.package_identification:_identify(altair_core) by extension 'ignore'
[0.546s] Level 1:colcon.colcon_core.package_identification:_identify(altair_core) by extension 'ignore_ament_install'
[0.547s] Level 1:colcon.colcon_core.package_identification:_identify(altair_core) by extensions ['colcon_pkg']
[0.547s] Level 1:colcon.colcon_core.package_identification:_identify(altair_core) by extension 'colcon_pkg'
[0.548s] Level 1:colcon.colcon_core.package_identification:_identify(altair_core) by extensions ['colcon_meta']
[0.548s] Level 1:colcon.colcon_core.package_identification:_identify(altair_core) by extension 'colcon_meta'
[0.548s] Level 1:colcon.colcon_core.package_identification:_identify(altair_core) by extensions ['ros']
[0.549s] Level 1:colcon.colcon_core.package_identification:_identify(altair_core) by extension 'ros'
[0.554s] DEBUG:colcon.colcon_core.package_identification:Package 'altair_core' with type 'ros.ament_python' and name 'altair_core'
[0.555s] Level 1:colcon.colcon_core.package_identification:_identify(altair_interfaces) by extensions ['ignore', 'ignore_ament_install']
[0.555s] Level 1:colcon.colcon_core.package_identification:_identify(altair_interfaces) by extension 'ignore'
[0.556s] Level 1:colcon.colcon_core.package_identification:_identify(altair_interfaces) by extension 'ignore_ament_install'
[0.556s] Level 1:colcon.colcon_core.package_identification:_identify(altair_interfaces) by extensions ['colcon_pkg']
[0.557s] Level 1:colcon.colcon_core.package_identification:_identify(altair_interfaces) by extension 'colcon_pkg'
[0.557s] Level 1:colcon.colcon_core.package_identification:_identify(altair_interfaces) by extensions ['colcon_meta']
[0.557s] Level 1:colcon.colcon_core.package_identification:_identify(altair_interfaces) by extension 'colcon_meta'
[0.557s] Level 1:colcon.colcon_core.package_identification:_identify(altair_interfaces) by extensions ['ros']
[0.558s] Level 1:colcon.colcon_core.package_identification:_identify(altair_interfaces) by extension 'ros'
[0.564s] DEBUG:colcon.colcon_core.package_identification:Package 'altair_interfaces' with type 'ros.ament_cmake' and name 'altair_interfaces'
[0.565s] Level 1:colcon.colcon_core.package_identification:_identify(altair_web_server) by extensions ['ignore', 'ignore_ament_install']
[0.565s] Level 1:colcon.colcon_core.package_identification:_identify(altair_web_server) by extension 'ignore'
[0.566s] Level 1:colcon.colcon_core.package_identification:_identify(altair_web_server) by extension 'ignore_ament_install'
[0.567s] Level 1:colcon.colcon_core.package_identification:_identify(altair_web_server) by extensions ['colcon_pkg']
[0.567s] Level 1:colcon.colcon_core.package_identification:_identify(altair_web_server) by extension 'colcon_pkg'
[0.568s] Level 1:colcon.colcon_core.package_identification:_identify(altair_web_server) by extensions ['colcon_meta']
[0.568s] Level 1:colcon.colcon_core.package_identification:_identify(altair_web_server) by extension 'colcon_meta'
[0.568s] Level 1:colcon.colcon_core.package_identification:_identify(altair_web_server) by extensions ['ros']
[0.568s] Level 1:colcon.colcon_core.package_identification:_identify(altair_web_server) by extension 'ros'
[0.573s] DEBUG:colcon.colcon_core.package_identification:Package 'altair_web_server' with type 'ros.ament_python' and name 'altair_web_server'
[0.575s] Level 1:colcon.colcon_core.package_identification:_identify(build) by extensions ['ignore', 'ignore_ament_install']
[0.575s] Level 1:colcon.colcon_core.package_identification:_identify(build) by extension 'ignore'
[0.576s] Level 1:colcon.colcon_core.package_identification:_identify(build) ignored
[0.577s] Level 1:colcon.colcon_core.package_identification:_identify(docs) by extensions ['ignore', 'ignore_ament_install']
[0.578s] Level 1:colcon.colcon_core.package_identification:_identify(docs) by extension 'ignore'
[0.578s] Level 1:colcon.colcon_core.package_identification:_identify(docs) by extension 'ignore_ament_install'
[0.579s] Level 1:colcon.colcon_core.package_identification:_identify(docs) by extensions ['colcon_pkg']
[0.579s] Level 1:colcon.colcon_core.package_identification:_identify(docs) by extension 'colcon_pkg'
[0.579s] Level 1:colcon.colcon_core.package_identification:_identify(docs) by extensions ['colcon_meta']
[0.579s] Level 1:colcon.colcon_core.package_identification:_identify(docs) by extension 'colcon_meta'
[0.580s] Level 1:colcon.colcon_core.package_identification:_identify(docs) by extensions ['ros']
[0.580s] Level 1:colcon.colcon_core.package_identification:_identify(docs) by extension 'ros'
[0.583s] Level 1:colcon.colcon_core.package_identification:_identify(docs) by extensions ['cmake', 'python']
[0.583s] Level 1:colcon.colcon_core.package_identification:_identify(docs) by extension 'cmake'
[0.583s] Level 1:colcon.colcon_core.package_identification:_identify(docs) by extension 'python'
[0.584s] Level 1:colcon.colcon_core.package_identification:_identify(docs) by extensions ['python_setup_py']
[0.584s] Level 1:colcon.colcon_core.package_identification:_identify(docs) by extension 'python_setup_py'
[0.587s] Level 1:colcon.colcon_core.package_identification:_identify(install) by extensions ['ignore', 'ignore_ament_install']
[0.587s] Level 1:colcon.colcon_core.package_identification:_identify(install) by extension 'ignore'
[0.588s] Level 1:colcon.colcon_core.package_identification:_identify(install) ignored
[0.591s] Level 1:colcon.colcon_core.package_identification:_identify(log) by extensions ['ignore', 'ignore_ament_install']
[0.591s] Level 1:colcon.colcon_core.package_identification:_identify(log) by extension 'ignore'
[0.592s] Level 1:colcon.colcon_core.package_identification:_identify(log) ignored
[0.592s] Level 1:colcon.colcon_core.package_discovery:discover_packages(recursive) using defaults
[0.592s] Level 1:colcon.colcon_core.package_discovery:discover_packages(ignore) discover
[0.592s] Level 1:colcon.colcon_core.package_discovery:discover_packages(ignore) using defaults
[0.592s] Level 1:colcon.colcon_core.package_discovery:discover_packages(path) discover
[0.592s] Level 1:colcon.colcon_core.package_discovery:discover_packages(path) using defaults
[0.621s] Level 1:colcon.colcon_core.package_discovery:discover_packages(prefix_path) check parameters
[0.621s] Level 1:colcon.colcon_core.package_discovery:discover_packages(prefix_path) discover
[0.624s] DEBUG:colcon.colcon_installed_package_information.package_discovery:Found 273 installed packages in /opt/ros/humble
[0.625s] Level 1:colcon.colcon_core.package_discovery:discover_packages(prefix_path) using defaults
[0.653s] Level 5:colcon.colcon_core.verb:set package 'altair_interfaces' build argument 'cmake_args' from command line to 'None'
[0.653s] Level 5:colcon.colcon_core.verb:set package 'altair_interfaces' build argument 'cmake_target' from command line to 'None'
[0.654s] Level 5:colcon.colcon_core.verb:set package 'altair_interfaces' build argument 'cmake_target_skip_unavailable' from command line to 'False'
[0.654s] Level 5:colcon.colcon_core.verb:set package 'altair_interfaces' build argument 'cmake_clean_cache' from command line to 'False'
[0.654s] Level 5:colcon.colcon_core.verb:set package 'altair_interfaces' build argument 'cmake_clean_first' from command line to 'False'
[0.654s] Level 5:colcon.colcon_core.verb:set package 'altair_interfaces' build argument 'cmake_force_configure' from command line to 'False'
[0.654s] Level 5:colcon.colcon_core.verb:set package 'altair_interfaces' build argument 'ament_cmake_args' from command line to 'None'
[0.654s] Level 5:colcon.colcon_core.verb:set package 'altair_interfaces' build argument 'catkin_cmake_args' from command line to 'None'
[0.654s] Level 5:colcon.colcon_core.verb:set package 'altair_interfaces' build argument 'catkin_skip_building_tests' from command line to 'False'
[0.654s] DEBUG:colcon.colcon_core.verb:Building package 'altair_interfaces' with the following arguments: {'ament_cmake_args': None, 'build_base': '/mnt/c/Users/106no/Documents/GitHub/altair_framework/build/altair_interfaces', 'catkin_cmake_args': None, 'catkin_skip_building_tests': False, 'cmake_args': None, 'cmake_clean_cache': False, 'cmake_clean_first': False, 'cmake_force_configure': False, 'cmake_target': None, 'cmake_target_skip_unavailable': False, 'install_base': '/mnt/c/Users/106no/Documents/GitHub/altair_framework/install/altair_interfaces', 'merge_install': False, 'path': '/mnt/c/Users/106no/Documents/GitHub/altair_framework/altair_interfaces', 'symlink_install': False, 'test_result_base': None}
[0.654s] Level 5:colcon.colcon_core.verb:set package 'altair_can_bridge' build argument 'cmake_args' from command line to 'None'
[0.654s] Level 5:colcon.colcon_core.verb:set package 'altair_can_bridge' build argument 'cmake_target' from command line to 'None'
[0.655s] Level 5:colcon.colcon_core.verb:set package 'altair_can_bridge' build argument 'cmake_target_skip_unavailable' from command line to 'False'
[0.655s] Level 5:colcon.colcon_core.verb:set package 'altair_can_bridge' build argument 'cmake_clean_cache' from command line to 'False'
[0.655s] Level 5:colcon.colcon_core.verb:set package 'altair_can_bridge' build argument 'cmake_clean_first' from command line to 'False'
[0.655s] Level 5:colcon.colcon_core.verb:set package 'altair_can_bridge' build argument 'cmake_force_configure' from command line to 'False'
[0.655s] Level 5:colcon.colcon_core.verb:set package 'altair_can_bridge' build argument 'ament_cmake_args' from command line to 'None'
[0.655s] Level 5:colcon.colcon_core.verb:set package 'altair_can_bridge' build argument 'catkin_cmake_args' from command line to 'None'
[0.655s] Level 5:colcon.colcon_core.verb:set package 'altair_can_bridge' build argument 'catkin_skip_building_tests' from command line to 'False'
[0.655s] DEBUG:colcon.colcon_core.verb:Building package 'altair_can_bridge' with the following arguments: {'ament_cmake_args': None, 'build_base': '/mnt/c/Users/106no/Documents/GitHub/altair_framework/build/altair_can_bridge', 'catkin_cmake_args': None, 'catkin_skip_building_tests': False, 'cmake_args': None, 'cmake_clean_cache': False, 'cmake_clean_first': False, 'cmake_force_configure': False, 'cmake_target': None, 'cmake_target_skip_unavailable': False, 'install_base': '/mnt/c/Users/106no/Documents/GitHub/altair_framework/install/altair_can_bridge', 'merge_install': False, 'path': '/mnt/c/Users/106no/Documents/GitHub/altair_framework/altair_can_bridge', 'symlink_install': False, 'test_result_base': None}
[0.656s] Level 5:colcon.colcon_core.verb:set package 'altair_core' build argument 'cmake_args' from command line to 'None'
[0.656s] Level 5:colcon.colcon_core.verb:set package 'altair_core' build argument 'cmake_target' from command line to 'None'
[0.656s] Level 5:colcon.colcon_core.verb:set package 'altair_core' build argument 'cmake_target_skip_unavailable' from command line to 'False'
[0.656s] Level 5:colcon.colcon_core.verb:set package 'altair_core' build argument 'cmake_clean_cache' from command line to 'False'
[0.656s] Level 5:colcon.colcon_core.verb:set package 'altair_core' build argument 'cmake_clean_first' from command line to 'False'
[0.656s] Level 5:colcon.colcon_core.verb:set package 'altair_core' build argument 'cmake_force_configure' from command line to 'False'
[0.656s] Level 5:colcon.colcon_core.verb:set package 'altair_core' build argument 'ament_cmake_args' from command line to 'None'
[0.656s] Level 5:colcon.colcon_core.verb:set package 'altair_core' build argument 'catkin_cmake_args' from command line to 'None'
[0.656s] Level 5:colcon.colcon_core.verb:set package 'altair_core' build argument 'catkin_skip_building_tests' from command line to 'False'
[0.656s] DEBUG:colcon.colcon_core.verb:Building package 'altair_core' with the following arguments: {'ament_cmake_args': None, 'build_base': '/mnt/c/Users/106no/Documents/GitHub/altair_framework/build/altair_core', 'catkin_cmake_args': None, 'catkin_skip_building_tests': False, 'cmake_args': None, 'cmake_clean_cache': False, 'cmake_clean_first': False, 'cmake_force_configure': False, 'cmake_target': None, 'cmake_target_skip_unavailable': False, 'install_base': '/mnt/c/Users/106no/Documents/GitHub/altair_framework/install/altair_core', 'merge_install': False, 'path': '/mnt/c/Users/106no/Documents/GitHub/altair_framework/altair_core', 'symlink_install': False, 'test_result_base': None}
[0.657s] Level 5:colcon.colcon_core.verb:set package 'altair_web_server' build argument 'cmake_args' from command line to 'None'
[0.657s] Level 5:colcon.colcon_core.verb:set package 'altair_web_server' build argument 'cmake_target' from command line to 'None'
[0.657s] Level 5:colcon.colcon_core.verb:set package 'altair_web_server' build argument 'cmake_target_skip_unavailable' from command line to 'False'
[0.657s] Level 5:colcon.colcon_core.verb:set package 'altair_web_server' build argument 'cmake_clean_cache' from command line to 'False'
[0.657s] Level 5:colcon.colcon_core.verb:set package 'altair_web_server' build argument 'cmake_clean_first' from command line to 'False'
[0.657s] Level 5:colcon.colcon_core.verb:set package 'altair_web_server' build argument 'cmake_force_configure' from command line to 'False'
[0.657s] Level 5:colcon.colcon_core.verb:set package 'altair_web_server' build argument 'ament_cmake_args' from command line to 'None'
[0.657s] Level 5:colcon.colcon_core.verb:set package 'altair_web_server' build argument 'catkin_cmake_args' from command line to 'None'
[0.657s] Level 5:colcon.colcon_core.verb:set package 'altair_web_server' build argument 'catkin_skip_building_tests' from command line to 'False'
[0.657s] DEBUG:colcon.colcon_core.verb:Building package 'altair_web_server' with the following arguments: {'ament_cmake_args': None, 'build_base': '/mnt/c/Users/106no/Documents/GitHub/altair_framework/build/altair_web_server', 'catkin_cmake_args': None, 'catkin_skip_building_tests': False, 'cmake_args': None, 'cmake_clean_cache': False, 'cmake_clean_first': False, 'cmake_force_configure': False, 'cmake_target': None, 'cmake_target_skip_unavailable': False, 'install_base': '/mnt/c/Users/106no/Documents/GitHub/altair_framework/install/altair_web_server', 'merge_install': False, 'path': '/mnt/c/Users/106no/Documents/GitHub/altair_framework/altair_web_server', 'symlink_install': False, 'test_result_base': None}
[0.658s] INFO:colcon.colcon_core.executor:Executing jobs using 'parallel' executor
[0.658s] DEBUG:colcon.colcon_parallel_executor.executor.parallel:run_until_complete
[0.659s] INFO:colcon.colcon_ros.task.ament_cmake.build:Building ROS package in '/mnt/c/Users/106no/Documents/GitHub/altair_framework/altair_interfaces' with build type 'ament_cmake'
[0.659s] INFO:colcon.colcon_cmake.task.cmake.build:Building CMake package in '/mnt/c/Users/106no/Documents/GitHub/altair_framework/altair_interfaces'
[0.665s] INFO:colcon.colcon_core.plugin_system:Skipping extension 'colcon_core.shell.bat': Not used on non-Windows systems
[0.666s] INFO:colcon.colcon_core.shell:Skip shell extension 'powershell' for command environment: Not usable outside of PowerShell
[0.666s] DEBUG:colcon.colcon_core.shell:Skip shell extension 'dsv' for command environment
[0.705s] DEBUG:colcon.colcon_core.event_handler.log_command:Invoking command in '/mnt/c/Users/106no/Documents/GitHub/altair_framework/build/altair_interfaces': CMAKE_PREFIX_PATH=/opt/ros/humble /usr/bin/cmake --build /mnt/c/Users/106no/Documents/GitHub/altair_framework/build/altair_interfaces -- -j16 -l16
[4.153s] DEBUG:colcon.colcon_core.event_handler.log_command:Invoked command in '/mnt/c/Users/106no/Documents/GitHub/altair_framework/build/altair_interfaces' returned '0': CMAKE_PREFIX_PATH=/opt/ros/humble /usr/bin/cmake --build /mnt/c/Users/106no/Documents/GitHub/altair_framework/build/altair_interfaces -- -j16 -l16
[4.180s] DEBUG:colcon.colcon_core.event_handler.log_command:Invoking command in '/mnt/c/Users/106no/Documents/GitHub/altair_framework/build/altair_interfaces': CMAKE_PREFIX_PATH=/opt/ros/humble /usr/bin/cmake --install /mnt/c/Users/106no/Documents/GitHub/altair_framework/build/altair_interfaces
[12.026s] Level 1:colcon.colcon_core.environment:create_environment_scripts_only(altair_interfaces)
[12.027s] DEBUG:colcon.colcon_core.event_handler.log_command:Invoked command in '/mnt/c/Users/106no/Documents/GitHub/altair_framework/build/altair_interfaces' returned '0': CMAKE_PREFIX_PATH=/opt/ros/humble /usr/bin/cmake --install /mnt/c/Users/106no/Documents/GitHub/altair_framework/build/altair_interfaces
[12.034s] Level 1:colcon.colcon_core.environment:checking '/mnt/c/Users/106no/Documents/GitHub/altair_framework/install/altair_interfaces' for CMake module files
[12.189s] Level 1:colcon.colcon_core.environment:checking '/mnt/c/Users/106no/Documents/GitHub/altair_framework/install/altair_interfaces' for CMake config files
[12.284s] Level 1:colcon.colcon_core.shell:create_environment_hook('altair_interfaces', 'cmake_prefix_path')
[12.285s] INFO:colcon.colcon_core.shell:Creating environment hook '/mnt/c/Users/106no/Documents/GitHub/altair_framework/install/altair_interfaces/share/altair_interfaces/hook/cmake_prefix_path.ps1'
[12.296s] INFO:colcon.colcon_core.shell:Creating environment descriptor '/mnt/c/Users/106no/Documents/GitHub/altair_framework/install/altair_interfaces/share/altair_interfaces/hook/cmake_prefix_path.dsv'
[12.304s] INFO:colcon.colcon_core.shell:Creating environment hook '/mnt/c/Users/106no/Documents/GitHub/altair_framework/install/altair_interfaces/share/altair_interfaces/hook/cmake_prefix_path.sh'
[12.318s] Level 1:colcon.colcon_core.environment:checking '/mnt/c/Users/106no/Documents/GitHub/altair_framework/install/altair_interfaces/lib'
[12.321s] Level 1:colcon.colcon_core.shell:create_environment_hook('altair_interfaces', 'ld_library_path_lib')
[12.321s] INFO:colcon.colcon_core.shell:Creating environment hook '/mnt/c/Users/106no/Documents/GitHub/altair_framework/install/altair_interfaces/share/altair_interfaces/hook/ld_library_path_lib.ps1'
[12.331s] INFO:colcon.colcon_core.shell:Creating environment descriptor '/mnt/c/Users/106no/Documents/GitHub/altair_framework/install/altair_interfaces/share/altair_interfaces/hook/ld_library_path_lib.dsv'
[12.342s] INFO:colcon.colcon_core.shell:Creating environment hook '/mnt/c/Users/106no/Documents/GitHub/altair_framework/install/altair_interfaces/share/altair_interfaces/hook/ld_library_path_lib.sh'
[12.351s] Level 1:colcon.colcon_core.environment:checking '/mnt/c/Users/106no/Documents/GitHub/altair_framework/install/altair_interfaces/bin'
[12.352s] Level 1:colcon.colcon_core.environment:checking '/mnt/c/Users/106no/Documents/GitHub/altair_framework/install/altair_interfaces/lib/pkgconfig/altair_interfaces.pc'
[12.353s] Level 1:colcon.colcon_core.environment:checking '/mnt/c/Users/106no/Documents/GitHub/altair_framework/install/altair_interfaces/lib/python3.10/site-packages'
[12.354s] Level 1:colcon.colcon_core.environment:checking '/mnt/c/Users/106no/Documents/GitHub/altair_framework/install/altair_interfaces/bin'
[12.355s] INFO:colcon.colcon_core.shell:Creating package script '/mnt/c/Users/106no/Documents/GitHub/altair_framework/install/altair_interfaces/share/altair_interfaces/package.ps1'
[12.364s] INFO:colcon.colcon_core.shell:Creating package descriptor '/mnt/c/Users/106no/Documents/GitHub/altair_framework/install/altair_interfaces/share/altair_interfaces/package.dsv'
[12.372s] INFO:colcon.colcon_core.shell:Creating package script '/mnt/c/Users/106no/Documents/GitHub/altair_framework/install/altair_interfaces/share/altair_interfaces/package.sh'
[12.382s] INFO:colcon.colcon_core.shell:Creating package script '/mnt/c/Users/106no/Documents/GitHub/altair_framework/install/altair_interfaces/share/altair_interfaces/package.bash'
[12.389s] INFO:colcon.colcon_core.shell:Creating package script '/mnt/c/Users/106no/Documents/GitHub/altair_framework/install/altair_interfaces/share/altair_interfaces/package.zsh'
[12.398s] Level 1:colcon.colcon_core.environment:create_file_with_runtime_dependencies(/mnt/c/Users/106no/Documents/GitHub/altair_framework/install/altair_interfaces/share/colcon-core/packages/altair_interfaces)
[12.415s] Level 1:colcon.colcon_core.environment:create_environment_scripts_only(altair_interfaces)
[12.415s] Level 1:colcon.colcon_core.environment:checking '/mnt/c/Users/106no/Documents/GitHub/altair_framework/install/altair_interfaces' for CMake module files
[12.560s] Level 1:colcon.colcon_core.environment:checking '/mnt/c/Users/106no/Documents/GitHub/altair_framework/install/altair_interfaces' for CMake config files
[12.666s] Level 1:colcon.colcon_core.shell:create_environment_hook('altair_interfaces', 'cmake_prefix_path')
[12.667s] INFO:colcon.colcon_core.shell:Creating environment hook '/mnt/c/Users/106no/Documents/GitHub/altair_framework/install/altair_interfaces/share/altair_interfaces/hook/cmake_prefix_path.ps1'
[12.684s] INFO:colcon.colcon_core.shell:Creating environment descriptor '/mnt/c/Users/106no/Documents/GitHub/altair_framework/install/altair_interfaces/share/altair_interfaces/hook/cmake_prefix_path.dsv'
[12.701s] INFO:colcon.colcon_core.shell:Creating environment hook '/mnt/c/Users/106no/Documents/GitHub/altair_framework/install/altair_interfaces/share/altair_interfaces/hook/cmake_prefix_path.sh'
[12.720s] Level 1:colcon.colcon_core.environment:checking '/mnt/c/Users/106no/Documents/GitHub/altair_framework/install/altair_interfaces/lib'
[12.724s] Level 1:colcon.colcon_core.shell:create_environment_hook('altair_interfaces', 'ld_library_path_lib')
[12.725s] INFO:colcon.colcon_core.shell:Creating environment hook '/mnt/c/Users/106no/Documents/GitHub/altair_framework/install/altair_interfaces/share/altair_interfaces/hook/ld_library_path_lib.ps1'
[12.740s] INFO:colcon.colcon_core.shell:Creating environment descriptor '/mnt/c/Users/106no/Documents/GitHub/altair_framework/install/altair_interfaces/share/altair_interfaces/hook/ld_library_path_lib.dsv'
[12.755s] INFO:colcon.colcon_core.shell:Creating environment hook '/mnt/c/Users/106no/Documents/GitHub/altair_framework/install/altair_interfaces/share/altair_interfaces/hook/ld_library_path_lib.sh'
[12.769s] Level 1:colcon.colcon_core.environment:checking '/mnt/c/Users/106no/Documents/GitHub/altair_framework/install/altair_interfaces/bin'
[12.771s] Level 1:colcon.colcon_core.environment:checking '/mnt/c/Users/106no/Documents/GitHub/altair_framework/install/altair_interfaces/lib/pkgconfig/altair_interfaces.pc'
[12.773s] Level 1:colcon.colcon_core.environment:checking '/mnt/c/Users/106no/Documents/GitHub/altair_framework/install/altair_interfaces/lib/python3.10/site-packages'
[12.776s] Level 1:colcon.colcon_core.environment:checking '/mnt/c/Users/106no/Documents/GitHub/altair_framework/install/altair_interfaces/bin'
[12.777s] INFO:colcon.colcon_core.shell:Creating package script '/mnt/c/Users/106no/Documents/GitHub/altair_framework/install/altair_interfaces/share/altair_interfaces/package.ps1'
[12.789s] INFO:colcon.colcon_core.shell:Creating package descriptor '/mnt/c/Users/106no/Documents/GitHub/altair_framework/install/altair_interfaces/share/altair_interfaces/package.dsv'
[12.824s] INFO:colcon.colcon_core.shell:Creating package script '/mnt/c/Users/106no/Documents/GitHub/altair_framework/install/altair_interfaces/share/altair_interfaces/package.sh'
[12.848s] INFO:colcon.colcon_core.shell:Creating package script '/mnt/c/Users/106no/Documents/GitHub/altair_framework/install/altair_interfaces/share/altair_interfaces/package.bash'
[12.871s] INFO:colcon.colcon_core.shell:Creating package script '/mnt/c/Users/106no/Documents/GitHub/altair_framework/install/altair_interfaces/share/altair_interfaces/package.zsh'
[12.898s] Level 1:colcon.colcon_core.environment:create_file_with_runtime_dependencies(/mnt/c/Users/106no/Documents/GitHub/altair_framework/install/altair_interfaces/share/colcon-core/packages/altair_interfaces)
[12.915s] INFO:colcon.colcon_ros.task.ament_cmake.build:Building ROS package in '/mnt/c/Users/106no/Documents/GitHub/altair_framework/altair_can_bridge' with build type 'ament_cmake'
[12.916s] INFO:colcon.colcon_cmake.task.cmake.build:Building CMake package in '/mnt/c/Users/106no/Documents/GitHub/altair_framework/altair_can_bridge'
[12.916s] INFO:colcon.colcon_core.shell:Skip shell extension 'powershell' for command environment: Not usable outside of PowerShell
[12.916s] DEBUG:colcon.colcon_core.shell:Skip shell extension 'dsv' for command environment
[12.928s] INFO:colcon.colcon_ros.task.ament_python.build:Building ROS package in '/mnt/c/Users/106no/Documents/GitHub/altair_framework/altair_core' with build type 'ament_python'
[12.928s] Level 1:colcon.colcon_core.shell:create_environment_hook('altair_core', 'ament_prefix_path')
[12.928s] INFO:colcon.colcon_core.shell:Creating environment hook '/mnt/c/Users/106no/Documents/GitHub/altair_framework/install/altair_core/share/altair_core/hook/ament_prefix_path.ps1'
[12.938s] INFO:colcon.colcon_core.shell:Creating environment descriptor '/mnt/c/Users/106no/Documents/GitHub/altair_framework/install/altair_core/share/altair_core/hook/ament_prefix_path.dsv'
[12.949s] INFO:colcon.colcon_core.shell:Creating environment hook '/mnt/c/Users/106no/Documents/GitHub/altair_framework/install/altair_core/share/altair_core/hook/ament_prefix_path.sh'
[12.961s] INFO:colcon.colcon_core.shell:Skip shell extension 'powershell' for command environment: Not usable outside of PowerShell
[12.961s] DEBUG:colcon.colcon_core.shell:Skip shell extension 'dsv' for command environment
[12.967s] INFO:colcon.colcon_ros.task.ament_python.build:Building ROS package in '/mnt/c/Users/106no/Documents/GitHub/altair_framework/altair_web_server' with build type 'ament_python'
[12.968s] Level 1:colcon.colcon_core.shell:create_environment_hook('altair_web_server', 'ament_prefix_path')
[12.968s] INFO:colcon.colcon_core.shell:Creating environment hook '/mnt/c/Users/106no/Documents/GitHub/altair_framework/install/altair_web_server/share/altair_web_server/hook/ament_prefix_path.ps1'
[12.981s] INFO:colcon.colcon_core.shell:Creating environment descriptor '/mnt/c/Users/106no/Documents/GitHub/altair_framework/install/altair_web_server/share/altair_web_server/hook/ament_prefix_path.dsv'
[12.994s] INFO:colcon.colcon_core.shell:Creating environment hook '/mnt/c/Users/106no/Documents/GitHub/altair_framework/install/altair_web_server/share/altair_web_server/hook/ament_prefix_path.sh'
[13.004s] INFO:colcon.colcon_core.shell:Skip shell extension 'powershell' for command environment: Not usable outside of PowerShell
[13.005s] DEBUG:colcon.colcon_core.shell:Skip shell extension 'dsv' for command environment
[13.142s] DEBUG:colcon.colcon_core.event_handler.log_command:Invoking command in '/mnt/c/Users/106no/Documents/GitHub/altair_framework/build/altair_can_bridge': AMENT_PREFIX_PATH=/mnt/c/Users/106no/Documents/GitHub/altair_framework/install/altair_interfaces:${AMENT_PREFIX_PATH} CMAKE_PREFIX_PATH=/mnt/c/Users/106no/Documents/GitHub/altair_framework/install/altair_interfaces:/opt/ros/humble LD_LIBRARY_PATH=/mnt/c/Users/106no/Documents/GitHub/altair_framework/install/altair_interfaces/lib:${LD_LIBRARY_PATH} PYTHONPATH=/mnt/c/Users/106no/Documents/GitHub/altair_framework/install/altair_interfaces/local/lib/python3.10/dist-packages:${PYTHONPATH} /usr/bin/cmake /mnt/c/Users/106no/Documents/GitHub/altair_framework/altair_can_bridge -DCMAKE_INSTALL_PREFIX=/mnt/c/Users/106no/Documents/GitHub/altair_framework/install/altair_can_bridge
[13.563s] INFO:colcon.colcon_core.task.python.build:Building Python package in '/mnt/c/Users/106no/Documents/GitHub/altair_framework/altair_core'
[13.563s] INFO:colcon.colcon_core.shell:Skip shell extension 'powershell' for command environment: Not usable outside of PowerShell
[13.564s] DEBUG:colcon.colcon_core.shell:Skip shell extension 'dsv' for command environment
[14.146s] INFO:colcon.colcon_core.task.python.build:Building Python package in '/mnt/c/Users/106no/Documents/GitHub/altair_framework/altair_web_server'
[14.147s] INFO:colcon.colcon_core.shell:Skip shell extension 'powershell' for command environment: Not usable outside of PowerShell
[14.147s] DEBUG:colcon.colcon_core.shell:Skip shell extension 'dsv' for command environment
[15.746s] DEBUG:colcon.colcon_core.event_handler.log_command:Invoking command in '/mnt/c/Users/106no/Documents/GitHub/altair_framework/altair_core': AMENT_PREFIX_PATH=/mnt/c/Users/106no/Documents/GitHub/altair_framework/install/altair_interfaces:${AMENT_PREFIX_PATH} CMAKE_PREFIX_PATH=/mnt/c/Users/106no/Documents/GitHub/altair_framework/install/altair_interfaces LD_LIBRARY_PATH=/mnt/c/Users/106no/Documents/GitHub/altair_framework/install/altair_interfaces/lib:${LD_LIBRARY_PATH} PYTHONPATH=/mnt/c/Users/106no/Documents/GitHub/altair_framework/build/altair_core/prefix_override:/usr/lib/python3/dist-packages/colcon_core/task/python/colcon_distutils_commands:/mnt/c/Users/106no/Documents/GitHub/altair_framework/install/altair_core/lib/python3.10/site-packages:/mnt/c/Users/106no/Documents/GitHub/altair_framework/install/altair_interfaces/local/lib/python3.10/dist-packages:${PYTHONPATH} /usr/bin/python3 -W ignore:setup.py install is deprecated -W ignore:easy_install command is deprecated setup.py egg_info --egg-base ../build/altair_core build --build-base /mnt/c/Users/106no/Documents/GitHub/altair_framework/build/altair_core/build install --record /mnt/c/Users/106no/Documents/GitHub/altair_framework/build/altair_core/install.log --single-version-externally-managed install_data
[15.889s] DEBUG:colcon.colcon_core.event_handler.log_command:Invoking command in '/mnt/c/Users/106no/Documents/GitHub/altair_framework/altair_web_server': AMENT_PREFIX_PATH=/mnt/c/Users/106no/Documents/GitHub/altair_framework/install/altair_interfaces:${AMENT_PREFIX_PATH} CMAKE_PREFIX_PATH=/mnt/c/Users/106no/Documents/GitHub/altair_framework/install/altair_interfaces LD_LIBRARY_PATH=/mnt/c/Users/106no/Documents/GitHub/altair_framework/install/altair_interfaces/lib:${LD_LIBRARY_PATH} PYTHONPATH=/mnt/c/Users/106no/Documents/GitHub/altair_framework/build/altair_web_server/prefix_override:/usr/lib/python3/dist-packages/colcon_core/task/python/colcon_distutils_commands:/mnt/c/Users/106no/Documents/GitHub/altair_framework/install/altair_web_server/lib/python3.10/site-packages:/mnt/c/Users/106no/Documents/GitHub/altair_framework/install/altair_interfaces/local/lib/python3.10/dist-packages:${PYTHONPATH} /usr/bin/python3 -W ignore:setup.py install is deprecated -W ignore:easy_install command is deprecated setup.py egg_info --egg-base ../build/altair_web_server build --build-base /mnt/c/Users/106no/Documents/GitHub/altair_framework/build/altair_web_server/build install --record /mnt/c/Users/106no/Documents/GitHub/altair_framework/build/altair_web_server/install.log --single-version-externally-managed install_data
[17.721s] Level 1:colcon.colcon_core.environment:checking '/mnt/c/Users/106no/Documents/GitHub/altair_framework/install/altair_web_server' for CMake module files
[17.722s] DEBUG:colcon.colcon_core.event_handler.log_command:Invoked command in '/mnt/c/Users/106no/Documents/GitHub/altair_framework/altair_web_server' returned '0': AMENT_PREFIX_PATH=/mnt/c/Users/106no/Documents/GitHub/altair_framework/install/altair_interfaces:${AMENT_PREFIX_PATH} CMAKE_PREFIX_PATH=/mnt/c/Users/106no/Documents/GitHub/altair_framework/install/altair_interfaces LD_LIBRARY_PATH=/mnt/c/Users/106no/Documents/GitHub/altair_framework/install/altair_interfaces/lib:${LD_LIBRARY_PATH} PYTHONPATH=/mnt/c/Users/106no/Documents/GitHub/altair_framework/build/altair_web_server/prefix_override:/usr/lib/python3/dist-packages/colcon_core/task/python/colcon_distutils_commands:/mnt/c/Users/106no/Documents/GitHub/altair_framework/install/altair_web_server/lib/python3.10/site-packages:/mnt/c/Users/106no/Documents/GitHub/altair_framework/install/altair_interfaces/local/lib/python3.10/dist-packages:${PYTHONPATH} /usr/bin/python3 -W ignore:setup.py install is deprecated -W ignore:easy_install command is deprecated setup.py egg_info --egg-base ../build/altair_web_server build --build-base /mnt/c/Users/106no/Documents/GitHub/altair_framework/build/altair_web_server/build install --record /mnt/c/Users/106no/Documents/GitHub/altair_framework/build/altair_web_server/install.log --single-version-externally-managed install_data
[17.766s] Level 1:colcon.colcon_core.environment:checking '/mnt/c/Users/106no/Documents/GitHub/altair_framework/install/altair_web_server' for CMake config files
[17.865s] Level 1:colcon.colcon_core.environment:checking '/mnt/c/Users/106no/Documents/GitHub/altair_framework/install/altair_web_server/lib'
[17.871s] Level 1:colcon.colcon_core.environment:checking '/mnt/c/Users/106no/Documents/GitHub/altair_framework/install/altair_web_server/bin'
[17.875s] Level 1:colcon.colcon_core.shell:create_environment_hook('altair_web_server', 'path')
[17.876s] INFO:colcon.colcon_core.shell:Creating environment hook '/mnt/c/Users/106no/Documents/GitHub/altair_framework/install/altair_web_server/share/altair_web_server/hook/path.ps1'
[17.889s] INFO:colcon.colcon_core.shell:Creating environment descriptor '/mnt/c/Users/106no/Documents/GitHub/altair_framework/install/altair_web_server/share/altair_web_server/hook/path.dsv'
[17.901s] INFO:colcon.colcon_core.shell:Creating environment hook '/mnt/c/Users/106no/Documents/GitHub/altair_framework/install/altair_web_server/share/altair_web_server/hook/path.sh'
[17.915s] Level 1:colcon.colcon_core.environment:checking '/mnt/c/Users/106no/Documents/GitHub/altair_framework/install/altair_web_server/lib/pkgconfig/altair_web_server.pc'
[17.918s] Level 1:colcon.colcon_core.environment:checking '/mnt/c/Users/106no/Documents/GitHub/altair_framework/install/altair_web_server/lib/python3.10/site-packages'
[17.922s] Level 1:colcon.colcon_core.shell:create_environment_hook('altair_web_server', 'pythonpath')
[17.922s] INFO:colcon.colcon_core.shell:Creating environment hook '/mnt/c/Users/106no/Documents/GitHub/altair_framework/install/altair_web_server/share/altair_web_server/hook/pythonpath.ps1'
[17.935s] INFO:colcon.colcon_core.shell:Creating environment descriptor '/mnt/c/Users/106no/Documents/GitHub/altair_framework/install/altair_web_server/share/altair_web_server/hook/pythonpath.dsv'
[17.948s] INFO:colcon.colcon_core.shell:Creating environment hook '/mnt/c/Users/106no/Documents/GitHub/altair_framework/install/altair_web_server/share/altair_web_server/hook/pythonpath.sh'
[17.965s] Level 1:colcon.colcon_core.environment:checking '/mnt/c/Users/106no/Documents/GitHub/altair_framework/install/altair_web_server/bin'
[17.971s] Level 1:colcon.colcon_core.shell:create_environment_hook('altair_web_server', 'pythonscriptspath')
[17.972s] INFO:colcon.colcon_core.shell:Creating environment hook '/mnt/c/Users/106no/Documents/GitHub/altair_framework/install/altair_web_server/share/altair_web_server/hook/pythonscriptspath.ps1'
[17.988s] INFO:colcon.colcon_core.shell:Creating environment descriptor '/mnt/c/Users/106no/Documents/GitHub/altair_framework/install/altair_web_server/share/altair_web_server/hook/pythonscriptspath.dsv'
[18.007s] INFO:colcon.colcon_core.shell:Creating environment hook '/mnt/c/Users/106no/Documents/GitHub/altair_framework/install/altair_web_server/share/altair_web_server/hook/pythonscriptspath.sh'
[18.027s] Level 1:colcon.colcon_core.environment:create_environment_scripts_only(altair_web_server)
[18.027s] INFO:colcon.colcon_core.shell:Creating package script '/mnt/c/Users/106no/Documents/GitHub/altair_framework/install/altair_web_server/share/altair_web_server/package.ps1'
[18.043s] INFO:colcon.colcon_core.shell:Creating package descriptor '/mnt/c/Users/106no/Documents/GitHub/altair_framework/install/altair_web_server/share/altair_web_server/package.dsv'
[18.062s] INFO:colcon.colcon_core.shell:Creating package script '/mnt/c/Users/106no/Documents/GitHub/altair_framework/install/altair_web_server/share/altair_web_server/package.sh'
[18.079s] INFO:colcon.colcon_core.shell:Creating package script '/mnt/c/Users/106no/Documents/GitHub/altair_framework/install/altair_web_server/share/altair_web_server/package.bash'
[18.096s] INFO:colcon.colcon_core.shell:Creating package script '/mnt/c/Users/106no/Documents/GitHub/altair_framework/install/altair_web_server/share/altair_web_server/package.zsh'
[18.110s] Level 1:colcon.colcon_core.environment:create_file_with_runtime_dependencies(/mnt/c/Users/106no/Documents/GitHub/altair_framework/install/altair_web_server/share/colcon-core/packages/altair_web_server)
[18.119s] Level 1:colcon.colcon_core.environment:checking '/mnt/c/Users/106no/Documents/GitHub/altair_framework/install/altair_core' for CMake module files
[18.128s] DEBUG:colcon.colcon_core.event_handler.log_command:Invoked command in '/mnt/c/Users/106no/Documents/GitHub/altair_framework/altair_core' returned '0': AMENT_PREFIX_PATH=/mnt/c/Users/106no/Documents/GitHub/altair_framework/install/altair_interfaces:${AMENT_PREFIX_PATH} CMAKE_PREFIX_PATH=/mnt/c/Users/106no/Documents/GitHub/altair_framework/install/altair_interfaces LD_LIBRARY_PATH=/mnt/c/Users/106no/Documents/GitHub/altair_framework/install/altair_interfaces/lib:${LD_LIBRARY_PATH} PYTHONPATH=/mnt/c/Users/106no/Documents/GitHub/altair_framework/build/altair_core/prefix_override:/usr/lib/python3/dist-packages/colcon_core/task/python/colcon_distutils_commands:/mnt/c/Users/106no/Documents/GitHub/altair_framework/install/altair_core/lib/python3.10/site-packages:/mnt/c/Users/106no/Documents/GitHub/altair_framework/install/altair_interfaces/local/lib/python3.10/dist-packages:${PYTHONPATH} /usr/bin/python3 -W ignore:setup.py install is deprecated -W ignore:easy_install command is deprecated setup.py egg_info --egg-base ../build/altair_core build --build-base /mnt/c/Users/106no/Documents/GitHub/altair_framework/build/altair_core/build install --record /mnt/c/Users/106no/Documents/GitHub/altair_framework/build/altair_core/install.log --single-version-externally-managed install_data
[18.173s] Level 1:colcon.colcon_core.environment:checking '/mnt/c/Users/106no/Documents/GitHub/altair_framework/install/altair_core' for CMake config files
[18.271s] Level 1:colcon.colcon_core.environment:checking '/mnt/c/Users/106no/Documents/GitHub/altair_framework/install/altair_core/lib'
[18.276s] Level 1:colcon.colcon_core.environment:checking '/mnt/c/Users/106no/Documents/GitHub/altair_framework/install/altair_core/bin'
[18.280s] Level 1:colcon.colcon_core.shell:create_environment_hook('altair_core', 'path')
[18.281s] INFO:colcon.colcon_core.shell:Creating environment hook '/mnt/c/Users/106no/Documents/GitHub/altair_framework/install/altair_core/share/altair_core/hook/path.ps1'
[18.293s] INFO:colcon.colcon_core.shell:Creating environment descriptor '/mnt/c/Users/106no/Documents/GitHub/altair_framework/install/altair_core/share/altair_core/hook/path.dsv'
[18.306s] INFO:colcon.colcon_core.shell:Creating environment hook '/mnt/c/Users/106no/Documents/GitHub/altair_framework/install/altair_core/share/altair_core/hook/path.sh'
[18.317s] Level 1:colcon.colcon_core.environment:checking '/mnt/c/Users/106no/Documents/GitHub/altair_framework/install/altair_core/lib/pkgconfig/altair_core.pc'
[18.318s] Level 1:colcon.colcon_core.environment:checking '/mnt/c/Users/106no/Documents/GitHub/altair_framework/install/altair_core/lib/python3.10/site-packages'
[18.322s] Level 1:colcon.colcon_core.shell:create_environment_hook('altair_core', 'pythonpath')
[18.323s] INFO:colcon.colcon_core.shell:Creating environment hook '/mnt/c/Users/106no/Documents/GitHub/altair_framework/install/altair_core/share/altair_core/hook/pythonpath.ps1'
[18.333s] INFO:colcon.colcon_core.shell:Creating environment descriptor '/mnt/c/Users/106no/Documents/GitHub/altair_framework/install/altair_core/share/altair_core/hook/pythonpath.dsv'
[18.346s] INFO:colcon.colcon_core.shell:Creating environment hook '/mnt/c/Users/106no/Documents/GitHub/altair_framework/install/altair_core/share/altair_core/hook/pythonpath.sh'
[18.359s] Level 1:colcon.colcon_core.environment:checking '/mnt/c/Users/106no/Documents/GitHub/altair_framework/install/altair_core/bin'
[18.363s] Level 1:colcon.colcon_core.shell:create_environment_hook('altair_core', 'pythonscriptspath')
[18.363s] INFO:colcon.colcon_core.shell:Creating environment hook '/mnt/c/Users/106no/Documents/GitHub/altair_framework/install/altair_core/share/altair_core/hook/pythonscriptspath.ps1'
[18.376s] INFO:colcon.colcon_core.shell:Creating environment descriptor '/mnt/c/Users/106no/Documents/GitHub/altair_framework/install/altair_core/share/altair_core/hook/pythonscriptspath.dsv'
[18.390s] INFO:colcon.colcon_core.shell:Creating environment hook '/mnt/c/Users/106no/Documents/GitHub/altair_framework/install/altair_core/share/altair_core/hook/pythonscriptspath.sh'
[18.401s] Level 1:colcon.colcon_core.environment:create_environment_scripts_only(altair_core)
[18.401s] INFO:colcon.colcon_core.shell:Creating package script '/mnt/c/Users/106no/Documents/GitHub/altair_framework/install/altair_core/share/altair_core/package.ps1'
[18.412s] INFO:colcon.colcon_core.shell:Creating package descriptor '/mnt/c/Users/106no/Documents/GitHub/altair_framework/install/altair_core/share/altair_core/package.dsv'
[18.423s] INFO:colcon.colcon_core.shell:Creating package script '/mnt/c/Users/106no/Documents/GitHub/altair_framework/install/altair_core/share/altair_core/package.sh'
[18.433s] INFO:colcon.colcon_core.shell:Creating package script '/mnt/c/Users/106no/Documents/GitHub/altair_framework/install/altair_core/share/altair_core/package.bash'
[18.443s] INFO:colcon.colcon_core.shell:Creating package script '/mnt/c/Users/106no/Documents/GitHub/altair_framework/install/altair_core/share/altair_core/package.zsh'
[18.454s] Level 1:colcon.colcon_core.environment:create_file_with_runtime_dependencies(/mnt/c/Users/106no/Documents/GitHub/altair_framework/install/altair_core/share/colcon-core/packages/altair_core)
[23.634s] DEBUG:colcon.colcon_core.event_handler.log_command:Invoked command in '/mnt/c/Users/106no/Documents/GitHub/altair_framework/build/altair_can_bridge' returned '1': AMENT_PREFIX_PATH=/mnt/c/Users/106no/Documents/GitHub/altair_framework/install/altair_interfaces:${AMENT_PREFIX_PATH} CMAKE_PREFIX_PATH=/mnt/c/Users/106no/Documents/GitHub/altair_framework/install/altair_interfaces:/opt/ros/humble LD_LIBRARY_PATH=/mnt/c/Users/106no/Documents/GitHub/altair_framework/install/altair_interfaces/lib:${LD_LIBRARY_PATH} PYTHONPATH=/mnt/c/Users/106no/Documents/GitHub/altair_framework/install/altair_interfaces/local/lib/python3.10/dist-packages:${PYTHONPATH} /usr/bin/cmake /mnt/c/Users/106no/Documents/GitHub/altair_framework/altair_can_bridge -DCMAKE_INSTALL_PREFIX=/mnt/c/Users/106no/Documents/GitHub/altair_framework/install/altair_can_bridge
[23.659s] Level 1:colcon.colcon_core.environment:create_environment_scripts_only(altair_can_bridge)
[23.659s] Level 1:colcon.colcon_core.environment:checking '/mnt/c/Users/106no/Documents/GitHub/altair_framework/install/altair_can_bridge' for CMake module files
[23.689s] Level 1:colcon.colcon_core.environment:checking '/mnt/c/Users/106no/Documents/GitHub/altair_framework/install/altair_can_bridge' for CMake config files
[23.709s] Level 1:colcon.colcon_core.environment:checking '/mnt/c/Users/106no/Documents/GitHub/altair_framework/install/altair_can_bridge/bin'
[23.710s] Level 1:colcon.colcon_core.environment:checking '/mnt/c/Users/106no/Documents/GitHub/altair_framework/install/altair_can_bridge/lib/pkgconfig/altair_can_bridge.pc'
[23.712s] Level 1:colcon.colcon_core.environment:checking '/mnt/c/Users/106no/Documents/GitHub/altair_framework/install/altair_can_bridge/lib/python3.10/site-packages'
[23.713s] Level 1:colcon.colcon_core.environment:checking '/mnt/c/Users/106no/Documents/GitHub/altair_framework/install/altair_can_bridge/bin'
[23.714s] INFO:colcon.colcon_core.shell:Creating package script '/mnt/c/Users/106no/Documents/GitHub/altair_framework/install/altair_can_bridge/share/altair_can_bridge/package.ps1'
[23.724s] INFO:colcon.colcon_core.shell:Creating package descriptor '/mnt/c/Users/106no/Documents/GitHub/altair_framework/install/altair_can_bridge/share/altair_can_bridge/package.dsv'
[23.732s] INFO:colcon.colcon_core.shell:Creating package script '/mnt/c/Users/106no/Documents/GitHub/altair_framework/install/altair_can_bridge/share/altair_can_bridge/package.sh'
[23.744s] INFO:colcon.colcon_core.shell:Creating package script '/mnt/c/Users/106no/Documents/GitHub/altair_framework/install/altair_can_bridge/share/altair_can_bridge/package.bash'
[23.753s] INFO:colcon.colcon_core.shell:Creating package script '/mnt/c/Users/106no/Documents/GitHub/altair_framework/install/altair_can_bridge/share/altair_can_bridge/package.zsh'
[23.764s] Level 1:colcon.colcon_core.environment:create_file_with_runtime_dependencies(/mnt/c/Users/106no/Documents/GitHub/altair_framework/install/altair_can_bridge/share/colcon-core/packages/altair_can_bridge)
[23.780s] DEBUG:colcon.colcon_parallel_executor.executor.parallel:closing loop
[23.781s] DEBUG:colcon.colcon_parallel_executor.executor.parallel:loop closed
[23.781s] DEBUG:colcon.colcon_parallel_executor.executor.parallel:run_until_complete finished with '1'
[23.781s] DEBUG:colcon.colcon_core.event_reactor:joining thread
[23.843s] INFO:colcon.colcon_core.plugin_system:Skipping extension 'colcon_notification.desktop_notification.notify_send': Could not find 'notify-send'
[23.844s] INFO:colcon.colcon_core.plugin_system:Skipping extension 'colcon_notification.desktop_notification.terminal_notifier': Not used on non-Darwin systems
[23.844s] INFO:colcon.colcon_core.plugin_system:Skipping extension 'colcon_notification.desktop_notification.win32': Not used on non-Windows systems
[23.844s] INFO:colcon.colcon_notification.desktop_notification:Sending desktop notification using 'notify2'
[23.844s] DEBUG:colcon.colcon_notification.desktop_notification.notify2:Failed to initialize notify2: org.freedesktop.DBus.Error.FileNotFound: Failed to connect to socket /run/user/1000/bus: No such file or directory
[23.844s] DEBUG:colcon.colcon_core.event_reactor:joined thread
[23.845s] INFO:colcon.colcon_core.shell:Creating prefix script '/mnt/c/Users/106no/Documents/GitHub/altair_framework/install/local_setup.ps1'
[23.852s] INFO:colcon.colcon_core.shell:Creating prefix util module '/mnt/c/Users/106no/Documents/GitHub/altair_framework/install/_local_setup_util_ps1.py'
[23.858s] INFO:colcon.colcon_core.shell:Creating prefix chain script '/mnt/c/Users/106no/Documents/GitHub/altair_framework/install/setup.ps1'
[23.865s] INFO:colcon.colcon_core.shell:Creating prefix script '/mnt/c/Users/106no/Documents/GitHub/altair_framework/install/local_setup.sh'
[23.869s] INFO:colcon.colcon_core.shell:Creating prefix util module '/mnt/c/Users/106no/Documents/GitHub/altair_framework/install/_local_setup_util_sh.py'
[23.875s] INFO:colcon.colcon_core.shell:Creating prefix chain script '/mnt/c/Users/106no/Documents/GitHub/altair_framework/install/setup.sh'
[23.880s] INFO:colcon.colcon_core.shell:Creating prefix script '/mnt/c/Users/106no/Documents/GitHub/altair_framework/install/local_setup.bash'
[23.883s] INFO:colcon.colcon_core.shell:Creating prefix chain script '/mnt/c/Users/106no/Documents/GitHub/altair_framework/install/setup.bash'
[23.888s] INFO:colcon.colcon_core.shell:Creating prefix script '/mnt/c/Users/106no/Documents/GitHub/altair_framework/install/local_setup.zsh'
[23.892s] INFO:colcon.colcon_core.shell:Creating prefix chain script '/mnt/c/Users/106no/Documents/GitHub/altair_framework/install/setup.zsh'
