[3.933s] Invoking command in '/home/altair/altair_framework/build/altair_web_server': AMENT_PREFIX_PATH=/home/altair/altair_framework/install/altair_interfaces:${AMENT_PREFIX_PATH} CMAKE_PREFIX_PATH=/home/altair/altair_framework/install/altair_interfaces LD_LIBRARY_PATH=/home/altair/altair_framework/install/altair_interfaces/lib:${LD_LIBRARY_PATH} PYTHONPATH=/home/altair/altair_framework/build/altair_web_server/prefix_override:/usr/lib/python3/dist-packages/colcon_core/task/python/colcon_distutils_commands:/home/altair/altair_framework/install/altair_web_server/lib/python3.10/site-packages:/home/altair/altair_framework/install/altair_interfaces/local/lib/python3.10/dist-packages:${PYTHONPATH} /usr/bin/python3 -W ignore:setup.py install is deprecated -W ignore:easy_install command is deprecated setup.py develop --editable --build-directory /home/altair/altair_framework/build/altair_web_server/build --no-deps symlink_data
[5.285s] running develop
[6.480s] running egg_info
[6.565s] creating altair_web_server.egg-info
[6.566s] writing altair_web_server.egg-info/PKG-INFO
[6.568s] writing dependency_links to altair_web_server.egg-info/dependency_links.txt
[6.569s] writing entry points to altair_web_server.egg-info/entry_points.txt
[6.570s] writing requirements to altair_web_server.egg-info/requires.txt
[6.571s] writing top-level names to altair_web_server.egg-info/top_level.txt
[6.571s] writing manifest file 'altair_web_server.egg-info/SOURCES.txt'
[6.727s] reading manifest file 'altair_web_server.egg-info/SOURCES.txt'
[6.730s] writing manifest file 'altair_web_server.egg-info/SOURCES.txt'
[6.953s] running build_ext
[6.953s] Creating /home/altair/altair_framework/install/altair_web_server/lib/python3.10/site-packages/altair-web-server.egg-link (link to .)
[6.956s] Installing web_server_node script to /home/altair/altair_framework/install/altair_web_server/lib/altair_web_server
[6.956s] 
[6.957s] Installed /home/altair/altair_framework/build/altair_web_server
[6.957s] running symlink_data
[6.958s] creating /home/altair/altair_framework/install/altair_web_server/share/ament_index/resource_index/packages
[6.960s] symbolically linking /home/altair/altair_framework/build/altair_web_server/resource/altair_web_server -> /home/altair/altair_framework/install/altair_web_server/share/ament_index/resource_index/packages
[6.962s] symbolically linking /home/altair/altair_framework/build/altair_web_server/package.xml -> /home/altair/altair_framework/install/altair_web_server/share/altair_web_server
[6.964s] creating /home/altair/altair_framework/install/altair_web_server/share/altair_web_server/frontend
[6.966s] symbolically linking /home/altair/altair_framework/build/altair_web_server/frontend/index.html -> /home/altair/altair_framework/install/altair_web_server/share/altair_web_server/frontend
[6.966s] creating /home/altair/altair_framework/install/altair_web_server/share/altair_web_server/frontend/css
[6.967s] symbolically linking /home/altair/altair_framework/build/altair_web_server/frontend/css/styles.css -> /home/altair/altair_framework/install/altair_web_server/share/altair_web_server/frontend/css
[6.969s] creating /home/altair/altair_framework/install/altair_web_server/share/altair_web_server/frontend/js
[6.971s] symbolically linking /home/altair/altair_framework/build/altair_web_server/frontend/js/gamepad.js -> /home/altair/altair_framework/install/altair_web_server/share/altair_web_server/frontend/js
[6.973s] symbolically linking /home/altair/altair_framework/build/altair_web_server/frontend/js/app.js -> /home/altair/altair_framework/install/altair_web_server/share/altair_web_server/frontend/js
[7.133s] Invoked command in '/home/altair/altair_framework/build/altair_web_server' returned '0': AMENT_PREFIX_PATH=/home/altair/altair_framework/install/altair_interfaces:${AMENT_PREFIX_PATH} CMAKE_PREFIX_PATH=/home/altair/altair_framework/install/altair_interfaces LD_LIBRARY_PATH=/home/altair/altair_framework/install/altair_interfaces/lib:${LD_LIBRARY_PATH} PYTHONPATH=/home/altair/altair_framework/build/altair_web_server/prefix_override:/usr/lib/python3/dist-packages/colcon_core/task/python/colcon_distutils_commands:/home/altair/altair_framework/install/altair_web_server/lib/python3.10/site-packages:/home/altair/altair_framework/install/altair_interfaces/local/lib/python3.10/dist-packages:${PYTHONPATH} /usr/bin/python3 -W ignore:setup.py install is deprecated -W ignore:easy_install command is deprecated setup.py develop --editable --build-directory /home/altair/altair_framework/build/altair_web_server/build --no-deps symlink_data
