[2.817s] Invoking command in '/mnt/c/Users/106no/Documents/GitHub/altair_framework/altair_core': AMENT_PREFIX_PATH=/mnt/c/Users/106no/Documents/GitHub/altair_framework/install/altair_interfaces:${AMENT_PREFIX_PATH} CMAKE_PREFIX_PATH=/mnt/c/Users/106no/Documents/GitHub/altair_framework/install/altair_interfaces LD_LIBRARY_PATH=/mnt/c/Users/106no/Documents/GitHub/altair_framework/install/altair_interfaces/lib:${LD_LIBRARY_PATH} PYTHONPATH=/mnt/c/Users/106no/Documents/GitHub/altair_framework/build/altair_core/prefix_override:/usr/lib/python3/dist-packages/colcon_core/task/python/colcon_distutils_commands:/mnt/c/Users/106no/Documents/GitHub/altair_framework/install/altair_core/lib/python3.10/site-packages:/mnt/c/Users/106no/Documents/GitHub/altair_framework/install/altair_interfaces/local/lib/python3.10/dist-packages:${PYTHONPATH} /usr/bin/python3 -W ignore:setup.py install is deprecated -W ignore:easy_install command is deprecated setup.py egg_info --egg-base ../build/altair_core build --build-base /mnt/c/Users/106no/Documents/GitHub/altair_framework/build/altair_core/build install --record /mnt/c/Users/106no/Documents/GitHub/altair_framework/build/altair_core/install.log --single-version-externally-managed install_data
[3.846s] running egg_info
[3.850s] writing ../build/altair_core/altair_core.egg-info/PKG-INFO
[3.854s] writing dependency_links to ../build/altair_core/altair_core.egg-info/dependency_links.txt
[3.858s] writing entry points to ../build/altair_core/altair_core.egg-info/entry_points.txt
[3.864s] writing requirements to ../build/altair_core/altair_core.egg-info/requires.txt
[3.866s] writing top-level names to ../build/altair_core/altair_core.egg-info/top_level.txt
[3.902s] reading manifest file '../build/altair_core/altair_core.egg-info/SOURCES.txt'
[3.968s] writing manifest file '../build/altair_core/altair_core.egg-info/SOURCES.txt'
[3.972s] running build
[3.973s] running build_py
[3.999s] copying altair_core/behavior_runner.py -> /mnt/c/Users/106no/Documents/GitHub/altair_framework/build/altair_core/build/lib/altair_core
[4.024s] copying altair_core/module_manager.py -> /mnt/c/Users/106no/Documents/GitHub/altair_framework/build/altair_core/build/lib/altair_core
[4.138s] running install
[4.139s] running install_lib
[4.213s] copying /mnt/c/Users/106no/Documents/GitHub/altair_framework/build/altair_core/build/lib/altair_core/behavior_runner.py -> /mnt/c/Users/106no/Documents/GitHub/altair_framework/install/altair_core/lib/python3.10/site-packages/altair_core
[4.263s] copying /mnt/c/Users/106no/Documents/GitHub/altair_framework/build/altair_core/build/lib/altair_core/module_manager.py -> /mnt/c/Users/106no/Documents/GitHub/altair_framework/install/altair_core/lib/python3.10/site-packages/altair_core
[4.418s] byte-compiling /mnt/c/Users/106no/Documents/GitHub/altair_framework/install/altair_core/lib/python3.10/site-packages/altair_core/behavior_runner.py to behavior_runner.cpython-310.pyc
[4.461s] byte-compiling /mnt/c/Users/106no/Documents/GitHub/altair_framework/install/altair_core/lib/python3.10/site-packages/altair_core/module_manager.py to module_manager.cpython-310.pyc
[4.539s] running install_data
[4.603s] running install_egg_info
[4.614s] removing '/mnt/c/Users/106no/Documents/GitHub/altair_framework/install/altair_core/lib/python3.10/site-packages/altair_core-1.0.0-py3.10.egg-info' (and everything under it)
[4.687s] Copying ../build/altair_core/altair_core.egg-info to /mnt/c/Users/106no/Documents/GitHub/altair_framework/install/altair_core/lib/python3.10/site-packages/altair_core-1.0.0-py3.10.egg-info
[5.198s] running install_scripts
[5.198s] Installing behavior_runner script to /mnt/c/Users/106no/Documents/GitHub/altair_framework/install/altair_core/bin
[5.199s] Installing module_manager script to /mnt/c/Users/106no/Documents/GitHub/altair_framework/install/altair_core/bin
[5.199s] writing list of installed files to '/mnt/c/Users/106no/Documents/GitHub/altair_framework/build/altair_core/install.log'
[5.200s] Invoked command in '/mnt/c/Users/106no/Documents/GitHub/altair_framework/altair_core' returned '0': AMENT_PREFIX_PATH=/mnt/c/Users/106no/Documents/GitHub/altair_framework/install/altair_interfaces:${AMENT_PREFIX_PATH} CMAKE_PREFIX_PATH=/mnt/c/Users/106no/Documents/GitHub/altair_framework/install/altair_interfaces LD_LIBRARY_PATH=/mnt/c/Users/106no/Documents/GitHub/altair_framework/install/altair_interfaces/lib:${LD_LIBRARY_PATH} PYTHONPATH=/mnt/c/Users/106no/Documents/GitHub/altair_framework/build/altair_core/prefix_override:/usr/lib/python3/dist-packages/colcon_core/task/python/colcon_distutils_commands:/mnt/c/Users/106no/Documents/GitHub/altair_framework/install/altair_core/lib/python3.10/site-packages:/mnt/c/Users/106no/Documents/GitHub/altair_framework/install/altair_interfaces/local/lib/python3.10/dist-packages:${PYTHONPATH} /usr/bin/python3 -W ignore:setup.py install is deprecated -W ignore:easy_install command is deprecated setup.py egg_info --egg-base ../build/altair_core build --build-base /mnt/c/Users/106no/Documents/GitHub/altair_framework/build/altair_core/build install --record /mnt/c/Users/106no/Documents/GitHub/altair_framework/build/altair_core/install.log --single-version-externally-managed install_data
