/mnt/c/Users/106no/Documents/GitHub/altair_framework/install/altair_core/lib/python3.10/site-packages/altair_core/base_behavior.py
/mnt/c/Users/106no/Documents/GitHub/altair_framework/install/altair_core/lib/python3.10/site-packages/altair_core/behavior_runner.py
/mnt/c/Users/106no/Documents/GitHub/altair_framework/install/altair_core/lib/python3.10/site-packages/altair_core/module_manager.py
/mnt/c/Users/106no/Documents/GitHub/altair_framework/install/altair_core/lib/python3.10/site-packages/altair_core/__init__.py
/mnt/c/Users/106no/Documents/GitHub/altair_framework/install/altair_core/lib/python3.10/site-packages/user_behaviors/example_behavior.py
/mnt/c/Users/106no/Documents/GitHub/altair_framework/install/altair_core/lib/python3.10/site-packages/user_behaviors/template_behavior.py
/mnt/c/Users/106no/Documents/GitHub/altair_framework/install/altair_core/lib/python3.10/site-packages/user_behaviors/__init__.py
/mnt/c/Users/106no/Documents/GitHub/altair_framework/install/altair_core/lib/python3.10/site-packages/altair_core/__pycache__/base_behavior.cpython-310.pyc
/mnt/c/Users/106no/Documents/GitHub/altair_framework/install/altair_core/lib/python3.10/site-packages/altair_core/__pycache__/behavior_runner.cpython-310.pyc
/mnt/c/Users/106no/Documents/GitHub/altair_framework/install/altair_core/lib/python3.10/site-packages/altair_core/__pycache__/module_manager.cpython-310.pyc
/mnt/c/Users/106no/Documents/GitHub/altair_framework/install/altair_core/lib/python3.10/site-packages/altair_core/__pycache__/__init__.cpython-310.pyc
/mnt/c/Users/106no/Documents/GitHub/altair_framework/install/altair_core/lib/python3.10/site-packages/user_behaviors/__pycache__/example_behavior.cpython-310.pyc
/mnt/c/Users/106no/Documents/GitHub/altair_framework/install/altair_core/lib/python3.10/site-packages/user_behaviors/__pycache__/template_behavior.cpython-310.pyc
/mnt/c/Users/106no/Documents/GitHub/altair_framework/install/altair_core/lib/python3.10/site-packages/user_behaviors/__pycache__/__init__.cpython-310.pyc
/mnt/c/Users/106no/Documents/GitHub/altair_framework/install/altair_core/share/ament_index/resource_index/packages/altair_core
/mnt/c/Users/106no/Documents/GitHub/altair_framework/install/altair_core/share/altair_core/package.xml
/mnt/c/Users/106no/Documents/GitHub/altair_framework/install/altair_core/share/altair_core/config/modules_config.json
/mnt/c/Users/106no/Documents/GitHub/altair_framework/install/altair_core/share/altair_core/profiles/arm_test_profile.json
/mnt/c/Users/106no/Documents/GitHub/altair_framework/install/altair_core/share/altair_core/profiles/base_only_profile.json
/mnt/c/Users/106no/Documents/GitHub/altair_framework/install/altair_core/share/altair_core/profiles/default_profile.json
/mnt/c/Users/106no/Documents/GitHub/altair_framework/install/altair_core/lib/python3.10/site-packages/altair_core-1.0.0-py3.10.egg-info/dependency_links.txt
/mnt/c/Users/106no/Documents/GitHub/altair_framework/install/altair_core/lib/python3.10/site-packages/altair_core-1.0.0-py3.10.egg-info/entry_points.txt
/mnt/c/Users/106no/Documents/GitHub/altair_framework/install/altair_core/lib/python3.10/site-packages/altair_core-1.0.0-py3.10.egg-info/PKG-INFO
/mnt/c/Users/106no/Documents/GitHub/altair_framework/install/altair_core/lib/python3.10/site-packages/altair_core-1.0.0-py3.10.egg-info/requires.txt
/mnt/c/Users/106no/Documents/GitHub/altair_framework/install/altair_core/lib/python3.10/site-packages/altair_core-1.0.0-py3.10.egg-info/SOURCES.txt
/mnt/c/Users/106no/Documents/GitHub/altair_framework/install/altair_core/lib/python3.10/site-packages/altair_core-1.0.0-py3.10.egg-info/top_level.txt
/mnt/c/Users/106no/Documents/GitHub/altair_framework/install/altair_core/lib/python3.10/site-packages/altair_core-1.0.0-py3.10.egg-info/zip-safe
/mnt/c/Users/106no/Documents/GitHub/altair_framework/install/altair_core/bin/behavior_runner
/mnt/c/Users/106no/Documents/GitHub/altair_framework/install/altair_core/bin/module_manager
