[0.190s] DEBUG:colcon:Command line arguments: ['/usr/bin/colcon', 'build', '--symlink-install']
[0.190s] DEBUG:colcon:Parsed command line arguments: Namespace(log_base=None, log_level=None, verb_name='build', build_base='build', install_base='install', merge_install=False, symlink_install=True, test_result_base=None, continue_on_error=False, executor='parallel', parallel_workers=8, event_handlers=None, ignore_user_meta=False, metas=['./colcon.meta'], base_paths=['.'], packages_ignore=None, packages_ignore_regex=None, paths=None, packages_up_to=None, packages_up_to_regex=None, packages_above=None, packages_above_and_dependencies=None, packages_above_depth=None, packages_select_by_dep=None, packages_skip_by_dep=None, packages_skip_up_to=None, packages_select_build_failed=False, packages_skip_build_finished=False, packages_select_test_failures=False, packages_skip_test_passed=False, packages_select=None, packages_skip=None, packages_select_regex=None, packages_skip_regex=None, packages_start=None, packages_end=None, allow_overriding=[], cmake_args=None, cmake_target=None, cmake_target_skip_unavailable=False, cmake_clean_cache=False, cmake_clean_first=False, cmake_force_configure=False, ament_cmake_args=None, catkin_cmake_args=None, catkin_skip_building_tests=False, mixin_files=None, mixin=None, verb_parser=<colcon_mixin.mixin.mixin_argument.MixinArgumentDecorator object at 0x763940e67910>, verb_extension=<colcon_core.verb.build.BuildVerb object at 0x763940e673d0>, main=<bound method BuildVerb.main of <colcon_core.verb.build.BuildVerb object at 0x763940e673d0>>, mixin_verb=('build',))
[0.250s] Level 1:colcon.colcon_core.package_discovery:discover_packages(colcon_meta) check parameters
[0.251s] Level 1:colcon.colcon_core.package_discovery:discover_packages(recursive) check parameters
[0.251s] Level 1:colcon.colcon_core.package_discovery:discover_packages(ignore) check parameters
[0.251s] Level 1:colcon.colcon_core.package_discovery:discover_packages(path) check parameters
[0.251s] Level 1:colcon.colcon_core.package_discovery:discover_packages(colcon_meta) discover
[0.251s] Level 1:colcon.colcon_core.package_discovery:discover_packages(recursive) discover
[0.251s] INFO:colcon.colcon_core.package_discovery:Crawling recursively for packages in '/home/altair/altair_framework'
[0.251s] Level 1:colcon.colcon_core.package_identification:_identify(.) by extensions ['ignore', 'ignore_ament_install']
[0.251s] Level 1:colcon.colcon_core.package_identification:_identify(.) by extension 'ignore'
[0.251s] Level 1:colcon.colcon_core.package_identification:_identify(.) by extension 'ignore_ament_install'
[0.251s] Level 1:colcon.colcon_core.package_identification:_identify(.) by extensions ['colcon_pkg']
[0.251s] Level 1:colcon.colcon_core.package_identification:_identify(.) by extension 'colcon_pkg'
[0.251s] Level 1:colcon.colcon_core.package_identification:_identify(.) by extensions ['colcon_meta']
[0.251s] Level 1:colcon.colcon_core.package_identification:_identify(.) by extension 'colcon_meta'
[0.252s] Level 1:colcon.colcon_core.package_identification:_identify(.) by extensions ['ros']
[0.252s] Level 1:colcon.colcon_core.package_identification:_identify(.) by extension 'ros'
[0.275s] Level 1:colcon.colcon_core.package_identification:_identify(.) by extensions ['cmake', 'python']
[0.275s] Level 1:colcon.colcon_core.package_identification:_identify(.) by extension 'cmake'
[0.275s] Level 1:colcon.colcon_core.package_identification:_identify(.) by extension 'python'
[0.275s] Level 1:colcon.colcon_core.package_identification:_identify(.) by extensions ['python_setup_py']
[0.275s] Level 1:colcon.colcon_core.package_identification:_identify(.) by extension 'python_setup_py'
[0.275s] Level 1:colcon.colcon_core.package_identification:_identify(altair_can_bridge) by extensions ['ignore', 'ignore_ament_install']
[0.276s] Level 1:colcon.colcon_core.package_identification:_identify(altair_can_bridge) by extension 'ignore'
[0.276s] Level 1:colcon.colcon_core.package_identification:_identify(altair_can_bridge) by extension 'ignore_ament_install'
[0.276s] Level 1:colcon.colcon_core.package_identification:_identify(altair_can_bridge) by extensions ['colcon_pkg']
[0.276s] Level 1:colcon.colcon_core.package_identification:_identify(altair_can_bridge) by extension 'colcon_pkg'
[0.276s] Level 1:colcon.colcon_core.package_identification:_identify(altair_can_bridge) by extensions ['colcon_meta']
[0.276s] Level 1:colcon.colcon_core.package_identification:_identify(altair_can_bridge) by extension 'colcon_meta'
[0.276s] Level 1:colcon.colcon_core.package_identification:_identify(altair_can_bridge) by extensions ['ros']
[0.276s] Level 1:colcon.colcon_core.package_identification:_identify(altair_can_bridge) by extension 'ros'
[0.280s] DEBUG:colcon.colcon_core.package_identification:Package 'altair_can_bridge' with type 'ros.ament_cmake' and name 'altair_can_bridge'
[0.280s] Level 1:colcon.colcon_core.package_identification:_identify(altair_core) by extensions ['ignore', 'ignore_ament_install']
[0.280s] Level 1:colcon.colcon_core.package_identification:_identify(altair_core) by extension 'ignore'
[0.280s] Level 1:colcon.colcon_core.package_identification:_identify(altair_core) by extension 'ignore_ament_install'
[0.280s] Level 1:colcon.colcon_core.package_identification:_identify(altair_core) by extensions ['colcon_pkg']
[0.280s] Level 1:colcon.colcon_core.package_identification:_identify(altair_core) by extension 'colcon_pkg'
[0.281s] Level 1:colcon.colcon_core.package_identification:_identify(altair_core) by extensions ['colcon_meta']
[0.281s] Level 1:colcon.colcon_core.package_identification:_identify(altair_core) by extension 'colcon_meta'
[0.281s] Level 1:colcon.colcon_core.package_identification:_identify(altair_core) by extensions ['ros']
[0.281s] Level 1:colcon.colcon_core.package_identification:_identify(altair_core) by extension 'ros'
[0.283s] DEBUG:colcon.colcon_core.package_identification:Package 'altair_core' with type 'ros.ament_python' and name 'altair_core'
[0.283s] Level 1:colcon.colcon_core.package_identification:_identify(altair_interfaces) by extensions ['ignore', 'ignore_ament_install']
[0.283s] Level 1:colcon.colcon_core.package_identification:_identify(altair_interfaces) by extension 'ignore'
[0.283s] Level 1:colcon.colcon_core.package_identification:_identify(altair_interfaces) by extension 'ignore_ament_install'
[0.283s] Level 1:colcon.colcon_core.package_identification:_identify(altair_interfaces) by extensions ['colcon_pkg']
[0.283s] Level 1:colcon.colcon_core.package_identification:_identify(altair_interfaces) by extension 'colcon_pkg'
[0.283s] Level 1:colcon.colcon_core.package_identification:_identify(altair_interfaces) by extensions ['colcon_meta']
[0.283s] Level 1:colcon.colcon_core.package_identification:_identify(altair_interfaces) by extension 'colcon_meta'
[0.283s] Level 1:colcon.colcon_core.package_identification:_identify(altair_interfaces) by extensions ['ros']
[0.283s] Level 1:colcon.colcon_core.package_identification:_identify(altair_interfaces) by extension 'ros'
[0.284s] DEBUG:colcon.colcon_core.package_identification:Package 'altair_interfaces' with type 'ros.ament_cmake' and name 'altair_interfaces'
[0.284s] Level 1:colcon.colcon_core.package_identification:_identify(altair_web_server) by extensions ['ignore', 'ignore_ament_install']
[0.284s] Level 1:colcon.colcon_core.package_identification:_identify(altair_web_server) by extension 'ignore'
[0.284s] Level 1:colcon.colcon_core.package_identification:_identify(altair_web_server) by extension 'ignore_ament_install'
[0.284s] Level 1:colcon.colcon_core.package_identification:_identify(altair_web_server) by extensions ['colcon_pkg']
[0.284s] Level 1:colcon.colcon_core.package_identification:_identify(altair_web_server) by extension 'colcon_pkg'
[0.284s] Level 1:colcon.colcon_core.package_identification:_identify(altair_web_server) by extensions ['colcon_meta']
[0.285s] Level 1:colcon.colcon_core.package_identification:_identify(altair_web_server) by extension 'colcon_meta'
[0.285s] Level 1:colcon.colcon_core.package_identification:_identify(altair_web_server) by extensions ['ros']
[0.285s] Level 1:colcon.colcon_core.package_identification:_identify(altair_web_server) by extension 'ros'
[0.286s] DEBUG:colcon.colcon_core.package_identification:Package 'altair_web_server' with type 'ros.ament_python' and name 'altair_web_server'
[0.286s] Level 1:colcon.colcon_core.package_identification:_identify(build) by extensions ['ignore', 'ignore_ament_install']
[0.286s] Level 1:colcon.colcon_core.package_identification:_identify(build) by extension 'ignore'
[0.287s] Level 1:colcon.colcon_core.package_identification:_identify(build) ignored
[0.287s] Level 1:colcon.colcon_core.package_identification:_identify(docs) by extensions ['ignore', 'ignore_ament_install']
[0.287s] Level 1:colcon.colcon_core.package_identification:_identify(docs) by extension 'ignore'
[0.287s] Level 1:colcon.colcon_core.package_identification:_identify(docs) by extension 'ignore_ament_install'
[0.287s] Level 1:colcon.colcon_core.package_identification:_identify(docs) by extensions ['colcon_pkg']
[0.287s] Level 1:colcon.colcon_core.package_identification:_identify(docs) by extension 'colcon_pkg'
[0.287s] Level 1:colcon.colcon_core.package_identification:_identify(docs) by extensions ['colcon_meta']
[0.287s] Level 1:colcon.colcon_core.package_identification:_identify(docs) by extension 'colcon_meta'
[0.287s] Level 1:colcon.colcon_core.package_identification:_identify(docs) by extensions ['ros']
[0.287s] Level 1:colcon.colcon_core.package_identification:_identify(docs) by extension 'ros'
[0.288s] Level 1:colcon.colcon_core.package_identification:_identify(docs) by extensions ['cmake', 'python']
[0.288s] Level 1:colcon.colcon_core.package_identification:_identify(docs) by extension 'cmake'
[0.288s] Level 1:colcon.colcon_core.package_identification:_identify(docs) by extension 'python'
[0.288s] Level 1:colcon.colcon_core.package_identification:_identify(docs) by extensions ['python_setup_py']
[0.288s] Level 1:colcon.colcon_core.package_identification:_identify(docs) by extension 'python_setup_py'
[0.288s] Level 1:colcon.colcon_core.package_identification:_identify(install) by extensions ['ignore', 'ignore_ament_install']
[0.288s] Level 1:colcon.colcon_core.package_identification:_identify(install) by extension 'ignore'
[0.288s] Level 1:colcon.colcon_core.package_identification:_identify(install) ignored
[0.288s] Level 1:colcon.colcon_core.package_identification:_identify(log) by extensions ['ignore', 'ignore_ament_install']
[0.289s] Level 1:colcon.colcon_core.package_identification:_identify(log) by extension 'ignore'
[0.289s] Level 1:colcon.colcon_core.package_identification:_identify(log) ignored
[0.289s] Level 1:colcon.colcon_core.package_discovery:discover_packages(recursive) using defaults
[0.289s] Level 1:colcon.colcon_core.package_discovery:discover_packages(ignore) discover
[0.289s] Level 1:colcon.colcon_core.package_discovery:discover_packages(ignore) using defaults
[0.289s] Level 1:colcon.colcon_core.package_discovery:discover_packages(path) discover
[0.289s] Level 1:colcon.colcon_core.package_discovery:discover_packages(path) using defaults
[0.326s] Level 1:colcon.colcon_core.package_discovery:discover_packages(prefix_path) check parameters
[0.326s] Level 1:colcon.colcon_core.package_discovery:discover_packages(prefix_path) discover
[0.330s] DEBUG:colcon.colcon_installed_package_information.package_discovery:Found 338 installed packages in /opt/ros/humble
[0.333s] Level 1:colcon.colcon_core.package_discovery:discover_packages(prefix_path) using defaults
[0.405s] Level 5:colcon.colcon_core.verb:set package 'altair_interfaces' build argument 'cmake_args' from command line to 'None'
[0.405s] Level 5:colcon.colcon_core.verb:set package 'altair_interfaces' build argument 'cmake_target' from command line to 'None'
[0.405s] Level 5:colcon.colcon_core.verb:set package 'altair_interfaces' build argument 'cmake_target_skip_unavailable' from command line to 'False'
[0.405s] Level 5:colcon.colcon_core.verb:set package 'altair_interfaces' build argument 'cmake_clean_cache' from command line to 'False'
[0.405s] Level 5:colcon.colcon_core.verb:set package 'altair_interfaces' build argument 'cmake_clean_first' from command line to 'False'
[0.405s] Level 5:colcon.colcon_core.verb:set package 'altair_interfaces' build argument 'cmake_force_configure' from command line to 'False'
[0.405s] Level 5:colcon.colcon_core.verb:set package 'altair_interfaces' build argument 'ament_cmake_args' from command line to 'None'
[0.405s] Level 5:colcon.colcon_core.verb:set package 'altair_interfaces' build argument 'catkin_cmake_args' from command line to 'None'
[0.405s] Level 5:colcon.colcon_core.verb:set package 'altair_interfaces' build argument 'catkin_skip_building_tests' from command line to 'False'
[0.405s] DEBUG:colcon.colcon_core.verb:Building package 'altair_interfaces' with the following arguments: {'ament_cmake_args': None, 'build_base': '/home/altair/altair_framework/build/altair_interfaces', 'catkin_cmake_args': None, 'catkin_skip_building_tests': False, 'cmake_args': None, 'cmake_clean_cache': False, 'cmake_clean_first': False, 'cmake_force_configure': False, 'cmake_target': None, 'cmake_target_skip_unavailable': False, 'install_base': '/home/altair/altair_framework/install/altair_interfaces', 'merge_install': False, 'path': '/home/altair/altair_framework/altair_interfaces', 'symlink_install': True, 'test_result_base': None}
[0.406s] Level 5:colcon.colcon_core.verb:set package 'altair_can_bridge' build argument 'cmake_args' from command line to 'None'
[0.406s] Level 5:colcon.colcon_core.verb:set package 'altair_can_bridge' build argument 'cmake_target' from command line to 'None'
[0.406s] Level 5:colcon.colcon_core.verb:set package 'altair_can_bridge' build argument 'cmake_target_skip_unavailable' from command line to 'False'
[0.406s] Level 5:colcon.colcon_core.verb:set package 'altair_can_bridge' build argument 'cmake_clean_cache' from command line to 'False'
[0.406s] Level 5:colcon.colcon_core.verb:set package 'altair_can_bridge' build argument 'cmake_clean_first' from command line to 'False'
[0.407s] Level 5:colcon.colcon_core.verb:set package 'altair_can_bridge' build argument 'cmake_force_configure' from command line to 'False'
[0.407s] Level 5:colcon.colcon_core.verb:set package 'altair_can_bridge' build argument 'ament_cmake_args' from command line to 'None'
[0.407s] Level 5:colcon.colcon_core.verb:set package 'altair_can_bridge' build argument 'catkin_cmake_args' from command line to 'None'
[0.407s] Level 5:colcon.colcon_core.verb:set package 'altair_can_bridge' build argument 'catkin_skip_building_tests' from command line to 'False'
[0.407s] DEBUG:colcon.colcon_core.verb:Building package 'altair_can_bridge' with the following arguments: {'ament_cmake_args': None, 'build_base': '/home/altair/altair_framework/build/altair_can_bridge', 'catkin_cmake_args': None, 'catkin_skip_building_tests': False, 'cmake_args': None, 'cmake_clean_cache': False, 'cmake_clean_first': False, 'cmake_force_configure': False, 'cmake_target': None, 'cmake_target_skip_unavailable': False, 'install_base': '/home/altair/altair_framework/install/altair_can_bridge', 'merge_install': False, 'path': '/home/altair/altair_framework/altair_can_bridge', 'symlink_install': True, 'test_result_base': None}
[0.408s] Level 5:colcon.colcon_core.verb:set package 'altair_core' build argument 'cmake_args' from command line to 'None'
[0.408s] Level 5:colcon.colcon_core.verb:set package 'altair_core' build argument 'cmake_target' from command line to 'None'
[0.408s] Level 5:colcon.colcon_core.verb:set package 'altair_core' build argument 'cmake_target_skip_unavailable' from command line to 'False'
[0.408s] Level 5:colcon.colcon_core.verb:set package 'altair_core' build argument 'cmake_clean_cache' from command line to 'False'
[0.408s] Level 5:colcon.colcon_core.verb:set package 'altair_core' build argument 'cmake_clean_first' from command line to 'False'
[0.408s] Level 5:colcon.colcon_core.verb:set package 'altair_core' build argument 'cmake_force_configure' from command line to 'False'
[0.408s] Level 5:colcon.colcon_core.verb:set package 'altair_core' build argument 'ament_cmake_args' from command line to 'None'
[0.408s] Level 5:colcon.colcon_core.verb:set package 'altair_core' build argument 'catkin_cmake_args' from command line to 'None'
[0.408s] Level 5:colcon.colcon_core.verb:set package 'altair_core' build argument 'catkin_skip_building_tests' from command line to 'False'
[0.409s] DEBUG:colcon.colcon_core.verb:Building package 'altair_core' with the following arguments: {'ament_cmake_args': None, 'build_base': '/home/altair/altair_framework/build/altair_core', 'catkin_cmake_args': None, 'catkin_skip_building_tests': False, 'cmake_args': None, 'cmake_clean_cache': False, 'cmake_clean_first': False, 'cmake_force_configure': False, 'cmake_target': None, 'cmake_target_skip_unavailable': False, 'install_base': '/home/altair/altair_framework/install/altair_core', 'merge_install': False, 'path': '/home/altair/altair_framework/altair_core', 'symlink_install': True, 'test_result_base': None}
[0.410s] Level 5:colcon.colcon_core.verb:set package 'altair_web_server' build argument 'cmake_args' from command line to 'None'
[0.410s] Level 5:colcon.colcon_core.verb:set package 'altair_web_server' build argument 'cmake_target' from command line to 'None'
[0.410s] Level 5:colcon.colcon_core.verb:set package 'altair_web_server' build argument 'cmake_target_skip_unavailable' from command line to 'False'
[0.410s] Level 5:colcon.colcon_core.verb:set package 'altair_web_server' build argument 'cmake_clean_cache' from command line to 'False'
[0.410s] Level 5:colcon.colcon_core.verb:set package 'altair_web_server' build argument 'cmake_clean_first' from command line to 'False'
[0.410s] Level 5:colcon.colcon_core.verb:set package 'altair_web_server' build argument 'cmake_force_configure' from command line to 'False'
[0.410s] Level 5:colcon.colcon_core.verb:set package 'altair_web_server' build argument 'ament_cmake_args' from command line to 'None'
[0.410s] Level 5:colcon.colcon_core.verb:set package 'altair_web_server' build argument 'catkin_cmake_args' from command line to 'None'
[0.410s] Level 5:colcon.colcon_core.verb:set package 'altair_web_server' build argument 'catkin_skip_building_tests' from command line to 'False'
[0.410s] DEBUG:colcon.colcon_core.verb:Building package 'altair_web_server' with the following arguments: {'ament_cmake_args': None, 'build_base': '/home/altair/altair_framework/build/altair_web_server', 'catkin_cmake_args': None, 'catkin_skip_building_tests': False, 'cmake_args': None, 'cmake_clean_cache': False, 'cmake_clean_first': False, 'cmake_force_configure': False, 'cmake_target': None, 'cmake_target_skip_unavailable': False, 'install_base': '/home/altair/altair_framework/install/altair_web_server', 'merge_install': False, 'path': '/home/altair/altair_framework/altair_web_server', 'symlink_install': True, 'test_result_base': None}
[0.411s] INFO:colcon.colcon_core.executor:Executing jobs using 'parallel' executor
[0.413s] DEBUG:colcon.colcon_parallel_executor.executor.parallel:run_until_complete
[0.413s] INFO:colcon.colcon_ros.task.ament_cmake.build:Building ROS package in '/home/altair/altair_framework/altair_interfaces' with build type 'ament_cmake'
[0.413s] INFO:colcon.colcon_cmake.task.cmake.build:Building CMake package in '/home/altair/altair_framework/altair_interfaces'
[0.417s] INFO:colcon.colcon_core.plugin_system:Skipping extension 'colcon_core.shell.bat': Not used on non-Windows systems
[0.417s] INFO:colcon.colcon_core.shell:Skip shell extension 'powershell' for command environment: Not usable outside of PowerShell
[0.417s] DEBUG:colcon.colcon_core.shell:Skip shell extension 'dsv' for command environment
[0.431s] DEBUG:colcon.colcon_core.event_handler.log_command:Invoking command in '/home/altair/altair_framework/build/altair_interfaces': CMAKE_PREFIX_PATH=/opt/ros/humble /usr/bin/cmake --build /home/altair/altair_framework/build/altair_interfaces -- -j8 -l8
[1.269s] DEBUG:colcon.colcon_core.event_handler.log_command:Invoked command in '/home/altair/altair_framework/build/altair_interfaces' returned '0': CMAKE_PREFIX_PATH=/opt/ros/humble /usr/bin/cmake --build /home/altair/altair_framework/build/altair_interfaces -- -j8 -l8
[1.275s] DEBUG:colcon.colcon_core.event_handler.log_command:Invoking command in '/home/altair/altair_framework/build/altair_interfaces': CMAKE_PREFIX_PATH=/opt/ros/humble /usr/bin/cmake --install /home/altair/altair_framework/build/altair_interfaces
[1.415s] Level 1:colcon.colcon_core.environment:create_environment_scripts_only(altair_interfaces)
[1.416s] DEBUG:colcon.colcon_core.event_handler.log_command:Invoked command in '/home/altair/altair_framework/build/altair_interfaces' returned '0': CMAKE_PREFIX_PATH=/opt/ros/humble /usr/bin/cmake --install /home/altair/altair_framework/build/altair_interfaces
[1.419s] Level 1:colcon.colcon_core.environment:checking '/home/altair/altair_framework/install/altair_interfaces' for CMake module files
[1.420s] Level 1:colcon.colcon_core.environment:checking '/home/altair/altair_framework/install/altair_interfaces' for CMake config files
[1.421s] Level 1:colcon.colcon_core.shell:create_environment_hook('altair_interfaces', 'cmake_prefix_path')
[1.421s] INFO:colcon.colcon_core.shell:Creating environment hook '/home/altair/altair_framework/install/altair_interfaces/share/altair_interfaces/hook/cmake_prefix_path.ps1'
[1.423s] INFO:colcon.colcon_core.shell:Creating environment descriptor '/home/altair/altair_framework/install/altair_interfaces/share/altair_interfaces/hook/cmake_prefix_path.dsv'
[1.424s] INFO:colcon.colcon_core.shell:Creating environment hook '/home/altair/altair_framework/install/altair_interfaces/share/altair_interfaces/hook/cmake_prefix_path.sh'
[1.426s] Level 1:colcon.colcon_core.environment:checking '/home/altair/altair_framework/install/altair_interfaces/lib'
[1.427s] Level 1:colcon.colcon_core.shell:create_environment_hook('altair_interfaces', 'ld_library_path_lib')
[1.427s] INFO:colcon.colcon_core.shell:Creating environment hook '/home/altair/altair_framework/install/altair_interfaces/share/altair_interfaces/hook/ld_library_path_lib.ps1'
[1.428s] INFO:colcon.colcon_core.shell:Creating environment descriptor '/home/altair/altair_framework/install/altair_interfaces/share/altair_interfaces/hook/ld_library_path_lib.dsv'
[1.429s] INFO:colcon.colcon_core.shell:Creating environment hook '/home/altair/altair_framework/install/altair_interfaces/share/altair_interfaces/hook/ld_library_path_lib.sh'
[1.429s] Level 1:colcon.colcon_core.environment:checking '/home/altair/altair_framework/install/altair_interfaces/bin'
[1.429s] Level 1:colcon.colcon_core.environment:checking '/home/altair/altair_framework/install/altair_interfaces/lib/pkgconfig/altair_interfaces.pc'
[1.430s] Level 1:colcon.colcon_core.environment:checking '/home/altair/altair_framework/install/altair_interfaces/lib/python3.10/site-packages'
[1.431s] Level 1:colcon.colcon_core.environment:checking '/home/altair/altair_framework/install/altair_interfaces/bin'
[1.431s] INFO:colcon.colcon_core.shell:Creating package script '/home/altair/altair_framework/install/altair_interfaces/share/altair_interfaces/package.ps1'
[1.434s] INFO:colcon.colcon_core.shell:Creating package descriptor '/home/altair/altair_framework/install/altair_interfaces/share/altair_interfaces/package.dsv'
[1.435s] INFO:colcon.colcon_core.shell:Creating package script '/home/altair/altair_framework/install/altair_interfaces/share/altair_interfaces/package.sh'
[1.437s] INFO:colcon.colcon_core.shell:Creating package script '/home/altair/altair_framework/install/altair_interfaces/share/altair_interfaces/package.bash'
[1.439s] INFO:colcon.colcon_core.shell:Creating package script '/home/altair/altair_framework/install/altair_interfaces/share/altair_interfaces/package.zsh'
[1.440s] Level 1:colcon.colcon_core.environment:create_file_with_runtime_dependencies(/home/altair/altair_framework/install/altair_interfaces/share/colcon-core/packages/altair_interfaces)
[1.442s] Level 1:colcon.colcon_core.environment:create_environment_scripts_only(altair_interfaces)
[1.443s] Level 1:colcon.colcon_core.environment:checking '/home/altair/altair_framework/install/altair_interfaces' for CMake module files
[1.444s] Level 1:colcon.colcon_core.environment:checking '/home/altair/altair_framework/install/altair_interfaces' for CMake config files
[1.445s] Level 1:colcon.colcon_core.shell:create_environment_hook('altair_interfaces', 'cmake_prefix_path')
[1.446s] INFO:colcon.colcon_core.shell:Creating environment hook '/home/altair/altair_framework/install/altair_interfaces/share/altair_interfaces/hook/cmake_prefix_path.ps1'
[1.447s] INFO:colcon.colcon_core.shell:Creating environment descriptor '/home/altair/altair_framework/install/altair_interfaces/share/altair_interfaces/hook/cmake_prefix_path.dsv'
[1.447s] INFO:colcon.colcon_core.shell:Creating environment hook '/home/altair/altair_framework/install/altair_interfaces/share/altair_interfaces/hook/cmake_prefix_path.sh'
[1.449s] Level 1:colcon.colcon_core.environment:checking '/home/altair/altair_framework/install/altair_interfaces/lib'
[1.449s] Level 1:colcon.colcon_core.shell:create_environment_hook('altair_interfaces', 'ld_library_path_lib')
[1.449s] INFO:colcon.colcon_core.shell:Creating environment hook '/home/altair/altair_framework/install/altair_interfaces/share/altair_interfaces/hook/ld_library_path_lib.ps1'
[1.450s] INFO:colcon.colcon_core.shell:Creating environment descriptor '/home/altair/altair_framework/install/altair_interfaces/share/altair_interfaces/hook/ld_library_path_lib.dsv'
[1.451s] INFO:colcon.colcon_core.shell:Creating environment hook '/home/altair/altair_framework/install/altair_interfaces/share/altair_interfaces/hook/ld_library_path_lib.sh'
[1.452s] Level 1:colcon.colcon_core.environment:checking '/home/altair/altair_framework/install/altair_interfaces/bin'
[1.452s] Level 1:colcon.colcon_core.environment:checking '/home/altair/altair_framework/install/altair_interfaces/lib/pkgconfig/altair_interfaces.pc'
[1.452s] Level 1:colcon.colcon_core.environment:checking '/home/altair/altair_framework/install/altair_interfaces/lib/python3.10/site-packages'
[1.453s] Level 1:colcon.colcon_core.environment:checking '/home/altair/altair_framework/install/altair_interfaces/bin'
[1.454s] INFO:colcon.colcon_core.shell:Creating package script '/home/altair/altair_framework/install/altair_interfaces/share/altair_interfaces/package.ps1'
[1.455s] INFO:colcon.colcon_core.shell:Creating package descriptor '/home/altair/altair_framework/install/altair_interfaces/share/altair_interfaces/package.dsv'
[1.456s] INFO:colcon.colcon_core.shell:Creating package script '/home/altair/altair_framework/install/altair_interfaces/share/altair_interfaces/package.sh'
[1.457s] INFO:colcon.colcon_core.shell:Creating package script '/home/altair/altair_framework/install/altair_interfaces/share/altair_interfaces/package.bash'
[1.457s] INFO:colcon.colcon_core.shell:Creating package script '/home/altair/altair_framework/install/altair_interfaces/share/altair_interfaces/package.zsh'
[1.458s] Level 1:colcon.colcon_core.environment:create_file_with_runtime_dependencies(/home/altair/altair_framework/install/altair_interfaces/share/colcon-core/packages/altair_interfaces)
[1.459s] INFO:colcon.colcon_ros.task.ament_cmake.build:Building ROS package in '/home/altair/altair_framework/altair_can_bridge' with build type 'ament_cmake'
[1.459s] INFO:colcon.colcon_cmake.task.cmake.build:Building CMake package in '/home/altair/altair_framework/altair_can_bridge'
[1.460s] INFO:colcon.colcon_core.shell:Skip shell extension 'powershell' for command environment: Not usable outside of PowerShell
[1.460s] DEBUG:colcon.colcon_core.shell:Skip shell extension 'dsv' for command environment
[1.464s] INFO:colcon.colcon_ros.task.ament_python.build:Building ROS package in '/home/altair/altair_framework/altair_core' with build type 'ament_python'
[1.464s] Level 1:colcon.colcon_core.shell:create_environment_hook('altair_core', 'ament_prefix_path')
[1.465s] INFO:colcon.colcon_core.shell:Creating environment hook '/home/altair/altair_framework/install/altair_core/share/altair_core/hook/ament_prefix_path.ps1'
[1.465s] INFO:colcon.colcon_core.shell:Creating environment descriptor '/home/altair/altair_framework/install/altair_core/share/altair_core/hook/ament_prefix_path.dsv'
[1.466s] INFO:colcon.colcon_core.shell:Creating environment hook '/home/altair/altair_framework/install/altair_core/share/altair_core/hook/ament_prefix_path.sh'
[1.467s] INFO:colcon.colcon_core.shell:Skip shell extension 'powershell' for command environment: Not usable outside of PowerShell
[1.467s] DEBUG:colcon.colcon_core.shell:Skip shell extension 'dsv' for command environment
[1.474s] INFO:colcon.colcon_ros.task.ament_python.build:Building ROS package in '/home/altair/altair_framework/altair_web_server' with build type 'ament_python'
[1.474s] Level 1:colcon.colcon_core.shell:create_environment_hook('altair_web_server', 'ament_prefix_path')
[1.476s] INFO:colcon.colcon_core.shell:Creating environment hook '/home/altair/altair_framework/install/altair_web_server/share/altair_web_server/hook/ament_prefix_path.ps1'
[1.477s] INFO:colcon.colcon_core.shell:Creating environment descriptor '/home/altair/altair_framework/install/altair_web_server/share/altair_web_server/hook/ament_prefix_path.dsv'
[1.478s] INFO:colcon.colcon_core.shell:Creating environment hook '/home/altair/altair_framework/install/altair_web_server/share/altair_web_server/hook/ament_prefix_path.sh'
[1.479s] INFO:colcon.colcon_core.shell:Skip shell extension 'powershell' for command environment: Not usable outside of PowerShell
[1.480s] DEBUG:colcon.colcon_core.shell:Skip shell extension 'dsv' for command environment
[1.495s] DEBUG:colcon.colcon_core.event_handler.log_command:Invoking command in '/home/altair/altair_framework/build/altair_can_bridge': AMENT_PREFIX_PATH=/home/altair/altair_framework/install/altair_interfaces:${AMENT_PREFIX_PATH} CMAKE_PREFIX_PATH=/home/altair/altair_framework/install/altair_interfaces:/opt/ros/humble LD_LIBRARY_PATH=/home/altair/altair_framework/install/altair_interfaces/lib:${LD_LIBRARY_PATH} PYTHONPATH=/home/altair/altair_framework/install/altair_interfaces/local/lib/python3.10/dist-packages:${PYTHONPATH} /usr/bin/cmake --build /home/altair/altair_framework/build/altair_can_bridge -- -j8 -l8
[1.945s] INFO:colcon.colcon_core.task.python.build:Building Python package in '/home/altair/altair_framework/altair_core'
[1.946s] INFO:colcon.colcon_core.shell:Skip shell extension 'powershell' for command environment: Not usable outside of PowerShell
[1.946s] DEBUG:colcon.colcon_core.shell:Skip shell extension 'dsv' for command environment
[2.390s] INFO:colcon.colcon_core.task.python.build:Building Python package in '/home/altair/altair_framework/altair_web_server'
[2.391s] INFO:colcon.colcon_core.shell:Skip shell extension 'powershell' for command environment: Not usable outside of PowerShell
[2.391s] DEBUG:colcon.colcon_core.shell:Skip shell extension 'dsv' for command environment
[2.397s] DEBUG:colcon.colcon_core.event_handler.log_command:Invoked command in '/home/altair/altair_framework/build/altair_can_bridge' returned '0': AMENT_PREFIX_PATH=/home/altair/altair_framework/install/altair_interfaces:${AMENT_PREFIX_PATH} CMAKE_PREFIX_PATH=/home/altair/altair_framework/install/altair_interfaces:/opt/ros/humble LD_LIBRARY_PATH=/home/altair/altair_framework/install/altair_interfaces/lib:${LD_LIBRARY_PATH} PYTHONPATH=/home/altair/altair_framework/install/altair_interfaces/local/lib/python3.10/dist-packages:${PYTHONPATH} /usr/bin/cmake --build /home/altair/altair_framework/build/altair_can_bridge -- -j8 -l8
[2.403s] DEBUG:colcon.colcon_core.event_handler.log_command:Invoking command in '/home/altair/altair_framework/build/altair_can_bridge': AMENT_PREFIX_PATH=/home/altair/altair_framework/install/altair_interfaces:${AMENT_PREFIX_PATH} CMAKE_PREFIX_PATH=/home/altair/altair_framework/install/altair_interfaces:/opt/ros/humble LD_LIBRARY_PATH=/home/altair/altair_framework/install/altair_interfaces/lib:${LD_LIBRARY_PATH} PYTHONPATH=/home/altair/altair_framework/install/altair_interfaces/local/lib/python3.10/dist-packages:${PYTHONPATH} /usr/bin/cmake --install /home/altair/altair_framework/build/altair_can_bridge
[2.424s] Level 1:colcon.colcon_core.environment:create_environment_scripts_only(altair_can_bridge)
[2.425s] Level 1:colcon.colcon_core.environment:checking '/home/altair/altair_framework/install/altair_can_bridge' for CMake module files
[2.426s] Level 1:colcon.colcon_core.environment:checking '/home/altair/altair_framework/install/altair_can_bridge' for CMake config files
[2.428s] DEBUG:colcon.colcon_core.event_handler.log_command:Invoked command in '/home/altair/altair_framework/build/altair_can_bridge' returned '0': AMENT_PREFIX_PATH=/home/altair/altair_framework/install/altair_interfaces:${AMENT_PREFIX_PATH} CMAKE_PREFIX_PATH=/home/altair/altair_framework/install/altair_interfaces:/opt/ros/humble LD_LIBRARY_PATH=/home/altair/altair_framework/install/altair_interfaces/lib:${LD_LIBRARY_PATH} PYTHONPATH=/home/altair/altair_framework/install/altair_interfaces/local/lib/python3.10/dist-packages:${PYTHONPATH} /usr/bin/cmake --install /home/altair/altair_framework/build/altair_can_bridge
[2.428s] Level 1:colcon.colcon_core.shell:create_environment_hook('altair_can_bridge', 'cmake_prefix_path')
[2.429s] INFO:colcon.colcon_core.shell:Creating environment hook '/home/altair/altair_framework/install/altair_can_bridge/share/altair_can_bridge/hook/cmake_prefix_path.ps1'
[2.430s] INFO:colcon.colcon_core.shell:Creating environment descriptor '/home/altair/altair_framework/install/altair_can_bridge/share/altair_can_bridge/hook/cmake_prefix_path.dsv'
[2.431s] INFO:colcon.colcon_core.shell:Creating environment hook '/home/altair/altair_framework/install/altair_can_bridge/share/altair_can_bridge/hook/cmake_prefix_path.sh'
[2.433s] Level 1:colcon.colcon_core.environment:checking '/home/altair/altair_framework/install/altair_can_bridge/lib'
[2.433s] Level 1:colcon.colcon_core.environment:checking '/home/altair/altair_framework/install/altair_can_bridge/bin'
[2.433s] Level 1:colcon.colcon_core.environment:checking '/home/altair/altair_framework/install/altair_can_bridge/lib/pkgconfig/altair_can_bridge.pc'
[2.434s] Level 1:colcon.colcon_core.environment:checking '/home/altair/altair_framework/install/altair_can_bridge/lib/python3.10/site-packages'
[2.435s] Level 1:colcon.colcon_core.environment:checking '/home/altair/altair_framework/install/altair_can_bridge/bin'
[2.435s] INFO:colcon.colcon_core.shell:Creating package script '/home/altair/altair_framework/install/altair_can_bridge/share/altair_can_bridge/package.ps1'
[2.437s] INFO:colcon.colcon_core.shell:Creating package descriptor '/home/altair/altair_framework/install/altair_can_bridge/share/altair_can_bridge/package.dsv'
[2.438s] INFO:colcon.colcon_core.shell:Creating package script '/home/altair/altair_framework/install/altair_can_bridge/share/altair_can_bridge/package.sh'
[2.439s] INFO:colcon.colcon_core.shell:Creating package script '/home/altair/altair_framework/install/altair_can_bridge/share/altair_can_bridge/package.bash'
[2.440s] INFO:colcon.colcon_core.shell:Creating package script '/home/altair/altair_framework/install/altair_can_bridge/share/altair_can_bridge/package.zsh'
[2.441s] Level 1:colcon.colcon_core.environment:create_file_with_runtime_dependencies(/home/altair/altair_framework/install/altair_can_bridge/share/colcon-core/packages/altair_can_bridge)
[2.442s] Level 1:colcon.colcon_core.environment:create_environment_scripts_only(altair_can_bridge)
[2.443s] Level 1:colcon.colcon_core.environment:checking '/home/altair/altair_framework/install/altair_can_bridge' for CMake module files
[2.444s] Level 1:colcon.colcon_core.environment:checking '/home/altair/altair_framework/install/altair_can_bridge' for CMake config files
[2.445s] Level 1:colcon.colcon_core.shell:create_environment_hook('altair_can_bridge', 'cmake_prefix_path')
[2.446s] INFO:colcon.colcon_core.shell:Creating environment hook '/home/altair/altair_framework/install/altair_can_bridge/share/altair_can_bridge/hook/cmake_prefix_path.ps1'
[2.446s] INFO:colcon.colcon_core.shell:Creating environment descriptor '/home/altair/altair_framework/install/altair_can_bridge/share/altair_can_bridge/hook/cmake_prefix_path.dsv'
[2.447s] INFO:colcon.colcon_core.shell:Creating environment hook '/home/altair/altair_framework/install/altair_can_bridge/share/altair_can_bridge/hook/cmake_prefix_path.sh'
[2.448s] Level 1:colcon.colcon_core.environment:checking '/home/altair/altair_framework/install/altair_can_bridge/lib'
[2.448s] Level 1:colcon.colcon_core.environment:checking '/home/altair/altair_framework/install/altair_can_bridge/bin'
[2.448s] Level 1:colcon.colcon_core.environment:checking '/home/altair/altair_framework/install/altair_can_bridge/lib/pkgconfig/altair_can_bridge.pc'
[2.448s] Level 1:colcon.colcon_core.environment:checking '/home/altair/altair_framework/install/altair_can_bridge/lib/python3.10/site-packages'
[2.449s] Level 1:colcon.colcon_core.environment:checking '/home/altair/altair_framework/install/altair_can_bridge/bin'
[2.450s] INFO:colcon.colcon_core.shell:Creating package script '/home/altair/altair_framework/install/altair_can_bridge/share/altair_can_bridge/package.ps1'
[2.451s] INFO:colcon.colcon_core.shell:Creating package descriptor '/home/altair/altair_framework/install/altair_can_bridge/share/altair_can_bridge/package.dsv'
[2.452s] INFO:colcon.colcon_core.shell:Creating package script '/home/altair/altair_framework/install/altair_can_bridge/share/altair_can_bridge/package.sh'
[2.454s] INFO:colcon.colcon_core.shell:Creating package script '/home/altair/altair_framework/install/altair_can_bridge/share/altair_can_bridge/package.bash'
[2.454s] INFO:colcon.colcon_core.shell:Creating package script '/home/altair/altair_framework/install/altair_can_bridge/share/altair_can_bridge/package.zsh'
[2.455s] Level 1:colcon.colcon_core.environment:create_file_with_runtime_dependencies(/home/altair/altair_framework/install/altair_can_bridge/share/colcon-core/packages/altair_can_bridge)
[4.100s] DEBUG:colcon.colcon_core.event_handler.log_command:Invoking command in '/home/altair/altair_framework/build/altair_web_server': AMENT_PREFIX_PATH=/home/altair/altair_framework/install/altair_interfaces:${AMENT_PREFIX_PATH} CMAKE_PREFIX_PATH=/home/altair/altair_framework/install/altair_interfaces LD_LIBRARY_PATH=/home/altair/altair_framework/install/altair_interfaces/lib:${LD_LIBRARY_PATH} PYTHONPATH=/home/altair/altair_framework/build/altair_web_server/prefix_override:/usr/lib/python3/dist-packages/colcon_core/task/python/colcon_distutils_commands:/home/altair/altair_framework/install/altair_web_server/lib/python3.10/site-packages:/home/altair/altair_framework/install/altair_interfaces/local/lib/python3.10/dist-packages:${PYTHONPATH} /usr/bin/python3 -W ignore:setup.py install is deprecated -W ignore:easy_install command is deprecated setup.py develop --editable --build-directory /home/altair/altair_framework/build/altair_web_server/build --no-deps symlink_data
[4.147s] DEBUG:colcon.colcon_core.event_handler.log_command:Invoking command in '/home/altair/altair_framework/build/altair_core': AMENT_PREFIX_PATH=/home/altair/altair_framework/install/altair_interfaces:${AMENT_PREFIX_PATH} CMAKE_PREFIX_PATH=/home/altair/altair_framework/install/altair_interfaces LD_LIBRARY_PATH=/home/altair/altair_framework/install/altair_interfaces/lib:${LD_LIBRARY_PATH} PYTHONPATH=/home/altair/altair_framework/build/altair_core/prefix_override:/usr/lib/python3/dist-packages/colcon_core/task/python/colcon_distutils_commands:/home/altair/altair_framework/install/altair_core/lib/python3.10/site-packages:/home/altair/altair_framework/install/altair_interfaces/local/lib/python3.10/dist-packages:${PYTHONPATH} /usr/bin/python3 -W ignore:setup.py install is deprecated -W ignore:easy_install command is deprecated setup.py develop --editable --build-directory /home/altair/altair_framework/build/altair_core/build --no-deps symlink_data
[5.939s] Level 1:colcon.colcon_core.shell:create_environment_hook('altair_web_server', 'pythonpath_develop')
[5.940s] INFO:colcon.colcon_core.shell:Creating environment hook '/home/altair/altair_framework/build/altair_web_server/share/altair_web_server/hook/pythonpath_develop.ps1'
[5.941s] INFO:colcon.colcon_core.shell:Creating environment descriptor '/home/altair/altair_framework/build/altair_web_server/share/altair_web_server/hook/pythonpath_develop.dsv'
[5.941s] DEBUG:colcon.colcon_core.event_handler.log_command:Invoked command in '/home/altair/altair_framework/build/altair_web_server' returned '0': AMENT_PREFIX_PATH=/home/altair/altair_framework/install/altair_interfaces:${AMENT_PREFIX_PATH} CMAKE_PREFIX_PATH=/home/altair/altair_framework/install/altair_interfaces LD_LIBRARY_PATH=/home/altair/altair_framework/install/altair_interfaces/lib:${LD_LIBRARY_PATH} PYTHONPATH=/home/altair/altair_framework/build/altair_web_server/prefix_override:/usr/lib/python3/dist-packages/colcon_core/task/python/colcon_distutils_commands:/home/altair/altair_framework/install/altair_web_server/lib/python3.10/site-packages:/home/altair/altair_framework/install/altair_interfaces/local/lib/python3.10/dist-packages:${PYTHONPATH} /usr/bin/python3 -W ignore:setup.py install is deprecated -W ignore:easy_install command is deprecated setup.py develop --editable --build-directory /home/altair/altair_framework/build/altair_web_server/build --no-deps symlink_data
[5.942s] INFO:colcon.colcon_core.shell:Creating environment hook '/home/altair/altair_framework/build/altair_web_server/share/altair_web_server/hook/pythonpath_develop.sh'
[5.943s] Level 1:colcon.colcon_core.environment:checking '/home/altair/altair_framework/install/altair_web_server' for CMake module files
[5.943s] Level 1:colcon.colcon_core.environment:checking '/home/altair/altair_framework/install/altair_web_server' for CMake config files
[5.944s] Level 1:colcon.colcon_core.environment:checking '/home/altair/altair_framework/install/altair_web_server/lib'
[5.944s] Level 1:colcon.colcon_core.environment:checking '/home/altair/altair_framework/install/altair_web_server/bin'
[5.944s] Level 1:colcon.colcon_core.environment:checking '/home/altair/altair_framework/install/altair_web_server/lib/pkgconfig/altair_web_server.pc'
[5.945s] Level 1:colcon.colcon_core.environment:checking '/home/altair/altair_framework/install/altair_web_server/lib/python3.10/site-packages'
[5.945s] Level 1:colcon.colcon_core.shell:create_environment_hook('altair_web_server', 'pythonpath')
[5.945s] INFO:colcon.colcon_core.shell:Creating environment hook '/home/altair/altair_framework/install/altair_web_server/share/altair_web_server/hook/pythonpath.ps1'
[5.946s] INFO:colcon.colcon_core.shell:Creating environment descriptor '/home/altair/altair_framework/install/altair_web_server/share/altair_web_server/hook/pythonpath.dsv'
[5.947s] INFO:colcon.colcon_core.shell:Creating environment hook '/home/altair/altair_framework/install/altair_web_server/share/altair_web_server/hook/pythonpath.sh'
[5.949s] Level 1:colcon.colcon_core.environment:checking '/home/altair/altair_framework/install/altair_web_server/bin'
[5.949s] Level 1:colcon.colcon_core.environment:create_environment_scripts_only(altair_web_server)
[5.950s] INFO:colcon.colcon_core.shell:Creating package script '/home/altair/altair_framework/install/altair_web_server/share/altair_web_server/package.ps1'
[5.952s] INFO:colcon.colcon_core.shell:Creating package descriptor '/home/altair/altair_framework/install/altair_web_server/share/altair_web_server/package.dsv'
[5.953s] INFO:colcon.colcon_core.shell:Creating package script '/home/altair/altair_framework/install/altair_web_server/share/altair_web_server/package.sh'
[5.954s] INFO:colcon.colcon_core.shell:Creating package script '/home/altair/altair_framework/install/altair_web_server/share/altair_web_server/package.bash'
[5.955s] INFO:colcon.colcon_core.shell:Creating package script '/home/altair/altair_framework/install/altair_web_server/share/altair_web_server/package.zsh'
[5.955s] Level 1:colcon.colcon_core.environment:create_file_with_runtime_dependencies(/home/altair/altair_framework/install/altair_web_server/share/colcon-core/packages/altair_web_server)
[6.074s] Level 1:colcon.colcon_core.shell:create_environment_hook('altair_core', 'pythonpath_develop')
[6.075s] INFO:colcon.colcon_core.shell:Creating environment hook '/home/altair/altair_framework/build/altair_core/share/altair_core/hook/pythonpath_develop.ps1'
[6.076s] INFO:colcon.colcon_core.shell:Creating environment descriptor '/home/altair/altair_framework/build/altair_core/share/altair_core/hook/pythonpath_develop.dsv'
[6.077s] INFO:colcon.colcon_core.shell:Creating environment hook '/home/altair/altair_framework/build/altair_core/share/altair_core/hook/pythonpath_develop.sh'
[6.078s] DEBUG:colcon.colcon_core.event_handler.log_command:Invoked command in '/home/altair/altair_framework/build/altair_core' returned '0': AMENT_PREFIX_PATH=/home/altair/altair_framework/install/altair_interfaces:${AMENT_PREFIX_PATH} CMAKE_PREFIX_PATH=/home/altair/altair_framework/install/altair_interfaces LD_LIBRARY_PATH=/home/altair/altair_framework/install/altair_interfaces/lib:${LD_LIBRARY_PATH} PYTHONPATH=/home/altair/altair_framework/build/altair_core/prefix_override:/usr/lib/python3/dist-packages/colcon_core/task/python/colcon_distutils_commands:/home/altair/altair_framework/install/altair_core/lib/python3.10/site-packages:/home/altair/altair_framework/install/altair_interfaces/local/lib/python3.10/dist-packages:${PYTHONPATH} /usr/bin/python3 -W ignore:setup.py install is deprecated -W ignore:easy_install command is deprecated setup.py develop --editable --build-directory /home/altair/altair_framework/build/altair_core/build --no-deps symlink_data
[6.079s] Level 1:colcon.colcon_core.environment:checking '/home/altair/altair_framework/install/altair_core' for CMake module files
[6.080s] Level 1:colcon.colcon_core.environment:checking '/home/altair/altair_framework/install/altair_core' for CMake config files
[6.081s] Level 1:colcon.colcon_core.environment:checking '/home/altair/altair_framework/install/altair_core/lib'
[6.081s] Level 1:colcon.colcon_core.environment:checking '/home/altair/altair_framework/install/altair_core/bin'
[6.081s] Level 1:colcon.colcon_core.environment:checking '/home/altair/altair_framework/install/altair_core/lib/pkgconfig/altair_core.pc'
[6.082s] Level 1:colcon.colcon_core.environment:checking '/home/altair/altair_framework/install/altair_core/lib/python3.10/site-packages'
[6.082s] Level 1:colcon.colcon_core.shell:create_environment_hook('altair_core', 'pythonpath')
[6.082s] INFO:colcon.colcon_core.shell:Creating environment hook '/home/altair/altair_framework/install/altair_core/share/altair_core/hook/pythonpath.ps1'
[6.083s] INFO:colcon.colcon_core.shell:Creating environment descriptor '/home/altair/altair_framework/install/altair_core/share/altair_core/hook/pythonpath.dsv'
[6.083s] INFO:colcon.colcon_core.shell:Creating environment hook '/home/altair/altair_framework/install/altair_core/share/altair_core/hook/pythonpath.sh'
[6.084s] Level 1:colcon.colcon_core.environment:checking '/home/altair/altair_framework/install/altair_core/bin'
[6.084s] Level 1:colcon.colcon_core.environment:create_environment_scripts_only(altair_core)
[6.085s] INFO:colcon.colcon_core.shell:Creating package script '/home/altair/altair_framework/install/altair_core/share/altair_core/package.ps1'
[6.086s] INFO:colcon.colcon_core.shell:Creating package descriptor '/home/altair/altair_framework/install/altair_core/share/altair_core/package.dsv'
[6.086s] INFO:colcon.colcon_core.shell:Creating package script '/home/altair/altair_framework/install/altair_core/share/altair_core/package.sh'
[6.087s] INFO:colcon.colcon_core.shell:Creating package script '/home/altair/altair_framework/install/altair_core/share/altair_core/package.bash'
[6.088s] INFO:colcon.colcon_core.shell:Creating package script '/home/altair/altair_framework/install/altair_core/share/altair_core/package.zsh'
[6.088s] Level 1:colcon.colcon_core.environment:create_file_with_runtime_dependencies(/home/altair/altair_framework/install/altair_core/share/colcon-core/packages/altair_core)
[6.089s] DEBUG:colcon.colcon_parallel_executor.executor.parallel:closing loop
[6.089s] DEBUG:colcon.colcon_parallel_executor.executor.parallel:loop closed
[6.090s] DEBUG:colcon.colcon_parallel_executor.executor.parallel:run_until_complete finished with '0'
[6.090s] DEBUG:colcon.colcon_core.event_reactor:joining thread
[6.116s] INFO:colcon.colcon_core.plugin_system:Skipping extension 'colcon_notification.desktop_notification.terminal_notifier': Not used on non-Darwin systems
[6.116s] INFO:colcon.colcon_core.plugin_system:Skipping extension 'colcon_notification.desktop_notification.win32': Not used on non-Windows systems
[6.116s] INFO:colcon.colcon_notification.desktop_notification:Sending desktop notification using 'notify2'
[6.139s] DEBUG:colcon.colcon_core.event_reactor:joined thread
[6.139s] INFO:colcon.colcon_core.shell:Creating prefix script '/home/altair/altair_framework/install/local_setup.ps1'
[6.141s] INFO:colcon.colcon_core.shell:Creating prefix util module '/home/altair/altair_framework/install/_local_setup_util_ps1.py'
[6.142s] INFO:colcon.colcon_core.shell:Creating prefix chain script '/home/altair/altair_framework/install/setup.ps1'
[6.144s] INFO:colcon.colcon_core.shell:Creating prefix script '/home/altair/altair_framework/install/local_setup.sh'
[6.145s] INFO:colcon.colcon_core.shell:Creating prefix util module '/home/altair/altair_framework/install/_local_setup_util_sh.py'
[6.146s] INFO:colcon.colcon_core.shell:Creating prefix chain script '/home/altair/altair_framework/install/setup.sh'
[6.149s] INFO:colcon.colcon_core.shell:Creating prefix script '/home/altair/altair_framework/install/local_setup.bash'
[6.150s] INFO:colcon.colcon_core.shell:Creating prefix chain script '/home/altair/altair_framework/install/setup.bash'
[6.151s] INFO:colcon.colcon_core.shell:Creating prefix script '/home/altair/altair_framework/install/local_setup.zsh'
[6.152s] INFO:colcon.colcon_core.shell:Creating prefix chain script '/home/altair/altair_framework/install/setup.zsh'
