[0.325s] DEBUG:colcon:Command line arguments: ['/usr/bin/colcon', 'build', '--symlink-install']
[0.325s] DEBUG:colcon:Parsed command line arguments: Namespace(log_base=None, log_level=None, verb_name='build', build_base='build', install_base='install', merge_install=False, symlink_install=True, test_result_base=None, continue_on_error=False, executor='parallel', parallel_workers=8, event_handlers=None, ignore_user_meta=False, metas=['./colcon.meta'], base_paths=['.'], packages_ignore=None, packages_ignore_regex=None, paths=None, packages_up_to=None, packages_up_to_regex=None, packages_above=None, packages_above_and_dependencies=None, packages_above_depth=None, packages_select_by_dep=None, packages_skip_by_dep=None, packages_skip_up_to=None, packages_select_build_failed=False, packages_skip_build_finished=False, packages_select_test_failures=False, packages_skip_test_passed=False, packages_select=None, packages_skip=None, packages_select_regex=None, packages_skip_regex=None, packages_start=None, packages_end=None, allow_overriding=[], cmake_args=None, cmake_target=None, cmake_target_skip_unavailable=False, cmake_clean_cache=False, cmake_clean_first=False, cmake_force_configure=False, ament_cmake_args=None, catkin_cmake_args=None, catkin_skip_building_tests=False, mixin_files=None, mixin=None, verb_parser=<colcon_mixin.mixin.mixin_argument.MixinArgumentDecorator object at 0x7a7ecfeaf910>, verb_extension=<colcon_core.verb.build.BuildVerb object at 0x7a7ecfeaf3d0>, main=<bound method BuildVerb.main of <colcon_core.verb.build.BuildVerb object at 0x7a7ecfeaf3d0>>, mixin_verb=('build',))
[0.387s] Level 1:colcon.colcon_core.package_discovery:discover_packages(colcon_meta) check parameters
[0.388s] Level 1:colcon.colcon_core.package_discovery:discover_packages(recursive) check parameters
[0.388s] Level 1:colcon.colcon_core.package_discovery:discover_packages(ignore) check parameters
[0.388s] Level 1:colcon.colcon_core.package_discovery:discover_packages(path) check parameters
[0.388s] Level 1:colcon.colcon_core.package_discovery:discover_packages(colcon_meta) discover
[0.388s] Level 1:colcon.colcon_core.package_discovery:discover_packages(recursive) discover
[0.388s] INFO:colcon.colcon_core.package_discovery:Crawling recursively for packages in '/home/altair/altair_framework'
[0.388s] Level 1:colcon.colcon_core.package_identification:_identify(.) by extensions ['ignore', 'ignore_ament_install']
[0.388s] Level 1:colcon.colcon_core.package_identification:_identify(.) by extension 'ignore'
[0.388s] Level 1:colcon.colcon_core.package_identification:_identify(.) by extension 'ignore_ament_install'
[0.388s] Level 1:colcon.colcon_core.package_identification:_identify(.) by extensions ['colcon_pkg']
[0.388s] Level 1:colcon.colcon_core.package_identification:_identify(.) by extension 'colcon_pkg'
[0.388s] Level 1:colcon.colcon_core.package_identification:_identify(.) by extensions ['colcon_meta']
[0.388s] Level 1:colcon.colcon_core.package_identification:_identify(.) by extension 'colcon_meta'
[0.389s] Level 1:colcon.colcon_core.package_identification:_identify(.) by extensions ['ros']
[0.389s] Level 1:colcon.colcon_core.package_identification:_identify(.) by extension 'ros'
[0.414s] Level 1:colcon.colcon_core.package_identification:_identify(.) by extensions ['cmake', 'python']
[0.414s] Level 1:colcon.colcon_core.package_identification:_identify(.) by extension 'cmake'
[0.414s] Level 1:colcon.colcon_core.package_identification:_identify(.) by extension 'python'
[0.414s] Level 1:colcon.colcon_core.package_identification:_identify(.) by extensions ['python_setup_py']
[0.414s] Level 1:colcon.colcon_core.package_identification:_identify(.) by extension 'python_setup_py'
[0.414s] Level 1:colcon.colcon_core.package_identification:_identify(altair_can_bridge) by extensions ['ignore', 'ignore_ament_install']
[0.414s] Level 1:colcon.colcon_core.package_identification:_identify(altair_can_bridge) by extension 'ignore'
[0.415s] Level 1:colcon.colcon_core.package_identification:_identify(altair_can_bridge) by extension 'ignore_ament_install'
[0.415s] Level 1:colcon.colcon_core.package_identification:_identify(altair_can_bridge) by extensions ['colcon_pkg']
[0.415s] Level 1:colcon.colcon_core.package_identification:_identify(altair_can_bridge) by extension 'colcon_pkg'
[0.415s] Level 1:colcon.colcon_core.package_identification:_identify(altair_can_bridge) by extensions ['colcon_meta']
[0.415s] Level 1:colcon.colcon_core.package_identification:_identify(altair_can_bridge) by extension 'colcon_meta'
[0.415s] Level 1:colcon.colcon_core.package_identification:_identify(altair_can_bridge) by extensions ['ros']
[0.415s] Level 1:colcon.colcon_core.package_identification:_identify(altair_can_bridge) by extension 'ros'
[0.422s] DEBUG:colcon.colcon_core.package_identification:Package 'altair_can_bridge' with type 'ros.ament_cmake' and name 'altair_can_bridge'
[0.422s] Level 1:colcon.colcon_core.package_identification:_identify(altair_core) by extensions ['ignore', 'ignore_ament_install']
[0.422s] Level 1:colcon.colcon_core.package_identification:_identify(altair_core) by extension 'ignore'
[0.422s] Level 1:colcon.colcon_core.package_identification:_identify(altair_core) by extension 'ignore_ament_install'
[0.422s] Level 1:colcon.colcon_core.package_identification:_identify(altair_core) by extensions ['colcon_pkg']
[0.422s] Level 1:colcon.colcon_core.package_identification:_identify(altair_core) by extension 'colcon_pkg'
[0.423s] Level 1:colcon.colcon_core.package_identification:_identify(altair_core) by extensions ['colcon_meta']
[0.423s] Level 1:colcon.colcon_core.package_identification:_identify(altair_core) by extension 'colcon_meta'
[0.423s] Level 1:colcon.colcon_core.package_identification:_identify(altair_core) by extensions ['ros']
[0.423s] Level 1:colcon.colcon_core.package_identification:_identify(altair_core) by extension 'ros'
[0.424s] DEBUG:colcon.colcon_core.package_identification:Package 'altair_core' with type 'ros.ament_python' and name 'altair_core'
[0.424s] Level 1:colcon.colcon_core.package_identification:_identify(altair_interfaces) by extensions ['ignore', 'ignore_ament_install']
[0.424s] Level 1:colcon.colcon_core.package_identification:_identify(altair_interfaces) by extension 'ignore'
[0.425s] Level 1:colcon.colcon_core.package_identification:_identify(altair_interfaces) by extension 'ignore_ament_install'
[0.425s] Level 1:colcon.colcon_core.package_identification:_identify(altair_interfaces) by extensions ['colcon_pkg']
[0.425s] Level 1:colcon.colcon_core.package_identification:_identify(altair_interfaces) by extension 'colcon_pkg'
[0.425s] Level 1:colcon.colcon_core.package_identification:_identify(altair_interfaces) by extensions ['colcon_meta']
[0.425s] Level 1:colcon.colcon_core.package_identification:_identify(altair_interfaces) by extension 'colcon_meta'
[0.425s] Level 1:colcon.colcon_core.package_identification:_identify(altair_interfaces) by extensions ['ros']
[0.425s] Level 1:colcon.colcon_core.package_identification:_identify(altair_interfaces) by extension 'ros'
[0.426s] DEBUG:colcon.colcon_core.package_identification:Package 'altair_interfaces' with type 'ros.ament_cmake' and name 'altair_interfaces'
[0.426s] Level 1:colcon.colcon_core.package_identification:_identify(altair_web_server) by extensions ['ignore', 'ignore_ament_install']
[0.426s] Level 1:colcon.colcon_core.package_identification:_identify(altair_web_server) by extension 'ignore'
[0.427s] Level 1:colcon.colcon_core.package_identification:_identify(altair_web_server) by extension 'ignore_ament_install'
[0.427s] Level 1:colcon.colcon_core.package_identification:_identify(altair_web_server) by extensions ['colcon_pkg']
[0.427s] Level 1:colcon.colcon_core.package_identification:_identify(altair_web_server) by extension 'colcon_pkg'
[0.427s] Level 1:colcon.colcon_core.package_identification:_identify(altair_web_server) by extensions ['colcon_meta']
[0.427s] Level 1:colcon.colcon_core.package_identification:_identify(altair_web_server) by extension 'colcon_meta'
[0.427s] Level 1:colcon.colcon_core.package_identification:_identify(altair_web_server) by extensions ['ros']
[0.427s] Level 1:colcon.colcon_core.package_identification:_identify(altair_web_server) by extension 'ros'
[0.428s] DEBUG:colcon.colcon_core.package_identification:Package 'altair_web_server' with type 'ros.ament_python' and name 'altair_web_server'
[0.429s] Level 1:colcon.colcon_core.package_identification:_identify(build) by extensions ['ignore', 'ignore_ament_install']
[0.429s] Level 1:colcon.colcon_core.package_identification:_identify(build) by extension 'ignore'
[0.429s] Level 1:colcon.colcon_core.package_identification:_identify(build) ignored
[0.429s] Level 1:colcon.colcon_core.package_identification:_identify(docs) by extensions ['ignore', 'ignore_ament_install']
[0.429s] Level 1:colcon.colcon_core.package_identification:_identify(docs) by extension 'ignore'
[0.429s] Level 1:colcon.colcon_core.package_identification:_identify(docs) by extension 'ignore_ament_install'
[0.430s] Level 1:colcon.colcon_core.package_identification:_identify(docs) by extensions ['colcon_pkg']
[0.430s] Level 1:colcon.colcon_core.package_identification:_identify(docs) by extension 'colcon_pkg'
[0.430s] Level 1:colcon.colcon_core.package_identification:_identify(docs) by extensions ['colcon_meta']
[0.430s] Level 1:colcon.colcon_core.package_identification:_identify(docs) by extension 'colcon_meta'
[0.430s] Level 1:colcon.colcon_core.package_identification:_identify(docs) by extensions ['ros']
[0.430s] Level 1:colcon.colcon_core.package_identification:_identify(docs) by extension 'ros'
[0.430s] Level 1:colcon.colcon_core.package_identification:_identify(docs) by extensions ['cmake', 'python']
[0.430s] Level 1:colcon.colcon_core.package_identification:_identify(docs) by extension 'cmake'
[0.431s] Level 1:colcon.colcon_core.package_identification:_identify(docs) by extension 'python'
[0.431s] Level 1:colcon.colcon_core.package_identification:_identify(docs) by extensions ['python_setup_py']
[0.431s] Level 1:colcon.colcon_core.package_identification:_identify(docs) by extension 'python_setup_py'
[0.431s] Level 1:colcon.colcon_core.package_identification:_identify(install) by extensions ['ignore', 'ignore_ament_install']
[0.431s] Level 1:colcon.colcon_core.package_identification:_identify(install) by extension 'ignore'
[0.431s] Level 1:colcon.colcon_core.package_identification:_identify(install) ignored
[0.432s] Level 1:colcon.colcon_core.package_identification:_identify(log) by extensions ['ignore', 'ignore_ament_install']
[0.432s] Level 1:colcon.colcon_core.package_identification:_identify(log) by extension 'ignore'
[0.432s] Level 1:colcon.colcon_core.package_identification:_identify(log) ignored
[0.432s] Level 1:colcon.colcon_core.package_discovery:discover_packages(recursive) using defaults
[0.432s] Level 1:colcon.colcon_core.package_discovery:discover_packages(ignore) discover
[0.432s] Level 1:colcon.colcon_core.package_discovery:discover_packages(ignore) using defaults
[0.432s] Level 1:colcon.colcon_core.package_discovery:discover_packages(path) discover
[0.432s] Level 1:colcon.colcon_core.package_discovery:discover_packages(path) using defaults
[0.468s] Level 1:colcon.colcon_core.package_discovery:discover_packages(prefix_path) check parameters
[0.468s] Level 1:colcon.colcon_core.package_discovery:discover_packages(prefix_path) discover
[0.474s] DEBUG:colcon.colcon_installed_package_information.package_discovery:Found 338 installed packages in /opt/ros/humble
[0.476s] Level 1:colcon.colcon_core.package_discovery:discover_packages(prefix_path) using defaults
[0.550s] Level 5:colcon.colcon_core.verb:set package 'altair_interfaces' build argument 'cmake_args' from command line to 'None'
[0.550s] Level 5:colcon.colcon_core.verb:set package 'altair_interfaces' build argument 'cmake_target' from command line to 'None'
[0.550s] Level 5:colcon.colcon_core.verb:set package 'altair_interfaces' build argument 'cmake_target_skip_unavailable' from command line to 'False'
[0.550s] Level 5:colcon.colcon_core.verb:set package 'altair_interfaces' build argument 'cmake_clean_cache' from command line to 'False'
[0.550s] Level 5:colcon.colcon_core.verb:set package 'altair_interfaces' build argument 'cmake_clean_first' from command line to 'False'
[0.550s] Level 5:colcon.colcon_core.verb:set package 'altair_interfaces' build argument 'cmake_force_configure' from command line to 'False'
[0.550s] Level 5:colcon.colcon_core.verb:set package 'altair_interfaces' build argument 'ament_cmake_args' from command line to 'None'
[0.550s] Level 5:colcon.colcon_core.verb:set package 'altair_interfaces' build argument 'catkin_cmake_args' from command line to 'None'
[0.550s] Level 5:colcon.colcon_core.verb:set package 'altair_interfaces' build argument 'catkin_skip_building_tests' from command line to 'False'
[0.551s] DEBUG:colcon.colcon_core.verb:Building package 'altair_interfaces' with the following arguments: {'ament_cmake_args': None, 'build_base': '/home/altair/altair_framework/build/altair_interfaces', 'catkin_cmake_args': None, 'catkin_skip_building_tests': False, 'cmake_args': None, 'cmake_clean_cache': False, 'cmake_clean_first': False, 'cmake_force_configure': False, 'cmake_target': None, 'cmake_target_skip_unavailable': False, 'install_base': '/home/altair/altair_framework/install/altair_interfaces', 'merge_install': False, 'path': '/home/altair/altair_framework/altair_interfaces', 'symlink_install': True, 'test_result_base': None}
[0.551s] Level 5:colcon.colcon_core.verb:set package 'altair_can_bridge' build argument 'cmake_args' from command line to 'None'
[0.551s] Level 5:colcon.colcon_core.verb:set package 'altair_can_bridge' build argument 'cmake_target' from command line to 'None'
[0.551s] Level 5:colcon.colcon_core.verb:set package 'altair_can_bridge' build argument 'cmake_target_skip_unavailable' from command line to 'False'
[0.552s] Level 5:colcon.colcon_core.verb:set package 'altair_can_bridge' build argument 'cmake_clean_cache' from command line to 'False'
[0.552s] Level 5:colcon.colcon_core.verb:set package 'altair_can_bridge' build argument 'cmake_clean_first' from command line to 'False'
[0.552s] Level 5:colcon.colcon_core.verb:set package 'altair_can_bridge' build argument 'cmake_force_configure' from command line to 'False'
[0.552s] Level 5:colcon.colcon_core.verb:set package 'altair_can_bridge' build argument 'ament_cmake_args' from command line to 'None'
[0.552s] Level 5:colcon.colcon_core.verb:set package 'altair_can_bridge' build argument 'catkin_cmake_args' from command line to 'None'
[0.552s] Level 5:colcon.colcon_core.verb:set package 'altair_can_bridge' build argument 'catkin_skip_building_tests' from command line to 'False'
[0.552s] DEBUG:colcon.colcon_core.verb:Building package 'altair_can_bridge' with the following arguments: {'ament_cmake_args': None, 'build_base': '/home/altair/altair_framework/build/altair_can_bridge', 'catkin_cmake_args': None, 'catkin_skip_building_tests': False, 'cmake_args': None, 'cmake_clean_cache': False, 'cmake_clean_first': False, 'cmake_force_configure': False, 'cmake_target': None, 'cmake_target_skip_unavailable': False, 'install_base': '/home/altair/altair_framework/install/altair_can_bridge', 'merge_install': False, 'path': '/home/altair/altair_framework/altair_can_bridge', 'symlink_install': True, 'test_result_base': None}
[0.553s] Level 5:colcon.colcon_core.verb:set package 'altair_core' build argument 'cmake_args' from command line to 'None'
[0.553s] Level 5:colcon.colcon_core.verb:set package 'altair_core' build argument 'cmake_target' from command line to 'None'
[0.553s] Level 5:colcon.colcon_core.verb:set package 'altair_core' build argument 'cmake_target_skip_unavailable' from command line to 'False'
[0.553s] Level 5:colcon.colcon_core.verb:set package 'altair_core' build argument 'cmake_clean_cache' from command line to 'False'
[0.553s] Level 5:colcon.colcon_core.verb:set package 'altair_core' build argument 'cmake_clean_first' from command line to 'False'
[0.553s] Level 5:colcon.colcon_core.verb:set package 'altair_core' build argument 'cmake_force_configure' from command line to 'False'
[0.553s] Level 5:colcon.colcon_core.verb:set package 'altair_core' build argument 'ament_cmake_args' from command line to 'None'
[0.553s] Level 5:colcon.colcon_core.verb:set package 'altair_core' build argument 'catkin_cmake_args' from command line to 'None'
[0.553s] Level 5:colcon.colcon_core.verb:set package 'altair_core' build argument 'catkin_skip_building_tests' from command line to 'False'
[0.553s] DEBUG:colcon.colcon_core.verb:Building package 'altair_core' with the following arguments: {'ament_cmake_args': None, 'build_base': '/home/altair/altair_framework/build/altair_core', 'catkin_cmake_args': None, 'catkin_skip_building_tests': False, 'cmake_args': None, 'cmake_clean_cache': False, 'cmake_clean_first': False, 'cmake_force_configure': False, 'cmake_target': None, 'cmake_target_skip_unavailable': False, 'install_base': '/home/altair/altair_framework/install/altair_core', 'merge_install': False, 'path': '/home/altair/altair_framework/altair_core', 'symlink_install': True, 'test_result_base': None}
[0.554s] Level 5:colcon.colcon_core.verb:set package 'altair_web_server' build argument 'cmake_args' from command line to 'None'
[0.554s] Level 5:colcon.colcon_core.verb:set package 'altair_web_server' build argument 'cmake_target' from command line to 'None'
[0.554s] Level 5:colcon.colcon_core.verb:set package 'altair_web_server' build argument 'cmake_target_skip_unavailable' from command line to 'False'
[0.554s] Level 5:colcon.colcon_core.verb:set package 'altair_web_server' build argument 'cmake_clean_cache' from command line to 'False'
[0.554s] Level 5:colcon.colcon_core.verb:set package 'altair_web_server' build argument 'cmake_clean_first' from command line to 'False'
[0.554s] Level 5:colcon.colcon_core.verb:set package 'altair_web_server' build argument 'cmake_force_configure' from command line to 'False'
[0.554s] Level 5:colcon.colcon_core.verb:set package 'altair_web_server' build argument 'ament_cmake_args' from command line to 'None'
[0.554s] Level 5:colcon.colcon_core.verb:set package 'altair_web_server' build argument 'catkin_cmake_args' from command line to 'None'
[0.554s] Level 5:colcon.colcon_core.verb:set package 'altair_web_server' build argument 'catkin_skip_building_tests' from command line to 'False'
[0.555s] DEBUG:colcon.colcon_core.verb:Building package 'altair_web_server' with the following arguments: {'ament_cmake_args': None, 'build_base': '/home/altair/altair_framework/build/altair_web_server', 'catkin_cmake_args': None, 'catkin_skip_building_tests': False, 'cmake_args': None, 'cmake_clean_cache': False, 'cmake_clean_first': False, 'cmake_force_configure': False, 'cmake_target': None, 'cmake_target_skip_unavailable': False, 'install_base': '/home/altair/altair_framework/install/altair_web_server', 'merge_install': False, 'path': '/home/altair/altair_framework/altair_web_server', 'symlink_install': True, 'test_result_base': None}
[0.555s] INFO:colcon.colcon_core.executor:Executing jobs using 'parallel' executor
[0.556s] DEBUG:colcon.colcon_parallel_executor.executor.parallel:run_until_complete
[0.556s] INFO:colcon.colcon_ros.task.ament_cmake.build:Building ROS package in '/home/altair/altair_framework/altair_interfaces' with build type 'ament_cmake'
[0.556s] INFO:colcon.colcon_cmake.task.cmake.build:Building CMake package in '/home/altair/altair_framework/altair_interfaces'
[0.561s] INFO:colcon.colcon_core.plugin_system:Skipping extension 'colcon_core.shell.bat': Not used on non-Windows systems
[0.561s] INFO:colcon.colcon_core.shell:Skip shell extension 'powershell' for command environment: Not usable outside of PowerShell
[0.561s] DEBUG:colcon.colcon_core.shell:Skip shell extension 'dsv' for command environment
[0.608s] DEBUG:colcon.colcon_core.event_handler.log_command:Invoking command in '/home/altair/altair_framework/build/altair_interfaces': CMAKE_PREFIX_PATH=/opt/ros/humble /usr/bin/cmake --build /home/altair/altair_framework/build/altair_interfaces -- -j8 -l8
[1.473s] DEBUG:colcon.colcon_core.event_handler.log_command:Invoked command in '/home/altair/altair_framework/build/altair_interfaces' returned '0': CMAKE_PREFIX_PATH=/opt/ros/humble /usr/bin/cmake --build /home/altair/altair_framework/build/altair_interfaces -- -j8 -l8
[1.481s] DEBUG:colcon.colcon_core.event_handler.log_command:Invoking command in '/home/altair/altair_framework/build/altair_interfaces': CMAKE_PREFIX_PATH=/opt/ros/humble /usr/bin/cmake --install /home/altair/altair_framework/build/altair_interfaces
[1.643s] Level 1:colcon.colcon_core.environment:create_environment_scripts_only(altair_interfaces)
[1.662s] DEBUG:colcon.colcon_core.event_handler.log_command:Invoked command in '/home/altair/altair_framework/build/altair_interfaces' returned '0': CMAKE_PREFIX_PATH=/opt/ros/humble /usr/bin/cmake --install /home/altair/altair_framework/build/altair_interfaces
[1.670s] Level 1:colcon.colcon_core.environment:checking '/home/altair/altair_framework/install/altair_interfaces' for CMake module files
[1.671s] Level 1:colcon.colcon_core.environment:checking '/home/altair/altair_framework/install/altair_interfaces' for CMake config files
[1.672s] Level 1:colcon.colcon_core.shell:create_environment_hook('altair_interfaces', 'cmake_prefix_path')
[1.673s] INFO:colcon.colcon_core.shell:Creating environment hook '/home/altair/altair_framework/install/altair_interfaces/share/altair_interfaces/hook/cmake_prefix_path.ps1'
[1.674s] INFO:colcon.colcon_core.shell:Creating environment descriptor '/home/altair/altair_framework/install/altair_interfaces/share/altair_interfaces/hook/cmake_prefix_path.dsv'
[1.674s] INFO:colcon.colcon_core.shell:Creating environment hook '/home/altair/altair_framework/install/altair_interfaces/share/altair_interfaces/hook/cmake_prefix_path.sh'
[1.675s] Level 1:colcon.colcon_core.environment:checking '/home/altair/altair_framework/install/altair_interfaces/lib'
[1.675s] Level 1:colcon.colcon_core.shell:create_environment_hook('altair_interfaces', 'ld_library_path_lib')
[1.676s] INFO:colcon.colcon_core.shell:Creating environment hook '/home/altair/altair_framework/install/altair_interfaces/share/altair_interfaces/hook/ld_library_path_lib.ps1'
[1.676s] INFO:colcon.colcon_core.shell:Creating environment descriptor '/home/altair/altair_framework/install/altair_interfaces/share/altair_interfaces/hook/ld_library_path_lib.dsv'
[1.677s] INFO:colcon.colcon_core.shell:Creating environment hook '/home/altair/altair_framework/install/altair_interfaces/share/altair_interfaces/hook/ld_library_path_lib.sh'
[1.678s] Level 1:colcon.colcon_core.environment:checking '/home/altair/altair_framework/install/altair_interfaces/bin'
[1.678s] Level 1:colcon.colcon_core.environment:checking '/home/altair/altair_framework/install/altair_interfaces/lib/pkgconfig/altair_interfaces.pc'
[1.678s] Level 1:colcon.colcon_core.environment:checking '/home/altair/altair_framework/install/altair_interfaces/lib/python3.10/site-packages'
[1.679s] Level 1:colcon.colcon_core.environment:checking '/home/altair/altair_framework/install/altair_interfaces/bin'
[1.679s] INFO:colcon.colcon_core.shell:Creating package script '/home/altair/altair_framework/install/altair_interfaces/share/altair_interfaces/package.ps1'
[1.681s] INFO:colcon.colcon_core.shell:Creating package descriptor '/home/altair/altair_framework/install/altair_interfaces/share/altair_interfaces/package.dsv'
[1.681s] INFO:colcon.colcon_core.shell:Creating package script '/home/altair/altair_framework/install/altair_interfaces/share/altair_interfaces/package.sh'
[1.683s] INFO:colcon.colcon_core.shell:Creating package script '/home/altair/altair_framework/install/altair_interfaces/share/altair_interfaces/package.bash'
[1.684s] INFO:colcon.colcon_core.shell:Creating package script '/home/altair/altair_framework/install/altair_interfaces/share/altair_interfaces/package.zsh'
[1.685s] Level 1:colcon.colcon_core.environment:create_file_with_runtime_dependencies(/home/altair/altair_framework/install/altair_interfaces/share/colcon-core/packages/altair_interfaces)
[1.685s] Level 1:colcon.colcon_core.environment:create_environment_scripts_only(altair_interfaces)
[1.686s] Level 1:colcon.colcon_core.environment:checking '/home/altair/altair_framework/install/altair_interfaces' for CMake module files
[1.687s] Level 1:colcon.colcon_core.environment:checking '/home/altair/altair_framework/install/altair_interfaces' for CMake config files
[1.689s] Level 1:colcon.colcon_core.shell:create_environment_hook('altair_interfaces', 'cmake_prefix_path')
[1.689s] INFO:colcon.colcon_core.shell:Creating environment hook '/home/altair/altair_framework/install/altair_interfaces/share/altair_interfaces/hook/cmake_prefix_path.ps1'
[1.690s] INFO:colcon.colcon_core.shell:Creating environment descriptor '/home/altair/altair_framework/install/altair_interfaces/share/altair_interfaces/hook/cmake_prefix_path.dsv'
[1.691s] INFO:colcon.colcon_core.shell:Creating environment hook '/home/altair/altair_framework/install/altair_interfaces/share/altair_interfaces/hook/cmake_prefix_path.sh'
[1.692s] Level 1:colcon.colcon_core.environment:checking '/home/altair/altair_framework/install/altair_interfaces/lib'
[1.692s] Level 1:colcon.colcon_core.shell:create_environment_hook('altair_interfaces', 'ld_library_path_lib')
[1.693s] INFO:colcon.colcon_core.shell:Creating environment hook '/home/altair/altair_framework/install/altair_interfaces/share/altair_interfaces/hook/ld_library_path_lib.ps1'
[1.694s] INFO:colcon.colcon_core.shell:Creating environment descriptor '/home/altair/altair_framework/install/altair_interfaces/share/altair_interfaces/hook/ld_library_path_lib.dsv'
[1.695s] INFO:colcon.colcon_core.shell:Creating environment hook '/home/altair/altair_framework/install/altair_interfaces/share/altair_interfaces/hook/ld_library_path_lib.sh'
[1.696s] Level 1:colcon.colcon_core.environment:checking '/home/altair/altair_framework/install/altair_interfaces/bin'
[1.696s] Level 1:colcon.colcon_core.environment:checking '/home/altair/altair_framework/install/altair_interfaces/lib/pkgconfig/altair_interfaces.pc'
[1.697s] Level 1:colcon.colcon_core.environment:checking '/home/altair/altair_framework/install/altair_interfaces/lib/python3.10/site-packages'
[1.697s] Level 1:colcon.colcon_core.environment:checking '/home/altair/altair_framework/install/altair_interfaces/bin'
[1.698s] INFO:colcon.colcon_core.shell:Creating package script '/home/altair/altair_framework/install/altair_interfaces/share/altair_interfaces/package.ps1'
[1.699s] INFO:colcon.colcon_core.shell:Creating package descriptor '/home/altair/altair_framework/install/altair_interfaces/share/altair_interfaces/package.dsv'
[1.700s] INFO:colcon.colcon_core.shell:Creating package script '/home/altair/altair_framework/install/altair_interfaces/share/altair_interfaces/package.sh'
[1.701s] INFO:colcon.colcon_core.shell:Creating package script '/home/altair/altair_framework/install/altair_interfaces/share/altair_interfaces/package.bash'
[1.701s] INFO:colcon.colcon_core.shell:Creating package script '/home/altair/altair_framework/install/altair_interfaces/share/altair_interfaces/package.zsh'
[1.702s] Level 1:colcon.colcon_core.environment:create_file_with_runtime_dependencies(/home/altair/altair_framework/install/altair_interfaces/share/colcon-core/packages/altair_interfaces)
[1.703s] INFO:colcon.colcon_ros.task.ament_cmake.build:Building ROS package in '/home/altair/altair_framework/altair_can_bridge' with build type 'ament_cmake'
[1.703s] INFO:colcon.colcon_cmake.task.cmake.build:Building CMake package in '/home/altair/altair_framework/altair_can_bridge'
[1.703s] INFO:colcon.colcon_core.shell:Skip shell extension 'powershell' for command environment: Not usable outside of PowerShell
[1.703s] DEBUG:colcon.colcon_core.shell:Skip shell extension 'dsv' for command environment
[1.709s] INFO:colcon.colcon_ros.task.ament_python.build:Building ROS package in '/home/altair/altair_framework/altair_core' with build type 'ament_python'
[1.709s] Level 1:colcon.colcon_core.shell:create_environment_hook('altair_core', 'ament_prefix_path')
[1.709s] INFO:colcon.colcon_core.shell:Creating environment hook '/home/altair/altair_framework/install/altair_core/share/altair_core/hook/ament_prefix_path.ps1'
[1.710s] INFO:colcon.colcon_core.shell:Creating environment descriptor '/home/altair/altair_framework/install/altair_core/share/altair_core/hook/ament_prefix_path.dsv'
[1.712s] INFO:colcon.colcon_core.shell:Creating environment hook '/home/altair/altair_framework/install/altair_core/share/altair_core/hook/ament_prefix_path.sh'
[1.713s] INFO:colcon.colcon_core.shell:Skip shell extension 'powershell' for command environment: Not usable outside of PowerShell
[1.713s] DEBUG:colcon.colcon_core.shell:Skip shell extension 'dsv' for command environment
[1.720s] INFO:colcon.colcon_ros.task.ament_python.build:Building ROS package in '/home/altair/altair_framework/altair_web_server' with build type 'ament_python'
[1.720s] Level 1:colcon.colcon_core.shell:create_environment_hook('altair_web_server', 'ament_prefix_path')
[1.720s] INFO:colcon.colcon_core.shell:Creating environment hook '/home/altair/altair_framework/install/altair_web_server/share/altair_web_server/hook/ament_prefix_path.ps1'
[1.721s] INFO:colcon.colcon_core.shell:Creating environment descriptor '/home/altair/altair_framework/install/altair_web_server/share/altair_web_server/hook/ament_prefix_path.dsv'
[1.723s] INFO:colcon.colcon_core.shell:Creating environment hook '/home/altair/altair_framework/install/altair_web_server/share/altair_web_server/hook/ament_prefix_path.sh'
[1.724s] INFO:colcon.colcon_core.shell:Skip shell extension 'powershell' for command environment: Not usable outside of PowerShell
[1.724s] DEBUG:colcon.colcon_core.shell:Skip shell extension 'dsv' for command environment
[1.737s] DEBUG:colcon.colcon_core.event_handler.log_command:Invoking command in '/home/altair/altair_framework/build/altair_can_bridge': AMENT_PREFIX_PATH=/home/altair/altair_framework/install/altair_interfaces:${AMENT_PREFIX_PATH} CMAKE_PREFIX_PATH=/home/altair/altair_framework/install/altair_interfaces:/opt/ros/humble LD_LIBRARY_PATH=/home/altair/altair_framework/install/altair_interfaces/lib:${LD_LIBRARY_PATH} PYTHONPATH=/home/altair/altair_framework/install/altair_interfaces/local/lib/python3.10/dist-packages:${PYTHONPATH} /usr/bin/cmake --build /home/altair/altair_framework/build/altair_can_bridge -- -j8 -l8
[2.182s] INFO:colcon.colcon_core.task.python.build:Building Python package in '/home/altair/altair_framework/altair_core'
[2.182s] INFO:colcon.colcon_core.shell:Skip shell extension 'powershell' for command environment: Not usable outside of PowerShell
[2.182s] DEBUG:colcon.colcon_core.shell:Skip shell extension 'dsv' for command environment
[2.616s] INFO:colcon.colcon_core.task.python.build:Building Python package in '/home/altair/altair_framework/altair_web_server'
[2.616s] INFO:colcon.colcon_core.shell:Skip shell extension 'powershell' for command environment: Not usable outside of PowerShell
[2.616s] DEBUG:colcon.colcon_core.shell:Skip shell extension 'dsv' for command environment
[2.621s] DEBUG:colcon.colcon_core.event_handler.log_command:Invoked command in '/home/altair/altair_framework/build/altair_can_bridge' returned '0': AMENT_PREFIX_PATH=/home/altair/altair_framework/install/altair_interfaces:${AMENT_PREFIX_PATH} CMAKE_PREFIX_PATH=/home/altair/altair_framework/install/altair_interfaces:/opt/ros/humble LD_LIBRARY_PATH=/home/altair/altair_framework/install/altair_interfaces/lib:${LD_LIBRARY_PATH} PYTHONPATH=/home/altair/altair_framework/install/altair_interfaces/local/lib/python3.10/dist-packages:${PYTHONPATH} /usr/bin/cmake --build /home/altair/altair_framework/build/altair_can_bridge -- -j8 -l8
[2.625s] DEBUG:colcon.colcon_core.event_handler.log_command:Invoking command in '/home/altair/altair_framework/build/altair_can_bridge': AMENT_PREFIX_PATH=/home/altair/altair_framework/install/altair_interfaces:${AMENT_PREFIX_PATH} CMAKE_PREFIX_PATH=/home/altair/altair_framework/install/altair_interfaces:/opt/ros/humble LD_LIBRARY_PATH=/home/altair/altair_framework/install/altair_interfaces/lib:${LD_LIBRARY_PATH} PYTHONPATH=/home/altair/altair_framework/install/altair_interfaces/local/lib/python3.10/dist-packages:${PYTHONPATH} /usr/bin/cmake --install /home/altair/altair_framework/build/altair_can_bridge
[2.646s] Level 1:colcon.colcon_core.environment:create_environment_scripts_only(altair_can_bridge)
[2.648s] Level 1:colcon.colcon_core.environment:checking '/home/altair/altair_framework/install/altair_can_bridge' for CMake module files
[2.649s] Level 1:colcon.colcon_core.environment:checking '/home/altair/altair_framework/install/altair_can_bridge' for CMake config files
[2.650s] DEBUG:colcon.colcon_core.event_handler.log_command:Invoked command in '/home/altair/altair_framework/build/altair_can_bridge' returned '0': AMENT_PREFIX_PATH=/home/altair/altair_framework/install/altair_interfaces:${AMENT_PREFIX_PATH} CMAKE_PREFIX_PATH=/home/altair/altair_framework/install/altair_interfaces:/opt/ros/humble LD_LIBRARY_PATH=/home/altair/altair_framework/install/altair_interfaces/lib:${LD_LIBRARY_PATH} PYTHONPATH=/home/altair/altair_framework/install/altair_interfaces/local/lib/python3.10/dist-packages:${PYTHONPATH} /usr/bin/cmake --install /home/altair/altair_framework/build/altair_can_bridge
[2.650s] Level 1:colcon.colcon_core.shell:create_environment_hook('altair_can_bridge', 'cmake_prefix_path')
[2.651s] INFO:colcon.colcon_core.shell:Creating environment hook '/home/altair/altair_framework/install/altair_can_bridge/share/altair_can_bridge/hook/cmake_prefix_path.ps1'
[2.651s] INFO:colcon.colcon_core.shell:Creating environment descriptor '/home/altair/altair_framework/install/altair_can_bridge/share/altair_can_bridge/hook/cmake_prefix_path.dsv'
[2.652s] INFO:colcon.colcon_core.shell:Creating environment hook '/home/altair/altair_framework/install/altair_can_bridge/share/altair_can_bridge/hook/cmake_prefix_path.sh'
[2.653s] Level 1:colcon.colcon_core.environment:checking '/home/altair/altair_framework/install/altair_can_bridge/lib'
[2.654s] Level 1:colcon.colcon_core.environment:checking '/home/altair/altair_framework/install/altair_can_bridge/bin'
[2.654s] Level 1:colcon.colcon_core.environment:checking '/home/altair/altair_framework/install/altair_can_bridge/lib/pkgconfig/altair_can_bridge.pc'
[2.654s] Level 1:colcon.colcon_core.environment:checking '/home/altair/altair_framework/install/altair_can_bridge/lib/python3.10/site-packages'
[2.655s] Level 1:colcon.colcon_core.environment:checking '/home/altair/altair_framework/install/altair_can_bridge/bin'
[2.655s] INFO:colcon.colcon_core.shell:Creating package script '/home/altair/altair_framework/install/altair_can_bridge/share/altair_can_bridge/package.ps1'
[2.656s] INFO:colcon.colcon_core.shell:Creating package descriptor '/home/altair/altair_framework/install/altair_can_bridge/share/altair_can_bridge/package.dsv'
[2.657s] INFO:colcon.colcon_core.shell:Creating package script '/home/altair/altair_framework/install/altair_can_bridge/share/altair_can_bridge/package.sh'
[2.658s] INFO:colcon.colcon_core.shell:Creating package script '/home/altair/altair_framework/install/altair_can_bridge/share/altair_can_bridge/package.bash'
[2.658s] INFO:colcon.colcon_core.shell:Creating package script '/home/altair/altair_framework/install/altair_can_bridge/share/altair_can_bridge/package.zsh'
[2.660s] Level 1:colcon.colcon_core.environment:create_file_with_runtime_dependencies(/home/altair/altair_framework/install/altair_can_bridge/share/colcon-core/packages/altair_can_bridge)
[2.662s] Level 1:colcon.colcon_core.environment:create_environment_scripts_only(altair_can_bridge)
[2.662s] Level 1:colcon.colcon_core.environment:checking '/home/altair/altair_framework/install/altair_can_bridge' for CMake module files
[2.663s] Level 1:colcon.colcon_core.environment:checking '/home/altair/altair_framework/install/altair_can_bridge' for CMake config files
[2.664s] Level 1:colcon.colcon_core.shell:create_environment_hook('altair_can_bridge', 'cmake_prefix_path')
[2.664s] INFO:colcon.colcon_core.shell:Creating environment hook '/home/altair/altair_framework/install/altair_can_bridge/share/altair_can_bridge/hook/cmake_prefix_path.ps1'
[2.666s] INFO:colcon.colcon_core.shell:Creating environment descriptor '/home/altair/altair_framework/install/altair_can_bridge/share/altair_can_bridge/hook/cmake_prefix_path.dsv'
[2.667s] INFO:colcon.colcon_core.shell:Creating environment hook '/home/altair/altair_framework/install/altair_can_bridge/share/altair_can_bridge/hook/cmake_prefix_path.sh'
[2.668s] Level 1:colcon.colcon_core.environment:checking '/home/altair/altair_framework/install/altair_can_bridge/lib'
[2.668s] Level 1:colcon.colcon_core.environment:checking '/home/altair/altair_framework/install/altair_can_bridge/bin'
[2.668s] Level 1:colcon.colcon_core.environment:checking '/home/altair/altair_framework/install/altair_can_bridge/lib/pkgconfig/altair_can_bridge.pc'
[2.668s] Level 1:colcon.colcon_core.environment:checking '/home/altair/altair_framework/install/altair_can_bridge/lib/python3.10/site-packages'
[2.669s] Level 1:colcon.colcon_core.environment:checking '/home/altair/altair_framework/install/altair_can_bridge/bin'
[2.670s] INFO:colcon.colcon_core.shell:Creating package script '/home/altair/altair_framework/install/altair_can_bridge/share/altair_can_bridge/package.ps1'
[2.672s] INFO:colcon.colcon_core.shell:Creating package descriptor '/home/altair/altair_framework/install/altair_can_bridge/share/altair_can_bridge/package.dsv'
[2.672s] INFO:colcon.colcon_core.shell:Creating package script '/home/altair/altair_framework/install/altair_can_bridge/share/altair_can_bridge/package.sh'
[2.673s] INFO:colcon.colcon_core.shell:Creating package script '/home/altair/altair_framework/install/altair_can_bridge/share/altair_can_bridge/package.bash'
[2.674s] INFO:colcon.colcon_core.shell:Creating package script '/home/altair/altair_framework/install/altair_can_bridge/share/altair_can_bridge/package.zsh'
[2.675s] Level 1:colcon.colcon_core.environment:create_file_with_runtime_dependencies(/home/altair/altair_framework/install/altair_can_bridge/share/colcon-core/packages/altair_can_bridge)
[4.290s] DEBUG:colcon.colcon_core.event_handler.log_command:Invoking command in '/home/altair/altair_framework/build/altair_core': AMENT_PREFIX_PATH=/home/altair/altair_framework/install/altair_interfaces:${AMENT_PREFIX_PATH} CMAKE_PREFIX_PATH=/home/altair/altair_framework/install/altair_interfaces LD_LIBRARY_PATH=/home/altair/altair_framework/install/altair_interfaces/lib:${LD_LIBRARY_PATH} PYTHONPATH=/home/altair/altair_framework/build/altair_core/prefix_override:/usr/lib/python3/dist-packages/colcon_core/task/python/colcon_distutils_commands:/home/altair/altair_framework/install/altair_core/lib/python3.10/site-packages:/home/altair/altair_framework/install/altair_interfaces/local/lib/python3.10/dist-packages:${PYTHONPATH} /usr/bin/python3 -W ignore:setup.py install is deprecated -W ignore:easy_install command is deprecated setup.py develop --editable --build-directory /home/altair/altair_framework/build/altair_core/build --no-deps symlink_data
[4.486s] DEBUG:colcon.colcon_core.event_handler.log_command:Invoking command in '/home/altair/altair_framework/build/altair_web_server': AMENT_PREFIX_PATH=/home/altair/altair_framework/install/altair_interfaces:${AMENT_PREFIX_PATH} CMAKE_PREFIX_PATH=/home/altair/altair_framework/install/altair_interfaces LD_LIBRARY_PATH=/home/altair/altair_framework/install/altair_interfaces/lib:${LD_LIBRARY_PATH} PYTHONPATH=/home/altair/altair_framework/build/altair_web_server/prefix_override:/usr/lib/python3/dist-packages/colcon_core/task/python/colcon_distutils_commands:/home/altair/altair_framework/install/altair_web_server/lib/python3.10/site-packages:/home/altair/altair_framework/install/altair_interfaces/local/lib/python3.10/dist-packages:${PYTHONPATH} /usr/bin/python3 -W ignore:setup.py install is deprecated -W ignore:easy_install command is deprecated setup.py develop --editable --build-directory /home/altair/altair_framework/build/altair_web_server/build --no-deps symlink_data
[6.698s] Level 1:colcon.colcon_core.shell:create_environment_hook('altair_core', 'pythonpath_develop')
[6.699s] INFO:colcon.colcon_core.shell:Creating environment hook '/home/altair/altair_framework/build/altair_core/share/altair_core/hook/pythonpath_develop.ps1'
[6.701s] INFO:colcon.colcon_core.shell:Creating environment descriptor '/home/altair/altair_framework/build/altair_core/share/altair_core/hook/pythonpath_develop.dsv'
[6.702s] INFO:colcon.colcon_core.shell:Creating environment hook '/home/altair/altair_framework/build/altair_core/share/altair_core/hook/pythonpath_develop.sh'
[6.702s] DEBUG:colcon.colcon_core.event_handler.log_command:Invoked command in '/home/altair/altair_framework/build/altair_core' returned '0': AMENT_PREFIX_PATH=/home/altair/altair_framework/install/altair_interfaces:${AMENT_PREFIX_PATH} CMAKE_PREFIX_PATH=/home/altair/altair_framework/install/altair_interfaces LD_LIBRARY_PATH=/home/altair/altair_framework/install/altair_interfaces/lib:${LD_LIBRARY_PATH} PYTHONPATH=/home/altair/altair_framework/build/altair_core/prefix_override:/usr/lib/python3/dist-packages/colcon_core/task/python/colcon_distutils_commands:/home/altair/altair_framework/install/altair_core/lib/python3.10/site-packages:/home/altair/altair_framework/install/altair_interfaces/local/lib/python3.10/dist-packages:${PYTHONPATH} /usr/bin/python3 -W ignore:setup.py install is deprecated -W ignore:easy_install command is deprecated setup.py develop --editable --build-directory /home/altair/altair_framework/build/altair_core/build --no-deps symlink_data
[6.704s] Level 1:colcon.colcon_core.environment:checking '/home/altair/altair_framework/install/altair_core' for CMake module files
[6.705s] Level 1:colcon.colcon_core.environment:checking '/home/altair/altair_framework/install/altair_core' for CMake config files
[6.707s] Level 1:colcon.colcon_core.environment:checking '/home/altair/altair_framework/install/altair_core/lib'
[6.707s] Level 1:colcon.colcon_core.environment:checking '/home/altair/altair_framework/install/altair_core/bin'
[6.707s] Level 1:colcon.colcon_core.environment:checking '/home/altair/altair_framework/install/altair_core/lib/pkgconfig/altair_core.pc'
[6.708s] Level 1:colcon.colcon_core.environment:checking '/home/altair/altair_framework/install/altair_core/lib/python3.10/site-packages'
[6.708s] Level 1:colcon.colcon_core.shell:create_environment_hook('altair_core', 'pythonpath')
[6.709s] INFO:colcon.colcon_core.shell:Creating environment hook '/home/altair/altair_framework/install/altair_core/share/altair_core/hook/pythonpath.ps1'
[6.711s] INFO:colcon.colcon_core.shell:Creating environment descriptor '/home/altair/altair_framework/install/altair_core/share/altair_core/hook/pythonpath.dsv'
[6.713s] INFO:colcon.colcon_core.shell:Creating environment hook '/home/altair/altair_framework/install/altair_core/share/altair_core/hook/pythonpath.sh'
[6.715s] Level 1:colcon.colcon_core.environment:checking '/home/altair/altair_framework/install/altair_core/bin'
[6.715s] Level 1:colcon.colcon_core.environment:create_environment_scripts_only(altair_core)
[6.716s] INFO:colcon.colcon_core.shell:Creating package script '/home/altair/altair_framework/install/altair_core/share/altair_core/package.ps1'
[6.719s] INFO:colcon.colcon_core.shell:Creating package descriptor '/home/altair/altair_framework/install/altair_core/share/altair_core/package.dsv'
[6.721s] INFO:colcon.colcon_core.shell:Creating package script '/home/altair/altair_framework/install/altair_core/share/altair_core/package.sh'
[6.722s] INFO:colcon.colcon_core.shell:Creating package script '/home/altair/altair_framework/install/altair_core/share/altair_core/package.bash'
[6.723s] INFO:colcon.colcon_core.shell:Creating package script '/home/altair/altair_framework/install/altair_core/share/altair_core/package.zsh'
[6.724s] Level 1:colcon.colcon_core.environment:create_file_with_runtime_dependencies(/home/altair/altair_framework/install/altair_core/share/colcon-core/packages/altair_core)
[6.777s] Level 1:colcon.colcon_core.shell:create_environment_hook('altair_web_server', 'pythonpath_develop')
[6.778s] INFO:colcon.colcon_core.shell:Creating environment hook '/home/altair/altair_framework/build/altair_web_server/share/altair_web_server/hook/pythonpath_develop.ps1'
[6.779s] DEBUG:colcon.colcon_core.event_handler.log_command:Invoked command in '/home/altair/altair_framework/build/altair_web_server' returned '0': AMENT_PREFIX_PATH=/home/altair/altair_framework/install/altair_interfaces:${AMENT_PREFIX_PATH} CMAKE_PREFIX_PATH=/home/altair/altair_framework/install/altair_interfaces LD_LIBRARY_PATH=/home/altair/altair_framework/install/altair_interfaces/lib:${LD_LIBRARY_PATH} PYTHONPATH=/home/altair/altair_framework/build/altair_web_server/prefix_override:/usr/lib/python3/dist-packages/colcon_core/task/python/colcon_distutils_commands:/home/altair/altair_framework/install/altair_web_server/lib/python3.10/site-packages:/home/altair/altair_framework/install/altair_interfaces/local/lib/python3.10/dist-packages:${PYTHONPATH} /usr/bin/python3 -W ignore:setup.py install is deprecated -W ignore:easy_install command is deprecated setup.py develop --editable --build-directory /home/altair/altair_framework/build/altair_web_server/build --no-deps symlink_data
[6.780s] INFO:colcon.colcon_core.shell:Creating environment descriptor '/home/altair/altair_framework/build/altair_web_server/share/altair_web_server/hook/pythonpath_develop.dsv'
[6.780s] INFO:colcon.colcon_core.shell:Creating environment hook '/home/altair/altair_framework/build/altair_web_server/share/altair_web_server/hook/pythonpath_develop.sh'
[6.781s] Level 1:colcon.colcon_core.environment:checking '/home/altair/altair_framework/install/altair_web_server' for CMake module files
[6.782s] Level 1:colcon.colcon_core.environment:checking '/home/altair/altair_framework/install/altair_web_server' for CMake config files
[6.783s] Level 1:colcon.colcon_core.environment:checking '/home/altair/altair_framework/install/altair_web_server/lib'
[6.783s] Level 1:colcon.colcon_core.environment:checking '/home/altair/altair_framework/install/altair_web_server/bin'
[6.783s] Level 1:colcon.colcon_core.environment:checking '/home/altair/altair_framework/install/altair_web_server/lib/pkgconfig/altair_web_server.pc'
[6.783s] Level 1:colcon.colcon_core.environment:checking '/home/altair/altair_framework/install/altair_web_server/lib/python3.10/site-packages'
[6.783s] Level 1:colcon.colcon_core.shell:create_environment_hook('altair_web_server', 'pythonpath')
[6.784s] INFO:colcon.colcon_core.shell:Creating environment hook '/home/altair/altair_framework/install/altair_web_server/share/altair_web_server/hook/pythonpath.ps1'
[6.785s] INFO:colcon.colcon_core.shell:Creating environment descriptor '/home/altair/altair_framework/install/altair_web_server/share/altair_web_server/hook/pythonpath.dsv'
[6.785s] INFO:colcon.colcon_core.shell:Creating environment hook '/home/altair/altair_framework/install/altair_web_server/share/altair_web_server/hook/pythonpath.sh'
[6.786s] Level 1:colcon.colcon_core.environment:checking '/home/altair/altair_framework/install/altair_web_server/bin'
[6.787s] Level 1:colcon.colcon_core.environment:create_environment_scripts_only(altair_web_server)
[6.787s] INFO:colcon.colcon_core.shell:Creating package script '/home/altair/altair_framework/install/altair_web_server/share/altair_web_server/package.ps1'
[6.789s] INFO:colcon.colcon_core.shell:Creating package descriptor '/home/altair/altair_framework/install/altair_web_server/share/altair_web_server/package.dsv'
[6.790s] INFO:colcon.colcon_core.shell:Creating package script '/home/altair/altair_framework/install/altair_web_server/share/altair_web_server/package.sh'
[6.791s] INFO:colcon.colcon_core.shell:Creating package script '/home/altair/altair_framework/install/altair_web_server/share/altair_web_server/package.bash'
[6.792s] INFO:colcon.colcon_core.shell:Creating package script '/home/altair/altair_framework/install/altair_web_server/share/altair_web_server/package.zsh'
[6.793s] Level 1:colcon.colcon_core.environment:create_file_with_runtime_dependencies(/home/altair/altair_framework/install/altair_web_server/share/colcon-core/packages/altair_web_server)
[6.793s] DEBUG:colcon.colcon_parallel_executor.executor.parallel:closing loop
[6.794s] DEBUG:colcon.colcon_parallel_executor.executor.parallel:loop closed
[6.794s] DEBUG:colcon.colcon_parallel_executor.executor.parallel:run_until_complete finished with '0'
[6.794s] DEBUG:colcon.colcon_core.event_reactor:joining thread
[6.827s] INFO:colcon.colcon_core.plugin_system:Skipping extension 'colcon_notification.desktop_notification.terminal_notifier': Not used on non-Darwin systems
[6.827s] INFO:colcon.colcon_core.plugin_system:Skipping extension 'colcon_notification.desktop_notification.win32': Not used on non-Windows systems
[6.827s] INFO:colcon.colcon_notification.desktop_notification:Sending desktop notification using 'notify2'
[6.844s] DEBUG:colcon.colcon_core.event_reactor:joined thread
[6.844s] INFO:colcon.colcon_core.shell:Creating prefix script '/home/altair/altair_framework/install/local_setup.ps1'
[6.847s] INFO:colcon.colcon_core.shell:Creating prefix util module '/home/altair/altair_framework/install/_local_setup_util_ps1.py'
[6.852s] INFO:colcon.colcon_core.shell:Creating prefix chain script '/home/altair/altair_framework/install/setup.ps1'
[6.853s] INFO:colcon.colcon_core.shell:Creating prefix script '/home/altair/altair_framework/install/local_setup.sh'
[6.855s] INFO:colcon.colcon_core.shell:Creating prefix util module '/home/altair/altair_framework/install/_local_setup_util_sh.py'
[6.856s] INFO:colcon.colcon_core.shell:Creating prefix chain script '/home/altair/altair_framework/install/setup.sh'
[6.858s] INFO:colcon.colcon_core.shell:Creating prefix script '/home/altair/altair_framework/install/local_setup.bash'
[6.862s] INFO:colcon.colcon_core.shell:Creating prefix chain script '/home/altair/altair_framework/install/setup.bash'
[6.864s] INFO:colcon.colcon_core.shell:Creating prefix script '/home/altair/altair_framework/install/local_setup.zsh'
[6.869s] INFO:colcon.colcon_core.shell:Creating prefix chain script '/home/altair/altair_framework/install/setup.zsh'
