[0.025s] Invoking command in '/home/altair/altair_framework/build/altair_interfaces': CMAKE_PREFIX_PATH=/opt/ros/humble /usr/bin/cmake /home/altair/altair_framework/altair_interfaces -DAMENT_CMAKE_SYMLINK_INSTALL=1 -DCMAKE_INSTALL_PREFIX=/home/altair/altair_framework/install/altair_interfaces
[0.115s] -- The C compiler identification is GNU 11.4.0
[0.203s] -- The CXX compiler identification is GNU 11.4.0
[0.218s] -- Detecting C compiler ABI info
[0.307s] -- Detecting C compiler ABI info - done
[0.319s] -- Check for working C compiler: /usr/bin/cc - skipped
[0.320s] -- Detecting C compile features
[0.320s] -- Detecting C compile features - done
[0.325s] -- Detecting CXX compiler ABI info
[0.477s] -- Detecting CXX compiler ABI info - done
[0.488s] -- Check for working CXX compiler: /usr/bin/c++ - skipped
[0.489s] -- Detecting CXX compile features
[0.490s] -- Detecting CXX compile features - done
[0.492s] -- Found ament_cmake: 1.3.14 (/opt/ros/humble/share/ament_cmake/cmake)
[1.177s] -- Found Python3: /usr/bin/python3 (found version "3.10.12") found components: Interpreter 
[1.277s] -- Override CMake install command with custom implementation using symlinks instead of copying resources
[1.314s] -- Found rosidl_default_generators: 1.2.1 (/opt/ros/humble/share/rosidl_default_generators/cmake)
[1.317s] -- Using all available rosidl_typesupport_c: rosidl_typesupport_fastrtps_c;rosidl_typesupport_introspection_c
[1.334s] -- Found rosidl_adapter: 3.1.8 (/opt/ros/humble/share/rosidl_adapter/cmake)
[1.398s] -- Using all available rosidl_typesupport_cpp: rosidl_typesupport_fastrtps_cpp;rosidl_typesupport_introspection_cpp
[1.880s] -- Found ament_cmake_ros: 0.10.0 (/opt/ros/humble/share/ament_cmake_ros/cmake)
[2.136s] -- Using all available rosidl_typesupport_c: rosidl_typesupport_fastrtps_c;rosidl_typesupport_introspection_c
[2.394s] -- Using all available rosidl_typesupport_cpp: rosidl_typesupport_fastrtps_cpp;rosidl_typesupport_introspection_cpp
[2.426s] -- Found PythonInterp: /usr/bin/python3 (found suitable version "3.10.12", minimum required is "3.6") 
[2.428s] -- Found python_cmake_module: 0.10.0 (/opt/ros/humble/share/python_cmake_module/cmake)
[2.465s] -- Found PythonLibs: /usr/lib/x86_64-linux-gnu/libpython3.10.so (found suitable version "3.10.12", minimum required is "3.5") 
[2.465s] -- Using PYTHON_EXECUTABLE: /usr/bin/python3
[2.465s] -- Using PYTHON_INCLUDE_DIRS: /usr/include/python3.10
[2.465s] -- Using PYTHON_LIBRARIES: /usr/lib/x86_64-linux-gnu/libpython3.10.so
[2.493s] -- Found PythonExtra: .so  
[2.612s] -- Configuring done
[2.687s] -- Generating done
[2.704s] -- Build files have been written to: /home/altair/altair_framework/build/altair_interfaces
[2.718s] Invoked command in '/home/altair/altair_framework/build/altair_interfaces' returned '0': CMAKE_PREFIX_PATH=/opt/ros/humble /usr/bin/cmake /home/altair/altair_framework/altair_interfaces -DAMENT_CMAKE_SYMLINK_INSTALL=1 -DCMAKE_INSTALL_PREFIX=/home/altair/altair_framework/install/altair_interfaces
[2.721s] Invoking command in '/home/altair/altair_framework/build/altair_interfaces': CMAKE_PREFIX_PATH=/opt/ros/humble /usr/bin/cmake --build /home/altair/altair_framework/build/altair_interfaces -- -j8 -l8
[2.752s] [  1%] [34m[1mGenerating C code for ROS interfaces[0m
[2.764s] [  2%] [34m[1mGenerating Rust code for ROS interfaces[0m
[2.766s] [  3%] [34m[1mGenerating C++ code for ROS interfaces[0m
[2.770s] [  3%] Built target ament_cmake_python_symlink_altair_interfaces
[3.554s] running egg_info
[3.604s] creating altair_interfaces.egg-info
[3.605s] writing altair_interfaces.egg-info/PKG-INFO
[3.605s] writing dependency_links to altair_interfaces.egg-info/dependency_links.txt
[3.605s] writing top-level names to altair_interfaces.egg-info/top_level.txt
[3.605s] writing manifest file 'altair_interfaces.egg-info/SOURCES.txt'
[3.756s] reading manifest file 'altair_interfaces.egg-info/SOURCES.txt'
[3.758s] writing manifest file 'altair_interfaces.egg-info/SOURCES.txt'
[3.818s] [  3%] Built target ament_cmake_python_build_altair_interfaces_egg
[4.418s] [  3%] Built target altair_interfaces__rs
[5.511s] [  4%] [32mBuilding C object CMakeFiles/altair_interfaces__rosidl_generator_c.dir/rosidl_generator_c/altair_interfaces/msg/detail/can_status__functions.c.o[0m
[5.511s] [  5%] [32mBuilding C object CMakeFiles/altair_interfaces__rosidl_generator_c.dir/rosidl_generator_c/altair_interfaces/msg/detail/mdd_command__functions.c.o[0m
[5.512s] [  6%] [32mBuilding C object CMakeFiles/altair_interfaces__rosidl_generator_c.dir/rosidl_generator_c/altair_interfaces/msg/detail/mdd_feedback__functions.c.o[0m
[5.513s] [  7%] [32mBuilding C object CMakeFiles/altair_interfaces__rosidl_generator_c.dir/rosidl_generator_c/altair_interfaces/msg/detail/servo_command__functions.c.o[0m
[5.513s] [  8%] [32mBuilding C object CMakeFiles/altair_interfaces__rosidl_generator_c.dir/rosidl_generator_c/altair_interfaces/msg/detail/solenoid_command__functions.c.o[0m
[5.539s] [  9%] [32mBuilding C object CMakeFiles/altair_interfaces__rosidl_generator_c.dir/rosidl_generator_c/altair_interfaces/srv/detail/trigger_control__functions.c.o[0m
[5.580s] [ 10%] [32mBuilding C object CMakeFiles/altair_interfaces__rosidl_generator_c.dir/rosidl_generator_c/altair_interfaces/srv/detail/get_available_ports__functions.c.o[0m
[5.627s] [ 11%] [32mBuilding C object CMakeFiles/altair_interfaces__rosidl_generator_c.dir/rosidl_generator_c/altair_interfaces/srv/detail/connect_can__functions.c.o[0m
[5.647s] [ 12%] [32mBuilding C object CMakeFiles/altair_interfaces__rosidl_generator_c.dir/rosidl_generator_c/altair_interfaces/srv/detail/start_behavior__functions.c.o[0m
[5.680s] [ 12%] Built target altair_interfaces__cpp
[5.698s] [ 13%] [34m[1mGenerating C++ introspection for ROS interfaces[0m
[5.699s] [ 14%] [34m[1mGenerating C++ type support for eProsima Fast-RTPS[0m
[5.699s] [ 15%] [34m[1mGenerating C++ type support dispatch for ROS interfaces[0m
[5.796s] [ 16%] [32m[1mLinking C shared library libaltair_interfaces__rosidl_generator_c.so[0m
[5.869s] [ 16%] Built target altair_interfaces__rosidl_generator_c
[5.881s] [ 17%] [34m[1mGenerating C type support for eProsima Fast-RTPS[0m
[5.883s] [ 18%] [34m[1mGenerating C type support dispatch for ROS interfaces[0m
[5.888s] [ 19%] [34m[1mGenerating C introspection for ROS interfaces[0m
[8.399s] [ 20%] [32mBuilding CXX object CMakeFiles/altair_interfaces__rosidl_typesupport_c.dir/rosidl_typesupport_c/altair_interfaces/msg/can_status__type_support.cpp.o[0m
[8.399s] [ 21%] [32mBuilding CXX object CMakeFiles/altair_interfaces__rosidl_typesupport_c.dir/rosidl_typesupport_c/altair_interfaces/msg/mdd_feedback__type_support.cpp.o[0m
[8.405s] [ 22%] [32mBuilding CXX object CMakeFiles/altair_interfaces__rosidl_typesupport_c.dir/rosidl_typesupport_c/altair_interfaces/msg/mdd_command__type_support.cpp.o[0m
[8.514s] [ 23%] [32mBuilding CXX object CMakeFiles/altair_interfaces__rosidl_typesupport_c.dir/rosidl_typesupport_c/altair_interfaces/msg/servo_command__type_support.cpp.o[0m
[8.561s] [ 25%] [32mBuilding CXX object CMakeFiles/altair_interfaces__rosidl_typesupport_c.dir/rosidl_typesupport_c/altair_interfaces/msg/solenoid_command__type_support.cpp.o[0m
[8.619s] [ 26%] [32mBuilding CXX object CMakeFiles/altair_interfaces__rosidl_typesupport_c.dir/rosidl_typesupport_c/altair_interfaces/srv/trigger_control__type_support.cpp.o[0m
[8.639s] [ 27%] [32mBuilding CXX object CMakeFiles/altair_interfaces__rosidl_typesupport_c.dir/rosidl_typesupport_c/altair_interfaces/srv/get_available_ports__type_support.cpp.o[0m
[8.663s] [ 28%] [32mBuilding CXX object CMakeFiles/altair_interfaces__rosidl_typesupport_c.dir/rosidl_typesupport_c/altair_interfaces/srv/connect_can__type_support.cpp.o[0m
[8.730s] [ 29%] [32mBuilding CXX object CMakeFiles/altair_interfaces__rosidl_typesupport_c.dir/rosidl_typesupport_c/altair_interfaces/srv/start_behavior__type_support.cpp.o[0m
[8.843s] [ 30%] [32m[1mLinking CXX shared library libaltair_interfaces__rosidl_typesupport_c.so[0m
[8.939s] [ 30%] Built target altair_interfaces__rosidl_typesupport_c
[8.961s] [ 31%] [32mBuilding CXX object CMakeFiles/altair_interfaces__rosidl_typesupport_cpp.dir/rosidl_typesupport_cpp/altair_interfaces/msg/servo_command__type_support.cpp.o[0m
[8.970s] [ 32%] [32mBuilding CXX object CMakeFiles/altair_interfaces__rosidl_typesupport_cpp.dir/rosidl_typesupport_cpp/altair_interfaces/msg/mdd_feedback__type_support.cpp.o[0m
[8.971s] [ 33%] [32mBuilding CXX object CMakeFiles/altair_interfaces__rosidl_typesupport_cpp.dir/rosidl_typesupport_cpp/altair_interfaces/msg/can_status__type_support.cpp.o[0m
[8.983s] [ 34%] [32mBuilding CXX object CMakeFiles/altair_interfaces__rosidl_typesupport_cpp.dir/rosidl_typesupport_cpp/altair_interfaces/msg/mdd_command__type_support.cpp.o[0m
[9.368s] [ 35%] [32mBuilding CXX object CMakeFiles/altair_interfaces__rosidl_typesupport_introspection_cpp.dir/rosidl_typesupport_introspection_cpp/altair_interfaces/msg/detail/can_status__type_support.cpp.o[0m
[9.454s] [ 36%] [32mBuilding CXX object CMakeFiles/altair_interfaces__rosidl_typesupport_fastrtps_cpp.dir/rosidl_typesupport_fastrtps_cpp/altair_interfaces/msg/detail/dds_fastrtps/can_status__type_support.cpp.o[0m
[9.464s] [ 37%] [32mBuilding C object CMakeFiles/altair_interfaces__rosidl_typesupport_introspection_c.dir/rosidl_typesupport_introspection_c/altair_interfaces/msg/detail/can_status__type_support.c.o[0m
[9.560s] [ 38%] [32mBuilding CXX object CMakeFiles/altair_interfaces__rosidl_typesupport_fastrtps_c.dir/rosidl_typesupport_fastrtps_c/altair_interfaces/msg/detail/can_status__type_support_c.cpp.o[0m
[9.634s] [ 39%] [32mBuilding C object CMakeFiles/altair_interfaces__rosidl_typesupport_introspection_c.dir/rosidl_typesupport_introspection_c/altair_interfaces/msg/detail/mdd_feedback__type_support.c.o[0m
[9.838s] [ 40%] [32mBuilding CXX object CMakeFiles/altair_interfaces__rosidl_typesupport_fastrtps_cpp.dir/rosidl_typesupport_fastrtps_cpp/altair_interfaces/msg/detail/dds_fastrtps/mdd_feedback__type_support.cpp.o[0m
[9.839s] [ 41%] [32mBuilding C object CMakeFiles/altair_interfaces__rosidl_typesupport_introspection_c.dir/rosidl_typesupport_introspection_c/altair_interfaces/msg/detail/mdd_command__type_support.c.o[0m
[9.938s] [ 42%] [32mBuilding C object CMakeFiles/altair_interfaces__rosidl_typesupport_introspection_c.dir/rosidl_typesupport_introspection_c/altair_interfaces/msg/detail/servo_command__type_support.c.o[0m
[10.090s] [ 43%] [32mBuilding CXX object CMakeFiles/altair_interfaces__rosidl_typesupport_fastrtps_cpp.dir/rosidl_typesupport_fastrtps_cpp/altair_interfaces/msg/detail/dds_fastrtps/mdd_command__type_support.cpp.o[0m
[10.152s] [ 44%] [32mBuilding C object CMakeFiles/altair_interfaces__rosidl_typesupport_introspection_c.dir/rosidl_typesupport_introspection_c/altair_interfaces/msg/detail/solenoid_command__type_support.c.o[0m
[10.228s] [ 45%] [32mBuilding CXX object CMakeFiles/altair_interfaces__rosidl_typesupport_fastrtps_c.dir/rosidl_typesupport_fastrtps_c/altair_interfaces/msg/detail/mdd_feedback__type_support_c.cpp.o[0m
[10.305s] [ 46%] [32mBuilding C object CMakeFiles/altair_interfaces__rosidl_typesupport_introspection_c.dir/rosidl_typesupport_introspection_c/altair_interfaces/srv/detail/trigger_control__type_support.c.o[0m
[10.339s] [ 47%] [32mBuilding CXX object CMakeFiles/altair_interfaces__rosidl_typesupport_cpp.dir/rosidl_typesupport_cpp/altair_interfaces/msg/solenoid_command__type_support.cpp.o[0m
[10.551s] [ 48%] [32mBuilding C object CMakeFiles/altair_interfaces__rosidl_typesupport_introspection_c.dir/rosidl_typesupport_introspection_c/altair_interfaces/srv/detail/get_available_ports__type_support.c.o[0m
[10.738s] [ 50%] [32mBuilding C object CMakeFiles/altair_interfaces__rosidl_typesupport_introspection_c.dir/rosidl_typesupport_introspection_c/altair_interfaces/srv/detail/connect_can__type_support.c.o[0m
[10.828s] [ 51%] [32mBuilding CXX object CMakeFiles/altair_interfaces__rosidl_typesupport_introspection_cpp.dir/rosidl_typesupport_introspection_cpp/altair_interfaces/msg/detail/mdd_feedback__type_support.cpp.o[0m
[10.948s] [ 52%] [32mBuilding C object CMakeFiles/altair_interfaces__rosidl_typesupport_introspection_c.dir/rosidl_typesupport_introspection_c/altair_interfaces/srv/detail/start_behavior__type_support.c.o[0m
[11.102s] [ 53%] [32mBuilding CXX object CMakeFiles/altair_interfaces__rosidl_typesupport_fastrtps_c.dir/rosidl_typesupport_fastrtps_c/altair_interfaces/msg/detail/mdd_command__type_support_c.cpp.o[0m
[11.199s] [ 54%] [32m[1mLinking C shared library libaltair_interfaces__rosidl_typesupport_introspection_c.so[0m
[11.319s] [ 55%] [32mBuilding CXX object CMakeFiles/altair_interfaces__rosidl_typesupport_cpp.dir/rosidl_typesupport_cpp/altair_interfaces/srv/trigger_control__type_support.cpp.o[0m
[11.335s] [ 55%] Built target altair_interfaces__rosidl_typesupport_introspection_c
[11.371s] [ 56%] [32mBuilding CXX object CMakeFiles/altair_interfaces__rosidl_typesupport_fastrtps_c.dir/rosidl_typesupport_fastrtps_c/altair_interfaces/msg/detail/servo_command__type_support_c.cpp.o[0m
[11.442s] [ 57%] [32mBuilding CXX object CMakeFiles/altair_interfaces__rosidl_typesupport_cpp.dir/rosidl_typesupport_cpp/altair_interfaces/srv/get_available_ports__type_support.cpp.o[0m
[11.497s] [ 58%] [32mBuilding CXX object CMakeFiles/altair_interfaces__rosidl_typesupport_fastrtps_cpp.dir/rosidl_typesupport_fastrtps_cpp/altair_interfaces/msg/detail/dds_fastrtps/servo_command__type_support.cpp.o[0m
[11.539s] [ 59%] [32mBuilding CXX object CMakeFiles/altair_interfaces__rosidl_typesupport_introspection_cpp.dir/rosidl_typesupport_introspection_cpp/altair_interfaces/msg/detail/mdd_command__type_support.cpp.o[0m
[12.016s] [ 60%] [32mBuilding CXX object CMakeFiles/altair_interfaces__rosidl_typesupport_fastrtps_c.dir/rosidl_typesupport_fastrtps_c/altair_interfaces/msg/detail/solenoid_command__type_support_c.cpp.o[0m
[12.081s] [ 61%] [32mBuilding CXX object CMakeFiles/altair_interfaces__rosidl_typesupport_fastrtps_c.dir/rosidl_typesupport_fastrtps_c/altair_interfaces/srv/detail/trigger_control__type_support_c.cpp.o[0m
[12.171s] [ 62%] [32mBuilding CXX object CMakeFiles/altair_interfaces__rosidl_typesupport_fastrtps_cpp.dir/rosidl_typesupport_fastrtps_cpp/altair_interfaces/msg/detail/dds_fastrtps/solenoid_command__type_support.cpp.o[0m
[12.183s] [ 63%] [32mBuilding CXX object CMakeFiles/altair_interfaces__rosidl_typesupport_fastrtps_c.dir/rosidl_typesupport_fastrtps_c/altair_interfaces/srv/detail/get_available_ports__type_support_c.cpp.o[0m
[12.632s] [ 64%] [32mBuilding CXX object CMakeFiles/altair_interfaces__rosidl_typesupport_cpp.dir/rosidl_typesupport_cpp/altair_interfaces/srv/connect_can__type_support.cpp.o[0m
[12.935s] [ 65%] [32mBuilding CXX object CMakeFiles/altair_interfaces__rosidl_typesupport_introspection_cpp.dir/rosidl_typesupport_introspection_cpp/altair_interfaces/msg/detail/servo_command__type_support.cpp.o[0m
[12.982s] [ 66%] [32mBuilding CXX object CMakeFiles/altair_interfaces__rosidl_typesupport_fastrtps_c.dir/rosidl_typesupport_fastrtps_c/altair_interfaces/srv/detail/connect_can__type_support_c.cpp.o[0m
[13.310s] [ 67%] [32mBuilding CXX object CMakeFiles/altair_interfaces__rosidl_typesupport_fastrtps_cpp.dir/rosidl_typesupport_fastrtps_cpp/altair_interfaces/srv/detail/dds_fastrtps/trigger_control__type_support.cpp.o[0m
[13.624s] [ 68%] [32mBuilding CXX object CMakeFiles/altair_interfaces__rosidl_typesupport_fastrtps_cpp.dir/rosidl_typesupport_fastrtps_cpp/altair_interfaces/srv/detail/dds_fastrtps/get_available_ports__type_support.cpp.o[0m
[13.649s] [ 69%] [32mBuilding CXX object CMakeFiles/altair_interfaces__rosidl_typesupport_fastrtps_cpp.dir/rosidl_typesupport_fastrtps_cpp/altair_interfaces/srv/detail/dds_fastrtps/connect_can__type_support.cpp.o[0m
[13.751s] [ 70%] [32mBuilding CXX object CMakeFiles/altair_interfaces__rosidl_typesupport_cpp.dir/rosidl_typesupport_cpp/altair_interfaces/srv/start_behavior__type_support.cpp.o[0m
[14.188s] [ 71%] [32mBuilding CXX object CMakeFiles/altair_interfaces__rosidl_typesupport_fastrtps_cpp.dir/rosidl_typesupport_fastrtps_cpp/altair_interfaces/srv/detail/dds_fastrtps/start_behavior__type_support.cpp.o[0m
[14.364s] [ 72%] [32mBuilding CXX object CMakeFiles/altair_interfaces__rosidl_typesupport_introspection_cpp.dir/rosidl_typesupport_introspection_cpp/altair_interfaces/msg/detail/solenoid_command__type_support.cpp.o[0m
[14.449s] [ 73%] [32mBuilding CXX object CMakeFiles/altair_interfaces__rosidl_typesupport_fastrtps_c.dir/rosidl_typesupport_fastrtps_c/altair_interfaces/srv/detail/start_behavior__type_support_c.cpp.o[0m
[14.576s] [ 75%] [32mBuilding CXX object CMakeFiles/altair_interfaces__rosidl_typesupport_introspection_cpp.dir/rosidl_typesupport_introspection_cpp/altair_interfaces/srv/detail/trigger_control__type_support.cpp.o[0m
[14.652s] [ 76%] [32mBuilding CXX object CMakeFiles/altair_interfaces__rosidl_typesupport_introspection_cpp.dir/rosidl_typesupport_introspection_cpp/altair_interfaces/srv/detail/get_available_ports__type_support.cpp.o[0m
[14.665s] [ 77%] [32m[1mLinking CXX shared library libaltair_interfaces__rosidl_typesupport_cpp.so[0m
[14.824s] [ 77%] Built target altair_interfaces__rosidl_typesupport_cpp
[14.856s] [ 78%] [32mBuilding CXX object CMakeFiles/altair_interfaces__rosidl_typesupport_introspection_cpp.dir/rosidl_typesupport_introspection_cpp/altair_interfaces/srv/detail/connect_can__type_support.cpp.o[0m
[15.540s] [ 79%] [32mBuilding CXX object CMakeFiles/altair_interfaces__rosidl_typesupport_introspection_cpp.dir/rosidl_typesupport_introspection_cpp/altair_interfaces/srv/detail/start_behavior__type_support.cpp.o[0m
[15.800s] [ 80%] [32m[1mLinking CXX shared library libaltair_interfaces__rosidl_typesupport_fastrtps_c.so[0m
[16.083s] [ 81%] [32m[1mLinking CXX shared library libaltair_interfaces__rosidl_typesupport_fastrtps_cpp.so[0m
[16.155s] [ 81%] Built target altair_interfaces__rosidl_typesupport_fastrtps_c
[16.345s] [ 81%] Built target altair_interfaces__rosidl_typesupport_fastrtps_cpp
[16.672s] [ 82%] [32m[1mLinking CXX shared library libaltair_interfaces__rosidl_typesupport_introspection_cpp.so[0m
[16.827s] [ 82%] Built target altair_interfaces__rosidl_typesupport_introspection_cpp
[16.842s] [ 82%] Built target altair_interfaces
[16.862s] [ 83%] [34m[1mGenerating Python code for ROS interfaces[0m
[20.705s] [ 83%] Built target altair_interfaces__py
[20.724s] [ 84%] [32mBuilding C object CMakeFiles/altair_interfaces__rosidl_generator_py.dir/rosidl_generator_py/altair_interfaces/msg/_can_status_s.c.o[0m
[20.724s] [ 86%] [32mBuilding C object CMakeFiles/altair_interfaces__rosidl_generator_py.dir/rosidl_generator_py/altair_interfaces/msg/_mdd_feedback_s.c.o[0m
[20.725s] [ 86%] [32mBuilding C object CMakeFiles/altair_interfaces__rosidl_generator_py.dir/rosidl_generator_py/altair_interfaces/msg/_mdd_command_s.c.o[0m
[20.725s] [ 87%] [32mBuilding C object CMakeFiles/altair_interfaces__rosidl_generator_py.dir/rosidl_generator_py/altair_interfaces/msg/_servo_command_s.c.o[0m
[20.731s] [ 88%] [32mBuilding C object CMakeFiles/altair_interfaces__rosidl_generator_py.dir/rosidl_generator_py/altair_interfaces/msg/_solenoid_command_s.c.o[0m
[20.761s] [ 89%] [32mBuilding C object CMakeFiles/altair_interfaces__rosidl_generator_py.dir/rosidl_generator_py/altair_interfaces/srv/_get_available_ports_s.c.o[0m
[20.761s] [ 90%] [32mBuilding C object CMakeFiles/altair_interfaces__rosidl_generator_py.dir/rosidl_generator_py/altair_interfaces/srv/_trigger_control_s.c.o[0m
[20.770s] [ 91%] [32mBuilding C object CMakeFiles/altair_interfaces__rosidl_generator_py.dir/rosidl_generator_py/altair_interfaces/srv/_connect_can_s.c.o[0m
[21.026s] [ 92%] [32mBuilding C object CMakeFiles/altair_interfaces__rosidl_generator_py.dir/rosidl_generator_py/altair_interfaces/srv/_start_behavior_s.c.o[0m
[21.278s] [ 93%] [32m[1mLinking C shared library rosidl_generator_py/altair_interfaces/libaltair_interfaces__rosidl_generator_py.so[0m
[21.335s] [ 93%] Built target altair_interfaces__rosidl_generator_py
[21.355s] [ 94%] [32mBuilding C object CMakeFiles/altair_interfaces__rosidl_typesupport_introspection_c__pyext.dir/rosidl_generator_py/altair_interfaces/_altair_interfaces_s.ep.rosidl_typesupport_introspection_c.c.o[0m
[21.356s] [ 95%] [32mBuilding C object CMakeFiles/altair_interfaces__rosidl_typesupport_fastrtps_c__pyext.dir/rosidl_generator_py/altair_interfaces/_altair_interfaces_s.ep.rosidl_typesupport_fastrtps_c.c.o[0m
[21.359s] [ 96%] [32mBuilding C object CMakeFiles/altair_interfaces__rosidl_typesupport_c__pyext.dir/rosidl_generator_py/altair_interfaces/_altair_interfaces_s.ep.rosidl_typesupport_c.c.o[0m
[21.652s] [ 97%] [32m[1mLinking C shared library rosidl_generator_py/altair_interfaces/altair_interfaces_s__rosidl_typesupport_c.cpython-310-x86_64-linux-gnu.so[0m
[21.682s] [ 98%] [32m[1mLinking C shared library rosidl_generator_py/altair_interfaces/altair_interfaces_s__rosidl_typesupport_introspection_c.cpython-310-x86_64-linux-gnu.so[0m
[21.691s] [100%] [32m[1mLinking C shared library rosidl_generator_py/altair_interfaces/altair_interfaces_s__rosidl_typesupport_fastrtps_c.cpython-310-x86_64-linux-gnu.so[0m
[21.708s] [100%] Built target altair_interfaces__rosidl_typesupport_c__pyext
[21.730s] [100%] Built target altair_interfaces__rosidl_typesupport_introspection_c__pyext
[21.748s] [100%] Built target altair_interfaces__rosidl_typesupport_fastrtps_c__pyext
[21.760s] Invoked command in '/home/altair/altair_framework/build/altair_interfaces' returned '0': CMAKE_PREFIX_PATH=/opt/ros/humble /usr/bin/cmake --build /home/altair/altair_framework/build/altair_interfaces -- -j8 -l8
[21.768s] Invoking command in '/home/altair/altair_framework/build/altair_interfaces': CMAKE_PREFIX_PATH=/opt/ros/humble /usr/bin/cmake --install /home/altair/altair_framework/build/altair_interfaces
[21.774s] -- Install configuration: ""
[21.774s] -- Execute custom install script
[21.775s] -- Symlinking: /home/altair/altair_framework/install/altair_interfaces/share/ament_index/resource_index/rosidl_interfaces/altair_interfaces
[21.785s] -- Symlinking: /home/altair/altair_framework/install/altair_interfaces/include/altair_interfaces/altair_interfaces/msg/can_status.h
[21.790s] -- Symlinking: /home/altair/altair_framework/install/altair_interfaces/include/altair_interfaces/altair_interfaces/msg/detail/can_status__functions.h
[21.797s] -- Symlinking: /home/altair/altair_framework/install/altair_interfaces/include/altair_interfaces/altair_interfaces/msg/detail/can_status__struct.h
[21.802s] -- Symlinking: /home/altair/altair_framework/install/altair_interfaces/include/altair_interfaces/altair_interfaces/msg/detail/can_status__type_support.h
[21.808s] -- Symlinking: /home/altair/altair_framework/install/altair_interfaces/include/altair_interfaces/altair_interfaces/msg/detail/mdd_command__functions.h
[21.815s] -- Symlinking: /home/altair/altair_framework/install/altair_interfaces/include/altair_interfaces/altair_interfaces/msg/detail/mdd_command__struct.h
[21.820s] -- Symlinking: /home/altair/altair_framework/install/altair_interfaces/include/altair_interfaces/altair_interfaces/msg/detail/mdd_command__type_support.h
[21.828s] -- Symlinking: /home/altair/altair_framework/install/altair_interfaces/include/altair_interfaces/altair_interfaces/msg/detail/mdd_feedback__functions.h
[21.833s] -- Symlinking: /home/altair/altair_framework/install/altair_interfaces/include/altair_interfaces/altair_interfaces/msg/detail/mdd_feedback__struct.h
[21.837s] -- Symlinking: /home/altair/altair_framework/install/altair_interfaces/include/altair_interfaces/altair_interfaces/msg/detail/mdd_feedback__type_support.h
[21.843s] -- Symlinking: /home/altair/altair_framework/install/altair_interfaces/include/altair_interfaces/altair_interfaces/msg/detail/servo_command__functions.h
[21.849s] -- Symlinking: /home/altair/altair_framework/install/altair_interfaces/include/altair_interfaces/altair_interfaces/msg/detail/servo_command__struct.h
[21.855s] -- Symlinking: /home/altair/altair_framework/install/altair_interfaces/include/altair_interfaces/altair_interfaces/msg/detail/servo_command__type_support.h
[21.860s] -- Symlinking: /home/altair/altair_framework/install/altair_interfaces/include/altair_interfaces/altair_interfaces/msg/detail/solenoid_command__functions.h
[21.865s] -- Symlinking: /home/altair/altair_framework/install/altair_interfaces/include/altair_interfaces/altair_interfaces/msg/detail/solenoid_command__struct.h
[21.871s] -- Symlinking: /home/altair/altair_framework/install/altair_interfaces/include/altair_interfaces/altair_interfaces/msg/detail/solenoid_command__type_support.h
[21.877s] -- Symlinking: /home/altair/altair_framework/install/altair_interfaces/include/altair_interfaces/altair_interfaces/msg/mdd_command.h
[21.883s] -- Symlinking: /home/altair/altair_framework/install/altair_interfaces/include/altair_interfaces/altair_interfaces/msg/mdd_feedback.h
[21.887s] -- Symlinking: /home/altair/altair_framework/install/altair_interfaces/include/altair_interfaces/altair_interfaces/msg/rosidl_generator_c__visibility_control.h
[21.894s] -- Symlinking: /home/altair/altair_framework/install/altair_interfaces/include/altair_interfaces/altair_interfaces/msg/servo_command.h
[21.901s] -- Symlinking: /home/altair/altair_framework/install/altair_interfaces/include/altair_interfaces/altair_interfaces/msg/solenoid_command.h
[21.907s] -- Symlinking: /home/altair/altair_framework/install/altair_interfaces/include/altair_interfaces/altair_interfaces/srv/connect_can.h
[21.912s] -- Symlinking: /home/altair/altair_framework/install/altair_interfaces/include/altair_interfaces/altair_interfaces/srv/detail/connect_can__functions.h
[21.921s] -- Symlinking: /home/altair/altair_framework/install/altair_interfaces/include/altair_interfaces/altair_interfaces/srv/detail/connect_can__struct.h
[21.924s] -- Symlinking: /home/altair/altair_framework/install/altair_interfaces/include/altair_interfaces/altair_interfaces/srv/detail/connect_can__type_support.h
[21.930s] -- Symlinking: /home/altair/altair_framework/install/altair_interfaces/include/altair_interfaces/altair_interfaces/srv/detail/get_available_ports__functions.h
[21.936s] -- Symlinking: /home/altair/altair_framework/install/altair_interfaces/include/altair_interfaces/altair_interfaces/srv/detail/get_available_ports__struct.h
[21.941s] -- Symlinking: /home/altair/altair_framework/install/altair_interfaces/include/altair_interfaces/altair_interfaces/srv/detail/get_available_ports__type_support.h
[21.948s] -- Symlinking: /home/altair/altair_framework/install/altair_interfaces/include/altair_interfaces/altair_interfaces/srv/detail/start_behavior__functions.h
[21.954s] -- Symlinking: /home/altair/altair_framework/install/altair_interfaces/include/altair_interfaces/altair_interfaces/srv/detail/start_behavior__struct.h
[21.959s] -- Symlinking: /home/altair/altair_framework/install/altair_interfaces/include/altair_interfaces/altair_interfaces/srv/detail/start_behavior__type_support.h
[21.967s] -- Symlinking: /home/altair/altair_framework/install/altair_interfaces/include/altair_interfaces/altair_interfaces/srv/detail/trigger_control__functions.h
[21.972s] -- Symlinking: /home/altair/altair_framework/install/altair_interfaces/include/altair_interfaces/altair_interfaces/srv/detail/trigger_control__struct.h
[21.979s] -- Symlinking: /home/altair/altair_framework/install/altair_interfaces/include/altair_interfaces/altair_interfaces/srv/detail/trigger_control__type_support.h
[21.984s] -- Symlinking: /home/altair/altair_framework/install/altair_interfaces/include/altair_interfaces/altair_interfaces/srv/get_available_ports.h
[21.990s] -- Symlinking: /home/altair/altair_framework/install/altair_interfaces/include/altair_interfaces/altair_interfaces/srv/start_behavior.h
[21.998s] -- Symlinking: /home/altair/altair_framework/install/altair_interfaces/include/altair_interfaces/altair_interfaces/srv/trigger_control.h
[22.004s] -- Symlinking: /home/altair/altair_framework/install/altair_interfaces/share/altair_interfaces/environment/library_path.sh
[22.012s] -- Symlinking: /home/altair/altair_framework/install/altair_interfaces/share/altair_interfaces/environment/library_path.dsv
[22.018s] -- Symlinking: /home/altair/altair_framework/install/altair_interfaces/include/altair_interfaces/altair_interfaces/msg/detail/can_status__rosidl_typesupport_fastrtps_c.h
[22.023s] -- Symlinking: /home/altair/altair_framework/install/altair_interfaces/include/altair_interfaces/altair_interfaces/msg/detail/mdd_command__rosidl_typesupport_fastrtps_c.h
[22.030s] -- Symlinking: /home/altair/altair_framework/install/altair_interfaces/include/altair_interfaces/altair_interfaces/msg/detail/mdd_feedback__rosidl_typesupport_fastrtps_c.h
[22.034s] -- Symlinking: /home/altair/altair_framework/install/altair_interfaces/include/altair_interfaces/altair_interfaces/msg/detail/servo_command__rosidl_typesupport_fastrtps_c.h
[22.040s] -- Symlinking: /home/altair/altair_framework/install/altair_interfaces/include/altair_interfaces/altair_interfaces/msg/detail/solenoid_command__rosidl_typesupport_fastrtps_c.h
[22.050s] -- Symlinking: /home/altair/altair_framework/install/altair_interfaces/include/altair_interfaces/altair_interfaces/msg/rosidl_typesupport_fastrtps_c__visibility_control.h
[22.052s] -- Symlinking: /home/altair/altair_framework/install/altair_interfaces/include/altair_interfaces/altair_interfaces/srv/detail/connect_can__rosidl_typesupport_fastrtps_c.h
[22.058s] -- Symlinking: /home/altair/altair_framework/install/altair_interfaces/include/altair_interfaces/altair_interfaces/srv/detail/get_available_ports__rosidl_typesupport_fastrtps_c.h
[22.065s] -- Symlinking: /home/altair/altair_framework/install/altair_interfaces/include/altair_interfaces/altair_interfaces/srv/detail/start_behavior__rosidl_typesupport_fastrtps_c.h
[22.070s] -- Symlinking: /home/altair/altair_framework/install/altair_interfaces/include/altair_interfaces/altair_interfaces/srv/detail/trigger_control__rosidl_typesupport_fastrtps_c.h
[22.076s] -- Symlinking: /home/altair/altair_framework/install/altair_interfaces/include/altair_interfaces/altair_interfaces/msg/detail/can_status__rosidl_typesupport_introspection_c.h
[22.082s] -- Symlinking: /home/altair/altair_framework/install/altair_interfaces/include/altair_interfaces/altair_interfaces/msg/detail/mdd_command__rosidl_typesupport_introspection_c.h
[22.087s] -- Symlinking: /home/altair/altair_framework/install/altair_interfaces/include/altair_interfaces/altair_interfaces/msg/detail/mdd_feedback__rosidl_typesupport_introspection_c.h
[22.092s] -- Symlinking: /home/altair/altair_framework/install/altair_interfaces/include/altair_interfaces/altair_interfaces/msg/detail/servo_command__rosidl_typesupport_introspection_c.h
[22.098s] -- Symlinking: /home/altair/altair_framework/install/altair_interfaces/include/altair_interfaces/altair_interfaces/msg/detail/solenoid_command__rosidl_typesupport_introspection_c.h
[22.104s] -- Symlinking: /home/altair/altair_framework/install/altair_interfaces/include/altair_interfaces/altair_interfaces/msg/rosidl_typesupport_introspection_c__visibility_control.h
[22.109s] -- Symlinking: /home/altair/altair_framework/install/altair_interfaces/include/altair_interfaces/altair_interfaces/srv/detail/connect_can__rosidl_typesupport_introspection_c.h
[22.115s] -- Symlinking: /home/altair/altair_framework/install/altair_interfaces/include/altair_interfaces/altair_interfaces/srv/detail/get_available_ports__rosidl_typesupport_introspection_c.h
[22.120s] -- Symlinking: /home/altair/altair_framework/install/altair_interfaces/include/altair_interfaces/altair_interfaces/srv/detail/start_behavior__rosidl_typesupport_introspection_c.h
[22.128s] -- Symlinking: /home/altair/altair_framework/install/altair_interfaces/include/altair_interfaces/altair_interfaces/srv/detail/trigger_control__rosidl_typesupport_introspection_c.h
[22.137s] -- Symlinking: /home/altair/altair_framework/install/altair_interfaces/include/altair_interfaces/altair_interfaces/msg/can_status.hpp
[22.140s] -- Symlinking: /home/altair/altair_framework/install/altair_interfaces/include/altair_interfaces/altair_interfaces/msg/detail/can_status__builder.hpp
[22.146s] -- Symlinking: /home/altair/altair_framework/install/altair_interfaces/include/altair_interfaces/altair_interfaces/msg/detail/can_status__struct.hpp
[22.152s] -- Symlinking: /home/altair/altair_framework/install/altair_interfaces/include/altair_interfaces/altair_interfaces/msg/detail/can_status__traits.hpp
[22.160s] -- Symlinking: /home/altair/altair_framework/install/altair_interfaces/include/altair_interfaces/altair_interfaces/msg/detail/can_status__type_support.hpp
[22.165s] -- Symlinking: /home/altair/altair_framework/install/altair_interfaces/include/altair_interfaces/altair_interfaces/msg/detail/mdd_command__builder.hpp
[22.170s] -- Symlinking: /home/altair/altair_framework/install/altair_interfaces/include/altair_interfaces/altair_interfaces/msg/detail/mdd_command__struct.hpp
[22.176s] -- Symlinking: /home/altair/altair_framework/install/altair_interfaces/include/altair_interfaces/altair_interfaces/msg/detail/mdd_command__traits.hpp
[22.182s] -- Symlinking: /home/altair/altair_framework/install/altair_interfaces/include/altair_interfaces/altair_interfaces/msg/detail/mdd_command__type_support.hpp
[22.188s] -- Symlinking: /home/altair/altair_framework/install/altair_interfaces/include/altair_interfaces/altair_interfaces/msg/detail/mdd_feedback__builder.hpp
[22.195s] -- Symlinking: /home/altair/altair_framework/install/altair_interfaces/include/altair_interfaces/altair_interfaces/msg/detail/mdd_feedback__struct.hpp
[22.199s] -- Symlinking: /home/altair/altair_framework/install/altair_interfaces/include/altair_interfaces/altair_interfaces/msg/detail/mdd_feedback__traits.hpp
[22.205s] -- Symlinking: /home/altair/altair_framework/install/altair_interfaces/include/altair_interfaces/altair_interfaces/msg/detail/mdd_feedback__type_support.hpp
[22.210s] -- Symlinking: /home/altair/altair_framework/install/altair_interfaces/include/altair_interfaces/altair_interfaces/msg/detail/servo_command__builder.hpp
[22.218s] -- Symlinking: /home/altair/altair_framework/install/altair_interfaces/include/altair_interfaces/altair_interfaces/msg/detail/servo_command__struct.hpp
[22.224s] -- Symlinking: /home/altair/altair_framework/install/altair_interfaces/include/altair_interfaces/altair_interfaces/msg/detail/servo_command__traits.hpp
[22.231s] -- Symlinking: /home/altair/altair_framework/install/altair_interfaces/include/altair_interfaces/altair_interfaces/msg/detail/servo_command__type_support.hpp
[22.235s] -- Symlinking: /home/altair/altair_framework/install/altair_interfaces/include/altair_interfaces/altair_interfaces/msg/detail/solenoid_command__builder.hpp
[22.241s] -- Symlinking: /home/altair/altair_framework/install/altair_interfaces/include/altair_interfaces/altair_interfaces/msg/detail/solenoid_command__struct.hpp
[22.247s] -- Symlinking: /home/altair/altair_framework/install/altair_interfaces/include/altair_interfaces/altair_interfaces/msg/detail/solenoid_command__traits.hpp
[22.253s] -- Symlinking: /home/altair/altair_framework/install/altair_interfaces/include/altair_interfaces/altair_interfaces/msg/detail/solenoid_command__type_support.hpp
[22.259s] -- Symlinking: /home/altair/altair_framework/install/altair_interfaces/include/altair_interfaces/altair_interfaces/msg/mdd_command.hpp
[22.265s] -- Symlinking: /home/altair/altair_framework/install/altair_interfaces/include/altair_interfaces/altair_interfaces/msg/mdd_feedback.hpp
[22.272s] -- Symlinking: /home/altair/altair_framework/install/altair_interfaces/include/altair_interfaces/altair_interfaces/msg/rosidl_generator_cpp__visibility_control.hpp
[22.277s] -- Symlinking: /home/altair/altair_framework/install/altair_interfaces/include/altair_interfaces/altair_interfaces/msg/servo_command.hpp
[22.285s] -- Symlinking: /home/altair/altair_framework/install/altair_interfaces/include/altair_interfaces/altair_interfaces/msg/solenoid_command.hpp
[22.288s] -- Symlinking: /home/altair/altair_framework/install/altair_interfaces/include/altair_interfaces/altair_interfaces/srv/connect_can.hpp
[22.295s] -- Symlinking: /home/altair/altair_framework/install/altair_interfaces/include/altair_interfaces/altair_interfaces/srv/detail/connect_can__builder.hpp
[22.301s] -- Symlinking: /home/altair/altair_framework/install/altair_interfaces/include/altair_interfaces/altair_interfaces/srv/detail/connect_can__struct.hpp
[22.306s] -- Symlinking: /home/altair/altair_framework/install/altair_interfaces/include/altair_interfaces/altair_interfaces/srv/detail/connect_can__traits.hpp
[22.314s] -- Symlinking: /home/altair/altair_framework/install/altair_interfaces/include/altair_interfaces/altair_interfaces/srv/detail/connect_can__type_support.hpp
[22.322s] -- Symlinking: /home/altair/altair_framework/install/altair_interfaces/include/altair_interfaces/altair_interfaces/srv/detail/get_available_ports__builder.hpp
[22.329s] -- Symlinking: /home/altair/altair_framework/install/altair_interfaces/include/altair_interfaces/altair_interfaces/srv/detail/get_available_ports__struct.hpp
[22.334s] -- Symlinking: /home/altair/altair_framework/install/altair_interfaces/include/altair_interfaces/altair_interfaces/srv/detail/get_available_ports__traits.hpp
[22.340s] -- Symlinking: /home/altair/altair_framework/install/altair_interfaces/include/altair_interfaces/altair_interfaces/srv/detail/get_available_ports__type_support.hpp
[22.348s] -- Symlinking: /home/altair/altair_framework/install/altair_interfaces/include/altair_interfaces/altair_interfaces/srv/detail/start_behavior__builder.hpp
[22.354s] -- Symlinking: /home/altair/altair_framework/install/altair_interfaces/include/altair_interfaces/altair_interfaces/srv/detail/start_behavior__struct.hpp
[22.361s] -- Symlinking: /home/altair/altair_framework/install/altair_interfaces/include/altair_interfaces/altair_interfaces/srv/detail/start_behavior__traits.hpp
[22.368s] -- Symlinking: /home/altair/altair_framework/install/altair_interfaces/include/altair_interfaces/altair_interfaces/srv/detail/start_behavior__type_support.hpp
[22.374s] -- Symlinking: /home/altair/altair_framework/install/altair_interfaces/include/altair_interfaces/altair_interfaces/srv/detail/trigger_control__builder.hpp
[22.380s] -- Symlinking: /home/altair/altair_framework/install/altair_interfaces/include/altair_interfaces/altair_interfaces/srv/detail/trigger_control__struct.hpp
[22.385s] -- Symlinking: /home/altair/altair_framework/install/altair_interfaces/include/altair_interfaces/altair_interfaces/srv/detail/trigger_control__traits.hpp
[22.395s] -- Symlinking: /home/altair/altair_framework/install/altair_interfaces/include/altair_interfaces/altair_interfaces/srv/detail/trigger_control__type_support.hpp
[22.400s] -- Symlinking: /home/altair/altair_framework/install/altair_interfaces/include/altair_interfaces/altair_interfaces/srv/get_available_ports.hpp
[22.408s] -- Symlinking: /home/altair/altair_framework/install/altair_interfaces/include/altair_interfaces/altair_interfaces/srv/start_behavior.hpp
[22.414s] -- Symlinking: /home/altair/altair_framework/install/altair_interfaces/include/altair_interfaces/altair_interfaces/srv/trigger_control.hpp
[22.422s] -- Symlinking: /home/altair/altair_framework/install/altair_interfaces/include/altair_interfaces/altair_interfaces/msg/detail/can_status__rosidl_typesupport_fastrtps_cpp.hpp
[22.427s] -- Symlinking: /home/altair/altair_framework/install/altair_interfaces/include/altair_interfaces/altair_interfaces/msg/detail/mdd_command__rosidl_typesupport_fastrtps_cpp.hpp
[22.434s] -- Symlinking: /home/altair/altair_framework/install/altair_interfaces/include/altair_interfaces/altair_interfaces/msg/detail/mdd_feedback__rosidl_typesupport_fastrtps_cpp.hpp
[22.441s] -- Symlinking: /home/altair/altair_framework/install/altair_interfaces/include/altair_interfaces/altair_interfaces/msg/detail/servo_command__rosidl_typesupport_fastrtps_cpp.hpp
[22.449s] -- Symlinking: /home/altair/altair_framework/install/altair_interfaces/include/altair_interfaces/altair_interfaces/msg/detail/solenoid_command__rosidl_typesupport_fastrtps_cpp.hpp
[22.456s] -- Symlinking: /home/altair/altair_framework/install/altair_interfaces/include/altair_interfaces/altair_interfaces/msg/rosidl_typesupport_fastrtps_cpp__visibility_control.h
[22.465s] -- Symlinking: /home/altair/altair_framework/install/altair_interfaces/include/altair_interfaces/altair_interfaces/srv/detail/connect_can__rosidl_typesupport_fastrtps_cpp.hpp
[22.468s] -- Symlinking: /home/altair/altair_framework/install/altair_interfaces/include/altair_interfaces/altair_interfaces/srv/detail/get_available_ports__rosidl_typesupport_fastrtps_cpp.hpp
[22.474s] -- Symlinking: /home/altair/altair_framework/install/altair_interfaces/include/altair_interfaces/altair_interfaces/srv/detail/start_behavior__rosidl_typesupport_fastrtps_cpp.hpp
[22.481s] -- Symlinking: /home/altair/altair_framework/install/altair_interfaces/include/altair_interfaces/altair_interfaces/srv/detail/trigger_control__rosidl_typesupport_fastrtps_cpp.hpp
[22.491s] -- Symlinking: /home/altair/altair_framework/install/altair_interfaces/include/altair_interfaces/altair_interfaces/msg/detail/can_status__rosidl_typesupport_introspection_cpp.hpp
[22.498s] -- Symlinking: /home/altair/altair_framework/install/altair_interfaces/include/altair_interfaces/altair_interfaces/msg/detail/mdd_command__rosidl_typesupport_introspection_cpp.hpp
[22.505s] -- Symlinking: /home/altair/altair_framework/install/altair_interfaces/include/altair_interfaces/altair_interfaces/msg/detail/mdd_feedback__rosidl_typesupport_introspection_cpp.hpp
[22.513s] -- Symlinking: /home/altair/altair_framework/install/altair_interfaces/include/altair_interfaces/altair_interfaces/msg/detail/servo_command__rosidl_typesupport_introspection_cpp.hpp
[22.522s] -- Symlinking: /home/altair/altair_framework/install/altair_interfaces/include/altair_interfaces/altair_interfaces/msg/detail/solenoid_command__rosidl_typesupport_introspection_cpp.hpp
[22.528s] -- Symlinking: /home/altair/altair_framework/install/altair_interfaces/include/altair_interfaces/altair_interfaces/srv/detail/connect_can__rosidl_typesupport_introspection_cpp.hpp
[22.531s] -- Symlinking: /home/altair/altair_framework/install/altair_interfaces/include/altair_interfaces/altair_interfaces/srv/detail/get_available_ports__rosidl_typesupport_introspection_cpp.hpp
[22.540s] -- Symlinking: /home/altair/altair_framework/install/altair_interfaces/include/altair_interfaces/altair_interfaces/srv/detail/start_behavior__rosidl_typesupport_introspection_cpp.hpp
[22.544s] -- Symlinking: /home/altair/altair_framework/install/altair_interfaces/include/altair_interfaces/altair_interfaces/srv/detail/trigger_control__rosidl_typesupport_introspection_cpp.hpp
[22.550s] -- Symlinking: /home/altair/altair_framework/install/altair_interfaces/share/altair_interfaces/environment/pythonpath.sh
[22.558s] -- Symlinking: /home/altair/altair_framework/install/altair_interfaces/share/altair_interfaces/environment/pythonpath.dsv
[22.566s] -- Symlinking: /home/altair/altair_framework/install/altair_interfaces/local/lib/python3.10/dist-packages/altair_interfaces-1.0.0-py3.10.egg-info/PKG-INFO
[22.571s] -- Symlinking: /home/altair/altair_framework/install/altair_interfaces/local/lib/python3.10/dist-packages/altair_interfaces-1.0.0-py3.10.egg-info/SOURCES.txt
[22.578s] -- Symlinking: /home/altair/altair_framework/install/altair_interfaces/local/lib/python3.10/dist-packages/altair_interfaces-1.0.0-py3.10.egg-info/dependency_links.txt
[22.586s] -- Symlinking: /home/altair/altair_framework/install/altair_interfaces/local/lib/python3.10/dist-packages/altair_interfaces-1.0.0-py3.10.egg-info/top_level.txt
[22.595s] -- Symlinking: /home/altair/altair_framework/install/altair_interfaces/local/lib/python3.10/dist-packages/altair_interfaces/__init__.py
[22.601s] -- Symlinking: /home/altair/altair_framework/install/altair_interfaces/local/lib/python3.10/dist-packages/altair_interfaces/_altair_interfaces_s.ep.rosidl_typesupport_c.c
[22.611s] -- Symlinking: /home/altair/altair_framework/install/altair_interfaces/local/lib/python3.10/dist-packages/altair_interfaces/_altair_interfaces_s.ep.rosidl_typesupport_fastrtps_c.c
[22.617s] -- Symlinking: /home/altair/altair_framework/install/altair_interfaces/local/lib/python3.10/dist-packages/altair_interfaces/_altair_interfaces_s.ep.rosidl_typesupport_introspection_c.c
[22.622s] -- Symlinking: /home/altair/altair_framework/install/altair_interfaces/local/lib/python3.10/dist-packages/altair_interfaces/altair_interfaces_s__rosidl_typesupport_c.cpython-310-x86_64-linux-gnu.so
[22.628s] -- Symlinking: /home/altair/altair_framework/install/altair_interfaces/local/lib/python3.10/dist-packages/altair_interfaces/altair_interfaces_s__rosidl_typesupport_fastrtps_c.cpython-310-x86_64-linux-gnu.so
[22.635s] -- Symlinking: /home/altair/altair_framework/install/altair_interfaces/local/lib/python3.10/dist-packages/altair_interfaces/altair_interfaces_s__rosidl_typesupport_introspection_c.cpython-310-x86_64-linux-gnu.so
[22.642s] -- Symlinking: /home/altair/altair_framework/install/altair_interfaces/local/lib/python3.10/dist-packages/altair_interfaces/libaltair_interfaces__rosidl_generator_py.so
[22.649s] -- Symlinking: /home/altair/altair_framework/install/altair_interfaces/local/lib/python3.10/dist-packages/altair_interfaces/msg/__init__.py
[22.656s] -- Symlinking: /home/altair/altair_framework/install/altair_interfaces/local/lib/python3.10/dist-packages/altair_interfaces/msg/_can_status.py
[22.662s] -- Symlinking: /home/altair/altair_framework/install/altair_interfaces/local/lib/python3.10/dist-packages/altair_interfaces/msg/_can_status_s.c
[22.669s] -- Symlinking: /home/altair/altair_framework/install/altair_interfaces/local/lib/python3.10/dist-packages/altair_interfaces/msg/_mdd_command.py
[22.678s] -- Symlinking: /home/altair/altair_framework/install/altair_interfaces/local/lib/python3.10/dist-packages/altair_interfaces/msg/_mdd_command_s.c
[22.682s] -- Symlinking: /home/altair/altair_framework/install/altair_interfaces/local/lib/python3.10/dist-packages/altair_interfaces/msg/_mdd_feedback.py
[22.691s] -- Symlinking: /home/altair/altair_framework/install/altair_interfaces/local/lib/python3.10/dist-packages/altair_interfaces/msg/_mdd_feedback_s.c
[22.695s] -- Symlinking: /home/altair/altair_framework/install/altair_interfaces/local/lib/python3.10/dist-packages/altair_interfaces/msg/_servo_command.py
[22.702s] -- Symlinking: /home/altair/altair_framework/install/altair_interfaces/local/lib/python3.10/dist-packages/altair_interfaces/msg/_servo_command_s.c
[22.709s] -- Symlinking: /home/altair/altair_framework/install/altair_interfaces/local/lib/python3.10/dist-packages/altair_interfaces/msg/_solenoid_command.py
[22.716s] -- Symlinking: /home/altair/altair_framework/install/altair_interfaces/local/lib/python3.10/dist-packages/altair_interfaces/msg/_solenoid_command_s.c
[22.720s] -- Symlinking: /home/altair/altair_framework/install/altair_interfaces/local/lib/python3.10/dist-packages/altair_interfaces/srv/__init__.py
[22.727s] -- Symlinking: /home/altair/altair_framework/install/altair_interfaces/local/lib/python3.10/dist-packages/altair_interfaces/srv/_connect_can.py
[22.733s] -- Symlinking: /home/altair/altair_framework/install/altair_interfaces/local/lib/python3.10/dist-packages/altair_interfaces/srv/_connect_can_s.c
[22.738s] -- Symlinking: /home/altair/altair_framework/install/altair_interfaces/local/lib/python3.10/dist-packages/altair_interfaces/srv/_get_available_ports.py
[22.745s] -- Symlinking: /home/altair/altair_framework/install/altair_interfaces/local/lib/python3.10/dist-packages/altair_interfaces/srv/_get_available_ports_s.c
[22.751s] -- Symlinking: /home/altair/altair_framework/install/altair_interfaces/local/lib/python3.10/dist-packages/altair_interfaces/srv/_start_behavior.py
[22.756s] -- Symlinking: /home/altair/altair_framework/install/altair_interfaces/local/lib/python3.10/dist-packages/altair_interfaces/srv/_start_behavior_s.c
[22.762s] -- Symlinking: /home/altair/altair_framework/install/altair_interfaces/local/lib/python3.10/dist-packages/altair_interfaces/srv/_trigger_control.py
[22.767s] -- Symlinking: /home/altair/altair_framework/install/altair_interfaces/local/lib/python3.10/dist-packages/altair_interfaces/srv/_trigger_control_s.c
[22.773s] -- Up-to-date symlink: /home/altair/altair_framework/install/altair_interfaces/local/lib/python3.10/dist-packages/altair_interfaces/altair_interfaces_s__rosidl_typesupport_fastrtps_c.cpython-310-x86_64-linux-gnu.so
[22.774s] -- Up-to-date symlink: /home/altair/altair_framework/install/altair_interfaces/local/lib/python3.10/dist-packages/altair_interfaces/altair_interfaces_s__rosidl_typesupport_introspection_c.cpython-310-x86_64-linux-gnu.so
[22.775s] -- Up-to-date symlink: /home/altair/altair_framework/install/altair_interfaces/local/lib/python3.10/dist-packages/altair_interfaces/altair_interfaces_s__rosidl_typesupport_c.cpython-310-x86_64-linux-gnu.so
[22.775s] -- Symlinking: /home/altair/altair_framework/install/altair_interfaces/share/ament_index/resource_index/rust_packages/altair_interfaces
[22.784s] -- Symlinking: /home/altair/altair_framework/install/altair_interfaces/share/altair_interfaces/rust/Cargo.toml
[22.792s] -- Symlinking: /home/altair/altair_framework/install/altair_interfaces/share/altair_interfaces/rust/build.rs
[22.797s] -- Symlinking: /home/altair/altair_framework/install/altair_interfaces/share/altair_interfaces/rust/src/lib.rs
[22.806s] -- Symlinking: /home/altair/altair_framework/install/altair_interfaces/share/altair_interfaces/rust/src/msg.rs
[22.812s] -- Symlinking: /home/altair/altair_framework/install/altair_interfaces/share/altair_interfaces/rust/src/msg/rmw.rs
[22.817s] -- Symlinking: /home/altair/altair_framework/install/altair_interfaces/share/altair_interfaces/rust/src/srv.rs
[22.823s] -- Symlinking: /home/altair/altair_framework/install/altair_interfaces/share/altair_interfaces/rust/src/srv/rmw.rs
[22.831s] -- Symlinking: /home/altair/altair_framework/install/altair_interfaces/share/altair_interfaces/msg/CanStatus.idl
[22.834s] -- Symlinking: /home/altair/altair_framework/install/altair_interfaces/share/altair_interfaces/msg/MddFeedback.idl
[22.840s] -- Symlinking: /home/altair/altair_framework/install/altair_interfaces/share/altair_interfaces/msg/MddCommand.idl
[22.848s] -- Symlinking: /home/altair/altair_framework/install/altair_interfaces/share/altair_interfaces/msg/ServoCommand.idl
[22.855s] -- Symlinking: /home/altair/altair_framework/install/altair_interfaces/share/altair_interfaces/msg/SolenoidCommand.idl
[22.863s] -- Symlinking: /home/altair/altair_framework/install/altair_interfaces/share/altair_interfaces/srv/TriggerControl.idl
[22.867s] -- Symlinking: /home/altair/altair_framework/install/altair_interfaces/share/altair_interfaces/srv/GetAvailablePorts.idl
[22.872s] -- Symlinking: /home/altair/altair_framework/install/altair_interfaces/share/altair_interfaces/srv/ConnectCan.idl
[22.878s] -- Symlinking: /home/altair/altair_framework/install/altair_interfaces/share/altair_interfaces/srv/StartBehavior.idl
[22.886s] -- Symlinking: /home/altair/altair_framework/install/altair_interfaces/share/altair_interfaces/msg/CanStatus.msg
[22.893s] -- Symlinking: /home/altair/altair_framework/install/altair_interfaces/share/altair_interfaces/msg/MddFeedback.msg
[22.900s] -- Symlinking: /home/altair/altair_framework/install/altair_interfaces/share/altair_interfaces/msg/MddCommand.msg
[22.905s] -- Symlinking: /home/altair/altair_framework/install/altair_interfaces/share/altair_interfaces/msg/ServoCommand.msg
[22.913s] -- Symlinking: /home/altair/altair_framework/install/altair_interfaces/share/altair_interfaces/msg/SolenoidCommand.msg
[22.919s] -- Symlinking: /home/altair/altair_framework/install/altair_interfaces/share/altair_interfaces/srv/TriggerControl.srv
[22.926s] -- Symlinking: /home/altair/altair_framework/install/altair_interfaces/share/altair_interfaces/srv/TriggerControl_Request.msg
[22.933s] -- Symlinking: /home/altair/altair_framework/install/altair_interfaces/share/altair_interfaces/srv/TriggerControl_Response.msg
[22.937s] -- Symlinking: /home/altair/altair_framework/install/altair_interfaces/share/altair_interfaces/srv/GetAvailablePorts.srv
[22.944s] -- Symlinking: /home/altair/altair_framework/install/altair_interfaces/share/altair_interfaces/srv/GetAvailablePorts_Request.msg
[22.949s] -- Symlinking: /home/altair/altair_framework/install/altair_interfaces/share/altair_interfaces/srv/GetAvailablePorts_Response.msg
[22.954s] -- Symlinking: /home/altair/altair_framework/install/altair_interfaces/share/altair_interfaces/srv/ConnectCan.srv
[22.962s] -- Symlinking: /home/altair/altair_framework/install/altair_interfaces/share/altair_interfaces/srv/ConnectCan_Request.msg
[22.970s] -- Symlinking: /home/altair/altair_framework/install/altair_interfaces/share/altair_interfaces/srv/ConnectCan_Response.msg
[22.976s] -- Symlinking: /home/altair/altair_framework/install/altair_interfaces/share/altair_interfaces/srv/StartBehavior.srv
[22.982s] -- Symlinking: /home/altair/altair_framework/install/altair_interfaces/share/altair_interfaces/srv/StartBehavior_Request.msg
[22.987s] -- Symlinking: /home/altair/altair_framework/install/altair_interfaces/share/altair_interfaces/srv/StartBehavior_Response.msg
[22.995s] -- Symlinking: /home/altair/altair_framework/install/altair_interfaces/share/ament_index/resource_index/package_run_dependencies/altair_interfaces
[23.004s] -- Symlinking: /home/altair/altair_framework/install/altair_interfaces/share/ament_index/resource_index/parent_prefix_path/altair_interfaces
[23.009s] -- Symlinking: /home/altair/altair_framework/install/altair_interfaces/share/altair_interfaces/environment/ament_prefix_path.sh
[23.014s] -- Symlinking: /home/altair/altair_framework/install/altair_interfaces/share/altair_interfaces/environment/ament_prefix_path.dsv
[23.024s] -- Symlinking: /home/altair/altair_framework/install/altair_interfaces/share/altair_interfaces/environment/path.sh
[23.026s] -- Symlinking: /home/altair/altair_framework/install/altair_interfaces/share/altair_interfaces/environment/path.dsv
[23.034s] -- Symlinking: /home/altair/altair_framework/install/altair_interfaces/share/altair_interfaces/local_setup.bash
[23.042s] -- Symlinking: /home/altair/altair_framework/install/altair_interfaces/share/altair_interfaces/local_setup.sh
[23.050s] -- Symlinking: /home/altair/altair_framework/install/altair_interfaces/share/altair_interfaces/local_setup.zsh
[23.056s] -- Symlinking: /home/altair/altair_framework/install/altair_interfaces/share/altair_interfaces/local_setup.dsv
[23.063s] -- Symlinking: /home/altair/altair_framework/install/altair_interfaces/share/altair_interfaces/package.dsv
[23.068s] -- Symlinking: /home/altair/altair_framework/install/altair_interfaces/share/ament_index/resource_index/packages/altair_interfaces
[23.074s] -- Symlinking: /home/altair/altair_framework/install/altair_interfaces/share/altair_interfaces/cmake/rosidl_cmake-extras.cmake
[23.080s] -- Symlinking: /home/altair/altair_framework/install/altair_interfaces/share/altair_interfaces/cmake/ament_cmake_export_include_directories-extras.cmake
[23.086s] -- Symlinking: /home/altair/altair_framework/install/altair_interfaces/share/altair_interfaces/cmake/ament_cmake_export_libraries-extras.cmake
[23.093s] -- Symlinking: /home/altair/altair_framework/install/altair_interfaces/share/altair_interfaces/cmake/ament_cmake_export_targets-extras.cmake
[23.097s] -- Symlinking: /home/altair/altair_framework/install/altair_interfaces/share/altair_interfaces/cmake/rosidl_cmake_export_typesupport_targets-extras.cmake
[23.103s] -- Symlinking: /home/altair/altair_framework/install/altair_interfaces/share/altair_interfaces/cmake/ament_cmake_export_dependencies-extras.cmake
[23.111s] -- Symlinking: /home/altair/altair_framework/install/altair_interfaces/share/altair_interfaces/cmake/rosidl_cmake_export_typesupport_libraries-extras.cmake
[23.117s] -- Symlinking: /home/altair/altair_framework/install/altair_interfaces/share/altair_interfaces/cmake/altair_interfacesConfig.cmake
[23.124s] -- Symlinking: /home/altair/altair_framework/install/altair_interfaces/share/altair_interfaces/cmake/altair_interfacesConfig-version.cmake
[23.131s] -- Symlinking: /home/altair/altair_framework/install/altair_interfaces/share/altair_interfaces/package.xml
[23.137s] -- Installing: /home/altair/altair_framework/install/altair_interfaces/lib/libaltair_interfaces__rosidl_generator_c.so
[23.142s] -- Set runtime path of "/home/altair/altair_framework/install/altair_interfaces/lib/libaltair_interfaces__rosidl_generator_c.so" to ""
[23.143s] -- Installing: /home/altair/altair_framework/install/altair_interfaces/lib/libaltair_interfaces__rosidl_typesupport_fastrtps_c.so
[23.143s] -- Set runtime path of "/home/altair/altair_framework/install/altair_interfaces/lib/libaltair_interfaces__rosidl_typesupport_fastrtps_c.so" to ""
[23.143s] -- Installing: /home/altair/altair_framework/install/altair_interfaces/lib/libaltair_interfaces__rosidl_typesupport_introspection_c.so
[23.143s] -- Set runtime path of "/home/altair/altair_framework/install/altair_interfaces/lib/libaltair_interfaces__rosidl_typesupport_introspection_c.so" to ""
[23.143s] -- Installing: /home/altair/altair_framework/install/altair_interfaces/lib/libaltair_interfaces__rosidl_typesupport_c.so
[23.143s] -- Set runtime path of "/home/altair/altair_framework/install/altair_interfaces/lib/libaltair_interfaces__rosidl_typesupport_c.so" to ""
[23.144s] -- Installing: /home/altair/altair_framework/install/altair_interfaces/lib/libaltair_interfaces__rosidl_typesupport_fastrtps_cpp.so
[23.144s] -- Set runtime path of "/home/altair/altair_framework/install/altair_interfaces/lib/libaltair_interfaces__rosidl_typesupport_fastrtps_cpp.so" to ""
[23.145s] -- Installing: /home/altair/altair_framework/install/altair_interfaces/lib/libaltair_interfaces__rosidl_typesupport_introspection_cpp.so
[23.145s] -- Set runtime path of "/home/altair/altair_framework/install/altair_interfaces/lib/libaltair_interfaces__rosidl_typesupport_introspection_cpp.so" to ""
[23.146s] -- Installing: /home/altair/altair_framework/install/altair_interfaces/lib/libaltair_interfaces__rosidl_typesupport_cpp.so
[23.146s] -- Set runtime path of "/home/altair/altair_framework/install/altair_interfaces/lib/libaltair_interfaces__rosidl_typesupport_cpp.so" to ""
[23.250s] Listing '/home/altair/altair_framework/install/altair_interfaces/local/lib/python3.10/dist-packages/altair_interfaces'...
[23.250s] Compiling '/home/altair/altair_framework/install/altair_interfaces/local/lib/python3.10/dist-packages/altair_interfaces/__init__.py'...
[23.250s] Listing '/home/altair/altair_framework/install/altair_interfaces/local/lib/python3.10/dist-packages/altair_interfaces/msg'...
[23.250s] Compiling '/home/altair/altair_framework/install/altair_interfaces/local/lib/python3.10/dist-packages/altair_interfaces/msg/__init__.py'...
[23.250s] Compiling '/home/altair/altair_framework/install/altair_interfaces/local/lib/python3.10/dist-packages/altair_interfaces/msg/_can_status.py'...
[23.250s] Compiling '/home/altair/altair_framework/install/altair_interfaces/local/lib/python3.10/dist-packages/altair_interfaces/msg/_mdd_command.py'...
[23.250s] Compiling '/home/altair/altair_framework/install/altair_interfaces/local/lib/python3.10/dist-packages/altair_interfaces/msg/_mdd_feedback.py'...
[23.250s] Compiling '/home/altair/altair_framework/install/altair_interfaces/local/lib/python3.10/dist-packages/altair_interfaces/msg/_servo_command.py'...
[23.250s] Compiling '/home/altair/altair_framework/install/altair_interfaces/local/lib/python3.10/dist-packages/altair_interfaces/msg/_solenoid_command.py'...
[23.250s] Listing '/home/altair/altair_framework/install/altair_interfaces/local/lib/python3.10/dist-packages/altair_interfaces/srv'...
[23.250s] Compiling '/home/altair/altair_framework/install/altair_interfaces/local/lib/python3.10/dist-packages/altair_interfaces/srv/__init__.py'...
[23.251s] Compiling '/home/altair/altair_framework/install/altair_interfaces/local/lib/python3.10/dist-packages/altair_interfaces/srv/_connect_can.py'...
[23.251s] Compiling '/home/altair/altair_framework/install/altair_interfaces/local/lib/python3.10/dist-packages/altair_interfaces/srv/_get_available_ports.py'...
[23.251s] Compiling '/home/altair/altair_framework/install/altair_interfaces/local/lib/python3.10/dist-packages/altair_interfaces/srv/_start_behavior.py'...
[23.251s] Compiling '/home/altair/altair_framework/install/altair_interfaces/local/lib/python3.10/dist-packages/altair_interfaces/srv/_trigger_control.py'...
[23.257s] -- Installing: /home/altair/altair_framework/install/altair_interfaces/lib/libaltair_interfaces__rosidl_generator_py.so
[23.259s] -- Set runtime path of "/home/altair/altair_framework/install/altair_interfaces/lib/libaltair_interfaces__rosidl_generator_py.so" to ""
[23.259s] -- Installing: /home/altair/altair_framework/install/altair_interfaces/share/altair_interfaces/cmake/export_altair_interfaces__rosidl_generator_cExport.cmake
[23.260s] -- Installing: /home/altair/altair_framework/install/altair_interfaces/share/altair_interfaces/cmake/export_altair_interfaces__rosidl_generator_cExport-noconfig.cmake
[23.261s] -- Installing: /home/altair/altair_framework/install/altair_interfaces/share/altair_interfaces/cmake/export_altair_interfaces__rosidl_typesupport_fastrtps_cExport.cmake
[23.261s] -- Installing: /home/altair/altair_framework/install/altair_interfaces/share/altair_interfaces/cmake/export_altair_interfaces__rosidl_typesupport_fastrtps_cExport-noconfig.cmake
[23.261s] -- Installing: /home/altair/altair_framework/install/altair_interfaces/share/altair_interfaces/cmake/altair_interfaces__rosidl_typesupport_introspection_cExport.cmake
[23.261s] -- Installing: /home/altair/altair_framework/install/altair_interfaces/share/altair_interfaces/cmake/altair_interfaces__rosidl_typesupport_introspection_cExport-noconfig.cmake
[23.262s] -- Installing: /home/altair/altair_framework/install/altair_interfaces/share/altair_interfaces/cmake/altair_interfaces__rosidl_typesupport_cExport.cmake
[23.262s] -- Installing: /home/altair/altair_framework/install/altair_interfaces/share/altair_interfaces/cmake/altair_interfaces__rosidl_typesupport_cExport-noconfig.cmake
[23.264s] -- Installing: /home/altair/altair_framework/install/altair_interfaces/share/altair_interfaces/cmake/export_altair_interfaces__rosidl_generator_cppExport.cmake
[23.264s] -- Installing: /home/altair/altair_framework/install/altair_interfaces/share/altair_interfaces/cmake/export_altair_interfaces__rosidl_typesupport_fastrtps_cppExport.cmake
[23.264s] -- Installing: /home/altair/altair_framework/install/altair_interfaces/share/altair_interfaces/cmake/export_altair_interfaces__rosidl_typesupport_fastrtps_cppExport-noconfig.cmake
[23.264s] -- Installing: /home/altair/altair_framework/install/altair_interfaces/share/altair_interfaces/cmake/altair_interfaces__rosidl_typesupport_introspection_cppExport.cmake
[23.264s] -- Installing: /home/altair/altair_framework/install/altair_interfaces/share/altair_interfaces/cmake/altair_interfaces__rosidl_typesupport_introspection_cppExport-noconfig.cmake
[23.264s] -- Installing: /home/altair/altair_framework/install/altair_interfaces/share/altair_interfaces/cmake/altair_interfaces__rosidl_typesupport_cppExport.cmake
[23.265s] -- Installing: /home/altair/altair_framework/install/altair_interfaces/share/altair_interfaces/cmake/altair_interfaces__rosidl_typesupport_cppExport-noconfig.cmake
[23.265s] -- Installing: /home/altair/altair_framework/install/altair_interfaces/share/altair_interfaces/cmake/export_altair_interfaces__rosidl_generator_pyExport.cmake
[23.265s] -- Installing: /home/altair/altair_framework/install/altair_interfaces/share/altair_interfaces/cmake/export_altair_interfaces__rosidl_generator_pyExport-noconfig.cmake
[23.267s] Invoked command in '/home/altair/altair_framework/build/altair_interfaces' returned '0': CMAKE_PREFIX_PATH=/opt/ros/humble /usr/bin/cmake --install /home/altair/altair_framework/build/altair_interfaces
