running develop
running egg_info
creating altair_web_server.egg-info
writing altair_web_server.egg-info/PKG-INFO
writing dependency_links to altair_web_server.egg-info/dependency_links.txt
writing entry points to altair_web_server.egg-info/entry_points.txt
writing requirements to altair_web_server.egg-info/requires.txt
writing top-level names to altair_web_server.egg-info/top_level.txt
writing manifest file 'altair_web_server.egg-info/SOURCES.txt'
reading manifest file 'altair_web_server.egg-info/SOURCES.txt'
writing manifest file 'altair_web_server.egg-info/SOURCES.txt'
running build_ext
Creating /home/altair/altair_framework/install/altair_web_server/lib/python3.10/site-packages/altair-web-server.egg-link (link to .)
Installing web_server_node script to /home/altair/altair_framework/install/altair_web_server/bin

Installed /home/altair/altair_framework/build/altair_web_server
running symlink_data
creating /home/altair/altair_framework/install/altair_web_server/share/ament_index/resource_index/packages
symbolically linking /home/altair/altair_framework/build/altair_web_server/resource/altair_web_server -> /home/altair/altair_framework/install/altair_web_server/share/ament_index/resource_index/packages
symbolically linking /home/altair/altair_framework/build/altair_web_server/package.xml -> /home/altair/altair_framework/install/altair_web_server/share/altair_web_server
creating /home/altair/altair_framework/install/altair_web_server/share/altair_web_server/frontend
symbolically linking /home/altair/altair_framework/build/altair_web_server/frontend/index.html -> /home/altair/altair_framework/install/altair_web_server/share/altair_web_server/frontend
creating /home/altair/altair_framework/install/altair_web_server/share/altair_web_server/frontend/css
symbolically linking /home/altair/altair_framework/build/altair_web_server/frontend/css/styles.css -> /home/altair/altair_framework/install/altair_web_server/share/altair_web_server/frontend/css
creating /home/altair/altair_framework/install/altair_web_server/share/altair_web_server/frontend/js
symbolically linking /home/altair/altair_framework/build/altair_web_server/frontend/js/gamepad.js -> /home/altair/altair_framework/install/altair_web_server/share/altair_web_server/frontend/js
symbolically linking /home/altair/altair_framework/build/altair_web_server/frontend/js/app.js -> /home/altair/altair_framework/install/altair_web_server/share/altair_web_server/frontend/js
