-- The C compiler identification is GNU 11.4.0
-- The CXX compiler identification is GNU 11.4.0
-- Detecting C compiler ABI info
-- Detecting C compiler ABI info - done
-- Check for working C compiler: /usr/bin/cc - skipped
-- Detecting C compile features
-- Detecting C compile features - done
-- Detecting CXX compiler ABI info
-- Detecting CXX compiler ABI info - done
-- Check for working CXX compiler: /usr/bin/c++ - skipped
-- Detecting CXX compile features
-- Detecting CXX compile features - done
-- Found ament_cmake: 1.3.14 (/opt/ros/humble/share/ament_cmake/cmake)
-- Found Python3: /usr/bin/python3 (found version "3.10.12") found components: Interpreter 
-- Override CMake install command with custom implementation using symlinks instead of copying resources
-- Found rclcpp: 16.0.19 (/opt/ros/humble/share/rclcpp/cmake)
-- Found rosidl_generator_c: 3.1.8 (/opt/ros/humble/share/rosidl_generator_c/cmake)
-- Found rosidl_adapter: 3.1.8 (/opt/ros/humble/share/rosidl_adapter/cmake)
-- Found rosidl_generator_cpp: 3.1.8 (/opt/ros/humble/share/rosidl_generator_cpp/cmake)
-- Using all available rosidl_typesupport_c: rosidl_typesupport_fastrtps_c;rosidl_typesupport_introspection_c
-- Using all available rosidl_typesupport_cpp: rosidl_typesupport_fastrtps_cpp;rosidl_typesupport_introspection_cpp
-- Found rmw_implementation_cmake: 6.1.2 (/opt/ros/humble/share/rmw_implementation_cmake/cmake)
-- Found rmw_fastrtps_cpp: 6.2.10 (/opt/ros/humble/share/rmw_fastrtps_cpp/cmake)
-- Found OpenSSL: /usr/lib/x86_64-linux-gnu/libcrypto.so (found version "3.0.2")  
-- Found FastRTPS: /opt/ros/humble/include  
-- Using RMW implementation 'rmw_fastrtps_cpp' as default
-- Performing Test CMAKE_HAVE_LIBC_PTHREAD
-- Performing Test CMAKE_HAVE_LIBC_PTHREAD - Success
-- Found Threads: TRUE  
-- Found can_msgs: 2.0.0 (/opt/ros/humble/share/can_msgs/cmake)
-- Found altair_interfaces: 1.0.0 (/home/altair/altair_framework/install/altair_interfaces/share/altair_interfaces/cmake)
-- Configuring done
-- Generating done
-- Build files have been written to: /home/altair/altair_framework/build/altair_can_bridge
[ 50%] [32mBuilding CXX object CMakeFiles/can_bridge_node.dir/src/can_bridge_node.cpp.o[0m
[100%] [32m[1mLinking CXX executable can_bridge_node[0m
[100%] Built target can_bridge_node
-- Install configuration: ""
-- Execute custom install script
-- Symlinking: /home/altair/altair_framework/install/altair_can_bridge/lib/altair_can_bridge/can_bridge_node
-- Symlinking: /home/altair/altair_framework/install/altair_can_bridge/share/ament_index/resource_index/package_run_dependencies/altair_can_bridge
-- Symlinking: /home/altair/altair_framework/install/altair_can_bridge/share/ament_index/resource_index/parent_prefix_path/altair_can_bridge
-- Symlinking: /home/altair/altair_framework/install/altair_can_bridge/share/altair_can_bridge/environment/ament_prefix_path.sh
-- Symlinking: /home/altair/altair_framework/install/altair_can_bridge/share/altair_can_bridge/environment/ament_prefix_path.dsv
-- Symlinking: /home/altair/altair_framework/install/altair_can_bridge/share/altair_can_bridge/environment/path.sh
-- Symlinking: /home/altair/altair_framework/install/altair_can_bridge/share/altair_can_bridge/environment/path.dsv
-- Symlinking: /home/altair/altair_framework/install/altair_can_bridge/share/altair_can_bridge/local_setup.bash
-- Symlinking: /home/altair/altair_framework/install/altair_can_bridge/share/altair_can_bridge/local_setup.sh
-- Symlinking: /home/altair/altair_framework/install/altair_can_bridge/share/altair_can_bridge/local_setup.zsh
-- Symlinking: /home/altair/altair_framework/install/altair_can_bridge/share/altair_can_bridge/local_setup.dsv
-- Symlinking: /home/altair/altair_framework/install/altair_can_bridge/share/altair_can_bridge/package.dsv
-- Symlinking: /home/altair/altair_framework/install/altair_can_bridge/share/ament_index/resource_index/packages/altair_can_bridge
-- Symlinking: /home/altair/altair_framework/install/altair_can_bridge/share/altair_can_bridge/cmake/altair_can_bridgeConfig.cmake
-- Symlinking: /home/altair/altair_framework/install/altair_can_bridge/share/altair_can_bridge/cmake/altair_can_bridgeConfig-version.cmake
-- Symlinking: /home/altair/altair_framework/install/altair_can_bridge/share/altair_can_bridge/package.xml
-- Installing: /home/altair/altair_framework/install/altair_can_bridge/share/altair_can_bridge/scripts
-- Installing: /home/altair/altair_framework/install/altair_can_bridge/share/altair_can_bridge/scripts/setup_slcan.sh
