[0.026s] Invoking command in '/home/altair/altair_framework/build/altair_interfaces': CMAKE_PREFIX_PATH=/opt/ros/humble /usr/bin/cmake /home/altair/altair_framework/altair_interfaces -DAMENT_CMAKE_SYMLINK_INSTALL=1 -DCMAKE_INSTALL_PREFIX=/home/altair/altair_framework/install/altair_interfaces
[0.140s] -- The C compiler identification is GNU 11.4.0
[0.260s] -- The CXX compiler identification is GNU 11.4.0
[0.273s] -- Detecting C compiler ABI info
[0.381s] -- Detecting C compiler ABI info - done
[0.394s] -- Check for working C compiler: /usr/bin/cc - skipped
[0.394s] -- Detecting C compile features
[0.395s] -- Detecting C compile features - done
[0.400s] -- Detecting CXX compiler ABI info
[0.506s] -- Detecting CXX compiler ABI info - done
[0.521s] -- Check for working CXX compiler: /usr/bin/c++ - skipped
[0.521s] -- Detecting CXX compile features
[0.521s] -- Detecting CXX compile features - done
[0.525s] -- Found ament_cmake: 1.3.14 (/opt/ros/humble/share/ament_cmake/cmake)
[1.068s] -- Found Python3: /usr/bin/python3 (found version "3.10.12") found components: Interpreter 
[1.225s] -- Override CMake install command with custom implementation using symlinks instead of copying resources
[1.275s] -- Found rosidl_default_generators: 1.2.1 (/opt/ros/humble/share/rosidl_default_generators/cmake)
[1.281s] -- Using all available rosidl_typesupport_c: rosidl_typesupport_fastrtps_c;rosidl_typesupport_introspection_c
[1.289s] -- Found rosidl_adapter: 3.1.8 (/opt/ros/humble/share/rosidl_adapter/cmake)
[1.367s] -- Using all available rosidl_typesupport_cpp: rosidl_typesupport_fastrtps_cpp;rosidl_typesupport_introspection_cpp
[1.836s] -- Found ament_cmake_ros: 0.10.0 (/opt/ros/humble/share/ament_cmake_ros/cmake)
[1.981s] -- Using all available rosidl_typesupport_c: rosidl_typesupport_fastrtps_c;rosidl_typesupport_introspection_c
[2.150s] -- Using all available rosidl_typesupport_cpp: rosidl_typesupport_fastrtps_cpp;rosidl_typesupport_introspection_cpp
[2.186s] -- Found PythonInterp: /usr/bin/python3 (found suitable version "3.10.12", minimum required is "3.6") 
[2.190s] -- Found python_cmake_module: 0.10.0 (/opt/ros/humble/share/python_cmake_module/cmake)
[2.236s] -- Found PythonLibs: /usr/lib/x86_64-linux-gnu/libpython3.10.so (found suitable version "3.10.12", minimum required is "3.5") 
[2.236s] -- Using PYTHON_EXECUTABLE: /usr/bin/python3
[2.236s] -- Using PYTHON_INCLUDE_DIRS: /usr/include/python3.10
[2.236s] -- Using PYTHON_LIBRARIES: /usr/lib/x86_64-linux-gnu/libpython3.10.so
[2.289s] -- Found PythonExtra: .so  
[2.472s] -- Configuring done
[2.566s] -- Generating done
[2.595s] -- Build files have been written to: /home/altair/altair_framework/build/altair_interfaces
[2.609s] Invoked command in '/home/altair/altair_framework/build/altair_interfaces' returned '0': CMAKE_PREFIX_PATH=/opt/ros/humble /usr/bin/cmake /home/altair/altair_framework/altair_interfaces -DAMENT_CMAKE_SYMLINK_INSTALL=1 -DCMAKE_INSTALL_PREFIX=/home/altair/altair_framework/install/altair_interfaces
[2.612s] Invoking command in '/home/altair/altair_framework/build/altair_interfaces': CMAKE_PREFIX_PATH=/opt/ros/humble /usr/bin/cmake --build /home/altair/altair_framework/build/altair_interfaces -- -j8 -l8
[2.653s] [  1%] [34m[1mGenerating C code for ROS interfaces[0m
[2.663s] [  2%] [34m[1mGenerating Rust code for ROS interfaces[0m
[2.671s] [  3%] [34m[1mGenerating C++ code for ROS interfaces[0m
[2.671s] [  3%] Built target ament_cmake_python_symlink_altair_interfaces
[3.629s] running egg_info
[3.699s] creating altair_interfaces.egg-info
[3.700s] writing altair_interfaces.egg-info/PKG-INFO
[3.701s] writing dependency_links to altair_interfaces.egg-info/dependency_links.txt
[3.701s] writing top-level names to altair_interfaces.egg-info/top_level.txt
[3.701s] writing manifest file 'altair_interfaces.egg-info/SOURCES.txt'
[3.894s] reading manifest file 'altair_interfaces.egg-info/SOURCES.txt'
[3.901s] writing manifest file 'altair_interfaces.egg-info/SOURCES.txt'
[3.965s] [  3%] Built target ament_cmake_python_build_altair_interfaces_egg
[4.720s] [  3%] Built target altair_interfaces__rs
[5.804s] [  4%] [32mBuilding C object CMakeFiles/altair_interfaces__rosidl_generator_c.dir/rosidl_generator_c/altair_interfaces/msg/detail/can_status__functions.c.o[0m
[5.809s] [  5%] [32mBuilding C object CMakeFiles/altair_interfaces__rosidl_generator_c.dir/rosidl_generator_c/altair_interfaces/msg/detail/mdd_feedback__functions.c.o[0m
[5.826s] [  6%] [32mBuilding C object CMakeFiles/altair_interfaces__rosidl_generator_c.dir/rosidl_generator_c/altair_interfaces/msg/detail/servo_command__functions.c.o[0m
[5.826s] [  7%] [32mBuilding C object CMakeFiles/altair_interfaces__rosidl_generator_c.dir/rosidl_generator_c/altair_interfaces/msg/detail/mdd_command__functions.c.o[0m
[5.837s] [  8%] [32mBuilding C object CMakeFiles/altair_interfaces__rosidl_generator_c.dir/rosidl_generator_c/altair_interfaces/srv/detail/trigger_control__functions.c.o[0m
[5.840s] [  9%] [32mBuilding C object CMakeFiles/altair_interfaces__rosidl_generator_c.dir/rosidl_generator_c/altair_interfaces/msg/detail/solenoid_command__functions.c.o[0m
[5.881s] [ 10%] [32mBuilding C object CMakeFiles/altair_interfaces__rosidl_generator_c.dir/rosidl_generator_c/altair_interfaces/srv/detail/get_available_ports__functions.c.o[0m
[5.917s] [ 11%] [32mBuilding C object CMakeFiles/altair_interfaces__rosidl_generator_c.dir/rosidl_generator_c/altair_interfaces/srv/detail/connect_can__functions.c.o[0m
[5.955s] [ 12%] [32mBuilding C object CMakeFiles/altair_interfaces__rosidl_generator_c.dir/rosidl_generator_c/altair_interfaces/srv/detail/start_behavior__functions.c.o[0m
[6.005s] [ 12%] Built target altair_interfaces__cpp
[6.017s] [ 13%] [34m[1mGenerating C++ type support dispatch for ROS interfaces[0m
[6.026s] [ 14%] [34m[1mGenerating C++ introspection for ROS interfaces[0m
[6.026s] [ 15%] [34m[1mGenerating C++ type support for eProsima Fast-RTPS[0m
[6.086s] [ 16%] [32m[1mLinking C shared library libaltair_interfaces__rosidl_generator_c.so[0m
[6.160s] [ 16%] Built target altair_interfaces__rosidl_generator_c
[6.180s] [ 17%] [34m[1mGenerating C introspection for ROS interfaces[0m
[6.181s] [ 18%] [34m[1mGenerating C type support dispatch for ROS interfaces[0m
[6.181s] [ 19%] [34m[1mGenerating C type support for eProsima Fast-RTPS[0m
[8.666s] [ 20%] [32mBuilding CXX object CMakeFiles/altair_interfaces__rosidl_typesupport_c.dir/rosidl_typesupport_c/altair_interfaces/msg/can_status__type_support.cpp.o[0m
[8.666s] [ 21%] [32mBuilding CXX object CMakeFiles/altair_interfaces__rosidl_typesupport_cpp.dir/rosidl_typesupport_cpp/altair_interfaces/msg/mdd_feedback__type_support.cpp.o[0m
[8.666s] [ 23%] [32mBuilding CXX object CMakeFiles/altair_interfaces__rosidl_typesupport_c.dir/rosidl_typesupport_c/altair_interfaces/msg/mdd_feedback__type_support.cpp.o[0m
[8.666s] [ 23%] [32mBuilding CXX object CMakeFiles/altair_interfaces__rosidl_typesupport_cpp.dir/rosidl_typesupport_cpp/altair_interfaces/msg/can_status__type_support.cpp.o[0m
[8.777s] [ 25%] [32mBuilding CXX object CMakeFiles/altair_interfaces__rosidl_typesupport_cpp.dir/rosidl_typesupport_cpp/altair_interfaces/msg/mdd_command__type_support.cpp.o[0m
[8.785s] [ 26%] [32mBuilding CXX object CMakeFiles/altair_interfaces__rosidl_typesupport_c.dir/rosidl_typesupport_c/altair_interfaces/msg/mdd_command__type_support.cpp.o[0m
[8.914s] [ 27%] [32mBuilding CXX object CMakeFiles/altair_interfaces__rosidl_typesupport_c.dir/rosidl_typesupport_c/altair_interfaces/msg/servo_command__type_support.cpp.o[0m
[9.050s] [ 28%] [32mBuilding CXX object CMakeFiles/altair_interfaces__rosidl_typesupport_c.dir/rosidl_typesupport_c/altair_interfaces/msg/solenoid_command__type_support.cpp.o[0m
[9.220s] [ 29%] [32mBuilding CXX object CMakeFiles/altair_interfaces__rosidl_typesupport_c.dir/rosidl_typesupport_c/altair_interfaces/srv/trigger_control__type_support.cpp.o[0m
[9.391s] [ 30%] [32mBuilding CXX object CMakeFiles/altair_interfaces__rosidl_typesupport_c.dir/rosidl_typesupport_c/altair_interfaces/srv/get_available_ports__type_support.cpp.o[0m
[9.480s] [ 31%] [32mBuilding C object CMakeFiles/altair_interfaces__rosidl_typesupport_introspection_c.dir/rosidl_typesupport_introspection_c/altair_interfaces/msg/detail/can_status__type_support.c.o[0m
[9.498s] [ 32%] [32mBuilding CXX object CMakeFiles/altair_interfaces__rosidl_typesupport_fastrtps_c.dir/rosidl_typesupport_fastrtps_c/altair_interfaces/msg/detail/can_status__type_support_c.cpp.o[0m
[9.506s] [ 33%] [32mBuilding CXX object CMakeFiles/altair_interfaces__rosidl_typesupport_c.dir/rosidl_typesupport_c/altair_interfaces/srv/connect_can__type_support.cpp.o[0m
[9.520s] [ 34%] [32mBuilding CXX object CMakeFiles/altair_interfaces__rosidl_typesupport_introspection_cpp.dir/rosidl_typesupport_introspection_cpp/altair_interfaces/msg/detail/can_status__type_support.cpp.o[0m
[9.595s] [ 35%] [32mBuilding C object CMakeFiles/altair_interfaces__rosidl_typesupport_introspection_c.dir/rosidl_typesupport_introspection_c/altair_interfaces/msg/detail/mdd_feedback__type_support.c.o[0m
[9.635s] [ 36%] [32mBuilding CXX object CMakeFiles/altair_interfaces__rosidl_typesupport_c.dir/rosidl_typesupport_c/altair_interfaces/srv/start_behavior__type_support.cpp.o[0m
[9.668s] [ 37%] [32mBuilding C object CMakeFiles/altair_interfaces__rosidl_typesupport_introspection_c.dir/rosidl_typesupport_introspection_c/altair_interfaces/msg/detail/mdd_command__type_support.c.o[0m
[9.708s] [ 38%] [32mBuilding CXX object CMakeFiles/altair_interfaces__rosidl_typesupport_introspection_cpp.dir/rosidl_typesupport_introspection_cpp/altair_interfaces/msg/detail/mdd_feedback__type_support.cpp.o[0m
[9.720s] [ 39%] [32mBuilding CXX object CMakeFiles/altair_interfaces__rosidl_typesupport_fastrtps_c.dir/rosidl_typesupport_fastrtps_c/altair_interfaces/msg/detail/mdd_feedback__type_support_c.cpp.o[0m
[9.751s] [ 40%] [32mBuilding CXX object CMakeFiles/altair_interfaces__rosidl_typesupport_cpp.dir/rosidl_typesupport_cpp/altair_interfaces/msg/servo_command__type_support.cpp.o[0m
[9.787s] [ 41%] [32m[1mLinking CXX shared library libaltair_interfaces__rosidl_typesupport_c.so[0m
[9.794s] [ 42%] [32mBuilding C object CMakeFiles/altair_interfaces__rosidl_typesupport_introspection_c.dir/rosidl_typesupport_introspection_c/altair_interfaces/msg/detail/servo_command__type_support.c.o[0m
[9.889s] [ 43%] [32mBuilding CXX object CMakeFiles/altair_interfaces__rosidl_typesupport_fastrtps_cpp.dir/rosidl_typesupport_fastrtps_cpp/altair_interfaces/msg/detail/dds_fastrtps/can_status__type_support.cpp.o[0m
[9.900s] [ 44%] [32mBuilding C object CMakeFiles/altair_interfaces__rosidl_typesupport_introspection_c.dir/rosidl_typesupport_introspection_c/altair_interfaces/msg/detail/solenoid_command__type_support.c.o[0m
[9.934s] [ 44%] Built target altair_interfaces__rosidl_typesupport_c
[9.956s] [ 45%] [32mBuilding C object CMakeFiles/altair_interfaces__rosidl_typesupport_introspection_c.dir/rosidl_typesupport_introspection_c/altair_interfaces/srv/detail/trigger_control__type_support.c.o[0m
[10.004s] [ 46%] [32mBuilding CXX object CMakeFiles/altair_interfaces__rosidl_typesupport_fastrtps_c.dir/rosidl_typesupport_fastrtps_c/altair_interfaces/msg/detail/mdd_command__type_support_c.cpp.o[0m
[10.082s] [ 47%] [32mBuilding C object CMakeFiles/altair_interfaces__rosidl_typesupport_introspection_c.dir/rosidl_typesupport_introspection_c/altair_interfaces/srv/detail/get_available_ports__type_support.c.o[0m
[10.209s] [ 48%] [32mBuilding C object CMakeFiles/altair_interfaces__rosidl_typesupport_introspection_c.dir/rosidl_typesupport_introspection_c/altair_interfaces/srv/detail/connect_can__type_support.c.o[0m
[10.362s] [ 50%] [32mBuilding C object CMakeFiles/altair_interfaces__rosidl_typesupport_introspection_c.dir/rosidl_typesupport_introspection_c/altair_interfaces/srv/detail/start_behavior__type_support.c.o[0m
[10.449s] [ 51%] [32mBuilding CXX object CMakeFiles/altair_interfaces__rosidl_typesupport_fastrtps_c.dir/rosidl_typesupport_fastrtps_c/altair_interfaces/msg/detail/servo_command__type_support_c.cpp.o[0m
[10.487s] [ 52%] [32m[1mLinking C shared library libaltair_interfaces__rosidl_typesupport_introspection_c.so[0m
[10.596s] [ 52%] Built target altair_interfaces__rosidl_typesupport_introspection_c
[10.622s] [ 53%] [32mBuilding CXX object CMakeFiles/altair_interfaces__rosidl_typesupport_fastrtps_c.dir/rosidl_typesupport_fastrtps_c/altair_interfaces/msg/detail/solenoid_command__type_support_c.cpp.o[0m
[10.759s] [ 54%] [32mBuilding CXX object CMakeFiles/altair_interfaces__rosidl_typesupport_fastrtps_cpp.dir/rosidl_typesupport_fastrtps_cpp/altair_interfaces/msg/detail/dds_fastrtps/mdd_feedback__type_support.cpp.o[0m
[10.903s] [ 55%] [32mBuilding CXX object CMakeFiles/altair_interfaces__rosidl_typesupport_cpp.dir/rosidl_typesupport_cpp/altair_interfaces/msg/solenoid_command__type_support.cpp.o[0m
[11.059s] [ 56%] [32mBuilding CXX object CMakeFiles/altair_interfaces__rosidl_typesupport_cpp.dir/rosidl_typesupport_cpp/altair_interfaces/srv/trigger_control__type_support.cpp.o[0m
[11.084s] [ 57%] [32mBuilding CXX object CMakeFiles/altair_interfaces__rosidl_typesupport_introspection_cpp.dir/rosidl_typesupport_introspection_cpp/altair_interfaces/msg/detail/mdd_command__type_support.cpp.o[0m
[11.296s] [ 58%] [32mBuilding CXX object CMakeFiles/altair_interfaces__rosidl_typesupport_fastrtps_c.dir/rosidl_typesupport_fastrtps_c/altair_interfaces/srv/detail/get_available_ports__type_support_c.cpp.o[0m
[11.302s] [ 59%] [32mBuilding CXX object CMakeFiles/altair_interfaces__rosidl_typesupport_fastrtps_c.dir/rosidl_typesupport_fastrtps_c/altair_interfaces/srv/detail/trigger_control__type_support_c.cpp.o[0m
[11.749s] [ 60%] [32mBuilding CXX object CMakeFiles/altair_interfaces__rosidl_typesupport_fastrtps_c.dir/rosidl_typesupport_fastrtps_c/altair_interfaces/srv/detail/connect_can__type_support_c.cpp.o[0m
[11.845s] [ 61%] [32mBuilding CXX object CMakeFiles/altair_interfaces__rosidl_typesupport_fastrtps_c.dir/rosidl_typesupport_fastrtps_c/altair_interfaces/srv/detail/start_behavior__type_support_c.cpp.o[0m
[11.938s] [ 62%] [32mBuilding CXX object CMakeFiles/altair_interfaces__rosidl_typesupport_introspection_cpp.dir/rosidl_typesupport_introspection_cpp/altair_interfaces/msg/detail/servo_command__type_support.cpp.o[0m
[12.147s] [ 63%] [32mBuilding CXX object CMakeFiles/altair_interfaces__rosidl_typesupport_cpp.dir/rosidl_typesupport_cpp/altair_interfaces/srv/get_available_ports__type_support.cpp.o[0m
[12.359s] [ 64%] [32mBuilding CXX object CMakeFiles/altair_interfaces__rosidl_typesupport_introspection_cpp.dir/rosidl_typesupport_introspection_cpp/altair_interfaces/msg/detail/solenoid_command__type_support.cpp.o[0m
[12.500s] [ 65%] [32mBuilding CXX object CMakeFiles/altair_interfaces__rosidl_typesupport_fastrtps_cpp.dir/rosidl_typesupport_fastrtps_cpp/altair_interfaces/msg/detail/dds_fastrtps/mdd_command__type_support.cpp.o[0m
[12.743s] [ 66%] [32mBuilding CXX object CMakeFiles/altair_interfaces__rosidl_typesupport_cpp.dir/rosidl_typesupport_cpp/altair_interfaces/srv/connect_can__type_support.cpp.o[0m
[12.804s] [ 67%] [32mBuilding CXX object CMakeFiles/altair_interfaces__rosidl_typesupport_cpp.dir/rosidl_typesupport_cpp/altair_interfaces/srv/start_behavior__type_support.cpp.o[0m
[12.881s] [ 68%] [32mBuilding CXX object CMakeFiles/altair_interfaces__rosidl_typesupport_fastrtps_cpp.dir/rosidl_typesupport_fastrtps_cpp/altair_interfaces/msg/detail/dds_fastrtps/servo_command__type_support.cpp.o[0m
[12.991s] [ 69%] [32mBuilding CXX object CMakeFiles/altair_interfaces__rosidl_typesupport_fastrtps_cpp.dir/rosidl_typesupport_fastrtps_cpp/altair_interfaces/msg/detail/dds_fastrtps/solenoid_command__type_support.cpp.o[0m
[13.557s] [ 70%] [32m[1mLinking CXX shared library libaltair_interfaces__rosidl_typesupport_fastrtps_c.so[0m
[13.671s] [ 71%] [32mBuilding CXX object CMakeFiles/altair_interfaces__rosidl_typesupport_fastrtps_cpp.dir/rosidl_typesupport_fastrtps_cpp/altair_interfaces/srv/detail/dds_fastrtps/trigger_control__type_support.cpp.o[0m
[13.690s] [ 72%] [32m[1mLinking CXX shared library libaltair_interfaces__rosidl_typesupport_cpp.so[0m
[13.888s] [ 72%] Built target altair_interfaces__rosidl_typesupport_fastrtps_c
[13.905s] [ 73%] [32mBuilding CXX object CMakeFiles/altair_interfaces__rosidl_typesupport_introspection_cpp.dir/rosidl_typesupport_introspection_cpp/altair_interfaces/srv/detail/trigger_control__type_support.cpp.o[0m
[13.932s] [ 73%] Built target altair_interfaces__rosidl_typesupport_cpp
[13.940s] [ 75%] [32mBuilding CXX object CMakeFiles/altair_interfaces__rosidl_typesupport_introspection_cpp.dir/rosidl_typesupport_introspection_cpp/altair_interfaces/srv/detail/get_available_ports__type_support.cpp.o[0m
[13.991s] [ 76%] [32mBuilding CXX object CMakeFiles/altair_interfaces__rosidl_typesupport_fastrtps_cpp.dir/rosidl_typesupport_fastrtps_cpp/altair_interfaces/srv/detail/dds_fastrtps/get_available_ports__type_support.cpp.o[0m
[14.075s] [ 77%] [32mBuilding CXX object CMakeFiles/altair_interfaces__rosidl_typesupport_introspection_cpp.dir/rosidl_typesupport_introspection_cpp/altair_interfaces/srv/detail/connect_can__type_support.cpp.o[0m
[14.231s] [ 78%] [32mBuilding CXX object CMakeFiles/altair_interfaces__rosidl_typesupport_fastrtps_cpp.dir/rosidl_typesupport_fastrtps_cpp/altair_interfaces/srv/detail/dds_fastrtps/connect_can__type_support.cpp.o[0m
[14.247s] [ 79%] [32mBuilding CXX object CMakeFiles/altair_interfaces__rosidl_typesupport_introspection_cpp.dir/rosidl_typesupport_introspection_cpp/altair_interfaces/srv/detail/start_behavior__type_support.cpp.o[0m
[14.782s] [ 80%] [32mBuilding CXX object CMakeFiles/altair_interfaces__rosidl_typesupport_fastrtps_cpp.dir/rosidl_typesupport_fastrtps_cpp/altair_interfaces/srv/detail/dds_fastrtps/start_behavior__type_support.cpp.o[0m
[15.586s] [ 81%] [32m[1mLinking CXX shared library libaltair_interfaces__rosidl_typesupport_introspection_cpp.so[0m
[15.723s] [ 81%] Built target altair_interfaces__rosidl_typesupport_introspection_cpp
[15.880s] [ 82%] [32m[1mLinking CXX shared library libaltair_interfaces__rosidl_typesupport_fastrtps_cpp.so[0m
[16.011s] [ 82%] Built target altair_interfaces__rosidl_typesupport_fastrtps_cpp
[16.027s] [ 82%] Built target altair_interfaces
[16.043s] [ 83%] [34m[1mGenerating Python code for ROS interfaces[0m
[19.443s] [ 83%] Built target altair_interfaces__py
[19.469s] [ 84%] [32mBuilding C object CMakeFiles/altair_interfaces__rosidl_generator_py.dir/rosidl_generator_py/altair_interfaces/msg/_can_status_s.c.o[0m
[19.470s] [ 85%] [32mBuilding C object CMakeFiles/altair_interfaces__rosidl_generator_py.dir/rosidl_generator_py/altair_interfaces/msg/_mdd_command_s.c.o[0m
[19.474s] [ 87%] [32mBuilding C object CMakeFiles/altair_interfaces__rosidl_generator_py.dir/rosidl_generator_py/altair_interfaces/msg/_mdd_feedback_s.c.o[0m
[19.475s] [ 86%] [32mBuilding C object CMakeFiles/altair_interfaces__rosidl_generator_py.dir/rosidl_generator_py/altair_interfaces/msg/_servo_command_s.c.o[0m
[19.475s] [ 88%] [32mBuilding C object CMakeFiles/altair_interfaces__rosidl_generator_py.dir/rosidl_generator_py/altair_interfaces/msg/_solenoid_command_s.c.o[0m
[19.477s] [ 89%] [32mBuilding C object CMakeFiles/altair_interfaces__rosidl_generator_py.dir/rosidl_generator_py/altair_interfaces/srv/_trigger_control_s.c.o[0m
[19.477s] [ 90%] [32mBuilding C object CMakeFiles/altair_interfaces__rosidl_generator_py.dir/rosidl_generator_py/altair_interfaces/srv/_get_available_ports_s.c.o[0m
[19.477s] [ 91%] [32mBuilding C object CMakeFiles/altair_interfaces__rosidl_generator_py.dir/rosidl_generator_py/altair_interfaces/srv/_connect_can_s.c.o[0m
[19.779s] [ 92%] [32mBuilding C object CMakeFiles/altair_interfaces__rosidl_generator_py.dir/rosidl_generator_py/altair_interfaces/srv/_start_behavior_s.c.o[0m
[20.018s] [ 93%] [32m[1mLinking C shared library rosidl_generator_py/altair_interfaces/libaltair_interfaces__rosidl_generator_py.so[0m
[20.074s] [ 93%] Built target altair_interfaces__rosidl_generator_py
[20.095s] [ 94%] [32mBuilding C object CMakeFiles/altair_interfaces__rosidl_typesupport_introspection_c__pyext.dir/rosidl_generator_py/altair_interfaces/_altair_interfaces_s.ep.rosidl_typesupport_introspection_c.c.o[0m
[20.095s] [ 95%] [32mBuilding C object CMakeFiles/altair_interfaces__rosidl_typesupport_c__pyext.dir/rosidl_generator_py/altair_interfaces/_altair_interfaces_s.ep.rosidl_typesupport_c.c.o[0m
[20.096s] [ 96%] [32mBuilding C object CMakeFiles/altair_interfaces__rosidl_typesupport_fastrtps_c__pyext.dir/rosidl_generator_py/altair_interfaces/_altair_interfaces_s.ep.rosidl_typesupport_fastrtps_c.c.o[0m
[20.378s] [ 98%] [32m[1mLinking C shared library rosidl_generator_py/altair_interfaces/altair_interfaces_s__rosidl_typesupport_c.cpython-310-x86_64-linux-gnu.so[0m
[20.378s] [ 98%] [32m[1mLinking C shared library rosidl_generator_py/altair_interfaces/altair_interfaces_s__rosidl_typesupport_introspection_c.cpython-310-x86_64-linux-gnu.so[0m
[20.419s] [100%] [32m[1mLinking C shared library rosidl_generator_py/altair_interfaces/altair_interfaces_s__rosidl_typesupport_fastrtps_c.cpython-310-x86_64-linux-gnu.so[0m
[20.436s] [100%] Built target altair_interfaces__rosidl_typesupport_c__pyext
[20.445s] [100%] Built target altair_interfaces__rosidl_typesupport_introspection_c__pyext
[20.473s] [100%] Built target altair_interfaces__rosidl_typesupport_fastrtps_c__pyext
[20.486s] Invoked command in '/home/altair/altair_framework/build/altair_interfaces' returned '0': CMAKE_PREFIX_PATH=/opt/ros/humble /usr/bin/cmake --build /home/altair/altair_framework/build/altair_interfaces -- -j8 -l8
[20.494s] Invoking command in '/home/altair/altair_framework/build/altair_interfaces': CMAKE_PREFIX_PATH=/opt/ros/humble /usr/bin/cmake --install /home/altair/altair_framework/build/altair_interfaces
[20.498s] -- Install configuration: ""
[20.499s] -- Execute custom install script
[20.500s] -- Symlinking: /home/altair/altair_framework/install/altair_interfaces/share/ament_index/resource_index/rosidl_interfaces/altair_interfaces
[20.508s] -- Symlinking: /home/altair/altair_framework/install/altair_interfaces/include/altair_interfaces/altair_interfaces/msg/can_status.h
[20.516s] -- Symlinking: /home/altair/altair_framework/install/altair_interfaces/include/altair_interfaces/altair_interfaces/msg/detail/can_status__functions.h
[20.518s] -- Symlinking: /home/altair/altair_framework/install/altair_interfaces/include/altair_interfaces/altair_interfaces/msg/detail/can_status__struct.h
[20.522s] -- Symlinking: /home/altair/altair_framework/install/altair_interfaces/include/altair_interfaces/altair_interfaces/msg/detail/can_status__type_support.h
[20.528s] -- Symlinking: /home/altair/altair_framework/install/altair_interfaces/include/altair_interfaces/altair_interfaces/msg/detail/mdd_command__functions.h
[20.535s] -- Symlinking: /home/altair/altair_framework/install/altair_interfaces/include/altair_interfaces/altair_interfaces/msg/detail/mdd_command__struct.h
[20.539s] -- Symlinking: /home/altair/altair_framework/install/altair_interfaces/include/altair_interfaces/altair_interfaces/msg/detail/mdd_command__type_support.h
[20.545s] -- Symlinking: /home/altair/altair_framework/install/altair_interfaces/include/altair_interfaces/altair_interfaces/msg/detail/mdd_feedback__functions.h
[20.550s] -- Symlinking: /home/altair/altair_framework/install/altair_interfaces/include/altair_interfaces/altair_interfaces/msg/detail/mdd_feedback__struct.h
[20.558s] -- Symlinking: /home/altair/altair_framework/install/altair_interfaces/include/altair_interfaces/altair_interfaces/msg/detail/mdd_feedback__type_support.h
[20.566s] -- Symlinking: /home/altair/altair_framework/install/altair_interfaces/include/altair_interfaces/altair_interfaces/msg/detail/servo_command__functions.h
[20.570s] -- Symlinking: /home/altair/altair_framework/install/altair_interfaces/include/altair_interfaces/altair_interfaces/msg/detail/servo_command__struct.h
[20.576s] -- Symlinking: /home/altair/altair_framework/install/altair_interfaces/include/altair_interfaces/altair_interfaces/msg/detail/servo_command__type_support.h
[20.581s] -- Symlinking: /home/altair/altair_framework/install/altair_interfaces/include/altair_interfaces/altair_interfaces/msg/detail/solenoid_command__functions.h
[20.586s] -- Symlinking: /home/altair/altair_framework/install/altair_interfaces/include/altair_interfaces/altair_interfaces/msg/detail/solenoid_command__struct.h
[20.591s] -- Symlinking: /home/altair/altair_framework/install/altair_interfaces/include/altair_interfaces/altair_interfaces/msg/detail/solenoid_command__type_support.h
[20.596s] -- Symlinking: /home/altair/altair_framework/install/altair_interfaces/include/altair_interfaces/altair_interfaces/msg/mdd_command.h
[20.602s] -- Symlinking: /home/altair/altair_framework/install/altair_interfaces/include/altair_interfaces/altair_interfaces/msg/mdd_feedback.h
[20.606s] -- Symlinking: /home/altair/altair_framework/install/altair_interfaces/include/altair_interfaces/altair_interfaces/msg/rosidl_generator_c__visibility_control.h
[20.612s] -- Symlinking: /home/altair/altair_framework/install/altair_interfaces/include/altair_interfaces/altair_interfaces/msg/servo_command.h
[20.618s] -- Symlinking: /home/altair/altair_framework/install/altair_interfaces/include/altair_interfaces/altair_interfaces/msg/solenoid_command.h
[20.624s] -- Symlinking: /home/altair/altair_framework/install/altair_interfaces/include/altair_interfaces/altair_interfaces/srv/connect_can.h
[20.627s] -- Symlinking: /home/altair/altair_framework/install/altair_interfaces/include/altair_interfaces/altair_interfaces/srv/detail/connect_can__functions.h
[20.634s] -- Symlinking: /home/altair/altair_framework/install/altair_interfaces/include/altair_interfaces/altair_interfaces/srv/detail/connect_can__struct.h
[20.639s] -- Symlinking: /home/altair/altair_framework/install/altair_interfaces/include/altair_interfaces/altair_interfaces/srv/detail/connect_can__type_support.h
[20.644s] -- Symlinking: /home/altair/altair_framework/install/altair_interfaces/include/altair_interfaces/altair_interfaces/srv/detail/get_available_ports__functions.h
[20.651s] -- Symlinking: /home/altair/altair_framework/install/altair_interfaces/include/altair_interfaces/altair_interfaces/srv/detail/get_available_ports__struct.h
[20.659s] -- Symlinking: /home/altair/altair_framework/install/altair_interfaces/include/altair_interfaces/altair_interfaces/srv/detail/get_available_ports__type_support.h
[20.663s] -- Symlinking: /home/altair/altair_framework/install/altair_interfaces/include/altair_interfaces/altair_interfaces/srv/detail/start_behavior__functions.h
[20.671s] -- Symlinking: /home/altair/altair_framework/install/altair_interfaces/include/altair_interfaces/altair_interfaces/srv/detail/start_behavior__struct.h
[20.675s] -- Symlinking: /home/altair/altair_framework/install/altair_interfaces/include/altair_interfaces/altair_interfaces/srv/detail/start_behavior__type_support.h
[20.681s] -- Symlinking: /home/altair/altair_framework/install/altair_interfaces/include/altair_interfaces/altair_interfaces/srv/detail/trigger_control__functions.h
[20.689s] -- Symlinking: /home/altair/altair_framework/install/altair_interfaces/include/altair_interfaces/altair_interfaces/srv/detail/trigger_control__struct.h
[20.694s] -- Symlinking: /home/altair/altair_framework/install/altair_interfaces/include/altair_interfaces/altair_interfaces/srv/detail/trigger_control__type_support.h
[20.700s] -- Symlinking: /home/altair/altair_framework/install/altair_interfaces/include/altair_interfaces/altair_interfaces/srv/get_available_ports.h
[20.708s] -- Symlinking: /home/altair/altair_framework/install/altair_interfaces/include/altair_interfaces/altair_interfaces/srv/start_behavior.h
[20.714s] -- Symlinking: /home/altair/altair_framework/install/altair_interfaces/include/altair_interfaces/altair_interfaces/srv/trigger_control.h
[20.721s] -- Symlinking: /home/altair/altair_framework/install/altair_interfaces/share/altair_interfaces/environment/library_path.sh
[20.726s] -- Symlinking: /home/altair/altair_framework/install/altair_interfaces/share/altair_interfaces/environment/library_path.dsv
[20.735s] -- Symlinking: /home/altair/altair_framework/install/altair_interfaces/include/altair_interfaces/altair_interfaces/msg/detail/can_status__rosidl_typesupport_fastrtps_c.h
[20.740s] -- Symlinking: /home/altair/altair_framework/install/altair_interfaces/include/altair_interfaces/altair_interfaces/msg/detail/mdd_command__rosidl_typesupport_fastrtps_c.h
[20.746s] -- Symlinking: /home/altair/altair_framework/install/altair_interfaces/include/altair_interfaces/altair_interfaces/msg/detail/mdd_feedback__rosidl_typesupport_fastrtps_c.h
[20.757s] -- Symlinking: /home/altair/altair_framework/install/altair_interfaces/include/altair_interfaces/altair_interfaces/msg/detail/servo_command__rosidl_typesupport_fastrtps_c.h
[20.758s] -- Symlinking: /home/altair/altair_framework/install/altair_interfaces/include/altair_interfaces/altair_interfaces/msg/detail/solenoid_command__rosidl_typesupport_fastrtps_c.h
[20.762s] -- Symlinking: /home/altair/altair_framework/install/altair_interfaces/include/altair_interfaces/altair_interfaces/msg/rosidl_typesupport_fastrtps_c__visibility_control.h
[20.768s] -- Symlinking: /home/altair/altair_framework/install/altair_interfaces/include/altair_interfaces/altair_interfaces/srv/detail/connect_can__rosidl_typesupport_fastrtps_c.h
[20.773s] -- Symlinking: /home/altair/altair_framework/install/altair_interfaces/include/altair_interfaces/altair_interfaces/srv/detail/get_available_ports__rosidl_typesupport_fastrtps_c.h
[20.779s] -- Symlinking: /home/altair/altair_framework/install/altair_interfaces/include/altair_interfaces/altair_interfaces/srv/detail/start_behavior__rosidl_typesupport_fastrtps_c.h
[20.785s] -- Symlinking: /home/altair/altair_framework/install/altair_interfaces/include/altair_interfaces/altair_interfaces/srv/detail/trigger_control__rosidl_typesupport_fastrtps_c.h
[20.794s] -- Symlinking: /home/altair/altair_framework/install/altair_interfaces/include/altair_interfaces/altair_interfaces/msg/detail/can_status__rosidl_typesupport_introspection_c.h
[20.796s] -- Symlinking: /home/altair/altair_framework/install/altair_interfaces/include/altair_interfaces/altair_interfaces/msg/detail/mdd_command__rosidl_typesupport_introspection_c.h
[20.802s] -- Symlinking: /home/altair/altair_framework/install/altair_interfaces/include/altair_interfaces/altair_interfaces/msg/detail/mdd_feedback__rosidl_typesupport_introspection_c.h
[20.808s] -- Symlinking: /home/altair/altair_framework/install/altair_interfaces/include/altair_interfaces/altair_interfaces/msg/detail/servo_command__rosidl_typesupport_introspection_c.h
[20.812s] -- Symlinking: /home/altair/altair_framework/install/altair_interfaces/include/altair_interfaces/altair_interfaces/msg/detail/solenoid_command__rosidl_typesupport_introspection_c.h
[20.819s] -- Symlinking: /home/altair/altair_framework/install/altair_interfaces/include/altair_interfaces/altair_interfaces/msg/rosidl_typesupport_introspection_c__visibility_control.h
[20.822s] -- Symlinking: /home/altair/altair_framework/install/altair_interfaces/include/altair_interfaces/altair_interfaces/srv/detail/connect_can__rosidl_typesupport_introspection_c.h
[20.827s] -- Symlinking: /home/altair/altair_framework/install/altair_interfaces/include/altair_interfaces/altair_interfaces/srv/detail/get_available_ports__rosidl_typesupport_introspection_c.h
[20.834s] -- Symlinking: /home/altair/altair_framework/install/altair_interfaces/include/altair_interfaces/altair_interfaces/srv/detail/start_behavior__rosidl_typesupport_introspection_c.h
[20.840s] -- Symlinking: /home/altair/altair_framework/install/altair_interfaces/include/altair_interfaces/altair_interfaces/srv/detail/trigger_control__rosidl_typesupport_introspection_c.h
[20.846s] -- Symlinking: /home/altair/altair_framework/install/altair_interfaces/include/altair_interfaces/altair_interfaces/msg/can_status.hpp
[20.853s] -- Symlinking: /home/altair/altair_framework/install/altair_interfaces/include/altair_interfaces/altair_interfaces/msg/detail/can_status__builder.hpp
[20.858s] -- Symlinking: /home/altair/altair_framework/install/altair_interfaces/include/altair_interfaces/altair_interfaces/msg/detail/can_status__struct.hpp
[20.863s] -- Symlinking: /home/altair/altair_framework/install/altair_interfaces/include/altair_interfaces/altair_interfaces/msg/detail/can_status__traits.hpp
[20.871s] -- Symlinking: /home/altair/altair_framework/install/altair_interfaces/include/altair_interfaces/altair_interfaces/msg/detail/can_status__type_support.hpp
[20.875s] -- Symlinking: /home/altair/altair_framework/install/altair_interfaces/include/altair_interfaces/altair_interfaces/msg/detail/mdd_command__builder.hpp
[20.880s] -- Symlinking: /home/altair/altair_framework/install/altair_interfaces/include/altair_interfaces/altair_interfaces/msg/detail/mdd_command__struct.hpp
[20.886s] -- Symlinking: /home/altair/altair_framework/install/altair_interfaces/include/altair_interfaces/altair_interfaces/msg/detail/mdd_command__traits.hpp
[20.891s] -- Symlinking: /home/altair/altair_framework/install/altair_interfaces/include/altair_interfaces/altair_interfaces/msg/detail/mdd_command__type_support.hpp
[20.897s] -- Symlinking: /home/altair/altair_framework/install/altair_interfaces/include/altair_interfaces/altair_interfaces/msg/detail/mdd_feedback__builder.hpp
[20.902s] -- Symlinking: /home/altair/altair_framework/install/altair_interfaces/include/altair_interfaces/altair_interfaces/msg/detail/mdd_feedback__struct.hpp
[20.907s] -- Symlinking: /home/altair/altair_framework/install/altair_interfaces/include/altair_interfaces/altair_interfaces/msg/detail/mdd_feedback__traits.hpp
[20.912s] -- Symlinking: /home/altair/altair_framework/install/altair_interfaces/include/altair_interfaces/altair_interfaces/msg/detail/mdd_feedback__type_support.hpp
[20.918s] -- Symlinking: /home/altair/altair_framework/install/altair_interfaces/include/altair_interfaces/altair_interfaces/msg/detail/servo_command__builder.hpp
[20.924s] -- Symlinking: /home/altair/altair_framework/install/altair_interfaces/include/altair_interfaces/altair_interfaces/msg/detail/servo_command__struct.hpp
[20.927s] -- Symlinking: /home/altair/altair_framework/install/altair_interfaces/include/altair_interfaces/altair_interfaces/msg/detail/servo_command__traits.hpp
[20.932s] -- Symlinking: /home/altair/altair_framework/install/altair_interfaces/include/altair_interfaces/altair_interfaces/msg/detail/servo_command__type_support.hpp
[20.939s] -- Symlinking: /home/altair/altair_framework/install/altair_interfaces/include/altair_interfaces/altair_interfaces/msg/detail/solenoid_command__builder.hpp
[20.943s] -- Symlinking: /home/altair/altair_framework/install/altair_interfaces/include/altair_interfaces/altair_interfaces/msg/detail/solenoid_command__struct.hpp
[20.948s] -- Symlinking: /home/altair/altair_framework/install/altair_interfaces/include/altair_interfaces/altair_interfaces/msg/detail/solenoid_command__traits.hpp
[20.955s] -- Symlinking: /home/altair/altair_framework/install/altair_interfaces/include/altair_interfaces/altair_interfaces/msg/detail/solenoid_command__type_support.hpp
[20.962s] -- Symlinking: /home/altair/altair_framework/install/altair_interfaces/include/altair_interfaces/altair_interfaces/msg/mdd_command.hpp
[20.965s] -- Symlinking: /home/altair/altair_framework/install/altair_interfaces/include/altair_interfaces/altair_interfaces/msg/mdd_feedback.hpp
[20.971s] -- Symlinking: /home/altair/altair_framework/install/altair_interfaces/include/altair_interfaces/altair_interfaces/msg/rosidl_generator_cpp__visibility_control.hpp
[20.976s] -- Symlinking: /home/altair/altair_framework/install/altair_interfaces/include/altair_interfaces/altair_interfaces/msg/servo_command.hpp
[20.981s] -- Symlinking: /home/altair/altair_framework/install/altair_interfaces/include/altair_interfaces/altair_interfaces/msg/solenoid_command.hpp
[20.987s] -- Symlinking: /home/altair/altair_framework/install/altair_interfaces/include/altair_interfaces/altair_interfaces/srv/connect_can.hpp
[20.991s] -- Symlinking: /home/altair/altair_framework/install/altair_interfaces/include/altair_interfaces/altair_interfaces/srv/detail/connect_can__builder.hpp
[20.996s] -- Symlinking: /home/altair/altair_framework/install/altair_interfaces/include/altair_interfaces/altair_interfaces/srv/detail/connect_can__struct.hpp
[21.002s] -- Symlinking: /home/altair/altair_framework/install/altair_interfaces/include/altair_interfaces/altair_interfaces/srv/detail/connect_can__traits.hpp
[21.006s] -- Symlinking: /home/altair/altair_framework/install/altair_interfaces/include/altair_interfaces/altair_interfaces/srv/detail/connect_can__type_support.hpp
[21.011s] -- Symlinking: /home/altair/altair_framework/install/altair_interfaces/include/altair_interfaces/altair_interfaces/srv/detail/get_available_ports__builder.hpp
[21.017s] -- Symlinking: /home/altair/altair_framework/install/altair_interfaces/include/altair_interfaces/altair_interfaces/srv/detail/get_available_ports__struct.hpp
[21.022s] -- Symlinking: /home/altair/altair_framework/install/altair_interfaces/include/altair_interfaces/altair_interfaces/srv/detail/get_available_ports__traits.hpp
[21.027s] -- Symlinking: /home/altair/altair_framework/install/altair_interfaces/include/altair_interfaces/altair_interfaces/srv/detail/get_available_ports__type_support.hpp
[21.033s] -- Symlinking: /home/altair/altair_framework/install/altair_interfaces/include/altair_interfaces/altair_interfaces/srv/detail/start_behavior__builder.hpp
[21.038s] -- Symlinking: /home/altair/altair_framework/install/altair_interfaces/include/altair_interfaces/altair_interfaces/srv/detail/start_behavior__struct.hpp
[21.043s] -- Symlinking: /home/altair/altair_framework/install/altair_interfaces/include/altair_interfaces/altair_interfaces/srv/detail/start_behavior__traits.hpp
[21.048s] -- Symlinking: /home/altair/altair_framework/install/altair_interfaces/include/altair_interfaces/altair_interfaces/srv/detail/start_behavior__type_support.hpp
[21.054s] -- Symlinking: /home/altair/altair_framework/install/altair_interfaces/include/altair_interfaces/altair_interfaces/srv/detail/trigger_control__builder.hpp
[21.058s] -- Symlinking: /home/altair/altair_framework/install/altair_interfaces/include/altair_interfaces/altair_interfaces/srv/detail/trigger_control__struct.hpp
[21.064s] -- Symlinking: /home/altair/altair_framework/install/altair_interfaces/include/altair_interfaces/altair_interfaces/srv/detail/trigger_control__traits.hpp
[21.070s] -- Symlinking: /home/altair/altair_framework/install/altair_interfaces/include/altair_interfaces/altair_interfaces/srv/detail/trigger_control__type_support.hpp
[21.074s] -- Symlinking: /home/altair/altair_framework/install/altair_interfaces/include/altair_interfaces/altair_interfaces/srv/get_available_ports.hpp
[21.078s] -- Symlinking: /home/altair/altair_framework/install/altair_interfaces/include/altair_interfaces/altair_interfaces/srv/start_behavior.hpp
[21.083s] -- Symlinking: /home/altair/altair_framework/install/altair_interfaces/include/altair_interfaces/altair_interfaces/srv/trigger_control.hpp
[21.089s] -- Symlinking: /home/altair/altair_framework/install/altair_interfaces/include/altair_interfaces/altair_interfaces/msg/detail/can_status__rosidl_typesupport_fastrtps_cpp.hpp
[21.094s] -- Symlinking: /home/altair/altair_framework/install/altair_interfaces/include/altair_interfaces/altair_interfaces/msg/detail/mdd_command__rosidl_typesupport_fastrtps_cpp.hpp
[21.100s] -- Symlinking: /home/altair/altair_framework/install/altair_interfaces/include/altair_interfaces/altair_interfaces/msg/detail/mdd_feedback__rosidl_typesupport_fastrtps_cpp.hpp
[21.105s] -- Symlinking: /home/altair/altair_framework/install/altair_interfaces/include/altair_interfaces/altair_interfaces/msg/detail/servo_command__rosidl_typesupport_fastrtps_cpp.hpp
[21.110s] -- Symlinking: /home/altair/altair_framework/install/altair_interfaces/include/altair_interfaces/altair_interfaces/msg/detail/solenoid_command__rosidl_typesupport_fastrtps_cpp.hpp
[21.115s] -- Symlinking: /home/altair/altair_framework/install/altair_interfaces/include/altair_interfaces/altair_interfaces/msg/rosidl_typesupport_fastrtps_cpp__visibility_control.h
[21.120s] -- Symlinking: /home/altair/altair_framework/install/altair_interfaces/include/altair_interfaces/altair_interfaces/srv/detail/connect_can__rosidl_typesupport_fastrtps_cpp.hpp
[21.124s] -- Symlinking: /home/altair/altair_framework/install/altair_interfaces/include/altair_interfaces/altair_interfaces/srv/detail/get_available_ports__rosidl_typesupport_fastrtps_cpp.hpp
[21.129s] -- Symlinking: /home/altair/altair_framework/install/altair_interfaces/include/altair_interfaces/altair_interfaces/srv/detail/start_behavior__rosidl_typesupport_fastrtps_cpp.hpp
[21.135s] -- Symlinking: /home/altair/altair_framework/install/altair_interfaces/include/altair_interfaces/altair_interfaces/srv/detail/trigger_control__rosidl_typesupport_fastrtps_cpp.hpp
[21.140s] -- Symlinking: /home/altair/altair_framework/install/altair_interfaces/include/altair_interfaces/altair_interfaces/msg/detail/can_status__rosidl_typesupport_introspection_cpp.hpp
[21.145s] -- Symlinking: /home/altair/altair_framework/install/altair_interfaces/include/altair_interfaces/altair_interfaces/msg/detail/mdd_command__rosidl_typesupport_introspection_cpp.hpp
[21.150s] -- Symlinking: /home/altair/altair_framework/install/altair_interfaces/include/altair_interfaces/altair_interfaces/msg/detail/mdd_feedback__rosidl_typesupport_introspection_cpp.hpp
[21.155s] -- Symlinking: /home/altair/altair_framework/install/altair_interfaces/include/altair_interfaces/altair_interfaces/msg/detail/servo_command__rosidl_typesupport_introspection_cpp.hpp
[21.160s] -- Symlinking: /home/altair/altair_framework/install/altair_interfaces/include/altair_interfaces/altair_interfaces/msg/detail/solenoid_command__rosidl_typesupport_introspection_cpp.hpp
[21.167s] -- Symlinking: /home/altair/altair_framework/install/altair_interfaces/include/altair_interfaces/altair_interfaces/srv/detail/connect_can__rosidl_typesupport_introspection_cpp.hpp
[21.171s] -- Symlinking: /home/altair/altair_framework/install/altair_interfaces/include/altair_interfaces/altair_interfaces/srv/detail/get_available_ports__rosidl_typesupport_introspection_cpp.hpp
[21.175s] -- Symlinking: /home/altair/altair_framework/install/altair_interfaces/include/altair_interfaces/altair_interfaces/srv/detail/start_behavior__rosidl_typesupport_introspection_cpp.hpp
[21.184s] -- Symlinking: /home/altair/altair_framework/install/altair_interfaces/include/altair_interfaces/altair_interfaces/srv/detail/trigger_control__rosidl_typesupport_introspection_cpp.hpp
[21.190s] -- Symlinking: /home/altair/altair_framework/install/altair_interfaces/share/altair_interfaces/environment/pythonpath.sh
[21.195s] -- Symlinking: /home/altair/altair_framework/install/altair_interfaces/share/altair_interfaces/environment/pythonpath.dsv
[21.201s] -- Symlinking: /home/altair/altair_framework/install/altair_interfaces/local/lib/python3.10/dist-packages/altair_interfaces-1.0.0-py3.10.egg-info/PKG-INFO
[21.206s] -- Symlinking: /home/altair/altair_framework/install/altair_interfaces/local/lib/python3.10/dist-packages/altair_interfaces-1.0.0-py3.10.egg-info/SOURCES.txt
[21.212s] -- Symlinking: /home/altair/altair_framework/install/altair_interfaces/local/lib/python3.10/dist-packages/altair_interfaces-1.0.0-py3.10.egg-info/dependency_links.txt
[21.218s] -- Symlinking: /home/altair/altair_framework/install/altair_interfaces/local/lib/python3.10/dist-packages/altair_interfaces-1.0.0-py3.10.egg-info/top_level.txt
[21.224s] -- Symlinking: /home/altair/altair_framework/install/altair_interfaces/local/lib/python3.10/dist-packages/altair_interfaces/__init__.py
[21.229s] -- Symlinking: /home/altair/altair_framework/install/altair_interfaces/local/lib/python3.10/dist-packages/altair_interfaces/_altair_interfaces_s.ep.rosidl_typesupport_c.c
[21.235s] -- Symlinking: /home/altair/altair_framework/install/altair_interfaces/local/lib/python3.10/dist-packages/altair_interfaces/_altair_interfaces_s.ep.rosidl_typesupport_fastrtps_c.c
[21.242s] -- Symlinking: /home/altair/altair_framework/install/altair_interfaces/local/lib/python3.10/dist-packages/altair_interfaces/_altair_interfaces_s.ep.rosidl_typesupport_introspection_c.c
[21.248s] -- Symlinking: /home/altair/altair_framework/install/altair_interfaces/local/lib/python3.10/dist-packages/altair_interfaces/altair_interfaces_s__rosidl_typesupport_c.cpython-310-x86_64-linux-gnu.so
[21.253s] -- Symlinking: /home/altair/altair_framework/install/altair_interfaces/local/lib/python3.10/dist-packages/altair_interfaces/altair_interfaces_s__rosidl_typesupport_fastrtps_c.cpython-310-x86_64-linux-gnu.so
[21.258s] -- Symlinking: /home/altair/altair_framework/install/altair_interfaces/local/lib/python3.10/dist-packages/altair_interfaces/altair_interfaces_s__rosidl_typesupport_introspection_c.cpython-310-x86_64-linux-gnu.so
[21.263s] -- Symlinking: /home/altair/altair_framework/install/altair_interfaces/local/lib/python3.10/dist-packages/altair_interfaces/libaltair_interfaces__rosidl_generator_py.so
[21.268s] -- Symlinking: /home/altair/altair_framework/install/altair_interfaces/local/lib/python3.10/dist-packages/altair_interfaces/msg/__init__.py
[21.273s] -- Symlinking: /home/altair/altair_framework/install/altair_interfaces/local/lib/python3.10/dist-packages/altair_interfaces/msg/_can_status.py
[21.278s] -- Symlinking: /home/altair/altair_framework/install/altair_interfaces/local/lib/python3.10/dist-packages/altair_interfaces/msg/_can_status_s.c
[21.283s] -- Symlinking: /home/altair/altair_framework/install/altair_interfaces/local/lib/python3.10/dist-packages/altair_interfaces/msg/_mdd_command.py
[21.288s] -- Symlinking: /home/altair/altair_framework/install/altair_interfaces/local/lib/python3.10/dist-packages/altair_interfaces/msg/_mdd_command_s.c
[21.292s] -- Symlinking: /home/altair/altair_framework/install/altair_interfaces/local/lib/python3.10/dist-packages/altair_interfaces/msg/_mdd_feedback.py
[21.299s] -- Symlinking: /home/altair/altair_framework/install/altair_interfaces/local/lib/python3.10/dist-packages/altair_interfaces/msg/_mdd_feedback_s.c
[21.302s] -- Symlinking: /home/altair/altair_framework/install/altair_interfaces/local/lib/python3.10/dist-packages/altair_interfaces/msg/_servo_command.py
[21.307s] -- Symlinking: /home/altair/altair_framework/install/altair_interfaces/local/lib/python3.10/dist-packages/altair_interfaces/msg/_servo_command_s.c
[21.311s] -- Symlinking: /home/altair/altair_framework/install/altair_interfaces/local/lib/python3.10/dist-packages/altair_interfaces/msg/_solenoid_command.py
[21.317s] -- Symlinking: /home/altair/altair_framework/install/altair_interfaces/local/lib/python3.10/dist-packages/altair_interfaces/msg/_solenoid_command_s.c
[21.321s] -- Symlinking: /home/altair/altair_framework/install/altair_interfaces/local/lib/python3.10/dist-packages/altair_interfaces/srv/__init__.py
[21.326s] -- Symlinking: /home/altair/altair_framework/install/altair_interfaces/local/lib/python3.10/dist-packages/altair_interfaces/srv/_connect_can.py
[21.332s] -- Symlinking: /home/altair/altair_framework/install/altair_interfaces/local/lib/python3.10/dist-packages/altair_interfaces/srv/_connect_can_s.c
[21.339s] -- Symlinking: /home/altair/altair_framework/install/altair_interfaces/local/lib/python3.10/dist-packages/altair_interfaces/srv/_get_available_ports.py
[21.344s] -- Symlinking: /home/altair/altair_framework/install/altair_interfaces/local/lib/python3.10/dist-packages/altair_interfaces/srv/_get_available_ports_s.c
[21.350s] -- Symlinking: /home/altair/altair_framework/install/altair_interfaces/local/lib/python3.10/dist-packages/altair_interfaces/srv/_start_behavior.py
[21.356s] -- Symlinking: /home/altair/altair_framework/install/altair_interfaces/local/lib/python3.10/dist-packages/altair_interfaces/srv/_start_behavior_s.c
[21.359s] -- Symlinking: /home/altair/altair_framework/install/altair_interfaces/local/lib/python3.10/dist-packages/altair_interfaces/srv/_trigger_control.py
[21.364s] -- Symlinking: /home/altair/altair_framework/install/altair_interfaces/local/lib/python3.10/dist-packages/altair_interfaces/srv/_trigger_control_s.c
[21.371s] -- Up-to-date symlink: /home/altair/altair_framework/install/altair_interfaces/local/lib/python3.10/dist-packages/altair_interfaces/altair_interfaces_s__rosidl_typesupport_fastrtps_c.cpython-310-x86_64-linux-gnu.so
[21.372s] -- Up-to-date symlink: /home/altair/altair_framework/install/altair_interfaces/local/lib/python3.10/dist-packages/altair_interfaces/altair_interfaces_s__rosidl_typesupport_introspection_c.cpython-310-x86_64-linux-gnu.so
[21.372s] -- Up-to-date symlink: /home/altair/altair_framework/install/altair_interfaces/local/lib/python3.10/dist-packages/altair_interfaces/altair_interfaces_s__rosidl_typesupport_c.cpython-310-x86_64-linux-gnu.so
[21.372s] -- Symlinking: /home/altair/altair_framework/install/altair_interfaces/share/ament_index/resource_index/rust_packages/altair_interfaces
[21.377s] -- Symlinking: /home/altair/altair_framework/install/altair_interfaces/share/altair_interfaces/rust/Cargo.toml
[21.382s] -- Symlinking: /home/altair/altair_framework/install/altair_interfaces/share/altair_interfaces/rust/build.rs
[21.388s] -- Symlinking: /home/altair/altair_framework/install/altair_interfaces/share/altair_interfaces/rust/src/lib.rs
[21.391s] -- Symlinking: /home/altair/altair_framework/install/altair_interfaces/share/altair_interfaces/rust/src/msg.rs
[21.396s] -- Symlinking: /home/altair/altair_framework/install/altair_interfaces/share/altair_interfaces/rust/src/msg/rmw.rs
[21.401s] -- Symlinking: /home/altair/altair_framework/install/altair_interfaces/share/altair_interfaces/rust/src/srv.rs
[21.405s] -- Symlinking: /home/altair/altair_framework/install/altair_interfaces/share/altair_interfaces/rust/src/srv/rmw.rs
[21.410s] -- Symlinking: /home/altair/altair_framework/install/altair_interfaces/share/altair_interfaces/msg/CanStatus.idl
[21.415s] -- Symlinking: /home/altair/altair_framework/install/altair_interfaces/share/altair_interfaces/msg/MddFeedback.idl
[21.421s] -- Symlinking: /home/altair/altair_framework/install/altair_interfaces/share/altair_interfaces/msg/MddCommand.idl
[21.426s] -- Symlinking: /home/altair/altair_framework/install/altair_interfaces/share/altair_interfaces/msg/ServoCommand.idl
[21.432s] -- Symlinking: /home/altair/altair_framework/install/altair_interfaces/share/altair_interfaces/msg/SolenoidCommand.idl
[21.439s] -- Symlinking: /home/altair/altair_framework/install/altair_interfaces/share/altair_interfaces/srv/TriggerControl.idl
[21.443s] -- Symlinking: /home/altair/altair_framework/install/altair_interfaces/share/altair_interfaces/srv/GetAvailablePorts.idl
[21.449s] -- Symlinking: /home/altair/altair_framework/install/altair_interfaces/share/altair_interfaces/srv/ConnectCan.idl
[21.454s] -- Symlinking: /home/altair/altair_framework/install/altair_interfaces/share/altair_interfaces/srv/StartBehavior.idl
[21.459s] -- Symlinking: /home/altair/altair_framework/install/altair_interfaces/share/altair_interfaces/msg/CanStatus.msg
[21.464s] -- Symlinking: /home/altair/altair_framework/install/altair_interfaces/share/altair_interfaces/msg/MddFeedback.msg
[21.469s] -- Symlinking: /home/altair/altair_framework/install/altair_interfaces/share/altair_interfaces/msg/MddCommand.msg
[21.474s] -- Symlinking: /home/altair/altair_framework/install/altair_interfaces/share/altair_interfaces/msg/ServoCommand.msg
[21.479s] -- Symlinking: /home/altair/altair_framework/install/altair_interfaces/share/altair_interfaces/msg/SolenoidCommand.msg
[21.486s] -- Symlinking: /home/altair/altair_framework/install/altair_interfaces/share/altair_interfaces/srv/TriggerControl.srv
[21.489s] -- Symlinking: /home/altair/altair_framework/install/altair_interfaces/share/altair_interfaces/srv/TriggerControl_Request.msg
[21.495s] -- Symlinking: /home/altair/altair_framework/install/altair_interfaces/share/altair_interfaces/srv/TriggerControl_Response.msg
[21.500s] -- Symlinking: /home/altair/altair_framework/install/altair_interfaces/share/altair_interfaces/srv/GetAvailablePorts.srv
[21.506s] -- Symlinking: /home/altair/altair_framework/install/altair_interfaces/share/altair_interfaces/srv/GetAvailablePorts_Request.msg
[21.511s] -- Symlinking: /home/altair/altair_framework/install/altair_interfaces/share/altair_interfaces/srv/GetAvailablePorts_Response.msg
[21.518s] -- Symlinking: /home/altair/altair_framework/install/altair_interfaces/share/altair_interfaces/srv/ConnectCan.srv
[21.523s] -- Symlinking: /home/altair/altair_framework/install/altair_interfaces/share/altair_interfaces/srv/ConnectCan_Request.msg
[21.529s] -- Symlinking: /home/altair/altair_framework/install/altair_interfaces/share/altair_interfaces/srv/ConnectCan_Response.msg
[21.536s] -- Symlinking: /home/altair/altair_framework/install/altair_interfaces/share/altair_interfaces/srv/StartBehavior.srv
[21.541s] -- Symlinking: /home/altair/altair_framework/install/altair_interfaces/share/altair_interfaces/srv/StartBehavior_Request.msg
[21.547s] -- Symlinking: /home/altair/altair_framework/install/altair_interfaces/share/altair_interfaces/srv/StartBehavior_Response.msg
[21.553s] -- Symlinking: /home/altair/altair_framework/install/altair_interfaces/share/ament_index/resource_index/package_run_dependencies/altair_interfaces
[21.558s] -- Symlinking: /home/altair/altair_framework/install/altair_interfaces/share/ament_index/resource_index/parent_prefix_path/altair_interfaces
[21.565s] -- Symlinking: /home/altair/altair_framework/install/altair_interfaces/share/altair_interfaces/environment/ament_prefix_path.sh
[21.570s] -- Symlinking: /home/altair/altair_framework/install/altair_interfaces/share/altair_interfaces/environment/ament_prefix_path.dsv
[21.575s] -- Symlinking: /home/altair/altair_framework/install/altair_interfaces/share/altair_interfaces/environment/path.sh
[21.581s] -- Symlinking: /home/altair/altair_framework/install/altair_interfaces/share/altair_interfaces/environment/path.dsv
[21.586s] -- Symlinking: /home/altair/altair_framework/install/altair_interfaces/share/altair_interfaces/local_setup.bash
[21.591s] -- Symlinking: /home/altair/altair_framework/install/altair_interfaces/share/altair_interfaces/local_setup.sh
[21.596s] -- Symlinking: /home/altair/altair_framework/install/altair_interfaces/share/altair_interfaces/local_setup.zsh
[21.603s] -- Symlinking: /home/altair/altair_framework/install/altair_interfaces/share/altair_interfaces/local_setup.dsv
[21.608s] -- Symlinking: /home/altair/altair_framework/install/altair_interfaces/share/altair_interfaces/package.dsv
[21.615s] -- Symlinking: /home/altair/altair_framework/install/altair_interfaces/share/ament_index/resource_index/packages/altair_interfaces
[21.619s] -- Symlinking: /home/altair/altair_framework/install/altair_interfaces/share/altair_interfaces/cmake/rosidl_cmake-extras.cmake
[21.624s] -- Symlinking: /home/altair/altair_framework/install/altair_interfaces/share/altair_interfaces/cmake/ament_cmake_export_include_directories-extras.cmake
[21.630s] -- Symlinking: /home/altair/altair_framework/install/altair_interfaces/share/altair_interfaces/cmake/ament_cmake_export_libraries-extras.cmake
[21.637s] -- Symlinking: /home/altair/altair_framework/install/altair_interfaces/share/altair_interfaces/cmake/ament_cmake_export_targets-extras.cmake
[21.641s] -- Symlinking: /home/altair/altair_framework/install/altair_interfaces/share/altair_interfaces/cmake/rosidl_cmake_export_typesupport_targets-extras.cmake
[21.647s] -- Symlinking: /home/altair/altair_framework/install/altair_interfaces/share/altair_interfaces/cmake/ament_cmake_export_dependencies-extras.cmake
[21.652s] -- Symlinking: /home/altair/altair_framework/install/altair_interfaces/share/altair_interfaces/cmake/rosidl_cmake_export_typesupport_libraries-extras.cmake
[21.657s] -- Symlinking: /home/altair/altair_framework/install/altair_interfaces/share/altair_interfaces/cmake/altair_interfacesConfig.cmake
[21.662s] -- Symlinking: /home/altair/altair_framework/install/altair_interfaces/share/altair_interfaces/cmake/altair_interfacesConfig-version.cmake
[21.668s] -- Symlinking: /home/altair/altair_framework/install/altair_interfaces/share/altair_interfaces/package.xml
[21.673s] -- Installing: /home/altair/altair_framework/install/altair_interfaces/lib/libaltair_interfaces__rosidl_generator_c.so
[21.673s] -- Set runtime path of "/home/altair/altair_framework/install/altair_interfaces/lib/libaltair_interfaces__rosidl_generator_c.so" to ""
[21.674s] -- Installing: /home/altair/altair_framework/install/altair_interfaces/lib/libaltair_interfaces__rosidl_typesupport_fastrtps_c.so
[21.674s] -- Set runtime path of "/home/altair/altair_framework/install/altair_interfaces/lib/libaltair_interfaces__rosidl_typesupport_fastrtps_c.so" to ""
[21.675s] -- Installing: /home/altair/altair_framework/install/altair_interfaces/lib/libaltair_interfaces__rosidl_typesupport_introspection_c.so
[21.675s] -- Set runtime path of "/home/altair/altair_framework/install/altair_interfaces/lib/libaltair_interfaces__rosidl_typesupport_introspection_c.so" to ""
[21.676s] -- Installing: /home/altair/altair_framework/install/altair_interfaces/lib/libaltair_interfaces__rosidl_typesupport_c.so
[21.676s] -- Set runtime path of "/home/altair/altair_framework/install/altair_interfaces/lib/libaltair_interfaces__rosidl_typesupport_c.so" to ""
[21.677s] -- Installing: /home/altair/altair_framework/install/altair_interfaces/lib/libaltair_interfaces__rosidl_typesupport_fastrtps_cpp.so
[21.677s] -- Set runtime path of "/home/altair/altair_framework/install/altair_interfaces/lib/libaltair_interfaces__rosidl_typesupport_fastrtps_cpp.so" to ""
[21.678s] -- Installing: /home/altair/altair_framework/install/altair_interfaces/lib/libaltair_interfaces__rosidl_typesupport_introspection_cpp.so
[21.681s] -- Set runtime path of "/home/altair/altair_framework/install/altair_interfaces/lib/libaltair_interfaces__rosidl_typesupport_introspection_cpp.so" to ""
[21.681s] -- Installing: /home/altair/altair_framework/install/altair_interfaces/lib/libaltair_interfaces__rosidl_typesupport_cpp.so
[21.681s] -- Set runtime path of "/home/altair/altair_framework/install/altair_interfaces/lib/libaltair_interfaces__rosidl_typesupport_cpp.so" to ""
[21.764s] Listing '/home/altair/altair_framework/install/altair_interfaces/local/lib/python3.10/dist-packages/altair_interfaces'...
[21.764s] Compiling '/home/altair/altair_framework/install/altair_interfaces/local/lib/python3.10/dist-packages/altair_interfaces/__init__.py'...
[21.764s] Listing '/home/altair/altair_framework/install/altair_interfaces/local/lib/python3.10/dist-packages/altair_interfaces/msg'...
[21.764s] Compiling '/home/altair/altair_framework/install/altair_interfaces/local/lib/python3.10/dist-packages/altair_interfaces/msg/__init__.py'...
[21.764s] Compiling '/home/altair/altair_framework/install/altair_interfaces/local/lib/python3.10/dist-packages/altair_interfaces/msg/_can_status.py'...
[21.764s] Compiling '/home/altair/altair_framework/install/altair_interfaces/local/lib/python3.10/dist-packages/altair_interfaces/msg/_mdd_command.py'...
[21.764s] Compiling '/home/altair/altair_framework/install/altair_interfaces/local/lib/python3.10/dist-packages/altair_interfaces/msg/_mdd_feedback.py'...
[21.764s] Compiling '/home/altair/altair_framework/install/altair_interfaces/local/lib/python3.10/dist-packages/altair_interfaces/msg/_servo_command.py'...
[21.764s] Compiling '/home/altair/altair_framework/install/altair_interfaces/local/lib/python3.10/dist-packages/altair_interfaces/msg/_solenoid_command.py'...
[21.764s] Listing '/home/altair/altair_framework/install/altair_interfaces/local/lib/python3.10/dist-packages/altair_interfaces/srv'...
[21.764s] Compiling '/home/altair/altair_framework/install/altair_interfaces/local/lib/python3.10/dist-packages/altair_interfaces/srv/__init__.py'...
[21.764s] Compiling '/home/altair/altair_framework/install/altair_interfaces/local/lib/python3.10/dist-packages/altair_interfaces/srv/_connect_can.py'...
[21.764s] Compiling '/home/altair/altair_framework/install/altair_interfaces/local/lib/python3.10/dist-packages/altair_interfaces/srv/_get_available_ports.py'...
[21.765s] Compiling '/home/altair/altair_framework/install/altair_interfaces/local/lib/python3.10/dist-packages/altair_interfaces/srv/_start_behavior.py'...
[21.765s] Compiling '/home/altair/altair_framework/install/altair_interfaces/local/lib/python3.10/dist-packages/altair_interfaces/srv/_trigger_control.py'...
[21.777s] -- Installing: /home/altair/altair_framework/install/altair_interfaces/lib/libaltair_interfaces__rosidl_generator_py.so
[21.778s] -- Set runtime path of "/home/altair/altair_framework/install/altair_interfaces/lib/libaltair_interfaces__rosidl_generator_py.so" to ""
[21.778s] -- Installing: /home/altair/altair_framework/install/altair_interfaces/share/altair_interfaces/cmake/export_altair_interfaces__rosidl_generator_cExport.cmake
[21.778s] -- Installing: /home/altair/altair_framework/install/altair_interfaces/share/altair_interfaces/cmake/export_altair_interfaces__rosidl_generator_cExport-noconfig.cmake
[21.778s] -- Installing: /home/altair/altair_framework/install/altair_interfaces/share/altair_interfaces/cmake/export_altair_interfaces__rosidl_typesupport_fastrtps_cExport.cmake
[21.778s] -- Installing: /home/altair/altair_framework/install/altair_interfaces/share/altair_interfaces/cmake/export_altair_interfaces__rosidl_typesupport_fastrtps_cExport-noconfig.cmake
[21.779s] -- Installing: /home/altair/altair_framework/install/altair_interfaces/share/altair_interfaces/cmake/altair_interfaces__rosidl_typesupport_introspection_cExport.cmake
[21.779s] -- Installing: /home/altair/altair_framework/install/altair_interfaces/share/altair_interfaces/cmake/altair_interfaces__rosidl_typesupport_introspection_cExport-noconfig.cmake
[21.779s] -- Installing: /home/altair/altair_framework/install/altair_interfaces/share/altair_interfaces/cmake/altair_interfaces__rosidl_typesupport_cExport.cmake
[21.779s] -- Installing: /home/altair/altair_framework/install/altair_interfaces/share/altair_interfaces/cmake/altair_interfaces__rosidl_typesupport_cExport-noconfig.cmake
[21.780s] -- Installing: /home/altair/altair_framework/install/altair_interfaces/share/altair_interfaces/cmake/export_altair_interfaces__rosidl_generator_cppExport.cmake
[21.780s] -- Installing: /home/altair/altair_framework/install/altair_interfaces/share/altair_interfaces/cmake/export_altair_interfaces__rosidl_typesupport_fastrtps_cppExport.cmake
[21.780s] -- Installing: /home/altair/altair_framework/install/altair_interfaces/share/altair_interfaces/cmake/export_altair_interfaces__rosidl_typesupport_fastrtps_cppExport-noconfig.cmake
[21.780s] -- Installing: /home/altair/altair_framework/install/altair_interfaces/share/altair_interfaces/cmake/altair_interfaces__rosidl_typesupport_introspection_cppExport.cmake
[21.780s] -- Installing: /home/altair/altair_framework/install/altair_interfaces/share/altair_interfaces/cmake/altair_interfaces__rosidl_typesupport_introspection_cppExport-noconfig.cmake
[21.781s] -- Installing: /home/altair/altair_framework/install/altair_interfaces/share/altair_interfaces/cmake/altair_interfaces__rosidl_typesupport_cppExport.cmake
[21.782s] -- Installing: /home/altair/altair_framework/install/altair_interfaces/share/altair_interfaces/cmake/altair_interfaces__rosidl_typesupport_cppExport-noconfig.cmake
[21.782s] -- Installing: /home/altair/altair_framework/install/altair_interfaces/share/altair_interfaces/cmake/export_altair_interfaces__rosidl_generator_pyExport.cmake
[21.782s] -- Installing: /home/altair/altair_framework/install/altair_interfaces/share/altair_interfaces/cmake/export_altair_interfaces__rosidl_generator_pyExport-noconfig.cmake
[21.785s] Invoked command in '/home/altair/altair_framework/build/altair_interfaces' returned '0': CMAKE_PREFIX_PATH=/opt/ros/humble /usr/bin/cmake --install /home/altair/altair_framework/build/altair_interfaces
