[0.032s] Invoking command in '/home/altair/altair_framework/build/altair_can_bridge': AMENT_PREFIX_PATH=/home/altair/altair_framework/install/altair_interfaces:${AMENT_PREFIX_PATH} CMAKE_PREFIX_PATH=/home/altair/altair_framework/install/altair_interfaces:/opt/ros/humble LD_LIBRARY_PATH=/home/altair/altair_framework/install/altair_interfaces/lib:${LD_LIBRARY_PATH} PYTHONPATH=/home/altair/altair_framework/install/altair_interfaces/local/lib/python3.10/dist-packages:${PYTHONPATH} /usr/bin/cmake --build /home/altair/altair_framework/build/altair_can_bridge -- -j8 -l8
[0.487s] [100%] Built target can_bridge_node
[0.916s] Invoked command in '/home/altair/altair_framework/build/altair_can_bridge' returned '0': AMENT_PREFIX_PATH=/home/altair/altair_framework/install/altair_interfaces:${AMENT_PREFIX_PATH} CMAKE_PREFIX_PATH=/home/altair/altair_framework/install/altair_interfaces:/opt/ros/humble LD_LIBRARY_PATH=/home/altair/altair_framework/install/altair_interfaces/lib:${LD_LIBRARY_PATH} PYTHONPATH=/home/altair/altair_framework/install/altair_interfaces/local/lib/python3.10/dist-packages:${PYTHONPATH} /usr/bin/cmake --build /home/altair/altair_framework/build/altair_can_bridge -- -j8 -l8
[0.919s] Invoking command in '/home/altair/altair_framework/build/altair_can_bridge': AMENT_PREFIX_PATH=/home/altair/altair_framework/install/altair_interfaces:${AMENT_PREFIX_PATH} CMAKE_PREFIX_PATH=/home/altair/altair_framework/install/altair_interfaces:/opt/ros/humble LD_LIBRARY_PATH=/home/altair/altair_framework/install/altair_interfaces/lib:${LD_LIBRARY_PATH} PYTHONPATH=/home/altair/altair_framework/install/altair_interfaces/local/lib/python3.10/dist-packages:${PYTHONPATH} /usr/bin/cmake --install /home/altair/altair_framework/build/altair_can_bridge
[0.924s] -- Install configuration: ""
[0.927s] -- Execute custom install script
[0.929s] -- Up-to-date symlink: /home/altair/altair_framework/install/altair_can_bridge/lib/altair_can_bridge/can_bridge_node
[0.929s] -- Up-to-date symlink: /home/altair/altair_framework/install/altair_can_bridge/share/ament_index/resource_index/package_run_dependencies/altair_can_bridge
[0.930s] -- Up-to-date symlink: /home/altair/altair_framework/install/altair_can_bridge/share/ament_index/resource_index/parent_prefix_path/altair_can_bridge
[0.930s] -- Up-to-date symlink: /home/altair/altair_framework/install/altair_can_bridge/share/altair_can_bridge/environment/ament_prefix_path.sh
[0.930s] -- Up-to-date symlink: /home/altair/altair_framework/install/altair_can_bridge/share/altair_can_bridge/environment/ament_prefix_path.dsv
[0.933s] -- Up-to-date symlink: /home/altair/altair_framework/install/altair_can_bridge/share/altair_can_bridge/environment/path.sh
[0.934s] -- Up-to-date symlink: /home/altair/altair_framework/install/altair_can_bridge/share/altair_can_bridge/environment/path.dsv
[0.934s] -- Up-to-date symlink: /home/altair/altair_framework/install/altair_can_bridge/share/altair_can_bridge/local_setup.bash
[0.934s] -- Up-to-date symlink: /home/altair/altair_framework/install/altair_can_bridge/share/altair_can_bridge/local_setup.sh
[0.934s] -- Up-to-date symlink: /home/altair/altair_framework/install/altair_can_bridge/share/altair_can_bridge/local_setup.zsh
[0.934s] -- Up-to-date symlink: /home/altair/altair_framework/install/altair_can_bridge/share/altair_can_bridge/local_setup.dsv
[0.934s] -- Symlinking: /home/altair/altair_framework/install/altair_can_bridge/share/altair_can_bridge/package.dsv
[0.936s] -- Up-to-date symlink: /home/altair/altair_framework/install/altair_can_bridge/share/ament_index/resource_index/packages/altair_can_bridge
[0.937s] -- Up-to-date symlink: /home/altair/altair_framework/install/altair_can_bridge/share/altair_can_bridge/cmake/altair_can_bridgeConfig.cmake
[0.937s] -- Up-to-date symlink: /home/altair/altair_framework/install/altair_can_bridge/share/altair_can_bridge/cmake/altair_can_bridgeConfig-version.cmake
[0.937s] -- Up-to-date symlink: /home/altair/altair_framework/install/altair_can_bridge/share/altair_can_bridge/package.xml
[0.938s] -- Up-to-date: /home/altair/altair_framework/install/altair_can_bridge/share/altair_can_bridge/scripts
[0.938s] -- Up-to-date: /home/altair/altair_framework/install/altair_can_bridge/share/altair_can_bridge/scripts/setup_slcan.sh
[0.943s] Invoked command in '/home/altair/altair_framework/build/altair_can_bridge' returned '0': AMENT_PREFIX_PATH=/home/altair/altair_framework/install/altair_interfaces:${AMENT_PREFIX_PATH} CMAKE_PREFIX_PATH=/home/altair/altair_framework/install/altair_interfaces:/opt/ros/humble LD_LIBRARY_PATH=/home/altair/altair_framework/install/altair_interfaces/lib:${LD_LIBRARY_PATH} PYTHONPATH=/home/altair/altair_framework/install/altair_interfaces/local/lib/python3.10/dist-packages:${PYTHONPATH} /usr/bin/cmake --install /home/altair/altair_framework/build/altair_can_bridge
