[3.986s] Invoking command in '/home/altair/altair_framework/build/altair_core': AMENT_PREFIX_PATH=/home/altair/altair_framework/install/altair_interfaces:${AMENT_PREFIX_PATH} CMAKE_PREFIX_PATH=/home/altair/altair_framework/install/altair_interfaces LD_LIBRARY_PATH=/home/altair/altair_framework/install/altair_interfaces/lib:${LD_LIBRARY_PATH} PYTHONPATH=/home/altair/altair_framework/build/altair_core/prefix_override:/usr/lib/python3/dist-packages/colcon_core/task/python/colcon_distutils_commands:/home/altair/altair_framework/install/altair_core/lib/python3.10/site-packages:/home/altair/altair_framework/install/altair_interfaces/local/lib/python3.10/dist-packages:${PYTHONPATH} /usr/bin/python3 -W ignore:setup.py install is deprecated -W ignore:easy_install command is deprecated setup.py develop --editable --build-directory /home/altair/altair_framework/build/altair_core/build --no-deps symlink_data
[5.370s] running develop
[6.519s] running egg_info
[6.607s] creating altair_core.egg-info
[6.607s] writing altair_core.egg-info/PKG-INFO
[6.610s] writing dependency_links to altair_core.egg-info/dependency_links.txt
[6.613s] writing entry points to altair_core.egg-info/entry_points.txt
[6.614s] writing requirements to altair_core.egg-info/requires.txt
[6.614s] writing top-level names to altair_core.egg-info/top_level.txt
[6.614s] writing manifest file 'altair_core.egg-info/SOURCES.txt'
[6.773s] reading manifest file 'altair_core.egg-info/SOURCES.txt'
[6.776s] writing manifest file 'altair_core.egg-info/SOURCES.txt'
[7.007s] running build_ext
[7.009s] Creating /home/altair/altair_framework/install/altair_core/lib/python3.10/site-packages/altair-core.egg-link (link to .)
[7.011s] Installing behavior_runner script to /home/altair/altair_framework/install/altair_core/lib/altair_core
[7.013s] Installing module_manager script to /home/altair/altair_framework/install/altair_core/lib/altair_core
[7.013s] 
[7.015s] Installed /home/altair/altair_framework/build/altair_core
[7.015s] running symlink_data
[7.015s] creating /home/altair/altair_framework/install/altair_core/share/ament_index/resource_index/packages
[7.015s] symbolically linking /home/altair/altair_framework/build/altair_core/resource/altair_core -> /home/altair/altair_framework/install/altair_core/share/ament_index/resource_index/packages
[7.016s] symbolically linking /home/altair/altair_framework/build/altair_core/package.xml -> /home/altair/altair_framework/install/altair_core/share/altair_core
[7.016s] creating /home/altair/altair_framework/install/altair_core/share/altair_core/config
[7.021s] symbolically linking /home/altair/altair_framework/build/altair_core/config/modules_config.json -> /home/altair/altair_framework/install/altair_core/share/altair_core/config
[7.021s] creating /home/altair/altair_framework/install/altair_core/share/altair_core/profiles
[7.021s] symbolically linking /home/altair/altair_framework/build/altair_core/profiles/default_profile.json -> /home/altair/altair_framework/install/altair_core/share/altair_core/profiles
[7.021s] symbolically linking /home/altair/altair_framework/build/altair_core/profiles/arm_test_profile.json -> /home/altair/altair_framework/install/altair_core/share/altair_core/profiles
[7.021s] symbolically linking /home/altair/altair_framework/build/altair_core/profiles/base_only_profile.json -> /home/altair/altair_framework/install/altair_core/share/altair_core/profiles
[7.185s] Invoked command in '/home/altair/altair_framework/build/altair_core' returned '0': AMENT_PREFIX_PATH=/home/altair/altair_framework/install/altair_interfaces:${AMENT_PREFIX_PATH} CMAKE_PREFIX_PATH=/home/altair/altair_framework/install/altair_interfaces LD_LIBRARY_PATH=/home/altair/altair_framework/install/altair_interfaces/lib:${LD_LIBRARY_PATH} PYTHONPATH=/home/altair/altair_framework/build/altair_core/prefix_override:/usr/lib/python3/dist-packages/colcon_core/task/python/colcon_distutils_commands:/home/altair/altair_framework/install/altair_core/lib/python3.10/site-packages:/home/altair/altair_framework/install/altair_interfaces/local/lib/python3.10/dist-packages:${PYTHONPATH} /usr/bin/python3 -W ignore:setup.py install is deprecated -W ignore:easy_install command is deprecated setup.py develop --editable --build-directory /home/altair/altair_framework/build/altair_core/build --no-deps symlink_data
