[0.284s] DEBUG:colcon:Command line arguments: ['/usr/bin/colcon', 'build', '--symlink-install']
[0.285s] DEBUG:colcon:Parsed command line arguments: Namespace(log_base=None, log_level=None, verb_name='build', build_base='build', install_base='install', merge_install=False, symlink_install=True, test_result_base=None, continue_on_error=False, executor='parallel', parallel_workers=8, event_handlers=None, ignore_user_meta=False, metas=['./colcon.meta'], base_paths=['.'], packages_ignore=None, packages_ignore_regex=None, paths=None, packages_up_to=None, packages_up_to_regex=None, packages_above=None, packages_above_and_dependencies=None, packages_above_depth=None, packages_select_by_dep=None, packages_skip_by_dep=None, packages_skip_up_to=None, packages_select_build_failed=False, packages_skip_build_finished=False, packages_select_test_failures=False, packages_skip_test_passed=False, packages_select=None, packages_skip=None, packages_select_regex=None, packages_skip_regex=None, packages_start=None, packages_end=None, allow_overriding=[], cmake_args=None, cmake_target=None, cmake_target_skip_unavailable=False, cmake_clean_cache=False, cmake_clean_first=False, cmake_force_configure=False, ament_cmake_args=None, catkin_cmake_args=None, catkin_skip_building_tests=False, mixin_files=None, mixin=None, verb_parser=<colcon_mixin.mixin.mixin_argument.MixinArgumentDecorator object at 0x7d0b44f73910>, verb_extension=<colcon_core.verb.build.BuildVerb object at 0x7d0b44f733d0>, main=<bound method BuildVerb.main of <colcon_core.verb.build.BuildVerb object at 0x7d0b44f733d0>>, mixin_verb=('build',))
[0.417s] Level 1:colcon.colcon_core.package_discovery:discover_packages(colcon_meta) check parameters
[0.417s] Level 1:colcon.colcon_core.package_discovery:discover_packages(recursive) check parameters
[0.417s] Level 1:colcon.colcon_core.package_discovery:discover_packages(ignore) check parameters
[0.417s] Level 1:colcon.colcon_core.package_discovery:discover_packages(path) check parameters
[0.417s] Level 1:colcon.colcon_core.package_discovery:discover_packages(colcon_meta) discover
[0.417s] Level 1:colcon.colcon_core.package_discovery:discover_packages(recursive) discover
[0.417s] INFO:colcon.colcon_core.package_discovery:Crawling recursively for packages in '/home/altair/altair_framework'
[0.417s] Level 1:colcon.colcon_core.package_identification:_identify(.) by extensions ['ignore', 'ignore_ament_install']
[0.418s] Level 1:colcon.colcon_core.package_identification:_identify(.) by extension 'ignore'
[0.418s] Level 1:colcon.colcon_core.package_identification:_identify(.) by extension 'ignore_ament_install'
[0.418s] Level 1:colcon.colcon_core.package_identification:_identify(.) by extensions ['colcon_pkg']
[0.418s] Level 1:colcon.colcon_core.package_identification:_identify(.) by extension 'colcon_pkg'
[0.418s] Level 1:colcon.colcon_core.package_identification:_identify(.) by extensions ['colcon_meta']
[0.418s] Level 1:colcon.colcon_core.package_identification:_identify(.) by extension 'colcon_meta'
[0.418s] Level 1:colcon.colcon_core.package_identification:_identify(.) by extensions ['ros']
[0.418s] Level 1:colcon.colcon_core.package_identification:_identify(.) by extension 'ros'
[0.454s] Level 1:colcon.colcon_core.package_identification:_identify(.) by extensions ['cmake', 'python']
[0.454s] Level 1:colcon.colcon_core.package_identification:_identify(.) by extension 'cmake'
[0.455s] Level 1:colcon.colcon_core.package_identification:_identify(.) by extension 'python'
[0.455s] Level 1:colcon.colcon_core.package_identification:_identify(.) by extensions ['python_setup_py']
[0.455s] Level 1:colcon.colcon_core.package_identification:_identify(.) by extension 'python_setup_py'
[0.455s] Level 1:colcon.colcon_core.package_identification:_identify(altair_can_bridge) by extensions ['ignore', 'ignore_ament_install']
[0.455s] Level 1:colcon.colcon_core.package_identification:_identify(altair_can_bridge) by extension 'ignore'
[0.455s] Level 1:colcon.colcon_core.package_identification:_identify(altair_can_bridge) by extension 'ignore_ament_install'
[0.456s] Level 1:colcon.colcon_core.package_identification:_identify(altair_can_bridge) by extensions ['colcon_pkg']
[0.456s] Level 1:colcon.colcon_core.package_identification:_identify(altair_can_bridge) by extension 'colcon_pkg'
[0.456s] Level 1:colcon.colcon_core.package_identification:_identify(altair_can_bridge) by extensions ['colcon_meta']
[0.456s] Level 1:colcon.colcon_core.package_identification:_identify(altair_can_bridge) by extension 'colcon_meta'
[0.456s] Level 1:colcon.colcon_core.package_identification:_identify(altair_can_bridge) by extensions ['ros']
[0.456s] Level 1:colcon.colcon_core.package_identification:_identify(altair_can_bridge) by extension 'ros'
[0.462s] DEBUG:colcon.colcon_core.package_identification:Package 'altair_can_bridge' with type 'ros.ament_cmake' and name 'altair_can_bridge'
[0.463s] Level 1:colcon.colcon_core.package_identification:_identify(altair_core) by extensions ['ignore', 'ignore_ament_install']
[0.463s] Level 1:colcon.colcon_core.package_identification:_identify(altair_core) by extension 'ignore'
[0.463s] Level 1:colcon.colcon_core.package_identification:_identify(altair_core) by extension 'ignore_ament_install'
[0.463s] Level 1:colcon.colcon_core.package_identification:_identify(altair_core) by extensions ['colcon_pkg']
[0.463s] Level 1:colcon.colcon_core.package_identification:_identify(altair_core) by extension 'colcon_pkg'
[0.463s] Level 1:colcon.colcon_core.package_identification:_identify(altair_core) by extensions ['colcon_meta']
[0.463s] Level 1:colcon.colcon_core.package_identification:_identify(altair_core) by extension 'colcon_meta'
[0.463s] Level 1:colcon.colcon_core.package_identification:_identify(altair_core) by extensions ['ros']
[0.463s] Level 1:colcon.colcon_core.package_identification:_identify(altair_core) by extension 'ros'
[0.465s] DEBUG:colcon.colcon_core.package_identification:Package 'altair_core' with type 'ros.ament_python' and name 'altair_core'
[0.465s] Level 1:colcon.colcon_core.package_identification:_identify(altair_interfaces) by extensions ['ignore', 'ignore_ament_install']
[0.466s] Level 1:colcon.colcon_core.package_identification:_identify(altair_interfaces) by extension 'ignore'
[0.466s] Level 1:colcon.colcon_core.package_identification:_identify(altair_interfaces) by extension 'ignore_ament_install'
[0.466s] Level 1:colcon.colcon_core.package_identification:_identify(altair_interfaces) by extensions ['colcon_pkg']
[0.466s] Level 1:colcon.colcon_core.package_identification:_identify(altair_interfaces) by extension 'colcon_pkg'
[0.466s] Level 1:colcon.colcon_core.package_identification:_identify(altair_interfaces) by extensions ['colcon_meta']
[0.466s] Level 1:colcon.colcon_core.package_identification:_identify(altair_interfaces) by extension 'colcon_meta'
[0.466s] Level 1:colcon.colcon_core.package_identification:_identify(altair_interfaces) by extensions ['ros']
[0.466s] Level 1:colcon.colcon_core.package_identification:_identify(altair_interfaces) by extension 'ros'
[0.467s] DEBUG:colcon.colcon_core.package_identification:Package 'altair_interfaces' with type 'ros.ament_cmake' and name 'altair_interfaces'
[0.468s] Level 1:colcon.colcon_core.package_identification:_identify(altair_web_server) by extensions ['ignore', 'ignore_ament_install']
[0.468s] Level 1:colcon.colcon_core.package_identification:_identify(altair_web_server) by extension 'ignore'
[0.468s] Level 1:colcon.colcon_core.package_identification:_identify(altair_web_server) by extension 'ignore_ament_install'
[0.468s] Level 1:colcon.colcon_core.package_identification:_identify(altair_web_server) by extensions ['colcon_pkg']
[0.468s] Level 1:colcon.colcon_core.package_identification:_identify(altair_web_server) by extension 'colcon_pkg'
[0.468s] Level 1:colcon.colcon_core.package_identification:_identify(altair_web_server) by extensions ['colcon_meta']
[0.468s] Level 1:colcon.colcon_core.package_identification:_identify(altair_web_server) by extension 'colcon_meta'
[0.468s] Level 1:colcon.colcon_core.package_identification:_identify(altair_web_server) by extensions ['ros']
[0.468s] Level 1:colcon.colcon_core.package_identification:_identify(altair_web_server) by extension 'ros'
[0.470s] DEBUG:colcon.colcon_core.package_identification:Package 'altair_web_server' with type 'ros.ament_python' and name 'altair_web_server'
[0.470s] Level 1:colcon.colcon_core.package_identification:_identify(build) by extensions ['ignore', 'ignore_ament_install']
[0.471s] Level 1:colcon.colcon_core.package_identification:_identify(build) by extension 'ignore'
[0.471s] Level 1:colcon.colcon_core.package_identification:_identify(build) ignored
[0.471s] Level 1:colcon.colcon_core.package_identification:_identify(docs) by extensions ['ignore', 'ignore_ament_install']
[0.471s] Level 1:colcon.colcon_core.package_identification:_identify(docs) by extension 'ignore'
[0.471s] Level 1:colcon.colcon_core.package_identification:_identify(docs) by extension 'ignore_ament_install'
[0.471s] Level 1:colcon.colcon_core.package_identification:_identify(docs) by extensions ['colcon_pkg']
[0.471s] Level 1:colcon.colcon_core.package_identification:_identify(docs) by extension 'colcon_pkg'
[0.472s] Level 1:colcon.colcon_core.package_identification:_identify(docs) by extensions ['colcon_meta']
[0.472s] Level 1:colcon.colcon_core.package_identification:_identify(docs) by extension 'colcon_meta'
[0.472s] Level 1:colcon.colcon_core.package_identification:_identify(docs) by extensions ['ros']
[0.472s] Level 1:colcon.colcon_core.package_identification:_identify(docs) by extension 'ros'
[0.472s] Level 1:colcon.colcon_core.package_identification:_identify(docs) by extensions ['cmake', 'python']
[0.472s] Level 1:colcon.colcon_core.package_identification:_identify(docs) by extension 'cmake'
[0.472s] Level 1:colcon.colcon_core.package_identification:_identify(docs) by extension 'python'
[0.472s] Level 1:colcon.colcon_core.package_identification:_identify(docs) by extensions ['python_setup_py']
[0.472s] Level 1:colcon.colcon_core.package_identification:_identify(docs) by extension 'python_setup_py'
[0.473s] Level 1:colcon.colcon_core.package_identification:_identify(install) by extensions ['ignore', 'ignore_ament_install']
[0.473s] Level 1:colcon.colcon_core.package_identification:_identify(install) by extension 'ignore'
[0.473s] Level 1:colcon.colcon_core.package_identification:_identify(install) ignored
[0.473s] Level 1:colcon.colcon_core.package_identification:_identify(log) by extensions ['ignore', 'ignore_ament_install']
[0.473s] Level 1:colcon.colcon_core.package_identification:_identify(log) by extension 'ignore'
[0.473s] Level 1:colcon.colcon_core.package_identification:_identify(log) ignored
[0.474s] Level 1:colcon.colcon_core.package_discovery:discover_packages(recursive) using defaults
[0.474s] Level 1:colcon.colcon_core.package_discovery:discover_packages(ignore) discover
[0.474s] Level 1:colcon.colcon_core.package_discovery:discover_packages(ignore) using defaults
[0.474s] Level 1:colcon.colcon_core.package_discovery:discover_packages(path) discover
[0.474s] Level 1:colcon.colcon_core.package_discovery:discover_packages(path) using defaults
[0.521s] Level 1:colcon.colcon_core.package_discovery:discover_packages(prefix_path) check parameters
[0.521s] Level 1:colcon.colcon_core.package_discovery:discover_packages(prefix_path) discover
[0.528s] DEBUG:colcon.colcon_installed_package_information.package_discovery:Found 338 installed packages in /opt/ros/humble
[0.530s] Level 1:colcon.colcon_core.package_discovery:discover_packages(prefix_path) using defaults
[0.631s] Level 5:colcon.colcon_core.verb:set package 'altair_interfaces' build argument 'cmake_args' from command line to 'None'
[0.631s] Level 5:colcon.colcon_core.verb:set package 'altair_interfaces' build argument 'cmake_target' from command line to 'None'
[0.631s] Level 5:colcon.colcon_core.verb:set package 'altair_interfaces' build argument 'cmake_target_skip_unavailable' from command line to 'False'
[0.631s] Level 5:colcon.colcon_core.verb:set package 'altair_interfaces' build argument 'cmake_clean_cache' from command line to 'False'
[0.631s] Level 5:colcon.colcon_core.verb:set package 'altair_interfaces' build argument 'cmake_clean_first' from command line to 'False'
[0.631s] Level 5:colcon.colcon_core.verb:set package 'altair_interfaces' build argument 'cmake_force_configure' from command line to 'False'
[0.631s] Level 5:colcon.colcon_core.verb:set package 'altair_interfaces' build argument 'ament_cmake_args' from command line to 'None'
[0.631s] Level 5:colcon.colcon_core.verb:set package 'altair_interfaces' build argument 'catkin_cmake_args' from command line to 'None'
[0.631s] Level 5:colcon.colcon_core.verb:set package 'altair_interfaces' build argument 'catkin_skip_building_tests' from command line to 'False'
[0.631s] DEBUG:colcon.colcon_core.verb:Building package 'altair_interfaces' with the following arguments: {'ament_cmake_args': None, 'build_base': '/home/altair/altair_framework/build/altair_interfaces', 'catkin_cmake_args': None, 'catkin_skip_building_tests': False, 'cmake_args': None, 'cmake_clean_cache': False, 'cmake_clean_first': False, 'cmake_force_configure': False, 'cmake_target': None, 'cmake_target_skip_unavailable': False, 'install_base': '/home/altair/altair_framework/install/altair_interfaces', 'merge_install': False, 'path': '/home/altair/altair_framework/altair_interfaces', 'symlink_install': True, 'test_result_base': None}
[0.632s] Level 5:colcon.colcon_core.verb:set package 'altair_can_bridge' build argument 'cmake_args' from command line to 'None'
[0.632s] Level 5:colcon.colcon_core.verb:set package 'altair_can_bridge' build argument 'cmake_target' from command line to 'None'
[0.632s] Level 5:colcon.colcon_core.verb:set package 'altair_can_bridge' build argument 'cmake_target_skip_unavailable' from command line to 'False'
[0.632s] Level 5:colcon.colcon_core.verb:set package 'altair_can_bridge' build argument 'cmake_clean_cache' from command line to 'False'
[0.632s] Level 5:colcon.colcon_core.verb:set package 'altair_can_bridge' build argument 'cmake_clean_first' from command line to 'False'
[0.632s] Level 5:colcon.colcon_core.verb:set package 'altair_can_bridge' build argument 'cmake_force_configure' from command line to 'False'
[0.632s] Level 5:colcon.colcon_core.verb:set package 'altair_can_bridge' build argument 'ament_cmake_args' from command line to 'None'
[0.632s] Level 5:colcon.colcon_core.verb:set package 'altair_can_bridge' build argument 'catkin_cmake_args' from command line to 'None'
[0.632s] Level 5:colcon.colcon_core.verb:set package 'altair_can_bridge' build argument 'catkin_skip_building_tests' from command line to 'False'
[0.632s] DEBUG:colcon.colcon_core.verb:Building package 'altair_can_bridge' with the following arguments: {'ament_cmake_args': None, 'build_base': '/home/altair/altair_framework/build/altair_can_bridge', 'catkin_cmake_args': None, 'catkin_skip_building_tests': False, 'cmake_args': None, 'cmake_clean_cache': False, 'cmake_clean_first': False, 'cmake_force_configure': False, 'cmake_target': None, 'cmake_target_skip_unavailable': False, 'install_base': '/home/altair/altair_framework/install/altair_can_bridge', 'merge_install': False, 'path': '/home/altair/altair_framework/altair_can_bridge', 'symlink_install': True, 'test_result_base': None}
[0.634s] Level 5:colcon.colcon_core.verb:set package 'altair_core' build argument 'cmake_args' from command line to 'None'
[0.634s] Level 5:colcon.colcon_core.verb:set package 'altair_core' build argument 'cmake_target' from command line to 'None'
[0.634s] Level 5:colcon.colcon_core.verb:set package 'altair_core' build argument 'cmake_target_skip_unavailable' from command line to 'False'
[0.634s] Level 5:colcon.colcon_core.verb:set package 'altair_core' build argument 'cmake_clean_cache' from command line to 'False'
[0.634s] Level 5:colcon.colcon_core.verb:set package 'altair_core' build argument 'cmake_clean_first' from command line to 'False'
[0.634s] Level 5:colcon.colcon_core.verb:set package 'altair_core' build argument 'cmake_force_configure' from command line to 'False'
[0.634s] Level 5:colcon.colcon_core.verb:set package 'altair_core' build argument 'ament_cmake_args' from command line to 'None'
[0.634s] Level 5:colcon.colcon_core.verb:set package 'altair_core' build argument 'catkin_cmake_args' from command line to 'None'
[0.634s] Level 5:colcon.colcon_core.verb:set package 'altair_core' build argument 'catkin_skip_building_tests' from command line to 'False'
[0.634s] DEBUG:colcon.colcon_core.verb:Building package 'altair_core' with the following arguments: {'ament_cmake_args': None, 'build_base': '/home/altair/altair_framework/build/altair_core', 'catkin_cmake_args': None, 'catkin_skip_building_tests': False, 'cmake_args': None, 'cmake_clean_cache': False, 'cmake_clean_first': False, 'cmake_force_configure': False, 'cmake_target': None, 'cmake_target_skip_unavailable': False, 'install_base': '/home/altair/altair_framework/install/altair_core', 'merge_install': False, 'path': '/home/altair/altair_framework/altair_core', 'symlink_install': True, 'test_result_base': None}
[0.635s] Level 5:colcon.colcon_core.verb:set package 'altair_web_server' build argument 'cmake_args' from command line to 'None'
[0.635s] Level 5:colcon.colcon_core.verb:set package 'altair_web_server' build argument 'cmake_target' from command line to 'None'
[0.635s] Level 5:colcon.colcon_core.verb:set package 'altair_web_server' build argument 'cmake_target_skip_unavailable' from command line to 'False'
[0.635s] Level 5:colcon.colcon_core.verb:set package 'altair_web_server' build argument 'cmake_clean_cache' from command line to 'False'
[0.635s] Level 5:colcon.colcon_core.verb:set package 'altair_web_server' build argument 'cmake_clean_first' from command line to 'False'
[0.635s] Level 5:colcon.colcon_core.verb:set package 'altair_web_server' build argument 'cmake_force_configure' from command line to 'False'
[0.635s] Level 5:colcon.colcon_core.verb:set package 'altair_web_server' build argument 'ament_cmake_args' from command line to 'None'
[0.635s] Level 5:colcon.colcon_core.verb:set package 'altair_web_server' build argument 'catkin_cmake_args' from command line to 'None'
[0.635s] Level 5:colcon.colcon_core.verb:set package 'altair_web_server' build argument 'catkin_skip_building_tests' from command line to 'False'
[0.635s] DEBUG:colcon.colcon_core.verb:Building package 'altair_web_server' with the following arguments: {'ament_cmake_args': None, 'build_base': '/home/altair/altair_framework/build/altair_web_server', 'catkin_cmake_args': None, 'catkin_skip_building_tests': False, 'cmake_args': None, 'cmake_clean_cache': False, 'cmake_clean_first': False, 'cmake_force_configure': False, 'cmake_target': None, 'cmake_target_skip_unavailable': False, 'install_base': '/home/altair/altair_framework/install/altair_web_server', 'merge_install': False, 'path': '/home/altair/altair_framework/altair_web_server', 'symlink_install': True, 'test_result_base': None}
[0.635s] INFO:colcon.colcon_core.executor:Executing jobs using 'parallel' executor
[0.636s] DEBUG:colcon.colcon_parallel_executor.executor.parallel:run_until_complete
[0.637s] INFO:colcon.colcon_ros.task.ament_cmake.build:Building ROS package in '/home/altair/altair_framework/altair_interfaces' with build type 'ament_cmake'
[0.637s] INFO:colcon.colcon_cmake.task.cmake.build:Building CMake package in '/home/altair/altair_framework/altair_interfaces'
[0.642s] INFO:colcon.colcon_core.plugin_system:Skipping extension 'colcon_core.shell.bat': Not used on non-Windows systems
[0.643s] INFO:colcon.colcon_core.shell:Skip shell extension 'powershell' for command environment: Not usable outside of PowerShell
[0.643s] DEBUG:colcon.colcon_core.shell:Skip shell extension 'dsv' for command environment
[0.665s] DEBUG:colcon.colcon_core.event_handler.log_command:Invoking command in '/home/altair/altair_framework/build/altair_interfaces': CMAKE_PREFIX_PATH=/opt/ros/humble /usr/bin/cmake /home/altair/altair_framework/altair_interfaces -DAMENT_CMAKE_SYMLINK_INSTALL=1 -DCMAKE_INSTALL_PREFIX=/home/altair/altair_framework/install/altair_interfaces
[3.356s] DEBUG:colcon.colcon_core.event_handler.log_command:Invoked command in '/home/altair/altair_framework/build/altair_interfaces' returned '0': CMAKE_PREFIX_PATH=/opt/ros/humble /usr/bin/cmake /home/altair/altair_framework/altair_interfaces -DAMENT_CMAKE_SYMLINK_INSTALL=1 -DCMAKE_INSTALL_PREFIX=/home/altair/altair_framework/install/altair_interfaces
[3.359s] DEBUG:colcon.colcon_core.event_handler.log_command:Invoking command in '/home/altair/altair_framework/build/altair_interfaces': CMAKE_PREFIX_PATH=/opt/ros/humble /usr/bin/cmake --build /home/altair/altair_framework/build/altair_interfaces -- -j8 -l8
[22.399s] DEBUG:colcon.colcon_core.event_handler.log_command:Invoked command in '/home/altair/altair_framework/build/altair_interfaces' returned '0': CMAKE_PREFIX_PATH=/opt/ros/humble /usr/bin/cmake --build /home/altair/altair_framework/build/altair_interfaces -- -j8 -l8
[22.407s] DEBUG:colcon.colcon_core.event_handler.log_command:Invoking command in '/home/altair/altair_framework/build/altair_interfaces': CMAKE_PREFIX_PATH=/opt/ros/humble /usr/bin/cmake --install /home/altair/altair_framework/build/altair_interfaces
[23.904s] Level 1:colcon.colcon_core.environment:create_environment_scripts_only(altair_interfaces)
[23.905s] DEBUG:colcon.colcon_core.event_handler.log_command:Invoked command in '/home/altair/altair_framework/build/altair_interfaces' returned '0': CMAKE_PREFIX_PATH=/opt/ros/humble /usr/bin/cmake --install /home/altair/altair_framework/build/altair_interfaces
[23.910s] Level 1:colcon.colcon_core.environment:checking '/home/altair/altair_framework/install/altair_interfaces' for CMake module files
[23.912s] Level 1:colcon.colcon_core.environment:checking '/home/altair/altair_framework/install/altair_interfaces' for CMake config files
[23.913s] Level 1:colcon.colcon_core.shell:create_environment_hook('altair_interfaces', 'cmake_prefix_path')
[23.914s] INFO:colcon.colcon_core.shell:Creating environment hook '/home/altair/altair_framework/install/altair_interfaces/share/altair_interfaces/hook/cmake_prefix_path.ps1'
[23.916s] INFO:colcon.colcon_core.shell:Creating environment descriptor '/home/altair/altair_framework/install/altair_interfaces/share/altair_interfaces/hook/cmake_prefix_path.dsv'
[23.917s] INFO:colcon.colcon_core.shell:Creating environment hook '/home/altair/altair_framework/install/altair_interfaces/share/altair_interfaces/hook/cmake_prefix_path.sh'
[23.919s] Level 1:colcon.colcon_core.environment:checking '/home/altair/altair_framework/install/altair_interfaces/lib'
[23.919s] Level 1:colcon.colcon_core.shell:create_environment_hook('altair_interfaces', 'ld_library_path_lib')
[23.920s] INFO:colcon.colcon_core.shell:Creating environment hook '/home/altair/altair_framework/install/altair_interfaces/share/altair_interfaces/hook/ld_library_path_lib.ps1'
[23.921s] INFO:colcon.colcon_core.shell:Creating environment descriptor '/home/altair/altair_framework/install/altair_interfaces/share/altair_interfaces/hook/ld_library_path_lib.dsv'
[23.922s] INFO:colcon.colcon_core.shell:Creating environment hook '/home/altair/altair_framework/install/altair_interfaces/share/altair_interfaces/hook/ld_library_path_lib.sh'
[23.922s] Level 1:colcon.colcon_core.environment:checking '/home/altair/altair_framework/install/altair_interfaces/bin'
[23.923s] Level 1:colcon.colcon_core.environment:checking '/home/altair/altair_framework/install/altair_interfaces/lib/pkgconfig/altair_interfaces.pc'
[23.923s] Level 1:colcon.colcon_core.environment:checking '/home/altair/altair_framework/install/altair_interfaces/lib/python3.10/site-packages'
[23.924s] Level 1:colcon.colcon_core.environment:checking '/home/altair/altair_framework/install/altair_interfaces/bin'
[23.925s] INFO:colcon.colcon_core.shell:Creating package script '/home/altair/altair_framework/install/altair_interfaces/share/altair_interfaces/package.ps1'
[23.928s] INFO:colcon.colcon_core.shell:Creating package descriptor '/home/altair/altair_framework/install/altair_interfaces/share/altair_interfaces/package.dsv'
[23.930s] INFO:colcon.colcon_core.shell:Creating package script '/home/altair/altair_framework/install/altair_interfaces/share/altair_interfaces/package.sh'
[23.932s] INFO:colcon.colcon_core.shell:Creating package script '/home/altair/altair_framework/install/altair_interfaces/share/altair_interfaces/package.bash'
[23.933s] INFO:colcon.colcon_core.shell:Creating package script '/home/altair/altair_framework/install/altair_interfaces/share/altair_interfaces/package.zsh'
[23.935s] Level 1:colcon.colcon_core.environment:create_file_with_runtime_dependencies(/home/altair/altair_framework/install/altair_interfaces/share/colcon-core/packages/altair_interfaces)
[23.936s] Level 1:colcon.colcon_core.environment:create_environment_scripts_only(altair_interfaces)
[23.937s] Level 1:colcon.colcon_core.environment:checking '/home/altair/altair_framework/install/altair_interfaces' for CMake module files
[23.939s] Level 1:colcon.colcon_core.environment:checking '/home/altair/altair_framework/install/altair_interfaces' for CMake config files
[23.940s] Level 1:colcon.colcon_core.shell:create_environment_hook('altair_interfaces', 'cmake_prefix_path')
[23.941s] INFO:colcon.colcon_core.shell:Creating environment hook '/home/altair/altair_framework/install/altair_interfaces/share/altair_interfaces/hook/cmake_prefix_path.ps1'
[23.942s] INFO:colcon.colcon_core.shell:Creating environment descriptor '/home/altair/altair_framework/install/altair_interfaces/share/altair_interfaces/hook/cmake_prefix_path.dsv'
[23.943s] INFO:colcon.colcon_core.shell:Creating environment hook '/home/altair/altair_framework/install/altair_interfaces/share/altair_interfaces/hook/cmake_prefix_path.sh'
[23.944s] Level 1:colcon.colcon_core.environment:checking '/home/altair/altair_framework/install/altair_interfaces/lib'
[23.945s] Level 1:colcon.colcon_core.shell:create_environment_hook('altair_interfaces', 'ld_library_path_lib')
[23.945s] INFO:colcon.colcon_core.shell:Creating environment hook '/home/altair/altair_framework/install/altair_interfaces/share/altair_interfaces/hook/ld_library_path_lib.ps1'
[23.946s] INFO:colcon.colcon_core.shell:Creating environment descriptor '/home/altair/altair_framework/install/altair_interfaces/share/altair_interfaces/hook/ld_library_path_lib.dsv'
[23.947s] INFO:colcon.colcon_core.shell:Creating environment hook '/home/altair/altair_framework/install/altair_interfaces/share/altair_interfaces/hook/ld_library_path_lib.sh'
[23.949s] Level 1:colcon.colcon_core.environment:checking '/home/altair/altair_framework/install/altair_interfaces/bin'
[23.949s] Level 1:colcon.colcon_core.environment:checking '/home/altair/altair_framework/install/altair_interfaces/lib/pkgconfig/altair_interfaces.pc'
[23.950s] Level 1:colcon.colcon_core.environment:checking '/home/altair/altair_framework/install/altair_interfaces/lib/python3.10/site-packages'
[23.951s] Level 1:colcon.colcon_core.environment:checking '/home/altair/altair_framework/install/altair_interfaces/bin'
[23.952s] INFO:colcon.colcon_core.shell:Creating package script '/home/altair/altair_framework/install/altair_interfaces/share/altair_interfaces/package.ps1'
[23.953s] INFO:colcon.colcon_core.shell:Creating package descriptor '/home/altair/altair_framework/install/altair_interfaces/share/altair_interfaces/package.dsv'
[23.954s] INFO:colcon.colcon_core.shell:Creating package script '/home/altair/altair_framework/install/altair_interfaces/share/altair_interfaces/package.sh'
[23.956s] INFO:colcon.colcon_core.shell:Creating package script '/home/altair/altair_framework/install/altair_interfaces/share/altair_interfaces/package.bash'
[23.957s] INFO:colcon.colcon_core.shell:Creating package script '/home/altair/altair_framework/install/altair_interfaces/share/altair_interfaces/package.zsh'
[23.957s] Level 1:colcon.colcon_core.environment:create_file_with_runtime_dependencies(/home/altair/altair_framework/install/altair_interfaces/share/colcon-core/packages/altair_interfaces)
[23.958s] INFO:colcon.colcon_ros.task.ament_cmake.build:Building ROS package in '/home/altair/altair_framework/altair_can_bridge' with build type 'ament_cmake'
[23.958s] INFO:colcon.colcon_cmake.task.cmake.build:Building CMake package in '/home/altair/altair_framework/altair_can_bridge'
[23.959s] INFO:colcon.colcon_core.shell:Skip shell extension 'powershell' for command environment: Not usable outside of PowerShell
[23.959s] DEBUG:colcon.colcon_core.shell:Skip shell extension 'dsv' for command environment
[23.968s] INFO:colcon.colcon_ros.task.ament_python.build:Building ROS package in '/home/altair/altair_framework/altair_core' with build type 'ament_python'
[23.969s] Level 1:colcon.colcon_core.shell:create_environment_hook('altair_core', 'ament_prefix_path')
[23.970s] INFO:colcon.colcon_core.shell:Creating environment hook '/home/altair/altair_framework/install/altair_core/share/altair_core/hook/ament_prefix_path.ps1'
[23.971s] INFO:colcon.colcon_core.shell:Creating environment descriptor '/home/altair/altair_framework/install/altair_core/share/altair_core/hook/ament_prefix_path.dsv'
[23.972s] INFO:colcon.colcon_core.shell:Creating environment hook '/home/altair/altair_framework/install/altair_core/share/altair_core/hook/ament_prefix_path.sh'
[23.973s] INFO:colcon.colcon_core.shell:Skip shell extension 'powershell' for command environment: Not usable outside of PowerShell
[23.973s] DEBUG:colcon.colcon_core.shell:Skip shell extension 'dsv' for command environment
[23.980s] INFO:colcon.colcon_ros.task.ament_python.build:Building ROS package in '/home/altair/altair_framework/altair_web_server' with build type 'ament_python'
[23.980s] Level 1:colcon.colcon_core.shell:create_environment_hook('altair_web_server', 'ament_prefix_path')
[23.981s] INFO:colcon.colcon_core.shell:Creating environment hook '/home/altair/altair_framework/install/altair_web_server/share/altair_web_server/hook/ament_prefix_path.ps1'
[23.982s] INFO:colcon.colcon_core.shell:Creating environment descriptor '/home/altair/altair_framework/install/altair_web_server/share/altair_web_server/hook/ament_prefix_path.dsv'
[23.983s] INFO:colcon.colcon_core.shell:Creating environment hook '/home/altair/altair_framework/install/altair_web_server/share/altair_web_server/hook/ament_prefix_path.sh'
[23.985s] INFO:colcon.colcon_core.shell:Skip shell extension 'powershell' for command environment: Not usable outside of PowerShell
[23.985s] DEBUG:colcon.colcon_core.shell:Skip shell extension 'dsv' for command environment
[23.997s] DEBUG:colcon.colcon_core.event_handler.log_command:Invoking command in '/home/altair/altair_framework/build/altair_can_bridge': AMENT_PREFIX_PATH=/home/altair/altair_framework/install/altair_interfaces:${AMENT_PREFIX_PATH} CMAKE_PREFIX_PATH=/home/altair/altair_framework/install/altair_interfaces:/opt/ros/humble LD_LIBRARY_PATH=/home/altair/altair_framework/install/altair_interfaces/lib:${LD_LIBRARY_PATH} PYTHONPATH=/home/altair/altair_framework/install/altair_interfaces/local/lib/python3.10/dist-packages:${PYTHONPATH} /usr/bin/cmake /home/altair/altair_framework/altair_can_bridge -DAMENT_CMAKE_SYMLINK_INSTALL=1 -DCMAKE_INSTALL_PREFIX=/home/altair/altair_framework/install/altair_can_bridge
[24.699s] INFO:colcon.colcon_core.task.python.build:Building Python package in '/home/altair/altair_framework/altair_core'
[24.700s] INFO:colcon.colcon_core.shell:Skip shell extension 'powershell' for command environment: Not usable outside of PowerShell
[24.700s] DEBUG:colcon.colcon_core.shell:Skip shell extension 'dsv' for command environment
[25.357s] INFO:colcon.colcon_core.task.python.build:Building Python package in '/home/altair/altair_framework/altair_web_server'
[25.358s] INFO:colcon.colcon_core.shell:Skip shell extension 'powershell' for command environment: Not usable outside of PowerShell
[25.358s] DEBUG:colcon.colcon_core.shell:Skip shell extension 'dsv' for command environment
[27.247s] DEBUG:colcon.colcon_core.event_handler.log_command:Invoked command in '/home/altair/altair_framework/build/altair_can_bridge' returned '0': AMENT_PREFIX_PATH=/home/altair/altair_framework/install/altair_interfaces:${AMENT_PREFIX_PATH} CMAKE_PREFIX_PATH=/home/altair/altair_framework/install/altair_interfaces:/opt/ros/humble LD_LIBRARY_PATH=/home/altair/altair_framework/install/altair_interfaces/lib:${LD_LIBRARY_PATH} PYTHONPATH=/home/altair/altair_framework/install/altair_interfaces/local/lib/python3.10/dist-packages:${PYTHONPATH} /usr/bin/cmake /home/altair/altair_framework/altair_can_bridge -DAMENT_CMAKE_SYMLINK_INSTALL=1 -DCMAKE_INSTALL_PREFIX=/home/altair/altair_framework/install/altair_can_bridge
[27.249s] DEBUG:colcon.colcon_core.event_handler.log_command:Invoking command in '/home/altair/altair_framework/build/altair_can_bridge': AMENT_PREFIX_PATH=/home/altair/altair_framework/install/altair_interfaces:${AMENT_PREFIX_PATH} CMAKE_PREFIX_PATH=/home/altair/altair_framework/install/altair_interfaces:/opt/ros/humble LD_LIBRARY_PATH=/home/altair/altair_framework/install/altair_interfaces/lib:${LD_LIBRARY_PATH} PYTHONPATH=/home/altair/altair_framework/install/altair_interfaces/local/lib/python3.10/dist-packages:${PYTHONPATH} /usr/bin/cmake --build /home/altair/altair_framework/build/altair_can_bridge -- -j8 -l8
[27.916s] DEBUG:colcon.colcon_core.event_handler.log_command:Invoking command in '/home/altair/altair_framework/build/altair_web_server': AMENT_PREFIX_PATH=/home/altair/altair_framework/install/altair_interfaces:${AMENT_PREFIX_PATH} CMAKE_PREFIX_PATH=/home/altair/altair_framework/install/altair_interfaces LD_LIBRARY_PATH=/home/altair/altair_framework/install/altair_interfaces/lib:${LD_LIBRARY_PATH} PYTHONPATH=/home/altair/altair_framework/build/altair_web_server/prefix_override:/usr/lib/python3/dist-packages/colcon_core/task/python/colcon_distutils_commands:/home/altair/altair_framework/install/altair_web_server/lib/python3.10/site-packages:/home/altair/altair_framework/install/altair_interfaces/local/lib/python3.10/dist-packages:${PYTHONPATH} /usr/bin/python3 -W ignore:setup.py install is deprecated -W ignore:easy_install command is deprecated setup.py develop --editable --build-directory /home/altair/altair_framework/build/altair_web_server/build --no-deps symlink_data
[27.956s] DEBUG:colcon.colcon_core.event_handler.log_command:Invoking command in '/home/altair/altair_framework/build/altair_core': AMENT_PREFIX_PATH=/home/altair/altair_framework/install/altair_interfaces:${AMENT_PREFIX_PATH} CMAKE_PREFIX_PATH=/home/altair/altair_framework/install/altair_interfaces LD_LIBRARY_PATH=/home/altair/altair_framework/install/altair_interfaces/lib:${LD_LIBRARY_PATH} PYTHONPATH=/home/altair/altair_framework/build/altair_core/prefix_override:/usr/lib/python3/dist-packages/colcon_core/task/python/colcon_distutils_commands:/home/altair/altair_framework/install/altair_core/lib/python3.10/site-packages:/home/altair/altair_framework/install/altair_interfaces/local/lib/python3.10/dist-packages:${PYTHONPATH} /usr/bin/python3 -W ignore:setup.py install is deprecated -W ignore:easy_install command is deprecated setup.py develop --editable --build-directory /home/altair/altair_framework/build/altair_core/build --no-deps symlink_data
[31.114s] Level 1:colcon.colcon_core.shell:create_environment_hook('altair_web_server', 'pythonpath_develop')
[31.115s] INFO:colcon.colcon_core.shell:Creating environment hook '/home/altair/altair_framework/build/altair_web_server/share/altair_web_server/hook/pythonpath_develop.ps1'
[31.119s] INFO:colcon.colcon_core.shell:Creating environment descriptor '/home/altair/altair_framework/build/altair_web_server/share/altair_web_server/hook/pythonpath_develop.dsv'
[31.116s] DEBUG:colcon.colcon_core.event_handler.log_command:Invoked command in '/home/altair/altair_framework/build/altair_web_server' returned '0': AMENT_PREFIX_PATH=/home/altair/altair_framework/install/altair_interfaces:${AMENT_PREFIX_PATH} CMAKE_PREFIX_PATH=/home/altair/altair_framework/install/altair_interfaces LD_LIBRARY_PATH=/home/altair/altair_framework/install/altair_interfaces/lib:${LD_LIBRARY_PATH} PYTHONPATH=/home/altair/altair_framework/build/altair_web_server/prefix_override:/usr/lib/python3/dist-packages/colcon_core/task/python/colcon_distutils_commands:/home/altair/altair_framework/install/altair_web_server/lib/python3.10/site-packages:/home/altair/altair_framework/install/altair_interfaces/local/lib/python3.10/dist-packages:${PYTHONPATH} /usr/bin/python3 -W ignore:setup.py install is deprecated -W ignore:easy_install command is deprecated setup.py develop --editable --build-directory /home/altair/altair_framework/build/altair_web_server/build --no-deps symlink_data
[31.120s] INFO:colcon.colcon_core.shell:Creating environment hook '/home/altair/altair_framework/build/altair_web_server/share/altair_web_server/hook/pythonpath_develop.sh'
[31.122s] Level 1:colcon.colcon_core.environment:checking '/home/altair/altair_framework/install/altair_web_server' for CMake module files
[31.124s] Level 1:colcon.colcon_core.environment:checking '/home/altair/altair_framework/install/altair_web_server' for CMake config files
[31.125s] Level 1:colcon.colcon_core.environment:checking '/home/altair/altair_framework/install/altair_web_server/lib'
[31.125s] Level 1:colcon.colcon_core.environment:checking '/home/altair/altair_framework/install/altair_web_server/bin'
[31.126s] Level 1:colcon.colcon_core.environment:checking '/home/altair/altair_framework/install/altair_web_server/lib/pkgconfig/altair_web_server.pc'
[31.126s] Level 1:colcon.colcon_core.environment:checking '/home/altair/altair_framework/install/altair_web_server/lib/python3.10/site-packages'
[31.127s] Level 1:colcon.colcon_core.shell:create_environment_hook('altair_web_server', 'pythonpath')
[31.127s] INFO:colcon.colcon_core.shell:Creating environment hook '/home/altair/altair_framework/install/altair_web_server/share/altair_web_server/hook/pythonpath.ps1'
[31.128s] INFO:colcon.colcon_core.shell:Creating environment descriptor '/home/altair/altair_framework/install/altair_web_server/share/altair_web_server/hook/pythonpath.dsv'
[31.130s] INFO:colcon.colcon_core.shell:Creating environment hook '/home/altair/altair_framework/install/altair_web_server/share/altair_web_server/hook/pythonpath.sh'
[31.132s] Level 1:colcon.colcon_core.environment:checking '/home/altair/altair_framework/install/altair_web_server/bin'
[31.133s] Level 1:colcon.colcon_core.environment:create_environment_scripts_only(altair_web_server)
[31.134s] INFO:colcon.colcon_core.shell:Creating package script '/home/altair/altair_framework/install/altair_web_server/share/altair_web_server/package.ps1'
[31.136s] INFO:colcon.colcon_core.shell:Creating package descriptor '/home/altair/altair_framework/install/altair_web_server/share/altair_web_server/package.dsv'
[31.137s] INFO:colcon.colcon_core.shell:Creating package script '/home/altair/altair_framework/install/altair_web_server/share/altair_web_server/package.sh'
[31.140s] INFO:colcon.colcon_core.shell:Creating package script '/home/altair/altair_framework/install/altair_web_server/share/altair_web_server/package.bash'
[31.141s] INFO:colcon.colcon_core.shell:Creating package script '/home/altair/altair_framework/install/altair_web_server/share/altair_web_server/package.zsh'
[31.143s] Level 1:colcon.colcon_core.environment:create_file_with_runtime_dependencies(/home/altair/altair_framework/install/altair_web_server/share/colcon-core/packages/altair_web_server)
[31.150s] Level 1:colcon.colcon_core.shell:create_environment_hook('altair_core', 'pythonpath_develop')
[31.151s] INFO:colcon.colcon_core.shell:Creating environment hook '/home/altair/altair_framework/build/altair_core/share/altair_core/hook/pythonpath_develop.ps1'
[31.155s] DEBUG:colcon.colcon_core.event_handler.log_command:Invoked command in '/home/altair/altair_framework/build/altair_core' returned '0': AMENT_PREFIX_PATH=/home/altair/altair_framework/install/altair_interfaces:${AMENT_PREFIX_PATH} CMAKE_PREFIX_PATH=/home/altair/altair_framework/install/altair_interfaces LD_LIBRARY_PATH=/home/altair/altair_framework/install/altair_interfaces/lib:${LD_LIBRARY_PATH} PYTHONPATH=/home/altair/altair_framework/build/altair_core/prefix_override:/usr/lib/python3/dist-packages/colcon_core/task/python/colcon_distutils_commands:/home/altair/altair_framework/install/altair_core/lib/python3.10/site-packages:/home/altair/altair_framework/install/altair_interfaces/local/lib/python3.10/dist-packages:${PYTHONPATH} /usr/bin/python3 -W ignore:setup.py install is deprecated -W ignore:easy_install command is deprecated setup.py develop --editable --build-directory /home/altair/altair_framework/build/altair_core/build --no-deps symlink_data
[31.156s] INFO:colcon.colcon_core.shell:Creating environment descriptor '/home/altair/altair_framework/build/altair_core/share/altair_core/hook/pythonpath_develop.dsv'
[31.157s] INFO:colcon.colcon_core.shell:Creating environment hook '/home/altair/altair_framework/build/altair_core/share/altair_core/hook/pythonpath_develop.sh'
[31.160s] Level 1:colcon.colcon_core.environment:checking '/home/altair/altair_framework/install/altair_core' for CMake module files
[31.161s] Level 1:colcon.colcon_core.environment:checking '/home/altair/altair_framework/install/altair_core' for CMake config files
[31.162s] Level 1:colcon.colcon_core.environment:checking '/home/altair/altair_framework/install/altair_core/lib'
[31.163s] Level 1:colcon.colcon_core.environment:checking '/home/altair/altair_framework/install/altair_core/bin'
[31.163s] Level 1:colcon.colcon_core.environment:checking '/home/altair/altair_framework/install/altair_core/lib/pkgconfig/altair_core.pc'
[31.164s] Level 1:colcon.colcon_core.environment:checking '/home/altair/altair_framework/install/altair_core/lib/python3.10/site-packages'
[31.164s] Level 1:colcon.colcon_core.shell:create_environment_hook('altair_core', 'pythonpath')
[31.165s] INFO:colcon.colcon_core.shell:Creating environment hook '/home/altair/altair_framework/install/altair_core/share/altair_core/hook/pythonpath.ps1'
[31.166s] INFO:colcon.colcon_core.shell:Creating environment descriptor '/home/altair/altair_framework/install/altair_core/share/altair_core/hook/pythonpath.dsv'
[31.167s] INFO:colcon.colcon_core.shell:Creating environment hook '/home/altair/altair_framework/install/altair_core/share/altair_core/hook/pythonpath.sh'
[31.168s] Level 1:colcon.colcon_core.environment:checking '/home/altair/altair_framework/install/altair_core/bin'
[31.169s] Level 1:colcon.colcon_core.environment:create_environment_scripts_only(altair_core)
[31.170s] INFO:colcon.colcon_core.shell:Creating package script '/home/altair/altair_framework/install/altair_core/share/altair_core/package.ps1'
[31.173s] INFO:colcon.colcon_core.shell:Creating package descriptor '/home/altair/altair_framework/install/altair_core/share/altair_core/package.dsv'
[31.175s] INFO:colcon.colcon_core.shell:Creating package script '/home/altair/altair_framework/install/altair_core/share/altair_core/package.sh'
[31.177s] INFO:colcon.colcon_core.shell:Creating package script '/home/altair/altair_framework/install/altair_core/share/altair_core/package.bash'
[31.178s] INFO:colcon.colcon_core.shell:Creating package script '/home/altair/altair_framework/install/altair_core/share/altair_core/package.zsh'
[31.179s] Level 1:colcon.colcon_core.environment:create_file_with_runtime_dependencies(/home/altair/altair_framework/install/altair_core/share/colcon-core/packages/altair_core)
[47.041s] DEBUG:colcon.colcon_core.event_handler.log_command:Invoked command in '/home/altair/altair_framework/build/altair_can_bridge' returned '0': AMENT_PREFIX_PATH=/home/altair/altair_framework/install/altair_interfaces:${AMENT_PREFIX_PATH} CMAKE_PREFIX_PATH=/home/altair/altair_framework/install/altair_interfaces:/opt/ros/humble LD_LIBRARY_PATH=/home/altair/altair_framework/install/altair_interfaces/lib:${LD_LIBRARY_PATH} PYTHONPATH=/home/altair/altair_framework/install/altair_interfaces/local/lib/python3.10/dist-packages:${PYTHONPATH} /usr/bin/cmake --build /home/altair/altair_framework/build/altair_can_bridge -- -j8 -l8
[47.043s] DEBUG:colcon.colcon_core.event_handler.log_command:Invoking command in '/home/altair/altair_framework/build/altair_can_bridge': AMENT_PREFIX_PATH=/home/altair/altair_framework/install/altair_interfaces:${AMENT_PREFIX_PATH} CMAKE_PREFIX_PATH=/home/altair/altair_framework/install/altair_interfaces:/opt/ros/humble LD_LIBRARY_PATH=/home/altair/altair_framework/install/altair_interfaces/lib:${LD_LIBRARY_PATH} PYTHONPATH=/home/altair/altair_framework/install/altair_interfaces/local/lib/python3.10/dist-packages:${PYTHONPATH} /usr/bin/cmake --install /home/altair/altair_framework/build/altair_can_bridge
[47.136s] Level 1:colcon.colcon_core.environment:create_environment_scripts_only(altair_can_bridge)
[47.136s] Level 1:colcon.colcon_core.environment:checking '/home/altair/altair_framework/install/altair_can_bridge' for CMake module files
[47.137s] DEBUG:colcon.colcon_core.event_handler.log_command:Invoked command in '/home/altair/altair_framework/build/altair_can_bridge' returned '0': AMENT_PREFIX_PATH=/home/altair/altair_framework/install/altair_interfaces:${AMENT_PREFIX_PATH} CMAKE_PREFIX_PATH=/home/altair/altair_framework/install/altair_interfaces:/opt/ros/humble LD_LIBRARY_PATH=/home/altair/altair_framework/install/altair_interfaces/lib:${LD_LIBRARY_PATH} PYTHONPATH=/home/altair/altair_framework/install/altair_interfaces/local/lib/python3.10/dist-packages:${PYTHONPATH} /usr/bin/cmake --install /home/altair/altair_framework/build/altair_can_bridge
[47.138s] Level 1:colcon.colcon_core.environment:checking '/home/altair/altair_framework/install/altair_can_bridge' for CMake config files
[47.139s] Level 1:colcon.colcon_core.shell:create_environment_hook('altair_can_bridge', 'cmake_prefix_path')
[47.139s] INFO:colcon.colcon_core.shell:Creating environment hook '/home/altair/altair_framework/install/altair_can_bridge/share/altair_can_bridge/hook/cmake_prefix_path.ps1'
[47.140s] INFO:colcon.colcon_core.shell:Creating environment descriptor '/home/altair/altair_framework/install/altair_can_bridge/share/altair_can_bridge/hook/cmake_prefix_path.dsv'
[47.140s] INFO:colcon.colcon_core.shell:Creating environment hook '/home/altair/altair_framework/install/altair_can_bridge/share/altair_can_bridge/hook/cmake_prefix_path.sh'
[47.141s] Level 1:colcon.colcon_core.environment:checking '/home/altair/altair_framework/install/altair_can_bridge/lib'
[47.141s] Level 1:colcon.colcon_core.environment:checking '/home/altair/altair_framework/install/altair_can_bridge/bin'
[47.141s] Level 1:colcon.colcon_core.environment:checking '/home/altair/altair_framework/install/altair_can_bridge/lib/pkgconfig/altair_can_bridge.pc'
[47.141s] Level 1:colcon.colcon_core.environment:checking '/home/altair/altair_framework/install/altair_can_bridge/lib/python3.10/site-packages'
[47.142s] Level 1:colcon.colcon_core.environment:checking '/home/altair/altair_framework/install/altair_can_bridge/bin'
[47.142s] INFO:colcon.colcon_core.shell:Creating package script '/home/altair/altair_framework/install/altair_can_bridge/share/altair_can_bridge/package.ps1'
[47.143s] INFO:colcon.colcon_core.shell:Creating package descriptor '/home/altair/altair_framework/install/altair_can_bridge/share/altair_can_bridge/package.dsv'
[47.144s] INFO:colcon.colcon_core.shell:Creating package script '/home/altair/altair_framework/install/altair_can_bridge/share/altair_can_bridge/package.sh'
[47.145s] INFO:colcon.colcon_core.shell:Creating package script '/home/altair/altair_framework/install/altair_can_bridge/share/altair_can_bridge/package.bash'
[47.145s] INFO:colcon.colcon_core.shell:Creating package script '/home/altair/altair_framework/install/altair_can_bridge/share/altair_can_bridge/package.zsh'
[47.146s] Level 1:colcon.colcon_core.environment:create_file_with_runtime_dependencies(/home/altair/altair_framework/install/altair_can_bridge/share/colcon-core/packages/altair_can_bridge)
[47.146s] Level 1:colcon.colcon_core.environment:create_environment_scripts_only(altair_can_bridge)
[47.147s] Level 1:colcon.colcon_core.environment:checking '/home/altair/altair_framework/install/altair_can_bridge' for CMake module files
[47.147s] Level 1:colcon.colcon_core.environment:checking '/home/altair/altair_framework/install/altair_can_bridge' for CMake config files
[47.148s] Level 1:colcon.colcon_core.shell:create_environment_hook('altair_can_bridge', 'cmake_prefix_path')
[47.148s] INFO:colcon.colcon_core.shell:Creating environment hook '/home/altair/altair_framework/install/altair_can_bridge/share/altair_can_bridge/hook/cmake_prefix_path.ps1'
[47.149s] INFO:colcon.colcon_core.shell:Creating environment descriptor '/home/altair/altair_framework/install/altair_can_bridge/share/altair_can_bridge/hook/cmake_prefix_path.dsv'
[47.149s] INFO:colcon.colcon_core.shell:Creating environment hook '/home/altair/altair_framework/install/altair_can_bridge/share/altair_can_bridge/hook/cmake_prefix_path.sh'
[47.151s] Level 1:colcon.colcon_core.environment:checking '/home/altair/altair_framework/install/altair_can_bridge/lib'
[47.151s] Level 1:colcon.colcon_core.environment:checking '/home/altair/altair_framework/install/altair_can_bridge/bin'
[47.151s] Level 1:colcon.colcon_core.environment:checking '/home/altair/altair_framework/install/altair_can_bridge/lib/pkgconfig/altair_can_bridge.pc'
[47.151s] Level 1:colcon.colcon_core.environment:checking '/home/altair/altair_framework/install/altair_can_bridge/lib/python3.10/site-packages'
[47.152s] Level 1:colcon.colcon_core.environment:checking '/home/altair/altair_framework/install/altair_can_bridge/bin'
[47.153s] INFO:colcon.colcon_core.shell:Creating package script '/home/altair/altair_framework/install/altair_can_bridge/share/altair_can_bridge/package.ps1'
[47.154s] INFO:colcon.colcon_core.shell:Creating package descriptor '/home/altair/altair_framework/install/altair_can_bridge/share/altair_can_bridge/package.dsv'
[47.155s] INFO:colcon.colcon_core.shell:Creating package script '/home/altair/altair_framework/install/altair_can_bridge/share/altair_can_bridge/package.sh'
[47.155s] INFO:colcon.colcon_core.shell:Creating package script '/home/altair/altair_framework/install/altair_can_bridge/share/altair_can_bridge/package.bash'
[47.156s] INFO:colcon.colcon_core.shell:Creating package script '/home/altair/altair_framework/install/altair_can_bridge/share/altair_can_bridge/package.zsh'
[47.156s] Level 1:colcon.colcon_core.environment:create_file_with_runtime_dependencies(/home/altair/altair_framework/install/altair_can_bridge/share/colcon-core/packages/altair_can_bridge)
[47.156s] DEBUG:colcon.colcon_parallel_executor.executor.parallel:closing loop
[47.156s] DEBUG:colcon.colcon_parallel_executor.executor.parallel:loop closed
[47.157s] DEBUG:colcon.colcon_parallel_executor.executor.parallel:run_until_complete finished with '0'
[47.157s] DEBUG:colcon.colcon_core.event_reactor:joining thread
[47.183s] INFO:colcon.colcon_core.plugin_system:Skipping extension 'colcon_notification.desktop_notification.terminal_notifier': Not used on non-Darwin systems
[47.183s] INFO:colcon.colcon_core.plugin_system:Skipping extension 'colcon_notification.desktop_notification.win32': Not used on non-Windows systems
[47.183s] INFO:colcon.colcon_notification.desktop_notification:Sending desktop notification using 'notify2'
[47.216s] DEBUG:colcon.colcon_core.event_reactor:joined thread
[47.217s] INFO:colcon.colcon_core.shell:Creating prefix script '/home/altair/altair_framework/install/local_setup.ps1'
[47.219s] INFO:colcon.colcon_core.shell:Creating prefix util module '/home/altair/altair_framework/install/_local_setup_util_ps1.py'
[47.222s] INFO:colcon.colcon_core.shell:Creating prefix chain script '/home/altair/altair_framework/install/setup.ps1'
[47.231s] INFO:colcon.colcon_core.shell:Creating prefix script '/home/altair/altair_framework/install/local_setup.sh'
[47.238s] INFO:colcon.colcon_core.shell:Creating prefix util module '/home/altair/altair_framework/install/_local_setup_util_sh.py'
[47.246s] INFO:colcon.colcon_core.shell:Creating prefix chain script '/home/altair/altair_framework/install/setup.sh'
[47.255s] INFO:colcon.colcon_core.shell:Creating prefix script '/home/altair/altair_framework/install/local_setup.bash'
[47.256s] INFO:colcon.colcon_core.shell:Creating prefix chain script '/home/altair/altair_framework/install/setup.bash'
[47.259s] INFO:colcon.colcon_core.shell:Creating prefix script '/home/altair/altair_framework/install/local_setup.zsh'
[47.260s] INFO:colcon.colcon_core.shell:Creating prefix chain script '/home/altair/altair_framework/install/setup.zsh'
