[  1%] Built target altair_interfaces__cpp
[  2%] Built target altair_interfaces__rs
[  2%] Built target ament_cmake_python_symlink_altair_interfaces
[ 13%] Built target altair_interfaces__rosidl_generator_c
[ 25%] Built target altair_interfaces__rosidl_typesupport_introspection_cpp
[ 36%] Built target altair_interfaces__rosidl_typesupport_cpp
[ 47%] Built target altair_interfaces__rosidl_typesupport_c
[ 59%] Built target altair_interfaces__rosidl_typesupport_fastrtps_c
[ 70%] Built target altair_interfaces__rosidl_typesupport_introspection_c
[ 82%] Built target altair_interfaces__rosidl_typesupport_fastrtps_cpp
[ 82%] Built target altair_interfaces
[ 83%] Built target altair_interfaces__py
[ 93%] Built target altair_interfaces__rosidl_generator_py
[ 97%] Built target altair_interfaces__rosidl_typesupport_fastrtps_c__pyext
[ 97%] Built target altair_interfaces__rosidl_typesupport_introspection_c__pyext
[100%] Built target altair_interfaces__rosidl_typesupport_c__pyext
running egg_info
writing altair_interfaces.egg-info/PKG-INFO
writing dependency_links to altair_interfaces.egg-info/dependency_links.txt
writing top-level names to altair_interfaces.egg-info/top_level.txt
reading manifest file 'altair_interfaces.egg-info/SOURCES.txt'
writing manifest file 'altair_interfaces.egg-info/SOURCES.txt'
[100%] Built target ament_cmake_python_build_altair_interfaces_egg
-- Install configuration: ""
-- Execute custom install script
-- Up-to-date symlink: /home/altair/altair_framework/install/altair_interfaces/share/ament_index/resource_index/rosidl_interfaces/altair_interfaces
-- Up-to-date symlink: /home/altair/altair_framework/install/altair_interfaces/include/altair_interfaces/altair_interfaces/msg/can_status.h
-- Up-to-date symlink: /home/altair/altair_framework/install/altair_interfaces/include/altair_interfaces/altair_interfaces/msg/detail/can_status__functions.h
-- Up-to-date symlink: /home/altair/altair_framework/install/altair_interfaces/include/altair_interfaces/altair_interfaces/msg/detail/can_status__struct.h
-- Up-to-date symlink: /home/altair/altair_framework/install/altair_interfaces/include/altair_interfaces/altair_interfaces/msg/detail/can_status__type_support.h
-- Up-to-date symlink: /home/altair/altair_framework/install/altair_interfaces/include/altair_interfaces/altair_interfaces/msg/detail/mdd_command__functions.h
-- Up-to-date symlink: /home/altair/altair_framework/install/altair_interfaces/include/altair_interfaces/altair_interfaces/msg/detail/mdd_command__struct.h
-- Up-to-date symlink: /home/altair/altair_framework/install/altair_interfaces/include/altair_interfaces/altair_interfaces/msg/detail/mdd_command__type_support.h
-- Up-to-date symlink: /home/altair/altair_framework/install/altair_interfaces/include/altair_interfaces/altair_interfaces/msg/detail/mdd_feedback__functions.h
-- Up-to-date symlink: /home/altair/altair_framework/install/altair_interfaces/include/altair_interfaces/altair_interfaces/msg/detail/mdd_feedback__struct.h
-- Up-to-date symlink: /home/altair/altair_framework/install/altair_interfaces/include/altair_interfaces/altair_interfaces/msg/detail/mdd_feedback__type_support.h
-- Up-to-date symlink: /home/altair/altair_framework/install/altair_interfaces/include/altair_interfaces/altair_interfaces/msg/detail/servo_command__functions.h
-- Up-to-date symlink: /home/altair/altair_framework/install/altair_interfaces/include/altair_interfaces/altair_interfaces/msg/detail/servo_command__struct.h
-- Up-to-date symlink: /home/altair/altair_framework/install/altair_interfaces/include/altair_interfaces/altair_interfaces/msg/detail/servo_command__type_support.h
-- Up-to-date symlink: /home/altair/altair_framework/install/altair_interfaces/include/altair_interfaces/altair_interfaces/msg/detail/solenoid_command__functions.h
-- Up-to-date symlink: /home/altair/altair_framework/install/altair_interfaces/include/altair_interfaces/altair_interfaces/msg/detail/solenoid_command__struct.h
-- Up-to-date symlink: /home/altair/altair_framework/install/altair_interfaces/include/altair_interfaces/altair_interfaces/msg/detail/solenoid_command__type_support.h
-- Up-to-date symlink: /home/altair/altair_framework/install/altair_interfaces/include/altair_interfaces/altair_interfaces/msg/mdd_command.h
-- Up-to-date symlink: /home/altair/altair_framework/install/altair_interfaces/include/altair_interfaces/altair_interfaces/msg/mdd_feedback.h
-- Up-to-date symlink: /home/altair/altair_framework/install/altair_interfaces/include/altair_interfaces/altair_interfaces/msg/rosidl_generator_c__visibility_control.h
-- Up-to-date symlink: /home/altair/altair_framework/install/altair_interfaces/include/altair_interfaces/altair_interfaces/msg/servo_command.h
-- Up-to-date symlink: /home/altair/altair_framework/install/altair_interfaces/include/altair_interfaces/altair_interfaces/msg/solenoid_command.h
-- Up-to-date symlink: /home/altair/altair_framework/install/altair_interfaces/include/altair_interfaces/altair_interfaces/srv/connect_can.h
-- Up-to-date symlink: /home/altair/altair_framework/install/altair_interfaces/include/altair_interfaces/altair_interfaces/srv/detail/connect_can__functions.h
-- Up-to-date symlink: /home/altair/altair_framework/install/altair_interfaces/include/altair_interfaces/altair_interfaces/srv/detail/connect_can__struct.h
-- Up-to-date symlink: /home/altair/altair_framework/install/altair_interfaces/include/altair_interfaces/altair_interfaces/srv/detail/connect_can__type_support.h
-- Up-to-date symlink: /home/altair/altair_framework/install/altair_interfaces/include/altair_interfaces/altair_interfaces/srv/detail/get_available_ports__functions.h
-- Up-to-date symlink: /home/altair/altair_framework/install/altair_interfaces/include/altair_interfaces/altair_interfaces/srv/detail/get_available_ports__struct.h
-- Up-to-date symlink: /home/altair/altair_framework/install/altair_interfaces/include/altair_interfaces/altair_interfaces/srv/detail/get_available_ports__type_support.h
-- Up-to-date symlink: /home/altair/altair_framework/install/altair_interfaces/include/altair_interfaces/altair_interfaces/srv/detail/start_behavior__functions.h
-- Up-to-date symlink: /home/altair/altair_framework/install/altair_interfaces/include/altair_interfaces/altair_interfaces/srv/detail/start_behavior__struct.h
-- Up-to-date symlink: /home/altair/altair_framework/install/altair_interfaces/include/altair_interfaces/altair_interfaces/srv/detail/start_behavior__type_support.h
-- Up-to-date symlink: /home/altair/altair_framework/install/altair_interfaces/include/altair_interfaces/altair_interfaces/srv/detail/trigger_control__functions.h
-- Up-to-date symlink: /home/altair/altair_framework/install/altair_interfaces/include/altair_interfaces/altair_interfaces/srv/detail/trigger_control__struct.h
-- Up-to-date symlink: /home/altair/altair_framework/install/altair_interfaces/include/altair_interfaces/altair_interfaces/srv/detail/trigger_control__type_support.h
-- Up-to-date symlink: /home/altair/altair_framework/install/altair_interfaces/include/altair_interfaces/altair_interfaces/srv/get_available_ports.h
-- Up-to-date symlink: /home/altair/altair_framework/install/altair_interfaces/include/altair_interfaces/altair_interfaces/srv/start_behavior.h
-- Up-to-date symlink: /home/altair/altair_framework/install/altair_interfaces/include/altair_interfaces/altair_interfaces/srv/trigger_control.h
-- Up-to-date symlink: /home/altair/altair_framework/install/altair_interfaces/share/altair_interfaces/environment/library_path.sh
-- Up-to-date symlink: /home/altair/altair_framework/install/altair_interfaces/share/altair_interfaces/environment/library_path.dsv
-- Up-to-date symlink: /home/altair/altair_framework/install/altair_interfaces/include/altair_interfaces/altair_interfaces/msg/detail/can_status__rosidl_typesupport_fastrtps_c.h
-- Up-to-date symlink: /home/altair/altair_framework/install/altair_interfaces/include/altair_interfaces/altair_interfaces/msg/detail/mdd_command__rosidl_typesupport_fastrtps_c.h
-- Up-to-date symlink: /home/altair/altair_framework/install/altair_interfaces/include/altair_interfaces/altair_interfaces/msg/detail/mdd_feedback__rosidl_typesupport_fastrtps_c.h
-- Up-to-date symlink: /home/altair/altair_framework/install/altair_interfaces/include/altair_interfaces/altair_interfaces/msg/detail/servo_command__rosidl_typesupport_fastrtps_c.h
-- Up-to-date symlink: /home/altair/altair_framework/install/altair_interfaces/include/altair_interfaces/altair_interfaces/msg/detail/solenoid_command__rosidl_typesupport_fastrtps_c.h
-- Up-to-date symlink: /home/altair/altair_framework/install/altair_interfaces/include/altair_interfaces/altair_interfaces/msg/rosidl_typesupport_fastrtps_c__visibility_control.h
-- Up-to-date symlink: /home/altair/altair_framework/install/altair_interfaces/include/altair_interfaces/altair_interfaces/srv/detail/connect_can__rosidl_typesupport_fastrtps_c.h
-- Up-to-date symlink: /home/altair/altair_framework/install/altair_interfaces/include/altair_interfaces/altair_interfaces/srv/detail/get_available_ports__rosidl_typesupport_fastrtps_c.h
-- Up-to-date symlink: /home/altair/altair_framework/install/altair_interfaces/include/altair_interfaces/altair_interfaces/srv/detail/start_behavior__rosidl_typesupport_fastrtps_c.h
-- Up-to-date symlink: /home/altair/altair_framework/install/altair_interfaces/include/altair_interfaces/altair_interfaces/srv/detail/trigger_control__rosidl_typesupport_fastrtps_c.h
-- Up-to-date symlink: /home/altair/altair_framework/install/altair_interfaces/include/altair_interfaces/altair_interfaces/msg/detail/can_status__rosidl_typesupport_introspection_c.h
-- Up-to-date symlink: /home/altair/altair_framework/install/altair_interfaces/include/altair_interfaces/altair_interfaces/msg/detail/mdd_command__rosidl_typesupport_introspection_c.h
-- Up-to-date symlink: /home/altair/altair_framework/install/altair_interfaces/include/altair_interfaces/altair_interfaces/msg/detail/mdd_feedback__rosidl_typesupport_introspection_c.h
-- Up-to-date symlink: /home/altair/altair_framework/install/altair_interfaces/include/altair_interfaces/altair_interfaces/msg/detail/servo_command__rosidl_typesupport_introspection_c.h
-- Up-to-date symlink: /home/altair/altair_framework/install/altair_interfaces/include/altair_interfaces/altair_interfaces/msg/detail/solenoid_command__rosidl_typesupport_introspection_c.h
-- Up-to-date symlink: /home/altair/altair_framework/install/altair_interfaces/include/altair_interfaces/altair_interfaces/msg/rosidl_typesupport_introspection_c__visibility_control.h
-- Up-to-date symlink: /home/altair/altair_framework/install/altair_interfaces/include/altair_interfaces/altair_interfaces/srv/detail/connect_can__rosidl_typesupport_introspection_c.h
-- Up-to-date symlink: /home/altair/altair_framework/install/altair_interfaces/include/altair_interfaces/altair_interfaces/srv/detail/get_available_ports__rosidl_typesupport_introspection_c.h
-- Up-to-date symlink: /home/altair/altair_framework/install/altair_interfaces/include/altair_interfaces/altair_interfaces/srv/detail/start_behavior__rosidl_typesupport_introspection_c.h
-- Up-to-date symlink: /home/altair/altair_framework/install/altair_interfaces/include/altair_interfaces/altair_interfaces/srv/detail/trigger_control__rosidl_typesupport_introspection_c.h
-- Up-to-date symlink: /home/altair/altair_framework/install/altair_interfaces/include/altair_interfaces/altair_interfaces/msg/can_status.hpp
-- Up-to-date symlink: /home/altair/altair_framework/install/altair_interfaces/include/altair_interfaces/altair_interfaces/msg/detail/can_status__builder.hpp
-- Up-to-date symlink: /home/altair/altair_framework/install/altair_interfaces/include/altair_interfaces/altair_interfaces/msg/detail/can_status__struct.hpp
-- Up-to-date symlink: /home/altair/altair_framework/install/altair_interfaces/include/altair_interfaces/altair_interfaces/msg/detail/can_status__traits.hpp
-- Up-to-date symlink: /home/altair/altair_framework/install/altair_interfaces/include/altair_interfaces/altair_interfaces/msg/detail/can_status__type_support.hpp
-- Up-to-date symlink: /home/altair/altair_framework/install/altair_interfaces/include/altair_interfaces/altair_interfaces/msg/detail/mdd_command__builder.hpp
-- Up-to-date symlink: /home/altair/altair_framework/install/altair_interfaces/include/altair_interfaces/altair_interfaces/msg/detail/mdd_command__struct.hpp
-- Up-to-date symlink: /home/altair/altair_framework/install/altair_interfaces/include/altair_interfaces/altair_interfaces/msg/detail/mdd_command__traits.hpp
-- Up-to-date symlink: /home/altair/altair_framework/install/altair_interfaces/include/altair_interfaces/altair_interfaces/msg/detail/mdd_command__type_support.hpp
-- Up-to-date symlink: /home/altair/altair_framework/install/altair_interfaces/include/altair_interfaces/altair_interfaces/msg/detail/mdd_feedback__builder.hpp
-- Up-to-date symlink: /home/altair/altair_framework/install/altair_interfaces/include/altair_interfaces/altair_interfaces/msg/detail/mdd_feedback__struct.hpp
-- Up-to-date symlink: /home/altair/altair_framework/install/altair_interfaces/include/altair_interfaces/altair_interfaces/msg/detail/mdd_feedback__traits.hpp
-- Up-to-date symlink: /home/altair/altair_framework/install/altair_interfaces/include/altair_interfaces/altair_interfaces/msg/detail/mdd_feedback__type_support.hpp
-- Up-to-date symlink: /home/altair/altair_framework/install/altair_interfaces/include/altair_interfaces/altair_interfaces/msg/detail/servo_command__builder.hpp
-- Up-to-date symlink: /home/altair/altair_framework/install/altair_interfaces/include/altair_interfaces/altair_interfaces/msg/detail/servo_command__struct.hpp
-- Up-to-date symlink: /home/altair/altair_framework/install/altair_interfaces/include/altair_interfaces/altair_interfaces/msg/detail/servo_command__traits.hpp
-- Up-to-date symlink: /home/altair/altair_framework/install/altair_interfaces/include/altair_interfaces/altair_interfaces/msg/detail/servo_command__type_support.hpp
-- Up-to-date symlink: /home/altair/altair_framework/install/altair_interfaces/include/altair_interfaces/altair_interfaces/msg/detail/solenoid_command__builder.hpp
-- Up-to-date symlink: /home/altair/altair_framework/install/altair_interfaces/include/altair_interfaces/altair_interfaces/msg/detail/solenoid_command__struct.hpp
-- Up-to-date symlink: /home/altair/altair_framework/install/altair_interfaces/include/altair_interfaces/altair_interfaces/msg/detail/solenoid_command__traits.hpp
-- Up-to-date symlink: /home/altair/altair_framework/install/altair_interfaces/include/altair_interfaces/altair_interfaces/msg/detail/solenoid_command__type_support.hpp
-- Up-to-date symlink: /home/altair/altair_framework/install/altair_interfaces/include/altair_interfaces/altair_interfaces/msg/mdd_command.hpp
-- Up-to-date symlink: /home/altair/altair_framework/install/altair_interfaces/include/altair_interfaces/altair_interfaces/msg/mdd_feedback.hpp
-- Up-to-date symlink: /home/altair/altair_framework/install/altair_interfaces/include/altair_interfaces/altair_interfaces/msg/rosidl_generator_cpp__visibility_control.hpp
-- Up-to-date symlink: /home/altair/altair_framework/install/altair_interfaces/include/altair_interfaces/altair_interfaces/msg/servo_command.hpp
-- Up-to-date symlink: /home/altair/altair_framework/install/altair_interfaces/include/altair_interfaces/altair_interfaces/msg/solenoid_command.hpp
-- Up-to-date symlink: /home/altair/altair_framework/install/altair_interfaces/include/altair_interfaces/altair_interfaces/srv/connect_can.hpp
-- Up-to-date symlink: /home/altair/altair_framework/install/altair_interfaces/include/altair_interfaces/altair_interfaces/srv/detail/connect_can__builder.hpp
-- Up-to-date symlink: /home/altair/altair_framework/install/altair_interfaces/include/altair_interfaces/altair_interfaces/srv/detail/connect_can__struct.hpp
-- Up-to-date symlink: /home/altair/altair_framework/install/altair_interfaces/include/altair_interfaces/altair_interfaces/srv/detail/connect_can__traits.hpp
-- Up-to-date symlink: /home/altair/altair_framework/install/altair_interfaces/include/altair_interfaces/altair_interfaces/srv/detail/connect_can__type_support.hpp
-- Up-to-date symlink: /home/altair/altair_framework/install/altair_interfaces/include/altair_interfaces/altair_interfaces/srv/detail/get_available_ports__builder.hpp
-- Up-to-date symlink: /home/altair/altair_framework/install/altair_interfaces/include/altair_interfaces/altair_interfaces/srv/detail/get_available_ports__struct.hpp
-- Up-to-date symlink: /home/altair/altair_framework/install/altair_interfaces/include/altair_interfaces/altair_interfaces/srv/detail/get_available_ports__traits.hpp
-- Up-to-date symlink: /home/altair/altair_framework/install/altair_interfaces/include/altair_interfaces/altair_interfaces/srv/detail/get_available_ports__type_support.hpp
-- Up-to-date symlink: /home/altair/altair_framework/install/altair_interfaces/include/altair_interfaces/altair_interfaces/srv/detail/start_behavior__builder.hpp
-- Up-to-date symlink: /home/altair/altair_framework/install/altair_interfaces/include/altair_interfaces/altair_interfaces/srv/detail/start_behavior__struct.hpp
-- Up-to-date symlink: /home/altair/altair_framework/install/altair_interfaces/include/altair_interfaces/altair_interfaces/srv/detail/start_behavior__traits.hpp
-- Up-to-date symlink: /home/altair/altair_framework/install/altair_interfaces/include/altair_interfaces/altair_interfaces/srv/detail/start_behavior__type_support.hpp
-- Up-to-date symlink: /home/altair/altair_framework/install/altair_interfaces/include/altair_interfaces/altair_interfaces/srv/detail/trigger_control__builder.hpp
-- Up-to-date symlink: /home/altair/altair_framework/install/altair_interfaces/include/altair_interfaces/altair_interfaces/srv/detail/trigger_control__struct.hpp
-- Up-to-date symlink: /home/altair/altair_framework/install/altair_interfaces/include/altair_interfaces/altair_interfaces/srv/detail/trigger_control__traits.hpp
-- Up-to-date symlink: /home/altair/altair_framework/install/altair_interfaces/include/altair_interfaces/altair_interfaces/srv/detail/trigger_control__type_support.hpp
-- Up-to-date symlink: /home/altair/altair_framework/install/altair_interfaces/include/altair_interfaces/altair_interfaces/srv/get_available_ports.hpp
-- Up-to-date symlink: /home/altair/altair_framework/install/altair_interfaces/include/altair_interfaces/altair_interfaces/srv/start_behavior.hpp
-- Up-to-date symlink: /home/altair/altair_framework/install/altair_interfaces/include/altair_interfaces/altair_interfaces/srv/trigger_control.hpp
-- Up-to-date symlink: /home/altair/altair_framework/install/altair_interfaces/include/altair_interfaces/altair_interfaces/msg/detail/can_status__rosidl_typesupport_fastrtps_cpp.hpp
-- Up-to-date symlink: /home/altair/altair_framework/install/altair_interfaces/include/altair_interfaces/altair_interfaces/msg/detail/mdd_command__rosidl_typesupport_fastrtps_cpp.hpp
-- Up-to-date symlink: /home/altair/altair_framework/install/altair_interfaces/include/altair_interfaces/altair_interfaces/msg/detail/mdd_feedback__rosidl_typesupport_fastrtps_cpp.hpp
-- Up-to-date symlink: /home/altair/altair_framework/install/altair_interfaces/include/altair_interfaces/altair_interfaces/msg/detail/servo_command__rosidl_typesupport_fastrtps_cpp.hpp
-- Up-to-date symlink: /home/altair/altair_framework/install/altair_interfaces/include/altair_interfaces/altair_interfaces/msg/detail/solenoid_command__rosidl_typesupport_fastrtps_cpp.hpp
-- Up-to-date symlink: /home/altair/altair_framework/install/altair_interfaces/include/altair_interfaces/altair_interfaces/msg/rosidl_typesupport_fastrtps_cpp__visibility_control.h
-- Up-to-date symlink: /home/altair/altair_framework/install/altair_interfaces/include/altair_interfaces/altair_interfaces/srv/detail/connect_can__rosidl_typesupport_fastrtps_cpp.hpp
-- Up-to-date symlink: /home/altair/altair_framework/install/altair_interfaces/include/altair_interfaces/altair_interfaces/srv/detail/get_available_ports__rosidl_typesupport_fastrtps_cpp.hpp
-- Up-to-date symlink: /home/altair/altair_framework/install/altair_interfaces/include/altair_interfaces/altair_interfaces/srv/detail/start_behavior__rosidl_typesupport_fastrtps_cpp.hpp
-- Up-to-date symlink: /home/altair/altair_framework/install/altair_interfaces/include/altair_interfaces/altair_interfaces/srv/detail/trigger_control__rosidl_typesupport_fastrtps_cpp.hpp
-- Up-to-date symlink: /home/altair/altair_framework/install/altair_interfaces/include/altair_interfaces/altair_interfaces/msg/detail/can_status__rosidl_typesupport_introspection_cpp.hpp
-- Up-to-date symlink: /home/altair/altair_framework/install/altair_interfaces/include/altair_interfaces/altair_interfaces/msg/detail/mdd_command__rosidl_typesupport_introspection_cpp.hpp
-- Up-to-date symlink: /home/altair/altair_framework/install/altair_interfaces/include/altair_interfaces/altair_interfaces/msg/detail/mdd_feedback__rosidl_typesupport_introspection_cpp.hpp
-- Up-to-date symlink: /home/altair/altair_framework/install/altair_interfaces/include/altair_interfaces/altair_interfaces/msg/detail/servo_command__rosidl_typesupport_introspection_cpp.hpp
-- Up-to-date symlink: /home/altair/altair_framework/install/altair_interfaces/include/altair_interfaces/altair_interfaces/msg/detail/solenoid_command__rosidl_typesupport_introspection_cpp.hpp
-- Up-to-date symlink: /home/altair/altair_framework/install/altair_interfaces/include/altair_interfaces/altair_interfaces/srv/detail/connect_can__rosidl_typesupport_introspection_cpp.hpp
-- Up-to-date symlink: /home/altair/altair_framework/install/altair_interfaces/include/altair_interfaces/altair_interfaces/srv/detail/get_available_ports__rosidl_typesupport_introspection_cpp.hpp
-- Up-to-date symlink: /home/altair/altair_framework/install/altair_interfaces/include/altair_interfaces/altair_interfaces/srv/detail/start_behavior__rosidl_typesupport_introspection_cpp.hpp
-- Up-to-date symlink: /home/altair/altair_framework/install/altair_interfaces/include/altair_interfaces/altair_interfaces/srv/detail/trigger_control__rosidl_typesupport_introspection_cpp.hpp
-- Up-to-date symlink: /home/altair/altair_framework/install/altair_interfaces/share/altair_interfaces/environment/pythonpath.sh
-- Up-to-date symlink: /home/altair/altair_framework/install/altair_interfaces/share/altair_interfaces/environment/pythonpath.dsv
-- Up-to-date symlink: /home/altair/altair_framework/install/altair_interfaces/local/lib/python3.10/dist-packages/altair_interfaces-1.0.0-py3.10.egg-info/PKG-INFO
-- Up-to-date symlink: /home/altair/altair_framework/install/altair_interfaces/local/lib/python3.10/dist-packages/altair_interfaces-1.0.0-py3.10.egg-info/SOURCES.txt
-- Up-to-date symlink: /home/altair/altair_framework/install/altair_interfaces/local/lib/python3.10/dist-packages/altair_interfaces-1.0.0-py3.10.egg-info/dependency_links.txt
-- Up-to-date symlink: /home/altair/altair_framework/install/altair_interfaces/local/lib/python3.10/dist-packages/altair_interfaces-1.0.0-py3.10.egg-info/top_level.txt
-- Up-to-date symlink: /home/altair/altair_framework/install/altair_interfaces/local/lib/python3.10/dist-packages/altair_interfaces/__init__.py
-- Up-to-date symlink: /home/altair/altair_framework/install/altair_interfaces/local/lib/python3.10/dist-packages/altair_interfaces/_altair_interfaces_s.ep.rosidl_typesupport_c.c
-- Up-to-date symlink: /home/altair/altair_framework/install/altair_interfaces/local/lib/python3.10/dist-packages/altair_interfaces/_altair_interfaces_s.ep.rosidl_typesupport_fastrtps_c.c
-- Up-to-date symlink: /home/altair/altair_framework/install/altair_interfaces/local/lib/python3.10/dist-packages/altair_interfaces/_altair_interfaces_s.ep.rosidl_typesupport_introspection_c.c
-- Up-to-date symlink: /home/altair/altair_framework/install/altair_interfaces/local/lib/python3.10/dist-packages/altair_interfaces/altair_interfaces_s__rosidl_typesupport_c.cpython-310-x86_64-linux-gnu.so
-- Up-to-date symlink: /home/altair/altair_framework/install/altair_interfaces/local/lib/python3.10/dist-packages/altair_interfaces/altair_interfaces_s__rosidl_typesupport_fastrtps_c.cpython-310-x86_64-linux-gnu.so
-- Up-to-date symlink: /home/altair/altair_framework/install/altair_interfaces/local/lib/python3.10/dist-packages/altair_interfaces/altair_interfaces_s__rosidl_typesupport_introspection_c.cpython-310-x86_64-linux-gnu.so
-- Up-to-date symlink: /home/altair/altair_framework/install/altair_interfaces/local/lib/python3.10/dist-packages/altair_interfaces/libaltair_interfaces__rosidl_generator_py.so
-- Up-to-date symlink: /home/altair/altair_framework/install/altair_interfaces/local/lib/python3.10/dist-packages/altair_interfaces/msg/__init__.py
-- Up-to-date symlink: /home/altair/altair_framework/install/altair_interfaces/local/lib/python3.10/dist-packages/altair_interfaces/msg/_can_status.py
-- Up-to-date symlink: /home/altair/altair_framework/install/altair_interfaces/local/lib/python3.10/dist-packages/altair_interfaces/msg/_can_status_s.c
-- Up-to-date symlink: /home/altair/altair_framework/install/altair_interfaces/local/lib/python3.10/dist-packages/altair_interfaces/msg/_mdd_command.py
-- Up-to-date symlink: /home/altair/altair_framework/install/altair_interfaces/local/lib/python3.10/dist-packages/altair_interfaces/msg/_mdd_command_s.c
-- Up-to-date symlink: /home/altair/altair_framework/install/altair_interfaces/local/lib/python3.10/dist-packages/altair_interfaces/msg/_mdd_feedback.py
-- Up-to-date symlink: /home/altair/altair_framework/install/altair_interfaces/local/lib/python3.10/dist-packages/altair_interfaces/msg/_mdd_feedback_s.c
-- Up-to-date symlink: /home/altair/altair_framework/install/altair_interfaces/local/lib/python3.10/dist-packages/altair_interfaces/msg/_servo_command.py
-- Up-to-date symlink: /home/altair/altair_framework/install/altair_interfaces/local/lib/python3.10/dist-packages/altair_interfaces/msg/_servo_command_s.c
-- Up-to-date symlink: /home/altair/altair_framework/install/altair_interfaces/local/lib/python3.10/dist-packages/altair_interfaces/msg/_solenoid_command.py
-- Up-to-date symlink: /home/altair/altair_framework/install/altair_interfaces/local/lib/python3.10/dist-packages/altair_interfaces/msg/_solenoid_command_s.c
-- Up-to-date symlink: /home/altair/altair_framework/install/altair_interfaces/local/lib/python3.10/dist-packages/altair_interfaces/srv/__init__.py
-- Up-to-date symlink: /home/altair/altair_framework/install/altair_interfaces/local/lib/python3.10/dist-packages/altair_interfaces/srv/_connect_can.py
-- Up-to-date symlink: /home/altair/altair_framework/install/altair_interfaces/local/lib/python3.10/dist-packages/altair_interfaces/srv/_connect_can_s.c
-- Up-to-date symlink: /home/altair/altair_framework/install/altair_interfaces/local/lib/python3.10/dist-packages/altair_interfaces/srv/_get_available_ports.py
-- Up-to-date symlink: /home/altair/altair_framework/install/altair_interfaces/local/lib/python3.10/dist-packages/altair_interfaces/srv/_get_available_ports_s.c
-- Up-to-date symlink: /home/altair/altair_framework/install/altair_interfaces/local/lib/python3.10/dist-packages/altair_interfaces/srv/_start_behavior.py
-- Up-to-date symlink: /home/altair/altair_framework/install/altair_interfaces/local/lib/python3.10/dist-packages/altair_interfaces/srv/_start_behavior_s.c
-- Up-to-date symlink: /home/altair/altair_framework/install/altair_interfaces/local/lib/python3.10/dist-packages/altair_interfaces/srv/_trigger_control.py
-- Up-to-date symlink: /home/altair/altair_framework/install/altair_interfaces/local/lib/python3.10/dist-packages/altair_interfaces/srv/_trigger_control_s.c
-- Up-to-date symlink: /home/altair/altair_framework/install/altair_interfaces/local/lib/python3.10/dist-packages/altair_interfaces/altair_interfaces_s__rosidl_typesupport_fastrtps_c.cpython-310-x86_64-linux-gnu.so
-- Up-to-date symlink: /home/altair/altair_framework/install/altair_interfaces/local/lib/python3.10/dist-packages/altair_interfaces/altair_interfaces_s__rosidl_typesupport_introspection_c.cpython-310-x86_64-linux-gnu.so
-- Up-to-date symlink: /home/altair/altair_framework/install/altair_interfaces/local/lib/python3.10/dist-packages/altair_interfaces/altair_interfaces_s__rosidl_typesupport_c.cpython-310-x86_64-linux-gnu.so
-- Up-to-date symlink: /home/altair/altair_framework/install/altair_interfaces/share/ament_index/resource_index/rust_packages/altair_interfaces
-- Up-to-date symlink: /home/altair/altair_framework/install/altair_interfaces/share/altair_interfaces/rust/Cargo.toml
-- Up-to-date symlink: /home/altair/altair_framework/install/altair_interfaces/share/altair_interfaces/rust/build.rs
-- Up-to-date symlink: /home/altair/altair_framework/install/altair_interfaces/share/altair_interfaces/rust/src/lib.rs
-- Up-to-date symlink: /home/altair/altair_framework/install/altair_interfaces/share/altair_interfaces/rust/src/msg.rs
-- Up-to-date symlink: /home/altair/altair_framework/install/altair_interfaces/share/altair_interfaces/rust/src/msg/rmw.rs
-- Up-to-date symlink: /home/altair/altair_framework/install/altair_interfaces/share/altair_interfaces/rust/src/srv.rs
-- Up-to-date symlink: /home/altair/altair_framework/install/altair_interfaces/share/altair_interfaces/rust/src/srv/rmw.rs
-- Up-to-date symlink: /home/altair/altair_framework/install/altair_interfaces/share/altair_interfaces/msg/CanStatus.idl
-- Up-to-date symlink: /home/altair/altair_framework/install/altair_interfaces/share/altair_interfaces/msg/MddFeedback.idl
-- Up-to-date symlink: /home/altair/altair_framework/install/altair_interfaces/share/altair_interfaces/msg/MddCommand.idl
-- Up-to-date symlink: /home/altair/altair_framework/install/altair_interfaces/share/altair_interfaces/msg/ServoCommand.idl
-- Up-to-date symlink: /home/altair/altair_framework/install/altair_interfaces/share/altair_interfaces/msg/SolenoidCommand.idl
-- Up-to-date symlink: /home/altair/altair_framework/install/altair_interfaces/share/altair_interfaces/srv/TriggerControl.idl
-- Up-to-date symlink: /home/altair/altair_framework/install/altair_interfaces/share/altair_interfaces/srv/GetAvailablePorts.idl
-- Up-to-date symlink: /home/altair/altair_framework/install/altair_interfaces/share/altair_interfaces/srv/ConnectCan.idl
-- Up-to-date symlink: /home/altair/altair_framework/install/altair_interfaces/share/altair_interfaces/srv/StartBehavior.idl
-- Up-to-date symlink: /home/altair/altair_framework/install/altair_interfaces/share/altair_interfaces/msg/CanStatus.msg
-- Up-to-date symlink: /home/altair/altair_framework/install/altair_interfaces/share/altair_interfaces/msg/MddFeedback.msg
-- Up-to-date symlink: /home/altair/altair_framework/install/altair_interfaces/share/altair_interfaces/msg/MddCommand.msg
-- Up-to-date symlink: /home/altair/altair_framework/install/altair_interfaces/share/altair_interfaces/msg/ServoCommand.msg
-- Up-to-date symlink: /home/altair/altair_framework/install/altair_interfaces/share/altair_interfaces/msg/SolenoidCommand.msg
-- Up-to-date symlink: /home/altair/altair_framework/install/altair_interfaces/share/altair_interfaces/srv/TriggerControl.srv
-- Up-to-date symlink: /home/altair/altair_framework/install/altair_interfaces/share/altair_interfaces/srv/TriggerControl_Request.msg
-- Up-to-date symlink: /home/altair/altair_framework/install/altair_interfaces/share/altair_interfaces/srv/TriggerControl_Response.msg
-- Up-to-date symlink: /home/altair/altair_framework/install/altair_interfaces/share/altair_interfaces/srv/GetAvailablePorts.srv
-- Up-to-date symlink: /home/altair/altair_framework/install/altair_interfaces/share/altair_interfaces/srv/GetAvailablePorts_Request.msg
-- Up-to-date symlink: /home/altair/altair_framework/install/altair_interfaces/share/altair_interfaces/srv/GetAvailablePorts_Response.msg
-- Up-to-date symlink: /home/altair/altair_framework/install/altair_interfaces/share/altair_interfaces/srv/ConnectCan.srv
-- Up-to-date symlink: /home/altair/altair_framework/install/altair_interfaces/share/altair_interfaces/srv/ConnectCan_Request.msg
-- Up-to-date symlink: /home/altair/altair_framework/install/altair_interfaces/share/altair_interfaces/srv/ConnectCan_Response.msg
-- Up-to-date symlink: /home/altair/altair_framework/install/altair_interfaces/share/altair_interfaces/srv/StartBehavior.srv
-- Up-to-date symlink: /home/altair/altair_framework/install/altair_interfaces/share/altair_interfaces/srv/StartBehavior_Request.msg
-- Up-to-date symlink: /home/altair/altair_framework/install/altair_interfaces/share/altair_interfaces/srv/StartBehavior_Response.msg
-- Up-to-date symlink: /home/altair/altair_framework/install/altair_interfaces/share/ament_index/resource_index/package_run_dependencies/altair_interfaces
-- Up-to-date symlink: /home/altair/altair_framework/install/altair_interfaces/share/ament_index/resource_index/parent_prefix_path/altair_interfaces
-- Up-to-date symlink: /home/altair/altair_framework/install/altair_interfaces/share/altair_interfaces/environment/ament_prefix_path.sh
-- Up-to-date symlink: /home/altair/altair_framework/install/altair_interfaces/share/altair_interfaces/environment/ament_prefix_path.dsv
-- Up-to-date symlink: /home/altair/altair_framework/install/altair_interfaces/share/altair_interfaces/environment/path.sh
-- Up-to-date symlink: /home/altair/altair_framework/install/altair_interfaces/share/altair_interfaces/environment/path.dsv
-- Up-to-date symlink: /home/altair/altair_framework/install/altair_interfaces/share/altair_interfaces/local_setup.bash
-- Up-to-date symlink: /home/altair/altair_framework/install/altair_interfaces/share/altair_interfaces/local_setup.sh
-- Up-to-date symlink: /home/altair/altair_framework/install/altair_interfaces/share/altair_interfaces/local_setup.zsh
-- Up-to-date symlink: /home/altair/altair_framework/install/altair_interfaces/share/altair_interfaces/local_setup.dsv
-- Symlinking: /home/altair/altair_framework/install/altair_interfaces/share/altair_interfaces/package.dsv
-- Up-to-date symlink: /home/altair/altair_framework/install/altair_interfaces/share/ament_index/resource_index/packages/altair_interfaces
-- Up-to-date symlink: /home/altair/altair_framework/install/altair_interfaces/share/altair_interfaces/cmake/rosidl_cmake-extras.cmake
-- Up-to-date symlink: /home/altair/altair_framework/install/altair_interfaces/share/altair_interfaces/cmake/ament_cmake_export_include_directories-extras.cmake
-- Up-to-date symlink: /home/altair/altair_framework/install/altair_interfaces/share/altair_interfaces/cmake/ament_cmake_export_libraries-extras.cmake
-- Up-to-date symlink: /home/altair/altair_framework/install/altair_interfaces/share/altair_interfaces/cmake/ament_cmake_export_targets-extras.cmake
-- Up-to-date symlink: /home/altair/altair_framework/install/altair_interfaces/share/altair_interfaces/cmake/rosidl_cmake_export_typesupport_targets-extras.cmake
-- Up-to-date symlink: /home/altair/altair_framework/install/altair_interfaces/share/altair_interfaces/cmake/ament_cmake_export_dependencies-extras.cmake
-- Up-to-date symlink: /home/altair/altair_framework/install/altair_interfaces/share/altair_interfaces/cmake/rosidl_cmake_export_typesupport_libraries-extras.cmake
-- Up-to-date symlink: /home/altair/altair_framework/install/altair_interfaces/share/altair_interfaces/cmake/altair_interfacesConfig.cmake
-- Up-to-date symlink: /home/altair/altair_framework/install/altair_interfaces/share/altair_interfaces/cmake/altair_interfacesConfig-version.cmake
-- Up-to-date symlink: /home/altair/altair_framework/install/altair_interfaces/share/altair_interfaces/package.xml
-- Up-to-date: /home/altair/altair_framework/install/altair_interfaces/lib/libaltair_interfaces__rosidl_generator_c.so
-- Up-to-date: /home/altair/altair_framework/install/altair_interfaces/lib/libaltair_interfaces__rosidl_typesupport_fastrtps_c.so
-- Up-to-date: /home/altair/altair_framework/install/altair_interfaces/lib/libaltair_interfaces__rosidl_typesupport_introspection_c.so
-- Up-to-date: /home/altair/altair_framework/install/altair_interfaces/lib/libaltair_interfaces__rosidl_typesupport_c.so
-- Up-to-date: /home/altair/altair_framework/install/altair_interfaces/lib/libaltair_interfaces__rosidl_typesupport_fastrtps_cpp.so
-- Up-to-date: /home/altair/altair_framework/install/altair_interfaces/lib/libaltair_interfaces__rosidl_typesupport_introspection_cpp.so
-- Up-to-date: /home/altair/altair_framework/install/altair_interfaces/lib/libaltair_interfaces__rosidl_typesupport_cpp.so
Listing '/home/altair/altair_framework/install/altair_interfaces/local/lib/python3.10/dist-packages/altair_interfaces'...
Listing '/home/altair/altair_framework/install/altair_interfaces/local/lib/python3.10/dist-packages/altair_interfaces/msg'...
Listing '/home/altair/altair_framework/install/altair_interfaces/local/lib/python3.10/dist-packages/altair_interfaces/srv'...
-- Up-to-date: /home/altair/altair_framework/install/altair_interfaces/lib/libaltair_interfaces__rosidl_generator_py.so
-- Up-to-date: /home/altair/altair_framework/install/altair_interfaces/share/altair_interfaces/cmake/export_altair_interfaces__rosidl_generator_cExport.cmake
-- Up-to-date: /home/altair/altair_framework/install/altair_interfaces/share/altair_interfaces/cmake/export_altair_interfaces__rosidl_generator_cExport-noconfig.cmake
-- Up-to-date: /home/altair/altair_framework/install/altair_interfaces/share/altair_interfaces/cmake/export_altair_interfaces__rosidl_typesupport_fastrtps_cExport.cmake
-- Up-to-date: /home/altair/altair_framework/install/altair_interfaces/share/altair_interfaces/cmake/export_altair_interfaces__rosidl_typesupport_fastrtps_cExport-noconfig.cmake
-- Up-to-date: /home/altair/altair_framework/install/altair_interfaces/share/altair_interfaces/cmake/altair_interfaces__rosidl_typesupport_introspection_cExport.cmake
-- Up-to-date: /home/altair/altair_framework/install/altair_interfaces/share/altair_interfaces/cmake/altair_interfaces__rosidl_typesupport_introspection_cExport-noconfig.cmake
-- Up-to-date: /home/altair/altair_framework/install/altair_interfaces/share/altair_interfaces/cmake/altair_interfaces__rosidl_typesupport_cExport.cmake
-- Up-to-date: /home/altair/altair_framework/install/altair_interfaces/share/altair_interfaces/cmake/altair_interfaces__rosidl_typesupport_cExport-noconfig.cmake
-- Up-to-date: /home/altair/altair_framework/install/altair_interfaces/share/altair_interfaces/cmake/export_altair_interfaces__rosidl_generator_cppExport.cmake
-- Up-to-date: /home/altair/altair_framework/install/altair_interfaces/share/altair_interfaces/cmake/export_altair_interfaces__rosidl_typesupport_fastrtps_cppExport.cmake
-- Up-to-date: /home/altair/altair_framework/install/altair_interfaces/share/altair_interfaces/cmake/export_altair_interfaces__rosidl_typesupport_fastrtps_cppExport-noconfig.cmake
-- Up-to-date: /home/altair/altair_framework/install/altair_interfaces/share/altair_interfaces/cmake/altair_interfaces__rosidl_typesupport_introspection_cppExport.cmake
-- Up-to-date: /home/altair/altair_framework/install/altair_interfaces/share/altair_interfaces/cmake/altair_interfaces__rosidl_typesupport_introspection_cppExport-noconfig.cmake
-- Up-to-date: /home/altair/altair_framework/install/altair_interfaces/share/altair_interfaces/cmake/altair_interfaces__rosidl_typesupport_cppExport.cmake
-- Up-to-date: /home/altair/altair_framework/install/altair_interfaces/share/altair_interfaces/cmake/altair_interfaces__rosidl_typesupport_cppExport-noconfig.cmake
-- Up-to-date: /home/altair/altair_framework/install/altair_interfaces/share/altair_interfaces/cmake/export_altair_interfaces__rosidl_generator_pyExport.cmake
-- Up-to-date: /home/altair/altair_framework/install/altair_interfaces/share/altair_interfaces/cmake/export_altair_interfaces__rosidl_generator_pyExport-noconfig.cmake
