[0.051s] Invoking command in '/home/altair/altair_framework/build/altair_interfaces': CMAKE_PREFIX_PATH=/opt/ros/humble /usr/bin/cmake --build /home/altair/altair_framework/build/altair_interfaces -- -j8 -l8
[0.106s] [  1%] Built target altair_interfaces__cpp
[0.106s] [  2%] Built target altair_interfaces__rs
[0.111s] [  2%] Built target ament_cmake_python_symlink_altair_interfaces
[0.115s] [ 13%] Built target altair_interfaces__rosidl_generator_c
[0.148s] [ 25%] Built target altair_interfaces__rosidl_typesupport_introspection_cpp
[0.148s] [ 36%] Built target altair_interfaces__rosidl_typesupport_cpp
[0.165s] [ 47%] Built target altair_interfaces__rosidl_typesupport_c
[0.165s] [ 59%] Built target altair_interfaces__rosidl_typesupport_fastrtps_c
[0.169s] [ 70%] Built target altair_interfaces__rosidl_typesupport_introspection_c
[0.172s] [ 82%] Built target altair_interfaces__rosidl_typesupport_fastrtps_cpp
[0.191s] [ 82%] Built target altair_interfaces
[0.210s] [ 83%] Built target altair_interfaces__py
[0.235s] [ 93%] Built target altair_interfaces__rosidl_generator_py
[0.261s] [ 97%] Built target altair_interfaces__rosidl_typesupport_fastrtps_c__pyext
[0.261s] [ 97%] Built target altair_interfaces__rosidl_typesupport_introspection_c__pyext
[0.266s] [100%] Built target altair_interfaces__rosidl_typesupport_c__pyext
[0.638s] running egg_info
[0.694s] writing altair_interfaces.egg-info/PKG-INFO
[0.694s] writing dependency_links to altair_interfaces.egg-info/dependency_links.txt
[0.695s] writing top-level names to altair_interfaces.egg-info/top_level.txt
[0.856s] reading manifest file 'altair_interfaces.egg-info/SOURCES.txt'
[0.861s] writing manifest file 'altair_interfaces.egg-info/SOURCES.txt'
[0.905s] [100%] Built target ament_cmake_python_build_altair_interfaces_egg
[0.916s] Invoked command in '/home/altair/altair_framework/build/altair_interfaces' returned '0': CMAKE_PREFIX_PATH=/opt/ros/humble /usr/bin/cmake --build /home/altair/altair_framework/build/altair_interfaces -- -j8 -l8
[0.924s] Invoking command in '/home/altair/altair_framework/build/altair_interfaces': CMAKE_PREFIX_PATH=/opt/ros/humble /usr/bin/cmake --install /home/altair/altair_framework/build/altair_interfaces
[0.931s] -- Install configuration: ""
[0.932s] -- Execute custom install script
[0.933s] -- Up-to-date symlink: /home/altair/altair_framework/install/altair_interfaces/share/ament_index/resource_index/rosidl_interfaces/altair_interfaces
[0.934s] -- Up-to-date symlink: /home/altair/altair_framework/install/altair_interfaces/include/altair_interfaces/altair_interfaces/msg/can_status.h
[0.934s] -- Up-to-date symlink: /home/altair/altair_framework/install/altair_interfaces/include/altair_interfaces/altair_interfaces/msg/detail/can_status__functions.h
[0.935s] -- Up-to-date symlink: /home/altair/altair_framework/install/altair_interfaces/include/altair_interfaces/altair_interfaces/msg/detail/can_status__struct.h
[0.935s] -- Up-to-date symlink: /home/altair/altair_framework/install/altair_interfaces/include/altair_interfaces/altair_interfaces/msg/detail/can_status__type_support.h
[0.935s] -- Up-to-date symlink: /home/altair/altair_framework/install/altair_interfaces/include/altair_interfaces/altair_interfaces/msg/detail/mdd_command__functions.h
[0.935s] -- Up-to-date symlink: /home/altair/altair_framework/install/altair_interfaces/include/altair_interfaces/altair_interfaces/msg/detail/mdd_command__struct.h
[0.936s] -- Up-to-date symlink: /home/altair/altair_framework/install/altair_interfaces/include/altair_interfaces/altair_interfaces/msg/detail/mdd_command__type_support.h
[0.936s] -- Up-to-date symlink: /home/altair/altair_framework/install/altair_interfaces/include/altair_interfaces/altair_interfaces/msg/detail/mdd_feedback__functions.h
[0.936s] -- Up-to-date symlink: /home/altair/altair_framework/install/altair_interfaces/include/altair_interfaces/altair_interfaces/msg/detail/mdd_feedback__struct.h
[0.936s] -- Up-to-date symlink: /home/altair/altair_framework/install/altair_interfaces/include/altair_interfaces/altair_interfaces/msg/detail/mdd_feedback__type_support.h
[0.936s] -- Up-to-date symlink: /home/altair/altair_framework/install/altair_interfaces/include/altair_interfaces/altair_interfaces/msg/detail/servo_command__functions.h
[0.937s] -- Up-to-date symlink: /home/altair/altair_framework/install/altair_interfaces/include/altair_interfaces/altair_interfaces/msg/detail/servo_command__struct.h
[0.938s] -- Up-to-date symlink: /home/altair/altair_framework/install/altair_interfaces/include/altair_interfaces/altair_interfaces/msg/detail/servo_command__type_support.h
[0.939s] -- Up-to-date symlink: /home/altair/altair_framework/install/altair_interfaces/include/altair_interfaces/altair_interfaces/msg/detail/solenoid_command__functions.h
[0.939s] -- Up-to-date symlink: /home/altair/altair_framework/install/altair_interfaces/include/altair_interfaces/altair_interfaces/msg/detail/solenoid_command__struct.h
[0.939s] -- Up-to-date symlink: /home/altair/altair_framework/install/altair_interfaces/include/altair_interfaces/altair_interfaces/msg/detail/solenoid_command__type_support.h
[0.939s] -- Up-to-date symlink: /home/altair/altair_framework/install/altair_interfaces/include/altair_interfaces/altair_interfaces/msg/mdd_command.h
[0.939s] -- Up-to-date symlink: /home/altair/altair_framework/install/altair_interfaces/include/altair_interfaces/altair_interfaces/msg/mdd_feedback.h
[0.940s] -- Up-to-date symlink: /home/altair/altair_framework/install/altair_interfaces/include/altair_interfaces/altair_interfaces/msg/rosidl_generator_c__visibility_control.h
[0.940s] -- Up-to-date symlink: /home/altair/altair_framework/install/altair_interfaces/include/altair_interfaces/altair_interfaces/msg/servo_command.h
[0.940s] -- Up-to-date symlink: /home/altair/altair_framework/install/altair_interfaces/include/altair_interfaces/altair_interfaces/msg/solenoid_command.h
[0.940s] -- Up-to-date symlink: /home/altair/altair_framework/install/altair_interfaces/include/altair_interfaces/altair_interfaces/srv/connect_can.h
[0.940s] -- Up-to-date symlink: /home/altair/altair_framework/install/altair_interfaces/include/altair_interfaces/altair_interfaces/srv/detail/connect_can__functions.h
[0.940s] -- Up-to-date symlink: /home/altair/altair_framework/install/altair_interfaces/include/altair_interfaces/altair_interfaces/srv/detail/connect_can__struct.h
[0.941s] -- Up-to-date symlink: /home/altair/altair_framework/install/altair_interfaces/include/altair_interfaces/altair_interfaces/srv/detail/connect_can__type_support.h
[0.941s] -- Up-to-date symlink: /home/altair/altair_framework/install/altair_interfaces/include/altair_interfaces/altair_interfaces/srv/detail/get_available_ports__functions.h
[0.941s] -- Up-to-date symlink: /home/altair/altair_framework/install/altair_interfaces/include/altair_interfaces/altair_interfaces/srv/detail/get_available_ports__struct.h
[0.941s] -- Up-to-date symlink: /home/altair/altair_framework/install/altair_interfaces/include/altair_interfaces/altair_interfaces/srv/detail/get_available_ports__type_support.h
[0.941s] -- Up-to-date symlink: /home/altair/altair_framework/install/altair_interfaces/include/altair_interfaces/altair_interfaces/srv/detail/start_behavior__functions.h
[0.941s] -- Up-to-date symlink: /home/altair/altair_framework/install/altair_interfaces/include/altair_interfaces/altair_interfaces/srv/detail/start_behavior__struct.h
[0.941s] -- Up-to-date symlink: /home/altair/altair_framework/install/altair_interfaces/include/altair_interfaces/altair_interfaces/srv/detail/start_behavior__type_support.h
[0.941s] -- Up-to-date symlink: /home/altair/altair_framework/install/altair_interfaces/include/altair_interfaces/altair_interfaces/srv/detail/trigger_control__functions.h
[0.942s] -- Up-to-date symlink: /home/altair/altair_framework/install/altair_interfaces/include/altair_interfaces/altair_interfaces/srv/detail/trigger_control__struct.h
[0.942s] -- Up-to-date symlink: /home/altair/altair_framework/install/altair_interfaces/include/altair_interfaces/altair_interfaces/srv/detail/trigger_control__type_support.h
[0.942s] -- Up-to-date symlink: /home/altair/altair_framework/install/altair_interfaces/include/altair_interfaces/altair_interfaces/srv/get_available_ports.h
[0.942s] -- Up-to-date symlink: /home/altair/altair_framework/install/altair_interfaces/include/altair_interfaces/altair_interfaces/srv/start_behavior.h
[0.942s] -- Up-to-date symlink: /home/altair/altair_framework/install/altair_interfaces/include/altair_interfaces/altair_interfaces/srv/trigger_control.h
[0.943s] -- Up-to-date symlink: /home/altair/altair_framework/install/altair_interfaces/share/altair_interfaces/environment/library_path.sh
[0.943s] -- Up-to-date symlink: /home/altair/altair_framework/install/altair_interfaces/share/altair_interfaces/environment/library_path.dsv
[0.945s] -- Up-to-date symlink: /home/altair/altair_framework/install/altair_interfaces/include/altair_interfaces/altair_interfaces/msg/detail/can_status__rosidl_typesupport_fastrtps_c.h
[0.945s] -- Up-to-date symlink: /home/altair/altair_framework/install/altair_interfaces/include/altair_interfaces/altair_interfaces/msg/detail/mdd_command__rosidl_typesupport_fastrtps_c.h
[0.945s] -- Up-to-date symlink: /home/altair/altair_framework/install/altair_interfaces/include/altair_interfaces/altair_interfaces/msg/detail/mdd_feedback__rosidl_typesupport_fastrtps_c.h
[0.945s] -- Up-to-date symlink: /home/altair/altair_framework/install/altair_interfaces/include/altair_interfaces/altair_interfaces/msg/detail/servo_command__rosidl_typesupport_fastrtps_c.h
[0.946s] -- Up-to-date symlink: /home/altair/altair_framework/install/altair_interfaces/include/altair_interfaces/altair_interfaces/msg/detail/solenoid_command__rosidl_typesupport_fastrtps_c.h
[0.946s] -- Up-to-date symlink: /home/altair/altair_framework/install/altair_interfaces/include/altair_interfaces/altair_interfaces/msg/rosidl_typesupport_fastrtps_c__visibility_control.h
[0.946s] -- Up-to-date symlink: /home/altair/altair_framework/install/altair_interfaces/include/altair_interfaces/altair_interfaces/srv/detail/connect_can__rosidl_typesupport_fastrtps_c.h
[0.946s] -- Up-to-date symlink: /home/altair/altair_framework/install/altair_interfaces/include/altair_interfaces/altair_interfaces/srv/detail/get_available_ports__rosidl_typesupport_fastrtps_c.h
[0.947s] -- Up-to-date symlink: /home/altair/altair_framework/install/altair_interfaces/include/altair_interfaces/altair_interfaces/srv/detail/start_behavior__rosidl_typesupport_fastrtps_c.h
[0.947s] -- Up-to-date symlink: /home/altair/altair_framework/install/altair_interfaces/include/altair_interfaces/altair_interfaces/srv/detail/trigger_control__rosidl_typesupport_fastrtps_c.h
[0.948s] -- Up-to-date symlink: /home/altair/altair_framework/install/altair_interfaces/include/altair_interfaces/altair_interfaces/msg/detail/can_status__rosidl_typesupport_introspection_c.h
[0.948s] -- Up-to-date symlink: /home/altair/altair_framework/install/altair_interfaces/include/altair_interfaces/altair_interfaces/msg/detail/mdd_command__rosidl_typesupport_introspection_c.h
[0.948s] -- Up-to-date symlink: /home/altair/altair_framework/install/altair_interfaces/include/altair_interfaces/altair_interfaces/msg/detail/mdd_feedback__rosidl_typesupport_introspection_c.h
[0.949s] -- Up-to-date symlink: /home/altair/altair_framework/install/altair_interfaces/include/altair_interfaces/altair_interfaces/msg/detail/servo_command__rosidl_typesupport_introspection_c.h
[0.949s] -- Up-to-date symlink: /home/altair/altair_framework/install/altair_interfaces/include/altair_interfaces/altair_interfaces/msg/detail/solenoid_command__rosidl_typesupport_introspection_c.h
[0.951s] -- Up-to-date symlink: /home/altair/altair_framework/install/altair_interfaces/include/altair_interfaces/altair_interfaces/msg/rosidl_typesupport_introspection_c__visibility_control.h
[0.952s] -- Up-to-date symlink: /home/altair/altair_framework/install/altair_interfaces/include/altair_interfaces/altair_interfaces/srv/detail/connect_can__rosidl_typesupport_introspection_c.h
[0.952s] -- Up-to-date symlink: /home/altair/altair_framework/install/altair_interfaces/include/altair_interfaces/altair_interfaces/srv/detail/get_available_ports__rosidl_typesupport_introspection_c.h
[0.952s] -- Up-to-date symlink: /home/altair/altair_framework/install/altair_interfaces/include/altair_interfaces/altair_interfaces/srv/detail/start_behavior__rosidl_typesupport_introspection_c.h
[0.952s] -- Up-to-date symlink: /home/altair/altair_framework/install/altair_interfaces/include/altair_interfaces/altair_interfaces/srv/detail/trigger_control__rosidl_typesupport_introspection_c.h
[0.952s] -- Up-to-date symlink: /home/altair/altair_framework/install/altair_interfaces/include/altair_interfaces/altair_interfaces/msg/can_status.hpp
[0.953s] -- Up-to-date symlink: /home/altair/altair_framework/install/altair_interfaces/include/altair_interfaces/altair_interfaces/msg/detail/can_status__builder.hpp
[0.953s] -- Up-to-date symlink: /home/altair/altair_framework/install/altair_interfaces/include/altair_interfaces/altair_interfaces/msg/detail/can_status__struct.hpp
[0.953s] -- Up-to-date symlink: /home/altair/altair_framework/install/altair_interfaces/include/altair_interfaces/altair_interfaces/msg/detail/can_status__traits.hpp
[0.953s] -- Up-to-date symlink: /home/altair/altair_framework/install/altair_interfaces/include/altair_interfaces/altair_interfaces/msg/detail/can_status__type_support.hpp
[0.953s] -- Up-to-date symlink: /home/altair/altair_framework/install/altair_interfaces/include/altair_interfaces/altair_interfaces/msg/detail/mdd_command__builder.hpp
[0.954s] -- Up-to-date symlink: /home/altair/altair_framework/install/altair_interfaces/include/altair_interfaces/altair_interfaces/msg/detail/mdd_command__struct.hpp
[0.955s] -- Up-to-date symlink: /home/altair/altair_framework/install/altair_interfaces/include/altair_interfaces/altair_interfaces/msg/detail/mdd_command__traits.hpp
[0.955s] -- Up-to-date symlink: /home/altair/altair_framework/install/altair_interfaces/include/altair_interfaces/altair_interfaces/msg/detail/mdd_command__type_support.hpp
[0.955s] -- Up-to-date symlink: /home/altair/altair_framework/install/altair_interfaces/include/altair_interfaces/altair_interfaces/msg/detail/mdd_feedback__builder.hpp
[0.955s] -- Up-to-date symlink: /home/altair/altair_framework/install/altair_interfaces/include/altair_interfaces/altair_interfaces/msg/detail/mdd_feedback__struct.hpp
[0.955s] -- Up-to-date symlink: /home/altair/altair_framework/install/altair_interfaces/include/altair_interfaces/altair_interfaces/msg/detail/mdd_feedback__traits.hpp
[0.956s] -- Up-to-date symlink: /home/altair/altair_framework/install/altair_interfaces/include/altair_interfaces/altair_interfaces/msg/detail/mdd_feedback__type_support.hpp
[0.956s] -- Up-to-date symlink: /home/altair/altair_framework/install/altair_interfaces/include/altair_interfaces/altair_interfaces/msg/detail/servo_command__builder.hpp
[0.956s] -- Up-to-date symlink: /home/altair/altair_framework/install/altair_interfaces/include/altair_interfaces/altair_interfaces/msg/detail/servo_command__struct.hpp
[0.956s] -- Up-to-date symlink: /home/altair/altair_framework/install/altair_interfaces/include/altair_interfaces/altair_interfaces/msg/detail/servo_command__traits.hpp
[0.956s] -- Up-to-date symlink: /home/altair/altair_framework/install/altair_interfaces/include/altair_interfaces/altair_interfaces/msg/detail/servo_command__type_support.hpp
[0.957s] -- Up-to-date symlink: /home/altair/altair_framework/install/altair_interfaces/include/altair_interfaces/altair_interfaces/msg/detail/solenoid_command__builder.hpp
[0.957s] -- Up-to-date symlink: /home/altair/altair_framework/install/altair_interfaces/include/altair_interfaces/altair_interfaces/msg/detail/solenoid_command__struct.hpp
[0.957s] -- Up-to-date symlink: /home/altair/altair_framework/install/altair_interfaces/include/altair_interfaces/altair_interfaces/msg/detail/solenoid_command__traits.hpp
[0.957s] -- Up-to-date symlink: /home/altair/altair_framework/install/altair_interfaces/include/altair_interfaces/altair_interfaces/msg/detail/solenoid_command__type_support.hpp
[0.958s] -- Up-to-date symlink: /home/altair/altair_framework/install/altair_interfaces/include/altair_interfaces/altair_interfaces/msg/mdd_command.hpp
[0.958s] -- Up-to-date symlink: /home/altair/altair_framework/install/altair_interfaces/include/altair_interfaces/altair_interfaces/msg/mdd_feedback.hpp
[0.959s] -- Up-to-date symlink: /home/altair/altair_framework/install/altair_interfaces/include/altair_interfaces/altair_interfaces/msg/rosidl_generator_cpp__visibility_control.hpp
[0.959s] -- Up-to-date symlink: /home/altair/altair_framework/install/altair_interfaces/include/altair_interfaces/altair_interfaces/msg/servo_command.hpp
[0.959s] -- Up-to-date symlink: /home/altair/altair_framework/install/altair_interfaces/include/altair_interfaces/altair_interfaces/msg/solenoid_command.hpp
[0.959s] -- Up-to-date symlink: /home/altair/altair_framework/install/altair_interfaces/include/altair_interfaces/altair_interfaces/srv/connect_can.hpp
[0.959s] -- Up-to-date symlink: /home/altair/altair_framework/install/altair_interfaces/include/altair_interfaces/altair_interfaces/srv/detail/connect_can__builder.hpp
[0.959s] -- Up-to-date symlink: /home/altair/altair_framework/install/altair_interfaces/include/altair_interfaces/altair_interfaces/srv/detail/connect_can__struct.hpp
[0.959s] -- Up-to-date symlink: /home/altair/altair_framework/install/altair_interfaces/include/altair_interfaces/altair_interfaces/srv/detail/connect_can__traits.hpp
[0.959s] -- Up-to-date symlink: /home/altair/altair_framework/install/altair_interfaces/include/altair_interfaces/altair_interfaces/srv/detail/connect_can__type_support.hpp
[0.960s] -- Up-to-date symlink: /home/altair/altair_framework/install/altair_interfaces/include/altair_interfaces/altair_interfaces/srv/detail/get_available_ports__builder.hpp
[0.960s] -- Up-to-date symlink: /home/altair/altair_framework/install/altair_interfaces/include/altair_interfaces/altair_interfaces/srv/detail/get_available_ports__struct.hpp
[0.960s] -- Up-to-date symlink: /home/altair/altair_framework/install/altair_interfaces/include/altair_interfaces/altair_interfaces/srv/detail/get_available_ports__traits.hpp
[0.960s] -- Up-to-date symlink: /home/altair/altair_framework/install/altair_interfaces/include/altair_interfaces/altair_interfaces/srv/detail/get_available_ports__type_support.hpp
[0.960s] -- Up-to-date symlink: /home/altair/altair_framework/install/altair_interfaces/include/altair_interfaces/altair_interfaces/srv/detail/start_behavior__builder.hpp
[0.960s] -- Up-to-date symlink: /home/altair/altair_framework/install/altair_interfaces/include/altair_interfaces/altair_interfaces/srv/detail/start_behavior__struct.hpp
[0.961s] -- Up-to-date symlink: /home/altair/altair_framework/install/altair_interfaces/include/altair_interfaces/altair_interfaces/srv/detail/start_behavior__traits.hpp
[0.961s] -- Up-to-date symlink: /home/altair/altair_framework/install/altair_interfaces/include/altair_interfaces/altair_interfaces/srv/detail/start_behavior__type_support.hpp
[0.961s] -- Up-to-date symlink: /home/altair/altair_framework/install/altair_interfaces/include/altair_interfaces/altair_interfaces/srv/detail/trigger_control__builder.hpp
[0.961s] -- Up-to-date symlink: /home/altair/altair_framework/install/altair_interfaces/include/altair_interfaces/altair_interfaces/srv/detail/trigger_control__struct.hpp
[0.962s] -- Up-to-date symlink: /home/altair/altair_framework/install/altair_interfaces/include/altair_interfaces/altair_interfaces/srv/detail/trigger_control__traits.hpp
[0.962s] -- Up-to-date symlink: /home/altair/altair_framework/install/altair_interfaces/include/altair_interfaces/altair_interfaces/srv/detail/trigger_control__type_support.hpp
[0.962s] -- Up-to-date symlink: /home/altair/altair_framework/install/altair_interfaces/include/altair_interfaces/altair_interfaces/srv/get_available_ports.hpp
[0.962s] -- Up-to-date symlink: /home/altair/altair_framework/install/altair_interfaces/include/altair_interfaces/altair_interfaces/srv/start_behavior.hpp
[0.962s] -- Up-to-date symlink: /home/altair/altair_framework/install/altair_interfaces/include/altair_interfaces/altair_interfaces/srv/trigger_control.hpp
[0.963s] -- Up-to-date symlink: /home/altair/altair_framework/install/altair_interfaces/include/altair_interfaces/altair_interfaces/msg/detail/can_status__rosidl_typesupport_fastrtps_cpp.hpp
[0.963s] -- Up-to-date symlink: /home/altair/altair_framework/install/altair_interfaces/include/altair_interfaces/altair_interfaces/msg/detail/mdd_command__rosidl_typesupport_fastrtps_cpp.hpp
[0.964s] -- Up-to-date symlink: /home/altair/altair_framework/install/altair_interfaces/include/altair_interfaces/altair_interfaces/msg/detail/mdd_feedback__rosidl_typesupport_fastrtps_cpp.hpp
[0.965s] -- Up-to-date symlink: /home/altair/altair_framework/install/altair_interfaces/include/altair_interfaces/altair_interfaces/msg/detail/servo_command__rosidl_typesupport_fastrtps_cpp.hpp
[0.965s] -- Up-to-date symlink: /home/altair/altair_framework/install/altair_interfaces/include/altair_interfaces/altair_interfaces/msg/detail/solenoid_command__rosidl_typesupport_fastrtps_cpp.hpp
[0.965s] -- Up-to-date symlink: /home/altair/altair_framework/install/altair_interfaces/include/altair_interfaces/altair_interfaces/msg/rosidl_typesupport_fastrtps_cpp__visibility_control.h
[0.965s] -- Up-to-date symlink: /home/altair/altair_framework/install/altair_interfaces/include/altair_interfaces/altair_interfaces/srv/detail/connect_can__rosidl_typesupport_fastrtps_cpp.hpp
[0.965s] -- Up-to-date symlink: /home/altair/altair_framework/install/altair_interfaces/include/altair_interfaces/altair_interfaces/srv/detail/get_available_ports__rosidl_typesupport_fastrtps_cpp.hpp
[0.965s] -- Up-to-date symlink: /home/altair/altair_framework/install/altair_interfaces/include/altair_interfaces/altair_interfaces/srv/detail/start_behavior__rosidl_typesupport_fastrtps_cpp.hpp
[0.965s] -- Up-to-date symlink: /home/altair/altair_framework/install/altair_interfaces/include/altair_interfaces/altair_interfaces/srv/detail/trigger_control__rosidl_typesupport_fastrtps_cpp.hpp
[0.966s] -- Up-to-date symlink: /home/altair/altair_framework/install/altair_interfaces/include/altair_interfaces/altair_interfaces/msg/detail/can_status__rosidl_typesupport_introspection_cpp.hpp
[0.966s] -- Up-to-date symlink: /home/altair/altair_framework/install/altair_interfaces/include/altair_interfaces/altair_interfaces/msg/detail/mdd_command__rosidl_typesupport_introspection_cpp.hpp
[0.966s] -- Up-to-date symlink: /home/altair/altair_framework/install/altair_interfaces/include/altair_interfaces/altair_interfaces/msg/detail/mdd_feedback__rosidl_typesupport_introspection_cpp.hpp
[0.966s] -- Up-to-date symlink: /home/altair/altair_framework/install/altair_interfaces/include/altair_interfaces/altair_interfaces/msg/detail/servo_command__rosidl_typesupport_introspection_cpp.hpp
[0.967s] -- Up-to-date symlink: /home/altair/altair_framework/install/altair_interfaces/include/altair_interfaces/altair_interfaces/msg/detail/solenoid_command__rosidl_typesupport_introspection_cpp.hpp
[0.967s] -- Up-to-date symlink: /home/altair/altair_framework/install/altair_interfaces/include/altair_interfaces/altair_interfaces/srv/detail/connect_can__rosidl_typesupport_introspection_cpp.hpp
[0.967s] -- Up-to-date symlink: /home/altair/altair_framework/install/altair_interfaces/include/altair_interfaces/altair_interfaces/srv/detail/get_available_ports__rosidl_typesupport_introspection_cpp.hpp
[0.968s] -- Up-to-date symlink: /home/altair/altair_framework/install/altair_interfaces/include/altair_interfaces/altair_interfaces/srv/detail/start_behavior__rosidl_typesupport_introspection_cpp.hpp
[0.968s] -- Up-to-date symlink: /home/altair/altair_framework/install/altair_interfaces/include/altair_interfaces/altair_interfaces/srv/detail/trigger_control__rosidl_typesupport_introspection_cpp.hpp
[0.968s] -- Up-to-date symlink: /home/altair/altair_framework/install/altair_interfaces/share/altair_interfaces/environment/pythonpath.sh
[0.969s] -- Up-to-date symlink: /home/altair/altair_framework/install/altair_interfaces/share/altair_interfaces/environment/pythonpath.dsv
[0.969s] -- Up-to-date symlink: /home/altair/altair_framework/install/altair_interfaces/local/lib/python3.10/dist-packages/altair_interfaces-1.0.0-py3.10.egg-info/PKG-INFO
[0.970s] -- Up-to-date symlink: /home/altair/altair_framework/install/altair_interfaces/local/lib/python3.10/dist-packages/altair_interfaces-1.0.0-py3.10.egg-info/SOURCES.txt
[0.970s] -- Up-to-date symlink: /home/altair/altair_framework/install/altair_interfaces/local/lib/python3.10/dist-packages/altair_interfaces-1.0.0-py3.10.egg-info/dependency_links.txt
[0.970s] -- Up-to-date symlink: /home/altair/altair_framework/install/altair_interfaces/local/lib/python3.10/dist-packages/altair_interfaces-1.0.0-py3.10.egg-info/top_level.txt
[0.972s] -- Up-to-date symlink: /home/altair/altair_framework/install/altair_interfaces/local/lib/python3.10/dist-packages/altair_interfaces/__init__.py
[0.972s] -- Up-to-date symlink: /home/altair/altair_framework/install/altair_interfaces/local/lib/python3.10/dist-packages/altair_interfaces/_altair_interfaces_s.ep.rosidl_typesupport_c.c
[0.973s] -- Up-to-date symlink: /home/altair/altair_framework/install/altair_interfaces/local/lib/python3.10/dist-packages/altair_interfaces/_altair_interfaces_s.ep.rosidl_typesupport_fastrtps_c.c
[0.973s] -- Up-to-date symlink: /home/altair/altair_framework/install/altair_interfaces/local/lib/python3.10/dist-packages/altair_interfaces/_altair_interfaces_s.ep.rosidl_typesupport_introspection_c.c
[0.973s] -- Up-to-date symlink: /home/altair/altair_framework/install/altair_interfaces/local/lib/python3.10/dist-packages/altair_interfaces/altair_interfaces_s__rosidl_typesupport_c.cpython-310-x86_64-linux-gnu.so
[0.973s] -- Up-to-date symlink: /home/altair/altair_framework/install/altair_interfaces/local/lib/python3.10/dist-packages/altair_interfaces/altair_interfaces_s__rosidl_typesupport_fastrtps_c.cpython-310-x86_64-linux-gnu.so
[0.973s] -- Up-to-date symlink: /home/altair/altair_framework/install/altair_interfaces/local/lib/python3.10/dist-packages/altair_interfaces/altair_interfaces_s__rosidl_typesupport_introspection_c.cpython-310-x86_64-linux-gnu.so
[0.974s] -- Up-to-date symlink: /home/altair/altair_framework/install/altair_interfaces/local/lib/python3.10/dist-packages/altair_interfaces/libaltair_interfaces__rosidl_generator_py.so
[0.974s] -- Up-to-date symlink: /home/altair/altair_framework/install/altair_interfaces/local/lib/python3.10/dist-packages/altair_interfaces/msg/__init__.py
[0.974s] -- Up-to-date symlink: /home/altair/altair_framework/install/altair_interfaces/local/lib/python3.10/dist-packages/altair_interfaces/msg/_can_status.py
[0.974s] -- Up-to-date symlink: /home/altair/altair_framework/install/altair_interfaces/local/lib/python3.10/dist-packages/altair_interfaces/msg/_can_status_s.c
[0.974s] -- Up-to-date symlink: /home/altair/altair_framework/install/altair_interfaces/local/lib/python3.10/dist-packages/altair_interfaces/msg/_mdd_command.py
[0.975s] -- Up-to-date symlink: /home/altair/altair_framework/install/altair_interfaces/local/lib/python3.10/dist-packages/altair_interfaces/msg/_mdd_command_s.c
[0.975s] -- Up-to-date symlink: /home/altair/altair_framework/install/altair_interfaces/local/lib/python3.10/dist-packages/altair_interfaces/msg/_mdd_feedback.py
[0.975s] -- Up-to-date symlink: /home/altair/altair_framework/install/altair_interfaces/local/lib/python3.10/dist-packages/altair_interfaces/msg/_mdd_feedback_s.c
[0.975s] -- Up-to-date symlink: /home/altair/altair_framework/install/altair_interfaces/local/lib/python3.10/dist-packages/altair_interfaces/msg/_servo_command.py
[0.975s] -- Up-to-date symlink: /home/altair/altair_framework/install/altair_interfaces/local/lib/python3.10/dist-packages/altair_interfaces/msg/_servo_command_s.c
[0.976s] -- Up-to-date symlink: /home/altair/altair_framework/install/altair_interfaces/local/lib/python3.10/dist-packages/altair_interfaces/msg/_solenoid_command.py
[0.976s] -- Up-to-date symlink: /home/altair/altair_framework/install/altair_interfaces/local/lib/python3.10/dist-packages/altair_interfaces/msg/_solenoid_command_s.c
[0.976s] -- Up-to-date symlink: /home/altair/altair_framework/install/altair_interfaces/local/lib/python3.10/dist-packages/altair_interfaces/srv/__init__.py
[0.977s] -- Up-to-date symlink: /home/altair/altair_framework/install/altair_interfaces/local/lib/python3.10/dist-packages/altair_interfaces/srv/_connect_can.py
[0.977s] -- Up-to-date symlink: /home/altair/altair_framework/install/altair_interfaces/local/lib/python3.10/dist-packages/altair_interfaces/srv/_connect_can_s.c
[0.977s] -- Up-to-date symlink: /home/altair/altair_framework/install/altair_interfaces/local/lib/python3.10/dist-packages/altair_interfaces/srv/_get_available_ports.py
[0.977s] -- Up-to-date symlink: /home/altair/altair_framework/install/altair_interfaces/local/lib/python3.10/dist-packages/altair_interfaces/srv/_get_available_ports_s.c
[0.978s] -- Up-to-date symlink: /home/altair/altair_framework/install/altair_interfaces/local/lib/python3.10/dist-packages/altair_interfaces/srv/_start_behavior.py
[0.978s] -- Up-to-date symlink: /home/altair/altair_framework/install/altair_interfaces/local/lib/python3.10/dist-packages/altair_interfaces/srv/_start_behavior_s.c
[0.978s] -- Up-to-date symlink: /home/altair/altair_framework/install/altair_interfaces/local/lib/python3.10/dist-packages/altair_interfaces/srv/_trigger_control.py
[0.978s] -- Up-to-date symlink: /home/altair/altair_framework/install/altair_interfaces/local/lib/python3.10/dist-packages/altair_interfaces/srv/_trigger_control_s.c
[0.979s] -- Up-to-date symlink: /home/altair/altair_framework/install/altair_interfaces/local/lib/python3.10/dist-packages/altair_interfaces/altair_interfaces_s__rosidl_typesupport_fastrtps_c.cpython-310-x86_64-linux-gnu.so
[0.979s] -- Up-to-date symlink: /home/altair/altair_framework/install/altair_interfaces/local/lib/python3.10/dist-packages/altair_interfaces/altair_interfaces_s__rosidl_typesupport_introspection_c.cpython-310-x86_64-linux-gnu.so
[0.980s] -- Up-to-date symlink: /home/altair/altair_framework/install/altair_interfaces/local/lib/python3.10/dist-packages/altair_interfaces/altair_interfaces_s__rosidl_typesupport_c.cpython-310-x86_64-linux-gnu.so
[0.980s] -- Up-to-date symlink: /home/altair/altair_framework/install/altair_interfaces/share/ament_index/resource_index/rust_packages/altair_interfaces
[0.981s] -- Up-to-date symlink: /home/altair/altair_framework/install/altair_interfaces/share/altair_interfaces/rust/Cargo.toml
[0.981s] -- Up-to-date symlink: /home/altair/altair_framework/install/altair_interfaces/share/altair_interfaces/rust/build.rs
[0.981s] -- Up-to-date symlink: /home/altair/altair_framework/install/altair_interfaces/share/altair_interfaces/rust/src/lib.rs
[0.982s] -- Up-to-date symlink: /home/altair/altair_framework/install/altair_interfaces/share/altair_interfaces/rust/src/msg.rs
[0.982s] -- Up-to-date symlink: /home/altair/altair_framework/install/altair_interfaces/share/altair_interfaces/rust/src/msg/rmw.rs
[0.982s] -- Up-to-date symlink: /home/altair/altair_framework/install/altair_interfaces/share/altair_interfaces/rust/src/srv.rs
[0.983s] -- Up-to-date symlink: /home/altair/altair_framework/install/altair_interfaces/share/altair_interfaces/rust/src/srv/rmw.rs
[0.984s] -- Up-to-date symlink: /home/altair/altair_framework/install/altair_interfaces/share/altair_interfaces/msg/CanStatus.idl
[0.984s] -- Up-to-date symlink: /home/altair/altair_framework/install/altair_interfaces/share/altair_interfaces/msg/MddFeedback.idl
[0.984s] -- Up-to-date symlink: /home/altair/altair_framework/install/altair_interfaces/share/altair_interfaces/msg/MddCommand.idl
[0.986s] -- Up-to-date symlink: /home/altair/altair_framework/install/altair_interfaces/share/altair_interfaces/msg/ServoCommand.idl
[0.986s] -- Up-to-date symlink: /home/altair/altair_framework/install/altair_interfaces/share/altair_interfaces/msg/SolenoidCommand.idl
[0.986s] -- Up-to-date symlink: /home/altair/altair_framework/install/altair_interfaces/share/altair_interfaces/srv/TriggerControl.idl
[0.986s] -- Up-to-date symlink: /home/altair/altair_framework/install/altair_interfaces/share/altair_interfaces/srv/GetAvailablePorts.idl
[0.987s] -- Up-to-date symlink: /home/altair/altair_framework/install/altair_interfaces/share/altair_interfaces/srv/ConnectCan.idl
[0.987s] -- Up-to-date symlink: /home/altair/altair_framework/install/altair_interfaces/share/altair_interfaces/srv/StartBehavior.idl
[0.987s] -- Up-to-date symlink: /home/altair/altair_framework/install/altair_interfaces/share/altair_interfaces/msg/CanStatus.msg
[0.987s] -- Up-to-date symlink: /home/altair/altair_framework/install/altair_interfaces/share/altair_interfaces/msg/MddFeedback.msg
[0.987s] -- Up-to-date symlink: /home/altair/altair_framework/install/altair_interfaces/share/altair_interfaces/msg/MddCommand.msg
[0.987s] -- Up-to-date symlink: /home/altair/altair_framework/install/altair_interfaces/share/altair_interfaces/msg/ServoCommand.msg
[0.987s] -- Up-to-date symlink: /home/altair/altair_framework/install/altair_interfaces/share/altair_interfaces/msg/SolenoidCommand.msg
[0.988s] -- Up-to-date symlink: /home/altair/altair_framework/install/altair_interfaces/share/altair_interfaces/srv/TriggerControl.srv
[0.988s] -- Up-to-date symlink: /home/altair/altair_framework/install/altair_interfaces/share/altair_interfaces/srv/TriggerControl_Request.msg
[0.989s] -- Up-to-date symlink: /home/altair/altair_framework/install/altair_interfaces/share/altair_interfaces/srv/TriggerControl_Response.msg
[0.989s] -- Up-to-date symlink: /home/altair/altair_framework/install/altair_interfaces/share/altair_interfaces/srv/GetAvailablePorts.srv
[0.989s] -- Up-to-date symlink: /home/altair/altair_framework/install/altair_interfaces/share/altair_interfaces/srv/GetAvailablePorts_Request.msg
[0.990s] -- Up-to-date symlink: /home/altair/altair_framework/install/altair_interfaces/share/altair_interfaces/srv/GetAvailablePorts_Response.msg
[0.990s] -- Up-to-date symlink: /home/altair/altair_framework/install/altair_interfaces/share/altair_interfaces/srv/ConnectCan.srv
[0.991s] -- Up-to-date symlink: /home/altair/altair_framework/install/altair_interfaces/share/altair_interfaces/srv/ConnectCan_Request.msg
[0.991s] -- Up-to-date symlink: /home/altair/altair_framework/install/altair_interfaces/share/altair_interfaces/srv/ConnectCan_Response.msg
[0.991s] -- Up-to-date symlink: /home/altair/altair_framework/install/altair_interfaces/share/altair_interfaces/srv/StartBehavior.srv
[0.991s] -- Up-to-date symlink: /home/altair/altair_framework/install/altair_interfaces/share/altair_interfaces/srv/StartBehavior_Request.msg
[0.991s] -- Up-to-date symlink: /home/altair/altair_framework/install/altair_interfaces/share/altair_interfaces/srv/StartBehavior_Response.msg
[0.991s] -- Up-to-date symlink: /home/altair/altair_framework/install/altair_interfaces/share/ament_index/resource_index/package_run_dependencies/altair_interfaces
[0.991s] -- Up-to-date symlink: /home/altair/altair_framework/install/altair_interfaces/share/ament_index/resource_index/parent_prefix_path/altair_interfaces
[0.991s] -- Up-to-date symlink: /home/altair/altair_framework/install/altair_interfaces/share/altair_interfaces/environment/ament_prefix_path.sh
[0.992s] -- Up-to-date symlink: /home/altair/altair_framework/install/altair_interfaces/share/altair_interfaces/environment/ament_prefix_path.dsv
[0.992s] -- Up-to-date symlink: /home/altair/altair_framework/install/altair_interfaces/share/altair_interfaces/environment/path.sh
[0.992s] -- Up-to-date symlink: /home/altair/altair_framework/install/altair_interfaces/share/altair_interfaces/environment/path.dsv
[0.992s] -- Up-to-date symlink: /home/altair/altair_framework/install/altair_interfaces/share/altair_interfaces/local_setup.bash
[0.993s] -- Up-to-date symlink: /home/altair/altair_framework/install/altair_interfaces/share/altair_interfaces/local_setup.sh
[0.993s] -- Up-to-date symlink: /home/altair/altair_framework/install/altair_interfaces/share/altair_interfaces/local_setup.zsh
[0.993s] -- Up-to-date symlink: /home/altair/altair_framework/install/altair_interfaces/share/altair_interfaces/local_setup.dsv
[0.993s] -- Symlinking: /home/altair/altair_framework/install/altair_interfaces/share/altair_interfaces/package.dsv
[0.998s] -- Up-to-date symlink: /home/altair/altair_framework/install/altair_interfaces/share/ament_index/resource_index/packages/altair_interfaces
[0.999s] -- Up-to-date symlink: /home/altair/altair_framework/install/altair_interfaces/share/altair_interfaces/cmake/rosidl_cmake-extras.cmake
[0.999s] -- Up-to-date symlink: /home/altair/altair_framework/install/altair_interfaces/share/altair_interfaces/cmake/ament_cmake_export_include_directories-extras.cmake
[0.999s] -- Up-to-date symlink: /home/altair/altair_framework/install/altair_interfaces/share/altair_interfaces/cmake/ament_cmake_export_libraries-extras.cmake
[0.999s] -- Up-to-date symlink: /home/altair/altair_framework/install/altair_interfaces/share/altair_interfaces/cmake/ament_cmake_export_targets-extras.cmake
[0.999s] -- Up-to-date symlink: /home/altair/altair_framework/install/altair_interfaces/share/altair_interfaces/cmake/rosidl_cmake_export_typesupport_targets-extras.cmake
[1.000s] -- Up-to-date symlink: /home/altair/altair_framework/install/altair_interfaces/share/altair_interfaces/cmake/ament_cmake_export_dependencies-extras.cmake
[1.000s] -- Up-to-date symlink: /home/altair/altair_framework/install/altair_interfaces/share/altair_interfaces/cmake/rosidl_cmake_export_typesupport_libraries-extras.cmake
[1.000s] -- Up-to-date symlink: /home/altair/altair_framework/install/altair_interfaces/share/altair_interfaces/cmake/altair_interfacesConfig.cmake
[1.000s] -- Up-to-date symlink: /home/altair/altair_framework/install/altair_interfaces/share/altair_interfaces/cmake/altair_interfacesConfig-version.cmake
[1.000s] -- Up-to-date symlink: /home/altair/altair_framework/install/altair_interfaces/share/altair_interfaces/package.xml
[1.000s] -- Up-to-date: /home/altair/altair_framework/install/altair_interfaces/lib/libaltair_interfaces__rosidl_generator_c.so
[1.001s] -- Up-to-date: /home/altair/altair_framework/install/altair_interfaces/lib/libaltair_interfaces__rosidl_typesupport_fastrtps_c.so
[1.001s] -- Up-to-date: /home/altair/altair_framework/install/altair_interfaces/lib/libaltair_interfaces__rosidl_typesupport_introspection_c.so
[1.002s] -- Up-to-date: /home/altair/altair_framework/install/altair_interfaces/lib/libaltair_interfaces__rosidl_typesupport_c.so
[1.003s] -- Up-to-date: /home/altair/altair_framework/install/altair_interfaces/lib/libaltair_interfaces__rosidl_typesupport_fastrtps_cpp.so
[1.004s] -- Up-to-date: /home/altair/altair_framework/install/altair_interfaces/lib/libaltair_interfaces__rosidl_typesupport_introspection_cpp.so
[1.005s] -- Up-to-date: /home/altair/altair_framework/install/altair_interfaces/lib/libaltair_interfaces__rosidl_typesupport_cpp.so
[1.071s] Listing '/home/altair/altair_framework/install/altair_interfaces/local/lib/python3.10/dist-packages/altair_interfaces'...
[1.071s] Listing '/home/altair/altair_framework/install/altair_interfaces/local/lib/python3.10/dist-packages/altair_interfaces/msg'...
[1.071s] Listing '/home/altair/altair_framework/install/altair_interfaces/local/lib/python3.10/dist-packages/altair_interfaces/srv'...
[1.082s] -- Up-to-date: /home/altair/altair_framework/install/altair_interfaces/lib/libaltair_interfaces__rosidl_generator_py.so
[1.082s] -- Up-to-date: /home/altair/altair_framework/install/altair_interfaces/share/altair_interfaces/cmake/export_altair_interfaces__rosidl_generator_cExport.cmake
[1.083s] -- Up-to-date: /home/altair/altair_framework/install/altair_interfaces/share/altair_interfaces/cmake/export_altair_interfaces__rosidl_generator_cExport-noconfig.cmake
[1.084s] -- Up-to-date: /home/altair/altair_framework/install/altair_interfaces/share/altair_interfaces/cmake/export_altair_interfaces__rosidl_typesupport_fastrtps_cExport.cmake
[1.085s] -- Up-to-date: /home/altair/altair_framework/install/altair_interfaces/share/altair_interfaces/cmake/export_altair_interfaces__rosidl_typesupport_fastrtps_cExport-noconfig.cmake
[1.086s] -- Up-to-date: /home/altair/altair_framework/install/altair_interfaces/share/altair_interfaces/cmake/altair_interfaces__rosidl_typesupport_introspection_cExport.cmake
[1.086s] -- Up-to-date: /home/altair/altair_framework/install/altair_interfaces/share/altair_interfaces/cmake/altair_interfaces__rosidl_typesupport_introspection_cExport-noconfig.cmake
[1.087s] -- Up-to-date: /home/altair/altair_framework/install/altair_interfaces/share/altair_interfaces/cmake/altair_interfaces__rosidl_typesupport_cExport.cmake
[1.089s] -- Up-to-date: /home/altair/altair_framework/install/altair_interfaces/share/altair_interfaces/cmake/altair_interfaces__rosidl_typesupport_cExport-noconfig.cmake
[1.091s] -- Up-to-date: /home/altair/altair_framework/install/altair_interfaces/share/altair_interfaces/cmake/export_altair_interfaces__rosidl_generator_cppExport.cmake
[1.093s] -- Up-to-date: /home/altair/altair_framework/install/altair_interfaces/share/altair_interfaces/cmake/export_altair_interfaces__rosidl_typesupport_fastrtps_cppExport.cmake
[1.096s] -- Up-to-date: /home/altair/altair_framework/install/altair_interfaces/share/altair_interfaces/cmake/export_altair_interfaces__rosidl_typesupport_fastrtps_cppExport-noconfig.cmake
[1.097s] -- Up-to-date: /home/altair/altair_framework/install/altair_interfaces/share/altair_interfaces/cmake/altair_interfaces__rosidl_typesupport_introspection_cppExport.cmake
[1.099s] -- Up-to-date: /home/altair/altair_framework/install/altair_interfaces/share/altair_interfaces/cmake/altair_interfaces__rosidl_typesupport_introspection_cppExport-noconfig.cmake
[1.105s] -- Up-to-date: /home/altair/altair_framework/install/altair_interfaces/share/altair_interfaces/cmake/altair_interfaces__rosidl_typesupport_cppExport.cmake
[1.105s] -- Up-to-date: /home/altair/altair_framework/install/altair_interfaces/share/altair_interfaces/cmake/altair_interfaces__rosidl_typesupport_cppExport-noconfig.cmake
[1.105s] -- Up-to-date: /home/altair/altair_framework/install/altair_interfaces/share/altair_interfaces/cmake/export_altair_interfaces__rosidl_generator_pyExport.cmake
[1.105s] -- Up-to-date: /home/altair/altair_framework/install/altair_interfaces/share/altair_interfaces/cmake/export_altair_interfaces__rosidl_generator_pyExport-noconfig.cmake
[1.105s] Invoked command in '/home/altair/altair_framework/build/altair_interfaces' returned '0': CMAKE_PREFIX_PATH=/opt/ros/humble /usr/bin/cmake --install /home/altair/altair_framework/build/altair_interfaces
